<?xml version="1.0" encoding="UTF-8"?>
<testsuite name="com.jpa.amazon.ecommerce.orders.domain.ModelTest" tests="3" skipped="0" failures="0" errors="0" timestamp="2018-08-02T13:47:27" hostname="Rohan-Grovers-MacBook-Pro.local" time="0.004">
  <properties/>
  <testcase name="testShipmentDetails" classname="com.jpa.amazon.ecommerce.orders.domain.ModelTest" time="0.001"/>
  <testcase name="testConstructors" classname="com.jpa.amazon.ecommerce.orders.domain.ModelTest" time="0.001"/>
  <testcase name="testAddressDetails" classname="com.jpa.amazon.ecommerce.orders.domain.ModelTest" time="0.001"/>
  <system-out><![CDATA[2018-08-02 08:47:27.436  INFO 81928 --- [    Test worker] o.s.t.c.s.DefaultTestContextBootstrapper : Neither @ContextConfiguration nor @ContextHierarchy found for test class [com.jpa.amazon.ecommerce.orders.domain.ModelTest], using DelegatingSmartContextLoader
2018-08-02 08:47:27.437  INFO 81928 --- [    Test worker] o.s.t.c.support.AbstractContextLoader    : Could not detect default resource locations for test class [com.jpa.amazon.ecommerce.orders.domain.ModelTest]: no resource found for suffixes {-context.xml}.
2018-08-02 08:47:27.437  INFO 81928 --- [    Test worker] t.c.s.AnnotationConfigContextLoaderUtils : Could not detect default configuration classes for test class [com.jpa.amazon.ecommerce.orders.domain.ModelTest]: ModelTest does not declare any static, non-private, non-final, nested classes annotated with @Configuration.
2018-08-02 08:47:27.438  INFO 81928 --- [    Test worker] o.s.t.c.s.DefaultTestContextBootstrapper : Loaded default TestExecutionListener class names from location [META-INF/spring.factories]: [org.springframework.boot.test.autoconfigure.restdocs.RestDocsTestExecutionListener, org.springframework.boot.test.autoconfigure.web.client.MockRestServiceServerResetTestExecutionListener, org.springframework.boot.test.autoconfigure.web.servlet.MockMvcPrintOnlyOnFailureTestExecutionListener, org.springframework.boot.test.autoconfigure.web.servlet.WebDriverTestExecutionListener, org.springframework.boot.test.mock.mockito.MockitoTestExecutionListener, org.springframework.boot.test.mock.mockito.ResetMocksTestExecutionListener, org.springframework.test.context.web.ServletTestExecutionListener, org.springframework.test.context.support.DirtiesContextBeforeModesTestExecutionListener, org.springframework.test.context.support.DependencyInjectionTestExecutionListener, org.springframework.test.context.support.DirtiesContextTestExecutionListener, org.springframework.test.context.transaction.TransactionalTestExecutionListener, org.springframework.test.context.jdbc.SqlScriptsTestExecutionListener]
2018-08-02 08:47:27.438  INFO 81928 --- [    Test worker] o.s.t.c.s.DefaultTestContextBootstrapper : Using TestExecutionListeners: [org.springframework.test.context.web.ServletTestExecutionListener@43b20857, org.springframework.test.context.support.DirtiesContextBeforeModesTestExecutionListener@6ad168cc, org.springframework.boot.test.mock.mockito.MockitoTestExecutionListener@52b4ff26, org.springframework.test.context.support.DependencyInjectionTestExecutionListener@704dd8d4, org.springframework.test.context.support.DirtiesContextTestExecutionListener@23ee863a, org.springframework.test.context.transaction.TransactionalTestExecutionListener@42980d83, org.springframework.test.context.jdbc.SqlScriptsTestExecutionListener@37208739, org.springframework.boot.test.autoconfigure.restdocs.RestDocsTestExecutionListener@29356271, org.springframework.boot.test.autoconfigure.web.client.MockRestServiceServerResetTestExecutionListener@7e3dee3b, org.springframework.boot.test.autoconfigure.web.servlet.MockMvcPrintOnlyOnFailureTestExecutionListener@7c4b106a, org.springframework.boot.test.autoconfigure.web.servlet.WebDriverTestExecutionListener@4fe14995, org.springframework.boot.test.mock.mockito.ResetMocksTestExecutionListener@4d459cf2]
]]></system-out>
  <system-err><![CDATA[]]></system-err>
</testsuite>
