<?xml version="1.0" encoding="UTF-8"?>
<testsuite name="com.jpa.amazon.ecommerce.orders.controller.OrderLineItemsControllerTest" tests="5" skipped="0" failures="0" errors="0" timestamp="2018-08-02T20:37:33" hostname="Rohan-Grovers-MacBook-Pro.local" time="0.135">
  <properties/>
  <testcase name="testCreateOrderLineItem" classname="com.jpa.amazon.ecommerce.orders.controller.OrderLineItemsControllerTest" time="0.028"/>
  <testcase name="testGetOrderLineItemById" classname="com.jpa.amazon.ecommerce.orders.controller.OrderLineItemsControllerTest" time="0.022"/>
  <testcase name="testGetAllOrderLineItems" classname="com.jpa.amazon.ecommerce.orders.controller.OrderLineItemsControllerTest" time="0.03"/>
  <testcase name="testDeleteOrderLineItem" classname="com.jpa.amazon.ecommerce.orders.controller.OrderLineItemsControllerTest" time="0.025"/>
  <testcase name="testUpdateOrderLineItem" classname="com.jpa.amazon.ecommerce.orders.controller.OrderLineItemsControllerTest" time="0.026"/>
  <system-out><![CDATA[2018-08-02 15:37:32.756  INFO 57539 --- [    Test worker] o.s.t.c.support.AbstractContextLoader    : Could not detect default resource locations for test class [com.jpa.amazon.ecommerce.orders.controller.OrderLineItemsControllerTest]: no resource found for suffixes {-context.xml, Context.groovy}.
2018-08-02 15:37:32.759  INFO 57539 --- [    Test worker] .b.t.a.w.s.WebMvcTestContextBootstrapper : Loaded default TestExecutionListener class names from location [META-INF/spring.factories]: [org.springframework.boot.test.autoconfigure.restdocs.RestDocsTestExecutionListener, org.springframework.boot.test.autoconfigure.web.client.MockRestServiceServerResetTestExecutionListener, org.springframework.boot.test.autoconfigure.web.servlet.MockMvcPrintOnlyOnFailureTestExecutionListener, org.springframework.boot.test.autoconfigure.web.servlet.WebDriverTestExecutionListener, org.springframework.boot.test.mock.mockito.MockitoTestExecutionListener, org.springframework.boot.test.mock.mockito.ResetMocksTestExecutionListener, org.springframework.test.context.web.ServletTestExecutionListener, org.springframework.test.context.support.DirtiesContextBeforeModesTestExecutionListener, org.springframework.test.context.support.DependencyInjectionTestExecutionListener, org.springframework.test.context.support.DirtiesContextTestExecutionListener, org.springframework.test.context.transaction.TransactionalTestExecutionListener, org.springframework.test.context.jdbc.SqlScriptsTestExecutionListener]
2018-08-02 15:37:32.760  INFO 57539 --- [    Test worker] .b.t.a.w.s.WebMvcTestContextBootstrapper : Using TestExecutionListeners: [org.springframework.test.context.web.ServletTestExecutionListener@77ae8bb7, org.springframework.test.context.support.DirtiesContextBeforeModesTestExecutionListener@5065b97b, org.springframework.boot.test.mock.mockito.MockitoTestExecutionListener@5f5fafd6, org.springframework.boot.test.autoconfigure.SpringBootDependencyInjectionTestExecutionListener@56e93656, org.springframework.test.context.support.DirtiesContextTestExecutionListener@5519fc0f, org.springframework.test.context.transaction.TransactionalTestExecutionListener@284a39b6, org.springframework.test.context.jdbc.SqlScriptsTestExecutionListener@ac91276, org.springframework.boot.test.autoconfigure.restdocs.RestDocsTestExecutionListener@158dceff, org.springframework.boot.test.autoconfigure.web.client.MockRestServiceServerResetTestExecutionListener@feeb1c5, org.springframework.boot.test.autoconfigure.web.servlet.MockMvcPrintOnlyOnFailureTestExecutionListener@7690ae07, org.springframework.boot.test.autoconfigure.web.servlet.WebDriverTestExecutionListener@34885801, org.springframework.boot.test.mock.mockito.ResetMocksTestExecutionListener@4f099259]
2018-08-02 15:37:32.860  INFO 57539 --- [    Test worker] s.c.a.AnnotationConfigApplicationContext : Refreshing org.springframework.context.annotation.AnnotationConfigApplicationContext@3e418a79: startup date [Thu Aug 02 15:37:32 CDT 2018]; root of context hierarchy
2018-08-02 15:37:32.878  INFO 57539 --- [    Test worker] f.a.AutowiredAnnotationBeanPostProcessor : JSR-330 'javax.inject.Inject' annotation found and supported for autowiring
2018-08-02 15:37:32.898  INFO 57539 --- [    Test worker] trationDelegate$BeanPostProcessorChecker : Bean 'configurationPropertiesRebinderAutoConfiguration' of type [org.springframework.cloud.autoconfigure.ConfigurationPropertiesRebinderAutoConfiguration$$EnhancerBySpringCGLIB$$273e7a5e] is not eligible for getting processed by all BeanPostProcessors (for example: not eligible for auto-proxying)

  .   ____          _            __ _ _
 /\\ / ___'_ __ _ _(_)_ __  __ _ \ \ \ \
( ( )\___ | '_ | '_| | '_ \/ _` | \ \ \ \
 \\/  ___)| |_)| | | | | || (_| |  ) ) ) )
  '  |____| .__|_| |_|_| |_\__, | / / / /
 =========|_|==============|___/=/_/_/_/
 :: Spring Boot ::        (v2.0.3.RELEASE)

2018-08-02 15:37:32.970  INFO 57539 --- [    Test worker] c.j.a.e.o.c.OrderLineItemsControllerTest : No active profile set, falling back to default profiles: default
2018-08-02 15:37:32.972  INFO 57539 --- [    Test worker] o.s.w.c.s.GenericWebApplicationContext   : Refreshing org.springframework.web.context.support.GenericWebApplicationContext@33bdf42b: startup date [Thu Aug 02 15:37:32 CDT 2018]; parent: org.springframework.context.annotation.AnnotationConfigApplicationContext@3e418a79
2018-08-02 15:37:33.098  INFO 57539 --- [    Test worker] f.a.AutowiredAnnotationBeanPostProcessor : JSR-330 'javax.inject.Inject' annotation found and supported for autowiring
2018-08-02 15:37:33.232  INFO 57539 --- [    Test worker] o.s.w.s.handler.SimpleUrlHandlerMapping  : Mapped URL path [/**/favicon.ico] onto handler of type [class org.springframework.web.servlet.resource.ResourceHttpRequestHandler]
2018-08-02 15:37:33.305  INFO 57539 --- [    Test worker] s.w.s.m.m.a.RequestMappingHandlerAdapter : Looking for @ControllerAdvice: org.springframework.web.context.support.GenericWebApplicationContext@33bdf42b: startup date [Thu Aug 02 15:37:32 CDT 2018]; parent: org.springframework.context.annotation.AnnotationConfigApplicationContext@3e418a79
2018-08-02 15:37:33.320  INFO 57539 --- [    Test worker] s.w.s.m.m.a.RequestMappingHandlerMapping : Mapped "{[/error]}" onto public org.springframework.http.ResponseEntity<java.util.Map<java.lang.String, java.lang.Object>> org.springframework.boot.autoconfigure.web.servlet.error.BasicErrorController.error(javax.servlet.http.HttpServletRequest)
2018-08-02 15:37:33.321  INFO 57539 --- [    Test worker] s.w.s.m.m.a.RequestMappingHandlerMapping : Mapped "{[/error],produces=[text/html]}" onto public org.springframework.web.servlet.ModelAndView org.springframework.boot.autoconfigure.web.servlet.error.BasicErrorController.errorHtml(javax.servlet.http.HttpServletRequest,javax.servlet.http.HttpServletResponse)
2018-08-02 15:37:33.338  INFO 57539 --- [    Test worker] o.s.w.s.handler.SimpleUrlHandlerMapping  : Mapped URL path [/webjars/**] onto handler of type [class org.springframework.web.servlet.resource.ResourceHttpRequestHandler]
2018-08-02 15:37:33.339  INFO 57539 --- [    Test worker] o.s.w.s.handler.SimpleUrlHandlerMapping  : Mapped URL path [/**] onto handler of type [class org.springframework.web.servlet.resource.ResourceHttpRequestHandler]
2018-08-02 15:37:33.374  WARN 57539 --- [    Test worker] ion$DefaultTemplateResolverConfiguration : Cannot find template location: classpath:/templates/ (please add some templates or check your Thymeleaf configuration)
2018-08-02 15:37:33.491  INFO 57539 --- [    Test worker] .s.s.UserDetailsServiceAutoConfiguration : 

Using generated security password: 12e2b4eb-6de8-41f7-b19d-562fba1e2e15

2018-08-02 15:37:33.544  INFO 57539 --- [    Test worker] o.s.s.web.DefaultSecurityFilterChain     : Creating filter chain: org.springframework.security.web.util.matcher.AnyRequestMatcher@1, [org.springframework.security.web.context.request.async.WebAsyncManagerIntegrationFilter@5f1e21c5, org.springframework.security.web.context.SecurityContextPersistenceFilter@77faac13, org.springframework.security.web.header.HeaderWriterFilter@7fe6b676, org.springframework.security.web.authentication.logout.LogoutFilter@2a119c28, org.springframework.security.web.savedrequest.RequestCacheAwareFilter@7a2a599, org.springframework.security.web.servletapi.SecurityContextHolderAwareRequestFilter@4dbde61d, org.springframework.security.web.authentication.AnonymousAuthenticationFilter@6b3207bf, org.springframework.security.web.session.SessionManagementFilter@300af82a, org.springframework.security.web.access.ExceptionTranslationFilter@43567fda, org.springframework.security.web.access.intercept.FilterSecurityInterceptor@1e4c6e0e]
2018-08-02 15:37:33.556  INFO 57539 --- [    Test worker] o.s.b.t.m.w.SpringBootMockServletContext : Initializing Spring FrameworkServlet ''
2018-08-02 15:37:33.556  INFO 57539 --- [    Test worker] o.s.t.web.servlet.TestDispatcherServlet  : FrameworkServlet '': initialization started
2018-08-02 15:37:33.565  INFO 57539 --- [    Test worker] o.s.t.web.servlet.TestDispatcherServlet  : FrameworkServlet '': initialization completed in 9 ms
2018-08-02 15:37:33.592  INFO 57539 --- [    Test worker] c.j.a.e.o.c.OrderLineItemsControllerTest : Started OrderLineItemsControllerTest in 0.795 seconds (JVM running for 5.431)
2018-08-02 15:37:33.602  INFO 57539 --- [    Test worker] s.w.s.m.m.a.RequestMappingHandlerMapping : Mapped "{[/orders/{id}/lines/{orderLineItems_id}],methods=[PUT]}" onto public com.jpa.amazon.ecommerce.orders.domain.OrderLineItems com.jpa.amazon.ecommerce.orders.controller.OrderLineItemsController.update(java.lang.Long,java.lang.Long,com.jpa.amazon.ecommerce.orders.domain.OrderLineItems)
2018-08-02 15:37:33.602  INFO 57539 --- [    Test worker] s.w.s.m.m.a.RequestMappingHandlerMapping : Mapped "{[/orders/{id}/lines/{orderLineItems_id}],methods=[DELETE]}" onto public void com.jpa.amazon.ecommerce.orders.controller.OrderLineItemsController.delete(java.lang.Long,java.lang.Long)
2018-08-02 15:37:33.603  INFO 57539 --- [    Test worker] s.w.s.m.m.a.RequestMappingHandlerMapping : Mapped "{[/orders/{id}/lines],methods=[POST]}" onto public com.jpa.amazon.ecommerce.orders.domain.OrderLineItems com.jpa.amazon.ecommerce.orders.controller.OrderLineItemsController.create(com.jpa.amazon.ecommerce.orders.domain.OrderLineItems,java.lang.Long)
2018-08-02 15:37:33.603  INFO 57539 --- [    Test worker] s.w.s.m.m.a.RequestMappingHandlerMapping : Mapped "{[/orders/{id}/lines/{orderLineItems_id}],methods=[GET]}" onto public com.jpa.amazon.ecommerce.orders.domain.OrderLineItems com.jpa.amazon.ecommerce.orders.controller.OrderLineItemsController.getById(java.lang.Long,java.lang.Long)
2018-08-02 15:37:33.603  INFO 57539 --- [    Test worker] s.w.s.m.m.a.RequestMappingHandlerMapping : Mapped "{[/orders/{id}/lines],methods=[GET]}" onto public java.lang.Iterable<com.jpa.amazon.ecommerce.orders.domain.OrderLineItems> com.jpa.amazon.ecommerce.orders.controller.OrderLineItemsController.getAllByOrderId(java.lang.Long)
2018-08-02 15:37:33.612  INFO 57539 --- [    Test worker] s.w.s.m.m.a.RequestMappingHandlerAdapter : Looking for @ControllerAdvice: org.springframework.test.web.servlet.setup.StubWebApplicationContext@119b6590
2018-08-02 15:37:33.614  INFO 57539 --- [    Test worker] o.s.mock.web.MockServletContext          : Initializing Spring FrameworkServlet ''
2018-08-02 15:37:33.614  INFO 57539 --- [    Test worker] o.s.t.web.servlet.TestDispatcherServlet  : FrameworkServlet '': initialization started
2018-08-02 15:37:33.614  INFO 57539 --- [    Test worker] o.s.t.web.servlet.TestDispatcherServlet  : FrameworkServlet '': initialization completed in 0 ms

MockHttpServletRequest:
      HTTP Method = POST
      Request URI = /orders/1/lines
       Parameters = {}
          Headers = {Content-Type=[application/json]}
             Body = <no character encoding set>
    Session Attrs = {}

Handler:
             Type = com.jpa.amazon.ecommerce.orders.controller.OrderLineItemsController
           Method = public com.jpa.amazon.ecommerce.orders.domain.OrderLineItems com.jpa.amazon.ecommerce.orders.controller.OrderLineItemsController.create(com.jpa.amazon.ecommerce.orders.domain.OrderLineItems,java.lang.Long)

Async:
    Async started = false
     Async result = null

Resolved Exception:
             Type = null

ModelAndView:
        View name = null
             View = null
            Model = null

FlashMap:
       Attributes = null

MockHttpServletResponse:
           Status = 201
    Error message = null
          Headers = {}
     Content type = null
             Body = 
    Forwarded URL = null
   Redirected URL = null
          Cookies = []
2018-08-02 15:37:33.627  INFO 57539 --- [    Test worker] s.w.s.m.m.a.RequestMappingHandlerMapping : Mapped "{[/orders/{id}/lines/{orderLineItems_id}],methods=[PUT]}" onto public com.jpa.amazon.ecommerce.orders.domain.OrderLineItems com.jpa.amazon.ecommerce.orders.controller.OrderLineItemsController.update(java.lang.Long,java.lang.Long,com.jpa.amazon.ecommerce.orders.domain.OrderLineItems)
2018-08-02 15:37:33.628  INFO 57539 --- [    Test worker] s.w.s.m.m.a.RequestMappingHandlerMapping : Mapped "{[/orders/{id}/lines/{orderLineItems_id}],methods=[DELETE]}" onto public void com.jpa.amazon.ecommerce.orders.controller.OrderLineItemsController.delete(java.lang.Long,java.lang.Long)
2018-08-02 15:37:33.628  INFO 57539 --- [    Test worker] s.w.s.m.m.a.RequestMappingHandlerMapping : Mapped "{[/orders/{id}/lines],methods=[POST]}" onto public com.jpa.amazon.ecommerce.orders.domain.OrderLineItems com.jpa.amazon.ecommerce.orders.controller.OrderLineItemsController.create(com.jpa.amazon.ecommerce.orders.domain.OrderLineItems,java.lang.Long)
2018-08-02 15:37:33.628  INFO 57539 --- [    Test worker] s.w.s.m.m.a.RequestMappingHandlerMapping : Mapped "{[/orders/{id}/lines/{orderLineItems_id}],methods=[GET]}" onto public com.jpa.amazon.ecommerce.orders.domain.OrderLineItems com.jpa.amazon.ecommerce.orders.controller.OrderLineItemsController.getById(java.lang.Long,java.lang.Long)
2018-08-02 15:37:33.629  INFO 57539 --- [    Test worker] s.w.s.m.m.a.RequestMappingHandlerMapping : Mapped "{[/orders/{id}/lines],methods=[GET]}" onto public java.lang.Iterable<com.jpa.amazon.ecommerce.orders.domain.OrderLineItems> com.jpa.amazon.ecommerce.orders.controller.OrderLineItemsController.getAllByOrderId(java.lang.Long)
2018-08-02 15:37:33.637  INFO 57539 --- [    Test worker] s.w.s.m.m.a.RequestMappingHandlerAdapter : Looking for @ControllerAdvice: org.springframework.test.web.servlet.setup.StubWebApplicationContext@43f38046
2018-08-02 15:37:33.639  INFO 57539 --- [    Test worker] o.s.mock.web.MockServletContext          : Initializing Spring FrameworkServlet ''
2018-08-02 15:37:33.639  INFO 57539 --- [    Test worker] o.s.t.web.servlet.TestDispatcherServlet  : FrameworkServlet '': initialization started
2018-08-02 15:37:33.639  INFO 57539 --- [    Test worker] o.s.t.web.servlet.TestDispatcherServlet  : FrameworkServlet '': initialization completed in 0 ms

MockHttpServletRequest:
      HTTP Method = GET
      Request URI = /orders/1/lines/1
       Parameters = {}
          Headers = {}
             Body = <no character encoding set>
    Session Attrs = {}

Handler:
             Type = com.jpa.amazon.ecommerce.orders.controller.OrderLineItemsController
           Method = public com.jpa.amazon.ecommerce.orders.domain.OrderLineItems com.jpa.amazon.ecommerce.orders.controller.OrderLineItemsController.getById(java.lang.Long,java.lang.Long)

Async:
    Async started = false
     Async result = null

Resolved Exception:
             Type = null

ModelAndView:
        View name = null
             View = null
            Model = null

FlashMap:
       Attributes = null

MockHttpServletResponse:
           Status = 200
    Error message = null
          Headers = {}
     Content type = null
             Body = 
    Forwarded URL = null
   Redirected URL = null
          Cookies = []
2018-08-02 15:37:33.651  INFO 57539 --- [    Test worker] s.w.s.m.m.a.RequestMappingHandlerMapping : Mapped "{[/orders/{id}/lines/{orderLineItems_id}],methods=[PUT]}" onto public com.jpa.amazon.ecommerce.orders.domain.OrderLineItems com.jpa.amazon.ecommerce.orders.controller.OrderLineItemsController.update(java.lang.Long,java.lang.Long,com.jpa.amazon.ecommerce.orders.domain.OrderLineItems)
2018-08-02 15:37:33.652  INFO 57539 --- [    Test worker] s.w.s.m.m.a.RequestMappingHandlerMapping : Mapped "{[/orders/{id}/lines/{orderLineItems_id}],methods=[DELETE]}" onto public void com.jpa.amazon.ecommerce.orders.controller.OrderLineItemsController.delete(java.lang.Long,java.lang.Long)
2018-08-02 15:37:33.652  INFO 57539 --- [    Test worker] s.w.s.m.m.a.RequestMappingHandlerMapping : Mapped "{[/orders/{id}/lines],methods=[POST]}" onto public com.jpa.amazon.ecommerce.orders.domain.OrderLineItems com.jpa.amazon.ecommerce.orders.controller.OrderLineItemsController.create(com.jpa.amazon.ecommerce.orders.domain.OrderLineItems,java.lang.Long)
2018-08-02 15:37:33.652  INFO 57539 --- [    Test worker] s.w.s.m.m.a.RequestMappingHandlerMapping : Mapped "{[/orders/{id}/lines/{orderLineItems_id}],methods=[GET]}" onto public com.jpa.amazon.ecommerce.orders.domain.OrderLineItems com.jpa.amazon.ecommerce.orders.controller.OrderLineItemsController.getById(java.lang.Long,java.lang.Long)
2018-08-02 15:37:33.653  INFO 57539 --- [    Test worker] s.w.s.m.m.a.RequestMappingHandlerMapping : Mapped "{[/orders/{id}/lines],methods=[GET]}" onto public java.lang.Iterable<com.jpa.amazon.ecommerce.orders.domain.OrderLineItems> com.jpa.amazon.ecommerce.orders.controller.OrderLineItemsController.getAllByOrderId(java.lang.Long)
2018-08-02 15:37:33.661  INFO 57539 --- [    Test worker] s.w.s.m.m.a.RequestMappingHandlerAdapter : Looking for @ControllerAdvice: org.springframework.test.web.servlet.setup.StubWebApplicationContext@3f86ac97
2018-08-02 15:37:33.663  INFO 57539 --- [    Test worker] o.s.mock.web.MockServletContext          : Initializing Spring FrameworkServlet ''
2018-08-02 15:37:33.664  INFO 57539 --- [    Test worker] o.s.t.web.servlet.TestDispatcherServlet  : FrameworkServlet '': initialization started
2018-08-02 15:37:33.664  INFO 57539 --- [    Test worker] o.s.t.web.servlet.TestDispatcherServlet  : FrameworkServlet '': initialization completed in 0 ms

MockHttpServletRequest:
      HTTP Method = GET
      Request URI = /orders/1/lines
       Parameters = {}
          Headers = {}
             Body = <no character encoding set>
    Session Attrs = {}

Handler:
             Type = com.jpa.amazon.ecommerce.orders.controller.OrderLineItemsController
           Method = public java.lang.Iterable<com.jpa.amazon.ecommerce.orders.domain.OrderLineItems> com.jpa.amazon.ecommerce.orders.controller.OrderLineItemsController.getAllByOrderId(java.lang.Long)

Async:
    Async started = false
     Async result = null

Resolved Exception:
             Type = null

ModelAndView:
        View name = null
             View = null
            Model = null

FlashMap:
       Attributes = null

MockHttpServletResponse:
           Status = 200
    Error message = null
          Headers = {Content-Type=[application/json;charset=UTF-8]}
     Content type = application/json;charset=UTF-8
             Body = []
    Forwarded URL = null
   Redirected URL = null
          Cookies = []
2018-08-02 15:37:33.686  INFO 57539 --- [    Test worker] s.w.s.m.m.a.RequestMappingHandlerMapping : Mapped "{[/orders/{id}/lines/{orderLineItems_id}],methods=[PUT]}" onto public com.jpa.amazon.ecommerce.orders.domain.OrderLineItems com.jpa.amazon.ecommerce.orders.controller.OrderLineItemsController.update(java.lang.Long,java.lang.Long,com.jpa.amazon.ecommerce.orders.domain.OrderLineItems)
2018-08-02 15:37:33.686  INFO 57539 --- [    Test worker] s.w.s.m.m.a.RequestMappingHandlerMapping : Mapped "{[/orders/{id}/lines/{orderLineItems_id}],methods=[DELETE]}" onto public void com.jpa.amazon.ecommerce.orders.controller.OrderLineItemsController.delete(java.lang.Long,java.lang.Long)
2018-08-02 15:37:33.687  INFO 57539 --- [    Test worker] s.w.s.m.m.a.RequestMappingHandlerMapping : Mapped "{[/orders/{id}/lines],methods=[POST]}" onto public com.jpa.amazon.ecommerce.orders.domain.OrderLineItems com.jpa.amazon.ecommerce.orders.controller.OrderLineItemsController.create(com.jpa.amazon.ecommerce.orders.domain.OrderLineItems,java.lang.Long)
2018-08-02 15:37:33.687  INFO 57539 --- [    Test worker] s.w.s.m.m.a.RequestMappingHandlerMapping : Mapped "{[/orders/{id}/lines/{orderLineItems_id}],methods=[GET]}" onto public com.jpa.amazon.ecommerce.orders.domain.OrderLineItems com.jpa.amazon.ecommerce.orders.controller.OrderLineItemsController.getById(java.lang.Long,java.lang.Long)
2018-08-02 15:37:33.687  INFO 57539 --- [    Test worker] s.w.s.m.m.a.RequestMappingHandlerMapping : Mapped "{[/orders/{id}/lines],methods=[GET]}" onto public java.lang.Iterable<com.jpa.amazon.ecommerce.orders.domain.OrderLineItems> com.jpa.amazon.ecommerce.orders.controller.OrderLineItemsController.getAllByOrderId(java.lang.Long)
2018-08-02 15:37:33.697  INFO 57539 --- [    Test worker] s.w.s.m.m.a.RequestMappingHandlerAdapter : Looking for @ControllerAdvice: org.springframework.test.web.servlet.setup.StubWebApplicationContext@44c828ee
2018-08-02 15:37:33.700  INFO 57539 --- [    Test worker] o.s.mock.web.MockServletContext          : Initializing Spring FrameworkServlet ''
2018-08-02 15:37:33.700  INFO 57539 --- [    Test worker] o.s.t.web.servlet.TestDispatcherServlet  : FrameworkServlet '': initialization started
2018-08-02 15:37:33.700  INFO 57539 --- [    Test worker] o.s.t.web.servlet.TestDispatcherServlet  : FrameworkServlet '': initialization completed in 0 ms

MockHttpServletRequest:
      HTTP Method = DELETE
      Request URI = /orders/1/lines/1
       Parameters = {}
          Headers = {Content-Type=[application/json], Accept=[application/json]}
             Body = <no character encoding set>
    Session Attrs = {}

Handler:
             Type = com.jpa.amazon.ecommerce.orders.controller.OrderLineItemsController
           Method = public void com.jpa.amazon.ecommerce.orders.controller.OrderLineItemsController.delete(java.lang.Long,java.lang.Long)

Async:
    Async started = false
     Async result = null

Resolved Exception:
             Type = null

ModelAndView:
        View name = null
             View = null
            Model = null

FlashMap:
       Attributes = null

MockHttpServletResponse:
           Status = 204
    Error message = null
          Headers = {}
     Content type = null
             Body = 
    Forwarded URL = null
   Redirected URL = null
          Cookies = []
2018-08-02 15:37:33.709  INFO 57539 --- [    Test worker] s.w.s.m.m.a.RequestMappingHandlerMapping : Mapped "{[/orders/{id}/lines/{orderLineItems_id}],methods=[PUT]}" onto public com.jpa.amazon.ecommerce.orders.domain.OrderLineItems com.jpa.amazon.ecommerce.orders.controller.OrderLineItemsController.update(java.lang.Long,java.lang.Long,com.jpa.amazon.ecommerce.orders.domain.OrderLineItems)
2018-08-02 15:37:33.709  INFO 57539 --- [    Test worker] s.w.s.m.m.a.RequestMappingHandlerMapping : Mapped "{[/orders/{id}/lines/{orderLineItems_id}],methods=[DELETE]}" onto public void com.jpa.amazon.ecommerce.orders.controller.OrderLineItemsController.delete(java.lang.Long,java.lang.Long)
2018-08-02 15:37:33.710  INFO 57539 --- [    Test worker] s.w.s.m.m.a.RequestMappingHandlerMapping : Mapped "{[/orders/{id}/lines],methods=[POST]}" onto public com.jpa.amazon.ecommerce.orders.domain.OrderLineItems com.jpa.amazon.ecommerce.orders.controller.OrderLineItemsController.create(com.jpa.amazon.ecommerce.orders.domain.OrderLineItems,java.lang.Long)
2018-08-02 15:37:33.710  INFO 57539 --- [    Test worker] s.w.s.m.m.a.RequestMappingHandlerMapping : Mapped "{[/orders/{id}/lines/{orderLineItems_id}],methods=[GET]}" onto public com.jpa.amazon.ecommerce.orders.domain.OrderLineItems com.jpa.amazon.ecommerce.orders.controller.OrderLineItemsController.getById(java.lang.Long,java.lang.Long)
2018-08-02 15:37:33.710  INFO 57539 --- [    Test worker] s.w.s.m.m.a.RequestMappingHandlerMapping : Mapped "{[/orders/{id}/lines],methods=[GET]}" onto public java.lang.Iterable<com.jpa.amazon.ecommerce.orders.domain.OrderLineItems> com.jpa.amazon.ecommerce.orders.controller.OrderLineItemsController.getAllByOrderId(java.lang.Long)
2018-08-02 15:37:33.720  INFO 57539 --- [    Test worker] s.w.s.m.m.a.RequestMappingHandlerAdapter : Looking for @ControllerAdvice: org.springframework.test.web.servlet.setup.StubWebApplicationContext@575bc94a
2018-08-02 15:37:33.722  INFO 57539 --- [    Test worker] o.s.mock.web.MockServletContext          : Initializing Spring FrameworkServlet ''
2018-08-02 15:37:33.722  INFO 57539 --- [    Test worker] o.s.t.web.servlet.TestDispatcherServlet  : FrameworkServlet '': initialization started
2018-08-02 15:37:33.723  INFO 57539 --- [    Test worker] o.s.t.web.servlet.TestDispatcherServlet  : FrameworkServlet '': initialization completed in 1 ms

MockHttpServletRequest:
      HTTP Method = PUT
      Request URI = /orders/1/lines/1
       Parameters = {}
          Headers = {Content-Type=[application/json]}
             Body = <no character encoding set>
    Session Attrs = {}

Handler:
             Type = com.jpa.amazon.ecommerce.orders.controller.OrderLineItemsController
           Method = public com.jpa.amazon.ecommerce.orders.domain.OrderLineItems com.jpa.amazon.ecommerce.orders.controller.OrderLineItemsController.update(java.lang.Long,java.lang.Long,com.jpa.amazon.ecommerce.orders.domain.OrderLineItems)

Async:
    Async started = false
     Async result = null

Resolved Exception:
             Type = null

ModelAndView:
        View name = null
             View = null
            Model = null

FlashMap:
       Attributes = null

MockHttpServletResponse:
           Status = 200
    Error message = null
          Headers = {}
     Content type = null
             Body = 
    Forwarded URL = null
   Redirected URL = null
          Cookies = []
]]></system-out>
  <system-err><![CDATA[]]></system-err>
</testsuite>
