<?xml version="1.0" encoding="UTF-8"?>
<testsuite name="com.jpa.amazon.ecommerce.orders.OrdersApplicationTests" tests="1" skipped="0" failures="0" errors="0" timestamp="2018-08-02T15:34:57" hostname="Rohan-Grovers-MacBook-Pro.local" time="0.004">
  <properties/>
  <testcase name="contextLoads" classname="com.jpa.amazon.ecommerce.orders.OrdersApplicationTests" time="0.004"/>
  <system-out><![CDATA[2018-08-02 10:34:51.802  INFO 1887 --- [    Test worker] .b.t.c.SpringBootTestContextBootstrapper : Neither @ContextConfiguration nor @ContextHierarchy found for test class [com.jpa.amazon.ecommerce.orders.OrdersApplicationTests], using SpringBootContextLoader
2018-08-02 10:34:51.803  INFO 1887 --- [    Test worker] o.s.t.c.support.AbstractContextLoader    : Could not detect default resource locations for test class [com.jpa.amazon.ecommerce.orders.OrdersApplicationTests]: no resource found for suffixes {-context.xml, Context.groovy}.
2018-08-02 10:34:51.804  INFO 1887 --- [    Test worker] t.c.s.AnnotationConfigContextLoaderUtils : Could not detect default configuration classes for test class [com.jpa.amazon.ecommerce.orders.OrdersApplicationTests]: OrdersApplicationTests does not declare any static, non-private, non-final, nested classes annotated with @Configuration.
2018-08-02 10:34:51.828  INFO 1887 --- [    Test worker] .b.t.c.SpringBootTestContextBootstrapper : Found @SpringBootConfiguration com.jpa.amazon.ecommerce.orders.OrdersApplication for test class com.jpa.amazon.ecommerce.orders.OrdersApplicationTests
2018-08-02 10:34:51.829  INFO 1887 --- [    Test worker] .b.t.c.SpringBootTestContextBootstrapper : Loaded default TestExecutionListener class names from location [META-INF/spring.factories]: [org.springframework.boot.test.autoconfigure.restdocs.RestDocsTestExecutionListener, org.springframework.boot.test.autoconfigure.web.client.MockRestServiceServerResetTestExecutionListener, org.springframework.boot.test.autoconfigure.web.servlet.MockMvcPrintOnlyOnFailureTestExecutionListener, org.springframework.boot.test.autoconfigure.web.servlet.WebDriverTestExecutionListener, org.springframework.boot.test.mock.mockito.MockitoTestExecutionListener, org.springframework.boot.test.mock.mockito.ResetMocksTestExecutionListener, org.springframework.test.context.web.ServletTestExecutionListener, org.springframework.test.context.support.DirtiesContextBeforeModesTestExecutionListener, org.springframework.test.context.support.DependencyInjectionTestExecutionListener, org.springframework.test.context.support.DirtiesContextTestExecutionListener, org.springframework.test.context.transaction.TransactionalTestExecutionListener, org.springframework.test.context.jdbc.SqlScriptsTestExecutionListener]
2018-08-02 10:34:51.830  INFO 1887 --- [    Test worker] .b.t.c.SpringBootTestContextBootstrapper : Using TestExecutionListeners: [org.springframework.test.context.web.ServletTestExecutionListener@6dd7e9db, org.springframework.test.context.support.DirtiesContextBeforeModesTestExecutionListener@1a1086c, org.springframework.boot.test.mock.mockito.MockitoTestExecutionListener@b8d5900, org.springframework.boot.test.autoconfigure.SpringBootDependencyInjectionTestExecutionListener@4ba5e58f, org.springframework.test.context.support.DirtiesContextTestExecutionListener@19ee4411, org.springframework.test.context.transaction.TransactionalTestExecutionListener@1005dd28, org.springframework.test.context.jdbc.SqlScriptsTestExecutionListener@7121d371, org.springframework.boot.test.autoconfigure.restdocs.RestDocsTestExecutionListener@15ccd947, org.springframework.boot.test.autoconfigure.web.client.MockRestServiceServerResetTestExecutionListener@7ee9c923, org.springframework.boot.test.autoconfigure.web.servlet.MockMvcPrintOnlyOnFailureTestExecutionListener@40bbb74b, org.springframework.boot.test.autoconfigure.web.servlet.WebDriverTestExecutionListener@3ffe4e76, org.springframework.boot.test.mock.mockito.ResetMocksTestExecutionListener@4c0bae2f]
2018-08-02 10:34:51.887  INFO 1887 --- [    Test worker] s.c.a.AnnotationConfigApplicationContext : Refreshing org.springframework.context.annotation.AnnotationConfigApplicationContext@109ea958: startup date [Thu Aug 02 10:34:51 CDT 2018]; root of context hierarchy
2018-08-02 10:34:51.904  INFO 1887 --- [    Test worker] f.a.AutowiredAnnotationBeanPostProcessor : JSR-330 'javax.inject.Inject' annotation found and supported for autowiring
2018-08-02 10:34:51.923  INFO 1887 --- [    Test worker] trationDelegate$BeanPostProcessorChecker : Bean 'configurationPropertiesRebinderAutoConfiguration' of type [org.springframework.cloud.autoconfigure.ConfigurationPropertiesRebinderAutoConfiguration$$EnhancerBySpringCGLIB$$170f8208] is not eligible for getting processed by all BeanPostProcessors (for example: not eligible for auto-proxying)

  .   ____          _            __ _ _
 /\\ / ___'_ __ _ _(_)_ __  __ _ \ \ \ \
( ( )\___ | '_ | '_| | '_ \/ _` | \ \ \ \
 \\/  ___)| |_)| | | | | || (_| |  ) ) ) )
  '  |____| .__|_| |_|_| |_\__, | / / / /
 =========|_|==============|___/=/_/_/_/
 :: Spring Boot ::        (v2.0.3.RELEASE)

2018-08-02 10:34:51.977  INFO 1887 --- [    Test worker] c.j.a.e.orders.OrdersApplicationTests    : No active profile set, falling back to default profiles: default
2018-08-02 10:34:51.981  INFO 1887 --- [    Test worker] o.s.w.c.s.GenericWebApplicationContext   : Refreshing org.springframework.web.context.support.GenericWebApplicationContext@39737d02: startup date [Thu Aug 02 10:34:51 CDT 2018]; parent: org.springframework.context.annotation.AnnotationConfigApplicationContext@109ea958
2018-08-02 10:34:52.711  INFO 1887 --- [    Test worker] o.s.b.f.s.DefaultListableBeanFactory     : Overriding bean definition for bean 'dataSource' with a different definition: replacing [Root bean: class [null]; scope=refresh; abstract=false; lazyInit=false; autowireMode=3; dependencyCheck=0; autowireCandidate=false; primary=false; factoryBeanName=org.springframework.boot.autoconfigure.jdbc.DataSourceConfiguration$Hikari; factoryMethodName=dataSource; initMethodName=null; destroyMethodName=(inferred); defined in class path resource [org/springframework/boot/autoconfigure/jdbc/DataSourceConfiguration$Hikari.class]] with [Root bean: class [org.springframework.aop.scope.ScopedProxyFactoryBean]; scope=; abstract=false; lazyInit=false; autowireMode=0; dependencyCheck=0; autowireCandidate=true; primary=false; factoryBeanName=null; factoryMethodName=null; initMethodName=null; destroyMethodName=null; defined in BeanDefinition defined in class path resource [org/springframework/boot/autoconfigure/jdbc/DataSourceConfiguration$Hikari.class]]
2018-08-02 10:34:52.993  INFO 1887 --- [    Test worker] o.s.cloud.context.scope.GenericScope     : BeanFactory id=d3c59295-47cf-3370-ab71-50bcec59ee9b
2018-08-02 10:34:53.057  INFO 1887 --- [    Test worker] f.a.AutowiredAnnotationBeanPostProcessor : JSR-330 'javax.inject.Inject' annotation found and supported for autowiring
2018-08-02 10:34:53.142  INFO 1887 --- [    Test worker] trationDelegate$BeanPostProcessorChecker : Bean 'org.springframework.transaction.annotation.ProxyTransactionManagementConfiguration' of type [org.springframework.transaction.annotation.ProxyTransactionManagementConfiguration$$EnhancerBySpringCGLIB$$faf57f0b] is not eligible for getting processed by all BeanPostProcessors (for example: not eligible for auto-proxying)
2018-08-02 10:34:53.176  INFO 1887 --- [    Test worker] trationDelegate$BeanPostProcessorChecker : Bean 'org.springframework.cloud.autoconfigure.ConfigurationPropertiesRebinderAutoConfiguration' of type [org.springframework.cloud.autoconfigure.ConfigurationPropertiesRebinderAutoConfiguration$$EnhancerBySpringCGLIB$$170f8208] is not eligible for getting processed by all BeanPostProcessors (for example: not eligible for auto-proxying)
2018-08-02 10:34:53.415  WARN 1887 --- [    Test worker] c.n.c.sources.URLConfigurationSource     : No URLs will be polled as dynamic configuration sources.
2018-08-02 10:34:53.415  INFO 1887 --- [    Test worker] c.n.c.sources.URLConfigurationSource     : To enable URLs as dynamic configuration sources, define System property archaius.configurationSource.additionalUrls or make config.properties available on classpath.
2018-08-02 10:34:53.436  INFO 1887 --- [    Test worker] c.netflix.config.DynamicPropertyFactory  : DynamicPropertyFactory is initialized with configuration sources: com.netflix.config.ConcurrentCompositeConfiguration@67b46c6b
2018-08-02 10:34:53.605  INFO 1887 --- [    Test worker] com.zaxxer.hikari.HikariDataSource       : HikariPool-1 - Starting...
2018-08-02 10:34:53.784  INFO 1887 --- [    Test worker] com.zaxxer.hikari.HikariDataSource       : HikariPool-1 - Start completed.
2018-08-02 10:34:53.852  INFO 1887 --- [    Test worker] j.LocalContainerEntityManagerFactoryBean : Building JPA container EntityManagerFactory for persistence unit 'default'
2018-08-02 10:34:53.875  INFO 1887 --- [    Test worker] o.hibernate.jpa.internal.util.LogHelper  : HHH000204: Processing PersistenceUnitInfo [
	name: default
	...]
2018-08-02 10:34:53.964  INFO 1887 --- [    Test worker] org.hibernate.Version                    : HHH000412: Hibernate Core {5.2.17.Final}
2018-08-02 10:34:53.966  INFO 1887 --- [    Test worker] org.hibernate.cfg.Environment            : HHH000206: hibernate.properties not found
2018-08-02 10:34:54.012  INFO 1887 --- [    Test worker] o.hibernate.annotations.common.Version   : HCANN000001: Hibernate Commons Annotations {5.0.1.Final}
2018-08-02 10:34:54.380  INFO 1887 --- [    Test worker] org.hibernate.dialect.Dialect            : HHH000400: Using dialect: org.hibernate.dialect.H2Dialect
2018-08-02 10:34:54.990  INFO 1887 --- [    Test worker] o.h.t.schema.internal.SchemaCreatorImpl  : HHH000476: Executing import script 'org.hibernate.tool.schema.internal.exec.ScriptSourceInputNonExistentImpl@116795cd'
2018-08-02 10:34:54.993  INFO 1887 --- [    Test worker] j.LocalContainerEntityManagerFactoryBean : Initialized JPA EntityManagerFactory for persistence unit 'default'
2018-08-02 10:34:55.787  WARN 1887 --- [    Test worker] c.n.c.sources.URLConfigurationSource     : No URLs will be polled as dynamic configuration sources.
2018-08-02 10:34:55.787  INFO 1887 --- [    Test worker] c.n.c.sources.URLConfigurationSource     : To enable URLs as dynamic configuration sources, define System property archaius.configurationSource.additionalUrls or make config.properties available on classpath.
2018-08-02 10:34:55.919  INFO 1887 --- [    Test worker] o.s.w.s.handler.SimpleUrlHandlerMapping  : Mapped URL path [/**/favicon.ico] onto handler of type [class org.springframework.web.servlet.resource.ResourceHttpRequestHandler]
2018-08-02 10:34:56.179  INFO 1887 --- [    Test worker] s.w.s.m.m.a.RequestMappingHandlerAdapter : Looking for @ControllerAdvice: org.springframework.web.context.support.GenericWebApplicationContext@39737d02: startup date [Thu Aug 02 10:34:51 CDT 2018]; parent: org.springframework.context.annotation.AnnotationConfigApplicationContext@109ea958
2018-08-02 10:34:56.190  WARN 1887 --- [    Test worker] aWebConfiguration$JpaWebMvcConfiguration : spring.jpa.open-in-view is enabled by default. Therefore, database queries may be performed during view rendering. Explicitly configure spring.jpa.open-in-view to disable this warning
2018-08-02 10:34:56.213  INFO 1887 --- [    Test worker] s.w.s.m.m.a.RequestMappingHandlerMapping : Mapped "{[/orders/{id}/lines/{orderLineItems_id}],methods=[PUT]}" onto public com.jpa.amazon.ecommerce.orders.domain.OrderLineItems com.jpa.amazon.ecommerce.orders.controller.OrderLineItemsController.update(java.lang.Long,java.lang.Long,com.jpa.amazon.ecommerce.orders.domain.OrderLineItems)
2018-08-02 10:34:56.214  INFO 1887 --- [    Test worker] s.w.s.m.m.a.RequestMappingHandlerMapping : Mapped "{[/orders/{id}/lines/{orderLineItems_id}],methods=[DELETE]}" onto public void com.jpa.amazon.ecommerce.orders.controller.OrderLineItemsController.delete(java.lang.Long,java.lang.Long)
2018-08-02 10:34:56.214  INFO 1887 --- [    Test worker] s.w.s.m.m.a.RequestMappingHandlerMapping : Mapped "{[/orders/{id}/lines],methods=[POST]}" onto public com.jpa.amazon.ecommerce.orders.domain.OrderLineItems com.jpa.amazon.ecommerce.orders.controller.OrderLineItemsController.create(com.jpa.amazon.ecommerce.orders.domain.OrderLineItems,java.lang.Long)
2018-08-02 10:34:56.215  INFO 1887 --- [    Test worker] s.w.s.m.m.a.RequestMappingHandlerMapping : Mapped "{[/orders/{id}/lines/{orderLineItems_id}],methods=[GET]}" onto public com.jpa.amazon.ecommerce.orders.domain.OrderLineItems com.jpa.amazon.ecommerce.orders.controller.OrderLineItemsController.getById(java.lang.Long,java.lang.Long)
2018-08-02 10:34:56.215  INFO 1887 --- [    Test worker] s.w.s.m.m.a.RequestMappingHandlerMapping : Mapped "{[/orders/{id}/lines],methods=[GET]}" onto public java.lang.Iterable<com.jpa.amazon.ecommerce.orders.domain.OrderLineItems> com.jpa.amazon.ecommerce.orders.controller.OrderLineItemsController.getAllByOrderId(java.lang.Long)
2018-08-02 10:34:56.217  INFO 1887 --- [    Test worker] s.w.s.m.m.a.RequestMappingHandlerMapping : Mapped "{[/orders/{id}],methods=[PUT]}" onto public com.jpa.amazon.ecommerce.orders.domain.Orders com.jpa.amazon.ecommerce.orders.controller.OrdersController.update(java.lang.Long,com.jpa.amazon.ecommerce.orders.domain.Orders)
2018-08-02 10:34:56.217  INFO 1887 --- [    Test worker] s.w.s.m.m.a.RequestMappingHandlerMapping : Mapped "{[/orders/{id}],methods=[DELETE]}" onto public void com.jpa.amazon.ecommerce.orders.controller.OrdersController.delete(java.lang.Long)
2018-08-02 10:34:56.217  INFO 1887 --- [    Test worker] s.w.s.m.m.a.RequestMappingHandlerMapping : Mapped "{[/orders],methods=[POST]}" onto public com.jpa.amazon.ecommerce.orders.domain.Orders com.jpa.amazon.ecommerce.orders.controller.OrdersController.create(com.jpa.amazon.ecommerce.orders.domain.Orders)
2018-08-02 10:34:56.217  INFO 1887 --- [    Test worker] s.w.s.m.m.a.RequestMappingHandlerMapping : Mapped "{[/orders],methods=[GET]}" onto public java.util.List<com.jpa.amazon.ecommerce.orders.domain.Orders> com.jpa.amazon.ecommerce.orders.controller.OrdersController.getAllOrdersForAccount(long) throws java.io.IOException
2018-08-02 10:34:56.217  INFO 1887 --- [    Test worker] s.w.s.m.m.a.RequestMappingHandlerMapping : Mapped "{[/orders/{id}],methods=[GET]}" onto public com.jpa.amazon.ecommerce.orders.domain.OrderDetails com.jpa.amazon.ecommerce.orders.controller.OrdersController.getByOrderId(java.lang.Long)
2018-08-02 10:34:56.219  INFO 1887 --- [    Test worker] s.w.s.m.m.a.RequestMappingHandlerMapping : Mapped "{[/error]}" onto public org.springframework.http.ResponseEntity<java.util.Map<java.lang.String, java.lang.Object>> org.springframework.boot.autoconfigure.web.servlet.error.BasicErrorController.error(javax.servlet.http.HttpServletRequest)
2018-08-02 10:34:56.219  INFO 1887 --- [    Test worker] s.w.s.m.m.a.RequestMappingHandlerMapping : Mapped "{[/error],produces=[text/html]}" onto public org.springframework.web.servlet.ModelAndView org.springframework.boot.autoconfigure.web.servlet.error.BasicErrorController.errorHtml(javax.servlet.http.HttpServletRequest,javax.servlet.http.HttpServletResponse)
2018-08-02 10:34:56.251  INFO 1887 --- [    Test worker] o.s.w.s.handler.SimpleUrlHandlerMapping  : Mapped URL path [/webjars/**] onto handler of type [class org.springframework.web.servlet.resource.ResourceHttpRequestHandler]
2018-08-02 10:34:56.252  INFO 1887 --- [    Test worker] o.s.w.s.handler.SimpleUrlHandlerMapping  : Mapped URL path [/**] onto handler of type [class org.springframework.web.servlet.resource.ResourceHttpRequestHandler]
2018-08-02 10:34:56.304  WARN 1887 --- [    Test worker] ion$DefaultTemplateResolverConfiguration : Cannot find template location: classpath:/templates/ (please add some templates or check your Thymeleaf configuration)
2018-08-02 10:34:57.495  INFO 1887 --- [    Test worker] .s.s.UserDetailsServiceAutoConfiguration : 

Using generated security password: 11d24e01-b2c0-4a80-a12c-963c29506cb1

2018-08-02 10:34:57.568  INFO 1887 --- [    Test worker] o.s.s.web.DefaultSecurityFilterChain     : Creating filter chain: org.springframework.security.web.util.matcher.AnyRequestMatcher@1, [org.springframework.security.web.context.request.async.WebAsyncManagerIntegrationFilter@1d5aa548, org.springframework.security.web.context.SecurityContextPersistenceFilter@d8f3876, org.springframework.security.web.header.HeaderWriterFilter@4df8b2c, org.springframework.security.web.authentication.logout.LogoutFilter@50fcaffd, org.springframework.security.web.savedrequest.RequestCacheAwareFilter@78fea1e0, org.springframework.security.web.servletapi.SecurityContextHolderAwareRequestFilter@d338, org.springframework.security.web.authentication.AnonymousAuthenticationFilter@75a4bdbb, org.springframework.security.web.session.SessionManagementFilter@13686885, org.springframework.security.web.access.ExceptionTranslationFilter@7ba1d4ab, org.springframework.security.web.access.intercept.FilterSecurityInterceptor@1a917b87]
2018-08-02 10:34:57.799  INFO 1887 --- [    Test worker] o.s.b.a.e.web.EndpointLinksResolver      : Exposing 2 endpoint(s) beneath base path '/actuator'
2018-08-02 10:34:57.814  INFO 1887 --- [    Test worker] s.b.a.e.w.s.WebMvcEndpointHandlerMapping : Mapped "{[/actuator/health],methods=[GET],produces=[application/vnd.spring-boot.actuator.v2+json || application/json]}" onto public java.lang.Object org.springframework.boot.actuate.endpoint.web.servlet.AbstractWebMvcEndpointHandlerMapping$OperationHandler.handle(javax.servlet.http.HttpServletRequest,java.util.Map<java.lang.String, java.lang.String>)
2018-08-02 10:34:57.816  INFO 1887 --- [    Test worker] s.b.a.e.w.s.WebMvcEndpointHandlerMapping : Mapped "{[/actuator/info],methods=[GET],produces=[application/vnd.spring-boot.actuator.v2+json || application/json]}" onto public java.lang.Object org.springframework.boot.actuate.endpoint.web.servlet.AbstractWebMvcEndpointHandlerMapping$OperationHandler.handle(javax.servlet.http.HttpServletRequest,java.util.Map<java.lang.String, java.lang.String>)
2018-08-02 10:34:57.817  INFO 1887 --- [    Test worker] s.b.a.e.w.s.WebMvcEndpointHandlerMapping : Mapped "{[/actuator],methods=[GET],produces=[application/vnd.spring-boot.actuator.v2+json || application/json]}" onto protected java.util.Map<java.lang.String, java.util.Map<java.lang.String, org.springframework.boot.actuate.endpoint.web.Link>> org.springframework.boot.actuate.endpoint.web.servlet.WebMvcEndpointHandlerMapping.links(javax.servlet.http.HttpServletRequest,javax.servlet.http.HttpServletResponse)
2018-08-02 10:34:57.875  INFO 1887 --- [    Test worker] o.s.c.support.DefaultLifecycleProcessor  : Starting beans in phase 0
2018-08-02 10:34:57.889  INFO 1887 --- [    Test worker] c.j.a.e.orders.OrdersApplicationTests    : Started OrdersApplicationTests in 6.058 seconds (JVM running for 12.459)
]]></system-out>
  <system-err><![CDATA[]]></system-err>
</testsuite>
