<?xml version="1.0" encoding="UTF-8"?>
<testsuite name="com.jpa.amazon.ecommerce.orders.domain.ModelTest" tests="3" skipped="0" failures="0" errors="0" timestamp="2018-08-02T20:37:39" hostname="Rohan-Grovers-MacBook-Pro.local" time="0.006">
  <properties/>
  <testcase name="testShipmentDetails" classname="com.jpa.amazon.ecommerce.orders.domain.ModelTest" time="0.002"/>
  <testcase name="testConstructors" classname="com.jpa.amazon.ecommerce.orders.domain.ModelTest" time="0.002"/>
  <testcase name="testAddressDetails" classname="com.jpa.amazon.ecommerce.orders.domain.ModelTest" time="0.002"/>
  <system-out><![CDATA[2018-08-02 15:37:39.540  INFO 57539 --- [    Test worker] o.s.t.c.s.DefaultTestContextBootstrapper : Neither @ContextConfiguration nor @ContextHierarchy found for test class [com.jpa.amazon.ecommerce.orders.domain.ModelTest], using DelegatingSmartContextLoader
2018-08-02 15:37:39.541  INFO 57539 --- [    Test worker] o.s.t.c.support.AbstractContextLoader    : Could not detect default resource locations for test class [com.jpa.amazon.ecommerce.orders.domain.ModelTest]: no resource found for suffixes {-context.xml}.
2018-08-02 15:37:39.541  INFO 57539 --- [    Test worker] t.c.s.AnnotationConfigContextLoaderUtils : Could not detect default configuration classes for test class [com.jpa.amazon.ecommerce.orders.domain.ModelTest]: ModelTest does not declare any static, non-private, non-final, nested classes annotated with @Configuration.
2018-08-02 15:37:39.542  INFO 57539 --- [    Test worker] o.s.t.c.s.DefaultTestContextBootstrapper : Loaded default TestExecutionListener class names from location [META-INF/spring.factories]: [org.springframework.boot.test.autoconfigure.restdocs.RestDocsTestExecutionListener, org.springframework.boot.test.autoconfigure.web.client.MockRestServiceServerResetTestExecutionListener, org.springframework.boot.test.autoconfigure.web.servlet.MockMvcPrintOnlyOnFailureTestExecutionListener, org.springframework.boot.test.autoconfigure.web.servlet.WebDriverTestExecutionListener, org.springframework.boot.test.mock.mockito.MockitoTestExecutionListener, org.springframework.boot.test.mock.mockito.ResetMocksTestExecutionListener, org.springframework.test.context.web.ServletTestExecutionListener, org.springframework.test.context.support.DirtiesContextBeforeModesTestExecutionListener, org.springframework.test.context.support.DependencyInjectionTestExecutionListener, org.springframework.test.context.support.DirtiesContextTestExecutionListener, org.springframework.test.context.transaction.TransactionalTestExecutionListener, org.springframework.test.context.jdbc.SqlScriptsTestExecutionListener]
2018-08-02 15:37:39.542  INFO 57539 --- [    Test worker] o.s.t.c.s.DefaultTestContextBootstrapper : Using TestExecutionListeners: [org.springframework.test.context.web.ServletTestExecutionListener@54438a40, org.springframework.test.context.support.DirtiesContextBeforeModesTestExecutionListener@5f37d5b, org.springframework.boot.test.mock.mockito.MockitoTestExecutionListener@2b0ebbbc, org.springframework.test.context.support.DependencyInjectionTestExecutionListener@affd136, org.springframework.test.context.support.DirtiesContextTestExecutionListener@42264ba3, org.springframework.test.context.transaction.TransactionalTestExecutionListener@5ca1ef19, org.springframework.test.context.jdbc.SqlScriptsTestExecutionListener@2ac6c6a, org.springframework.boot.test.autoconfigure.restdocs.RestDocsTestExecutionListener@762e6b68, org.springframework.boot.test.autoconfigure.web.client.MockRestServiceServerResetTestExecutionListener@6a54d5d, org.springframework.boot.test.autoconfigure.web.servlet.MockMvcPrintOnlyOnFailureTestExecutionListener@552fa3b7, org.springframework.boot.test.autoconfigure.web.servlet.WebDriverTestExecutionListener@34014a44, org.springframework.boot.test.mock.mockito.ResetMocksTestExecutionListener@31711287]
]]></system-out>
  <system-err><![CDATA[]]></system-err>
</testsuite>
