<?xml version="1.0" encoding="UTF-8"?>
<testsuite name="com.jpa.amazon.ecommerce.orders.OrdersApplicationTests" tests="1" skipped="0" failures="0" errors="0" timestamp="2018-08-08T16:29:23" hostname="Rohan-Grovers-MacBook-Pro.local" time="0.003">
  <properties/>
  <testcase name="contextLoads" classname="com.jpa.amazon.ecommerce.orders.OrdersApplicationTests" time="0.003"/>
  <system-out><![CDATA[2018-08-08 11:29:18.517  INFO 48032 --- [    Test worker] .b.t.c.SpringBootTestContextBootstrapper : Neither @ContextConfiguration nor @ContextHierarchy found for test class [com.jpa.amazon.ecommerce.orders.OrdersApplicationTests], using SpringBootContextLoader
2018-08-08 11:29:18.517  INFO 48032 --- [    Test worker] o.s.t.c.support.AbstractContextLoader    : Could not detect default resource locations for test class [com.jpa.amazon.ecommerce.orders.OrdersApplicationTests]: no resource found for suffixes {-context.xml, Context.groovy}.
2018-08-08 11:29:18.518  INFO 48032 --- [    Test worker] t.c.s.AnnotationConfigContextLoaderUtils : Could not detect default configuration classes for test class [com.jpa.amazon.ecommerce.orders.OrdersApplicationTests]: OrdersApplicationTests does not declare any static, non-private, non-final, nested classes annotated with @Configuration.
2018-08-08 11:29:18.547  INFO 48032 --- [    Test worker] .b.t.c.SpringBootTestContextBootstrapper : Found @SpringBootConfiguration com.jpa.amazon.ecommerce.orders.OrdersApplication for test class com.jpa.amazon.ecommerce.orders.OrdersApplicationTests
2018-08-08 11:29:18.550  INFO 48032 --- [    Test worker] .b.t.c.SpringBootTestContextBootstrapper : Loaded default TestExecutionListener class names from location [META-INF/spring.factories]: [org.springframework.boot.test.autoconfigure.restdocs.RestDocsTestExecutionListener, org.springframework.boot.test.autoconfigure.web.client.MockRestServiceServerResetTestExecutionListener, org.springframework.boot.test.autoconfigure.web.servlet.MockMvcPrintOnlyOnFailureTestExecutionListener, org.springframework.boot.test.autoconfigure.web.servlet.WebDriverTestExecutionListener, org.springframework.boot.test.mock.mockito.MockitoTestExecutionListener, org.springframework.boot.test.mock.mockito.ResetMocksTestExecutionListener, org.springframework.test.context.web.ServletTestExecutionListener, org.springframework.test.context.support.DirtiesContextBeforeModesTestExecutionListener, org.springframework.test.context.support.DependencyInjectionTestExecutionListener, org.springframework.test.context.support.DirtiesContextTestExecutionListener, org.springframework.test.context.transaction.TransactionalTestExecutionListener, org.springframework.test.context.jdbc.SqlScriptsTestExecutionListener]
2018-08-08 11:29:18.550  INFO 48032 --- [    Test worker] .b.t.c.SpringBootTestContextBootstrapper : Using TestExecutionListeners: [org.springframework.test.context.web.ServletTestExecutionListener@1ecb6ae0, org.springframework.test.context.support.DirtiesContextBeforeModesTestExecutionListener@1a396a55, org.springframework.boot.test.mock.mockito.MockitoTestExecutionListener@1ad7410e, org.springframework.boot.test.autoconfigure.SpringBootDependencyInjectionTestExecutionListener@2ce5eea6, org.springframework.test.context.support.DirtiesContextTestExecutionListener@69bc1db0, org.springframework.test.context.transaction.TransactionalTestExecutionListener@3806a910, org.springframework.test.context.jdbc.SqlScriptsTestExecutionListener@18f9402f, org.springframework.boot.test.autoconfigure.restdocs.RestDocsTestExecutionListener@1b6a0d48, org.springframework.boot.test.autoconfigure.web.client.MockRestServiceServerResetTestExecutionListener@1232c208, org.springframework.boot.test.autoconfigure.web.servlet.MockMvcPrintOnlyOnFailureTestExecutionListener@1f71a777, org.springframework.boot.test.autoconfigure.web.servlet.WebDriverTestExecutionListener@4d5b648e, org.springframework.boot.test.mock.mockito.ResetMocksTestExecutionListener@6103020]
2018-08-08 11:29:18.623  INFO 48032 --- [    Test worker] s.c.a.AnnotationConfigApplicationContext : Refreshing org.springframework.context.annotation.AnnotationConfigApplicationContext@12c54c78: startup date [Wed Aug 08 11:29:18 CDT 2018]; root of context hierarchy
2018-08-08 11:29:18.646  INFO 48032 --- [    Test worker] f.a.AutowiredAnnotationBeanPostProcessor : JSR-330 'javax.inject.Inject' annotation found and supported for autowiring
2018-08-08 11:29:18.670  INFO 48032 --- [    Test worker] trationDelegate$BeanPostProcessorChecker : Bean 'configurationPropertiesRebinderAutoConfiguration' of type [org.springframework.cloud.autoconfigure.ConfigurationPropertiesRebinderAutoConfiguration$$EnhancerBySpringCGLIB$$170f8208] is not eligible for getting processed by all BeanPostProcessors (for example: not eligible for auto-proxying)

  .   ____          _            __ _ _
 /\\ / ___'_ __ _ _(_)_ __  __ _ \ \ \ \
( ( )\___ | '_ | '_| | '_ \/ _` | \ \ \ \
 \\/  ___)| |_)| | | | | || (_| |  ) ) ) )
  '  |____| .__|_| |_|_| |_\__, | / / / /
 =========|_|==============|___/=/_/_/_/
 :: Spring Boot ::        (v2.0.3.RELEASE)

2018-08-08 11:29:18.735  INFO 48032 --- [    Test worker] c.j.a.e.orders.OrdersApplicationTests    : No active profile set, falling back to default profiles: default
2018-08-08 11:29:18.740  INFO 48032 --- [    Test worker] o.s.w.c.s.GenericWebApplicationContext   : Refreshing org.springframework.web.context.support.GenericWebApplicationContext@6b813f3c: startup date [Wed Aug 08 11:29:18 CDT 2018]; parent: org.springframework.context.annotation.AnnotationConfigApplicationContext@12c54c78
2018-08-08 11:29:19.378  INFO 48032 --- [    Test worker] o.s.b.f.s.DefaultListableBeanFactory     : Overriding bean definition for bean 'dataSource' with a different definition: replacing [Root bean: class [null]; scope=refresh; abstract=false; lazyInit=false; autowireMode=3; dependencyCheck=0; autowireCandidate=false; primary=false; factoryBeanName=org.springframework.boot.autoconfigure.jdbc.DataSourceConfiguration$Hikari; factoryMethodName=dataSource; initMethodName=null; destroyMethodName=(inferred); defined in class path resource [org/springframework/boot/autoconfigure/jdbc/DataSourceConfiguration$Hikari.class]] with [Root bean: class [org.springframework.aop.scope.ScopedProxyFactoryBean]; scope=; abstract=false; lazyInit=false; autowireMode=0; dependencyCheck=0; autowireCandidate=true; primary=false; factoryBeanName=null; factoryMethodName=null; initMethodName=null; destroyMethodName=null; defined in BeanDefinition defined in class path resource [org/springframework/boot/autoconfigure/jdbc/DataSourceConfiguration$Hikari.class]]
2018-08-08 11:29:19.551  INFO 48032 --- [    Test worker] o.s.cloud.context.scope.GenericScope     : BeanFactory id=d78cc84f-6661-30ef-8805-301dc9948669
2018-08-08 11:29:19.606  INFO 48032 --- [    Test worker] f.a.AutowiredAnnotationBeanPostProcessor : JSR-330 'javax.inject.Inject' annotation found and supported for autowiring
2018-08-08 11:29:19.708  INFO 48032 --- [    Test worker] trationDelegate$BeanPostProcessorChecker : Bean 'org.springframework.transaction.annotation.ProxyTransactionManagementConfiguration' of type [org.springframework.transaction.annotation.ProxyTransactionManagementConfiguration$$EnhancerBySpringCGLIB$$faf57f0b] is not eligible for getting processed by all BeanPostProcessors (for example: not eligible for auto-proxying)
2018-08-08 11:29:19.887  INFO 48032 --- [    Test worker] trationDelegate$BeanPostProcessorChecker : Bean 'org.springframework.cloud.autoconfigure.ConfigurationPropertiesRebinderAutoConfiguration' of type [org.springframework.cloud.autoconfigure.ConfigurationPropertiesRebinderAutoConfiguration$$EnhancerBySpringCGLIB$$170f8208] is not eligible for getting processed by all BeanPostProcessors (for example: not eligible for auto-proxying)
2018-08-08 11:29:20.164  WARN 48032 --- [    Test worker] c.n.c.sources.URLConfigurationSource     : No URLs will be polled as dynamic configuration sources.
2018-08-08 11:29:20.164  INFO 48032 --- [    Test worker] c.n.c.sources.URLConfigurationSource     : To enable URLs as dynamic configuration sources, define System property archaius.configurationSource.additionalUrls or make config.properties available on classpath.
2018-08-08 11:29:20.181  INFO 48032 --- [    Test worker] c.netflix.config.DynamicPropertyFactory  : DynamicPropertyFactory is initialized with configuration sources: com.netflix.config.ConcurrentCompositeConfiguration@31ca6033
2018-08-08 11:29:20.348  INFO 48032 --- [    Test worker] com.zaxxer.hikari.HikariDataSource       : HikariPool-1 - Starting...
2018-08-08 11:29:20.657  INFO 48032 --- [    Test worker] com.zaxxer.hikari.HikariDataSource       : HikariPool-1 - Start completed.
2018-08-08 11:29:20.714  INFO 48032 --- [    Test worker] j.LocalContainerEntityManagerFactoryBean : Building JPA container EntityManagerFactory for persistence unit 'default'
2018-08-08 11:29:20.734  INFO 48032 --- [    Test worker] o.hibernate.jpa.internal.util.LogHelper  : HHH000204: Processing PersistenceUnitInfo [
	name: default
	...]
2018-08-08 11:29:20.803  INFO 48032 --- [    Test worker] org.hibernate.Version                    : HHH000412: Hibernate Core {5.2.17.Final}
2018-08-08 11:29:20.804  INFO 48032 --- [    Test worker] org.hibernate.cfg.Environment            : HHH000206: hibernate.properties not found
2018-08-08 11:29:20.846  INFO 48032 --- [    Test worker] o.hibernate.annotations.common.Version   : HCANN000001: Hibernate Commons Annotations {5.0.1.Final}
2018-08-08 11:29:20.966  INFO 48032 --- [    Test worker] org.hibernate.dialect.Dialect            : HHH000400: Using dialect: org.hibernate.dialect.H2Dialect
2018-08-08 11:29:21.537  INFO 48032 --- [    Test worker] o.h.t.schema.internal.SchemaCreatorImpl  : HHH000476: Executing import script 'org.hibernate.tool.schema.internal.exec.ScriptSourceInputNonExistentImpl@37d4cf0e'
2018-08-08 11:29:21.540  INFO 48032 --- [    Test worker] j.LocalContainerEntityManagerFactoryBean : Initialized JPA EntityManagerFactory for persistence unit 'default'
2018-08-08 11:29:22.235  WARN 48032 --- [    Test worker] c.n.c.sources.URLConfigurationSource     : No URLs will be polled as dynamic configuration sources.
2018-08-08 11:29:22.235  INFO 48032 --- [    Test worker] c.n.c.sources.URLConfigurationSource     : To enable URLs as dynamic configuration sources, define System property archaius.configurationSource.additionalUrls or make config.properties available on classpath.
2018-08-08 11:29:22.294  INFO 48032 --- [    Test worker] o.s.w.s.handler.SimpleUrlHandlerMapping  : Mapped URL path [/**/favicon.ico] onto handler of type [class org.springframework.web.servlet.resource.ResourceHttpRequestHandler]
2018-08-08 11:29:22.485  INFO 48032 --- [    Test worker] s.w.s.m.m.a.RequestMappingHandlerAdapter : Looking for @ControllerAdvice: org.springframework.web.context.support.GenericWebApplicationContext@6b813f3c: startup date [Wed Aug 08 11:29:18 CDT 2018]; parent: org.springframework.context.annotation.AnnotationConfigApplicationContext@12c54c78
2018-08-08 11:29:22.498  WARN 48032 --- [    Test worker] aWebConfiguration$JpaWebMvcConfiguration : spring.jpa.open-in-view is enabled by default. Therefore, database queries may be performed during view rendering. Explicitly configure spring.jpa.open-in-view to disable this warning
2018-08-08 11:29:22.521  INFO 48032 --- [    Test worker] s.w.s.m.m.a.RequestMappingHandlerMapping : Mapped "{[/orders/{id}/lines/{orderLineItems_id}],methods=[PUT]}" onto public com.jpa.amazon.ecommerce.orders.domain.OrderLineItems com.jpa.amazon.ecommerce.orders.controller.OrderLineItemsController.update(java.lang.Long,java.lang.Long,com.jpa.amazon.ecommerce.orders.domain.OrderLineItems)
2018-08-08 11:29:22.521  INFO 48032 --- [    Test worker] s.w.s.m.m.a.RequestMappingHandlerMapping : Mapped "{[/orders/{id}/lines/{orderLineItems_id}],methods=[DELETE]}" onto public void com.jpa.amazon.ecommerce.orders.controller.OrderLineItemsController.delete(java.lang.Long,java.lang.Long)
2018-08-08 11:29:22.522  INFO 48032 --- [    Test worker] s.w.s.m.m.a.RequestMappingHandlerMapping : Mapped "{[/orders/{id}/lines],methods=[POST]}" onto public com.jpa.amazon.ecommerce.orders.domain.OrderLineItems com.jpa.amazon.ecommerce.orders.controller.OrderLineItemsController.create(com.jpa.amazon.ecommerce.orders.domain.OrderLineItems,java.lang.Long)
2018-08-08 11:29:22.522  INFO 48032 --- [    Test worker] s.w.s.m.m.a.RequestMappingHandlerMapping : Mapped "{[/orders/{id}/lines],methods=[GET]}" onto public java.lang.Iterable<com.jpa.amazon.ecommerce.orders.domain.OrderLineItems> com.jpa.amazon.ecommerce.orders.controller.OrderLineItemsController.getAllByOrderId(java.lang.Long)
2018-08-08 11:29:22.522  INFO 48032 --- [    Test worker] s.w.s.m.m.a.RequestMappingHandlerMapping : Mapped "{[/orders/{id}/lines/shipments],methods=[GET]}" onto public java.util.List<com.jpa.amazon.ecommerce.orders.domain.OrderLineItems> com.jpa.amazon.ecommerce.orders.controller.OrderLineItemsController.findByShipmentId(java.lang.Long,java.lang.Long)
2018-08-08 11:29:22.522  INFO 48032 --- [    Test worker] s.w.s.m.m.a.RequestMappingHandlerMapping : Mapped "{[/orders/{id}/lines/{orderLineItems_id}],methods=[GET]}" onto public com.jpa.amazon.ecommerce.orders.domain.OrderLineItems com.jpa.amazon.ecommerce.orders.controller.OrderLineItemsController.getById(java.lang.Long,java.lang.Long)
2018-08-08 11:29:22.524  INFO 48032 --- [    Test worker] s.w.s.m.m.a.RequestMappingHandlerMapping : Mapped "{[/orders/{id}],methods=[PUT]}" onto public com.jpa.amazon.ecommerce.orders.domain.Orders com.jpa.amazon.ecommerce.orders.controller.OrdersController.update(java.lang.Long,com.jpa.amazon.ecommerce.orders.domain.Orders)
2018-08-08 11:29:22.524  INFO 48032 --- [    Test worker] s.w.s.m.m.a.RequestMappingHandlerMapping : Mapped "{[/orders/{id}],methods=[DELETE]}" onto public void com.jpa.amazon.ecommerce.orders.controller.OrdersController.delete(java.lang.Long)
2018-08-08 11:29:22.525  INFO 48032 --- [    Test worker] s.w.s.m.m.a.RequestMappingHandlerMapping : Mapped "{[/orders],methods=[POST]}" onto public com.jpa.amazon.ecommerce.orders.domain.Orders com.jpa.amazon.ecommerce.orders.controller.OrdersController.create(com.jpa.amazon.ecommerce.orders.domain.Orders)
2018-08-08 11:29:22.525  INFO 48032 --- [    Test worker] s.w.s.m.m.a.RequestMappingHandlerMapping : Mapped "{[/orders],methods=[GET]}" onto public java.util.List<com.jpa.amazon.ecommerce.orders.domain.Orders> com.jpa.amazon.ecommerce.orders.controller.OrdersController.getAllOrdersForAccount(long) throws java.io.IOException
2018-08-08 11:29:22.525  INFO 48032 --- [    Test worker] s.w.s.m.m.a.RequestMappingHandlerMapping : Mapped "{[/orders/{id}],methods=[GET]}" onto public com.jpa.amazon.ecommerce.orders.domain.OrderDetails com.jpa.amazon.ecommerce.orders.controller.OrdersController.getByOrderId(java.lang.Long)
2018-08-08 11:29:22.528  INFO 48032 --- [    Test worker] s.w.s.m.m.a.RequestMappingHandlerMapping : Mapped "{[/error]}" onto public org.springframework.http.ResponseEntity<java.util.Map<java.lang.String, java.lang.Object>> org.springframework.boot.autoconfigure.web.servlet.error.BasicErrorController.error(javax.servlet.http.HttpServletRequest)
2018-08-08 11:29:22.528  INFO 48032 --- [    Test worker] s.w.s.m.m.a.RequestMappingHandlerMapping : Mapped "{[/error],produces=[text/html]}" onto public org.springframework.web.servlet.ModelAndView org.springframework.boot.autoconfigure.web.servlet.error.BasicErrorController.errorHtml(javax.servlet.http.HttpServletRequest,javax.servlet.http.HttpServletResponse)
2018-08-08 11:29:22.585  INFO 48032 --- [    Test worker] o.s.w.s.handler.SimpleUrlHandlerMapping  : Mapped URL path [/webjars/**] onto handler of type [class org.springframework.web.servlet.resource.ResourceHttpRequestHandler]
2018-08-08 11:29:22.585  INFO 48032 --- [    Test worker] o.s.w.s.handler.SimpleUrlHandlerMapping  : Mapped URL path [/**] onto handler of type [class org.springframework.web.servlet.resource.ResourceHttpRequestHandler]
2018-08-08 11:29:22.630  WARN 48032 --- [    Test worker] ion$DefaultTemplateResolverConfiguration : Cannot find template location: classpath:/templates/ (please add some templates or check your Thymeleaf configuration)
2018-08-08 11:29:23.477  INFO 48032 --- [    Test worker] .s.s.UserDetailsServiceAutoConfiguration : 

Using generated security password: 9c2f8e91-b4a9-49fb-8fa0-9e12a1d49888

2018-08-08 11:29:23.534  INFO 48032 --- [    Test worker] o.s.s.web.DefaultSecurityFilterChain     : Creating filter chain: org.springframework.security.web.util.matcher.AnyRequestMatcher@1, [org.springframework.security.web.context.request.async.WebAsyncManagerIntegrationFilter@638da584, org.springframework.security.web.context.SecurityContextPersistenceFilter@61626158, org.springframework.security.web.header.HeaderWriterFilter@59ed919c, org.springframework.security.web.authentication.logout.LogoutFilter@4848f671, org.springframework.security.web.savedrequest.RequestCacheAwareFilter@48a28934, org.springframework.security.web.servletapi.SecurityContextHolderAwareRequestFilter@7d7680cd, org.springframework.security.web.authentication.AnonymousAuthenticationFilter@3ab4f9c7, org.springframework.security.web.session.SessionManagementFilter@44807c75, org.springframework.security.web.access.ExceptionTranslationFilter@1647e5cd, org.springframework.security.web.access.intercept.FilterSecurityInterceptor@7ce4a082]
2018-08-08 11:29:23.727  INFO 48032 --- [    Test worker] o.s.b.a.e.web.EndpointLinksResolver      : Exposing 2 endpoint(s) beneath base path '/actuator'
2018-08-08 11:29:23.738  INFO 48032 --- [    Test worker] s.b.a.e.w.s.WebMvcEndpointHandlerMapping : Mapped "{[/actuator/health],methods=[GET],produces=[application/vnd.spring-boot.actuator.v2+json || application/json]}" onto public java.lang.Object org.springframework.boot.actuate.endpoint.web.servlet.AbstractWebMvcEndpointHandlerMapping$OperationHandler.handle(javax.servlet.http.HttpServletRequest,java.util.Map<java.lang.String, java.lang.String>)
2018-08-08 11:29:23.738  INFO 48032 --- [    Test worker] s.b.a.e.w.s.WebMvcEndpointHandlerMapping : Mapped "{[/actuator/info],methods=[GET],produces=[application/vnd.spring-boot.actuator.v2+json || application/json]}" onto public java.lang.Object org.springframework.boot.actuate.endpoint.web.servlet.AbstractWebMvcEndpointHandlerMapping$OperationHandler.handle(javax.servlet.http.HttpServletRequest,java.util.Map<java.lang.String, java.lang.String>)
2018-08-08 11:29:23.739  INFO 48032 --- [    Test worker] s.b.a.e.w.s.WebMvcEndpointHandlerMapping : Mapped "{[/actuator],methods=[GET],produces=[application/vnd.spring-boot.actuator.v2+json || application/json]}" onto protected java.util.Map<java.lang.String, java.util.Map<java.lang.String, org.springframework.boot.actuate.endpoint.web.Link>> org.springframework.boot.actuate.endpoint.web.servlet.WebMvcEndpointHandlerMapping.links(javax.servlet.http.HttpServletRequest,javax.servlet.http.HttpServletResponse)
2018-08-08 11:29:23.785  INFO 48032 --- [    Test worker] o.s.c.support.DefaultLifecycleProcessor  : Starting beans in phase 0
2018-08-08 11:29:23.796  INFO 48032 --- [    Test worker] c.j.a.e.orders.OrdersApplicationTests    : Started OrdersApplicationTests in 5.244 seconds (JVM running for 10.562)
]]></system-out>
  <system-err><![CDATA[]]></system-err>
</testsuite>
