<?xml version="1.0" encoding="UTF-8"?>
<testsuite name="com.jpa.amazon.ecommerce.orders.controller.OrderLineItemsControllerTest" tests="5" skipped="0" failures="0" errors="0" timestamp="2018-08-08T14:43:18" hostname="Rohan-Grovers-MacBook-Pro.local" time="0.14">
  <properties/>
  <testcase name="testCreateOrderLineItem" classname="com.jpa.amazon.ecommerce.orders.controller.OrderLineItemsControllerTest" time="0.028"/>
  <testcase name="testGetOrderLineItemById" classname="com.jpa.amazon.ecommerce.orders.controller.OrderLineItemsControllerTest" time="0.023"/>
  <testcase name="testGetAllOrderLineItems" classname="com.jpa.amazon.ecommerce.orders.controller.OrderLineItemsControllerTest" time="0.033"/>
  <testcase name="testDeleteOrderLineItem" classname="com.jpa.amazon.ecommerce.orders.controller.OrderLineItemsControllerTest" time="0.024"/>
  <testcase name="testUpdateOrderLineItem" classname="com.jpa.amazon.ecommerce.orders.controller.OrderLineItemsControllerTest" time="0.028"/>
  <system-out><![CDATA[2018-08-08 09:43:17.276  INFO 24781 --- [    Test worker] o.s.t.c.support.AbstractContextLoader    : Could not detect default resource locations for test class [com.jpa.amazon.ecommerce.orders.controller.OrderLineItemsControllerTest]: no resource found for suffixes {-context.xml, Context.groovy}.
2018-08-08 09:43:17.281  INFO 24781 --- [    Test worker] .b.t.a.w.s.WebMvcTestContextBootstrapper : Loaded default TestExecutionListener class names from location [META-INF/spring.factories]: [org.springframework.boot.test.autoconfigure.restdocs.RestDocsTestExecutionListener, org.springframework.boot.test.autoconfigure.web.client.MockRestServiceServerResetTestExecutionListener, org.springframework.boot.test.autoconfigure.web.servlet.MockMvcPrintOnlyOnFailureTestExecutionListener, org.springframework.boot.test.autoconfigure.web.servlet.WebDriverTestExecutionListener, org.springframework.boot.test.mock.mockito.MockitoTestExecutionListener, org.springframework.boot.test.mock.mockito.ResetMocksTestExecutionListener, org.springframework.test.context.web.ServletTestExecutionListener, org.springframework.test.context.support.DirtiesContextBeforeModesTestExecutionListener, org.springframework.test.context.support.DependencyInjectionTestExecutionListener, org.springframework.test.context.support.DirtiesContextTestExecutionListener, org.springframework.test.context.transaction.TransactionalTestExecutionListener, org.springframework.test.context.jdbc.SqlScriptsTestExecutionListener]
2018-08-08 09:43:17.281  INFO 24781 --- [    Test worker] .b.t.a.w.s.WebMvcTestContextBootstrapper : Using TestExecutionListeners: [org.springframework.test.context.web.ServletTestExecutionListener@5065b97b, org.springframework.test.context.support.DirtiesContextBeforeModesTestExecutionListener@5f5fafd6, org.springframework.boot.test.mock.mockito.MockitoTestExecutionListener@56e93656, org.springframework.boot.test.autoconfigure.SpringBootDependencyInjectionTestExecutionListener@5519fc0f, org.springframework.test.context.support.DirtiesContextTestExecutionListener@284a39b6, org.springframework.test.context.transaction.TransactionalTestExecutionListener@ac91276, org.springframework.test.context.jdbc.SqlScriptsTestExecutionListener@158dceff, org.springframework.boot.test.autoconfigure.restdocs.RestDocsTestExecutionListener@feeb1c5, org.springframework.boot.test.autoconfigure.web.client.MockRestServiceServerResetTestExecutionListener@7690ae07, org.springframework.boot.test.autoconfigure.web.servlet.MockMvcPrintOnlyOnFailureTestExecutionListener@34885801, org.springframework.boot.test.autoconfigure.web.servlet.WebDriverTestExecutionListener@4f099259, org.springframework.boot.test.mock.mockito.ResetMocksTestExecutionListener@359362e4]
2018-08-08 09:43:17.384  INFO 24781 --- [    Test worker] s.c.a.AnnotationConfigApplicationContext : Refreshing org.springframework.context.annotation.AnnotationConfigApplicationContext@4b93b1f7: startup date [Wed Aug 08 09:43:17 CDT 2018]; root of context hierarchy
2018-08-08 09:43:17.405  INFO 24781 --- [    Test worker] f.a.AutowiredAnnotationBeanPostProcessor : JSR-330 'javax.inject.Inject' annotation found and supported for autowiring
2018-08-08 09:43:17.425  INFO 24781 --- [    Test worker] trationDelegate$BeanPostProcessorChecker : Bean 'configurationPropertiesRebinderAutoConfiguration' of type [org.springframework.cloud.autoconfigure.ConfigurationPropertiesRebinderAutoConfiguration$$EnhancerBySpringCGLIB$$5a92f050] is not eligible for getting processed by all BeanPostProcessors (for example: not eligible for auto-proxying)

  .   ____          _            __ _ _
 /\\ / ___'_ __ _ _(_)_ __  __ _ \ \ \ \
( ( )\___ | '_ | '_| | '_ \/ _` | \ \ \ \
 \\/  ___)| |_)| | | | | || (_| |  ) ) ) )
  '  |____| .__|_| |_|_| |_\__, | / / / /
 =========|_|==============|___/=/_/_/_/
 :: Spring Boot ::        (v2.0.3.RELEASE)

2018-08-08 09:43:17.500  INFO 24781 --- [    Test worker] c.j.a.e.o.c.OrderLineItemsControllerTest : No active profile set, falling back to default profiles: default
2018-08-08 09:43:17.501  INFO 24781 --- [    Test worker] o.s.w.c.s.GenericWebApplicationContext   : Refreshing org.springframework.web.context.support.GenericWebApplicationContext@32688929: startup date [Wed Aug 08 09:43:17 CDT 2018]; parent: org.springframework.context.annotation.AnnotationConfigApplicationContext@4b93b1f7
2018-08-08 09:43:17.628  INFO 24781 --- [    Test worker] f.a.AutowiredAnnotationBeanPostProcessor : JSR-330 'javax.inject.Inject' annotation found and supported for autowiring
2018-08-08 09:43:17.768  INFO 24781 --- [    Test worker] o.s.w.s.handler.SimpleUrlHandlerMapping  : Mapped URL path [/**/favicon.ico] onto handler of type [class org.springframework.web.servlet.resource.ResourceHttpRequestHandler]
2018-08-08 09:43:17.848  INFO 24781 --- [    Test worker] s.w.s.m.m.a.RequestMappingHandlerAdapter : Looking for @ControllerAdvice: org.springframework.web.context.support.GenericWebApplicationContext@32688929: startup date [Wed Aug 08 09:43:17 CDT 2018]; parent: org.springframework.context.annotation.AnnotationConfigApplicationContext@4b93b1f7
2018-08-08 09:43:17.864  INFO 24781 --- [    Test worker] s.w.s.m.m.a.RequestMappingHandlerMapping : Mapped "{[/error]}" onto public org.springframework.http.ResponseEntity<java.util.Map<java.lang.String, java.lang.Object>> org.springframework.boot.autoconfigure.web.servlet.error.BasicErrorController.error(javax.servlet.http.HttpServletRequest)
2018-08-08 09:43:17.865  INFO 24781 --- [    Test worker] s.w.s.m.m.a.RequestMappingHandlerMapping : Mapped "{[/error],produces=[text/html]}" onto public org.springframework.web.servlet.ModelAndView org.springframework.boot.autoconfigure.web.servlet.error.BasicErrorController.errorHtml(javax.servlet.http.HttpServletRequest,javax.servlet.http.HttpServletResponse)
2018-08-08 09:43:17.884  INFO 24781 --- [    Test worker] o.s.w.s.handler.SimpleUrlHandlerMapping  : Mapped URL path [/webjars/**] onto handler of type [class org.springframework.web.servlet.resource.ResourceHttpRequestHandler]
2018-08-08 09:43:17.884  INFO 24781 --- [    Test worker] o.s.w.s.handler.SimpleUrlHandlerMapping  : Mapped URL path [/**] onto handler of type [class org.springframework.web.servlet.resource.ResourceHttpRequestHandler]
2018-08-08 09:43:17.922  WARN 24781 --- [    Test worker] ion$DefaultTemplateResolverConfiguration : Cannot find template location: classpath:/templates/ (please add some templates or check your Thymeleaf configuration)
2018-08-08 09:43:18.035  INFO 24781 --- [    Test worker] .s.s.UserDetailsServiceAutoConfiguration : 

Using generated security password: 5bc3c6c5-d069-4d93-902f-be10653a050a

2018-08-08 09:43:18.100  INFO 24781 --- [    Test worker] o.s.s.web.DefaultSecurityFilterChain     : Creating filter chain: org.springframework.security.web.util.matcher.AnyRequestMatcher@1, [org.springframework.security.web.context.request.async.WebAsyncManagerIntegrationFilter@1cb2f60b, org.springframework.security.web.context.SecurityContextPersistenceFilter@7cac0010, org.springframework.security.web.header.HeaderWriterFilter@6b3207bf, org.springframework.security.web.authentication.logout.LogoutFilter@41f24f10, org.springframework.security.web.savedrequest.RequestCacheAwareFilter@52921649, org.springframework.security.web.servletapi.SecurityContextHolderAwareRequestFilter@29e6ec5b, org.springframework.security.web.authentication.AnonymousAuthenticationFilter@3fda38a, org.springframework.security.web.session.SessionManagementFilter@16d322d, org.springframework.security.web.access.ExceptionTranslationFilter@5f1e21c5, org.springframework.security.web.access.intercept.FilterSecurityInterceptor@52e3e862]
2018-08-08 09:43:18.110  INFO 24781 --- [    Test worker] o.s.b.t.m.w.SpringBootMockServletContext : Initializing Spring FrameworkServlet ''
2018-08-08 09:43:18.110  INFO 24781 --- [    Test worker] o.s.t.web.servlet.TestDispatcherServlet  : FrameworkServlet '': initialization started
2018-08-08 09:43:18.118  INFO 24781 --- [    Test worker] o.s.t.web.servlet.TestDispatcherServlet  : FrameworkServlet '': initialization completed in 8 ms
2018-08-08 09:43:18.145  INFO 24781 --- [    Test worker] c.j.a.e.o.c.OrderLineItemsControllerTest : Started OrderLineItemsControllerTest in 0.824 seconds (JVM running for 5.324)
2018-08-08 09:43:18.156  INFO 24781 --- [    Test worker] s.w.s.m.m.a.RequestMappingHandlerMapping : Mapped "{[/orders/{id}/lines/{orderLineItems_id}],methods=[PUT]}" onto public com.jpa.amazon.ecommerce.orders.domain.OrderLineItems com.jpa.amazon.ecommerce.orders.controller.OrderLineItemsController.update(java.lang.Long,java.lang.Long,com.jpa.amazon.ecommerce.orders.domain.OrderLineItems)
2018-08-08 09:43:18.157  INFO 24781 --- [    Test worker] s.w.s.m.m.a.RequestMappingHandlerMapping : Mapped "{[/orders/{id}/lines/{orderLineItems_id}],methods=[DELETE]}" onto public void com.jpa.amazon.ecommerce.orders.controller.OrderLineItemsController.delete(java.lang.Long,java.lang.Long)
2018-08-08 09:43:18.157  INFO 24781 --- [    Test worker] s.w.s.m.m.a.RequestMappingHandlerMapping : Mapped "{[/orders/{id}/lines],methods=[POST]}" onto public com.jpa.amazon.ecommerce.orders.domain.OrderLineItems com.jpa.amazon.ecommerce.orders.controller.OrderLineItemsController.create(com.jpa.amazon.ecommerce.orders.domain.OrderLineItems,java.lang.Long)
2018-08-08 09:43:18.158  INFO 24781 --- [    Test worker] s.w.s.m.m.a.RequestMappingHandlerMapping : Mapped "{[/orders/{id}/lines/{orderLineItems_id}],methods=[GET]}" onto public com.jpa.amazon.ecommerce.orders.domain.OrderLineItems com.jpa.amazon.ecommerce.orders.controller.OrderLineItemsController.getById(java.lang.Long,java.lang.Long)
2018-08-08 09:43:18.158  INFO 24781 --- [    Test worker] s.w.s.m.m.a.RequestMappingHandlerMapping : Mapped "{[/orders/{id}/lines],methods=[GET]}" onto public java.lang.Iterable<com.jpa.amazon.ecommerce.orders.domain.OrderLineItems> com.jpa.amazon.ecommerce.orders.controller.OrderLineItemsController.getAllByOrderId(java.lang.Long)
2018-08-08 09:43:18.158  INFO 24781 --- [    Test worker] s.w.s.m.m.a.RequestMappingHandlerMapping : Mapped "{[/orders/{id}/lines/shipments/{shipment_id}],methods=[GET]}" onto public java.util.List<com.jpa.amazon.ecommerce.orders.domain.OrderLineItems> com.jpa.amazon.ecommerce.orders.controller.OrderLineItemsController.findByShipmentId(java.lang.Long,java.lang.Long)
2018-08-08 09:43:18.166  INFO 24781 --- [    Test worker] s.w.s.m.m.a.RequestMappingHandlerAdapter : Looking for @ControllerAdvice: org.springframework.test.web.servlet.setup.StubWebApplicationContext@29ff2f5f
2018-08-08 09:43:18.167  INFO 24781 --- [    Test worker] o.s.mock.web.MockServletContext          : Initializing Spring FrameworkServlet ''
2018-08-08 09:43:18.168  INFO 24781 --- [    Test worker] o.s.t.web.servlet.TestDispatcherServlet  : FrameworkServlet '': initialization started
2018-08-08 09:43:18.168  INFO 24781 --- [    Test worker] o.s.t.web.servlet.TestDispatcherServlet  : FrameworkServlet '': initialization completed in 0 ms

MockHttpServletRequest:
      HTTP Method = POST
      Request URI = /orders/1/lines
       Parameters = {}
          Headers = {Content-Type=[application/json]}
             Body = <no character encoding set>
    Session Attrs = {}

Handler:
             Type = com.jpa.amazon.ecommerce.orders.controller.OrderLineItemsController
           Method = public com.jpa.amazon.ecommerce.orders.domain.OrderLineItems com.jpa.amazon.ecommerce.orders.controller.OrderLineItemsController.create(com.jpa.amazon.ecommerce.orders.domain.OrderLineItems,java.lang.Long)

Async:
    Async started = false
     Async result = null

Resolved Exception:
             Type = null

ModelAndView:
        View name = null
             View = null
            Model = null

FlashMap:
       Attributes = null

MockHttpServletResponse:
           Status = 201
    Error message = null
          Headers = {}
     Content type = null
             Body = 
    Forwarded URL = null
   Redirected URL = null
          Cookies = []
2018-08-08 09:43:18.182  INFO 24781 --- [    Test worker] s.w.s.m.m.a.RequestMappingHandlerMapping : Mapped "{[/orders/{id}/lines/{orderLineItems_id}],methods=[PUT]}" onto public com.jpa.amazon.ecommerce.orders.domain.OrderLineItems com.jpa.amazon.ecommerce.orders.controller.OrderLineItemsController.update(java.lang.Long,java.lang.Long,com.jpa.amazon.ecommerce.orders.domain.OrderLineItems)
2018-08-08 09:43:18.183  INFO 24781 --- [    Test worker] s.w.s.m.m.a.RequestMappingHandlerMapping : Mapped "{[/orders/{id}/lines/{orderLineItems_id}],methods=[DELETE]}" onto public void com.jpa.amazon.ecommerce.orders.controller.OrderLineItemsController.delete(java.lang.Long,java.lang.Long)
2018-08-08 09:43:18.183  INFO 24781 --- [    Test worker] s.w.s.m.m.a.RequestMappingHandlerMapping : Mapped "{[/orders/{id}/lines],methods=[POST]}" onto public com.jpa.amazon.ecommerce.orders.domain.OrderLineItems com.jpa.amazon.ecommerce.orders.controller.OrderLineItemsController.create(com.jpa.amazon.ecommerce.orders.domain.OrderLineItems,java.lang.Long)
2018-08-08 09:43:18.184  INFO 24781 --- [    Test worker] s.w.s.m.m.a.RequestMappingHandlerMapping : Mapped "{[/orders/{id}/lines/{orderLineItems_id}],methods=[GET]}" onto public com.jpa.amazon.ecommerce.orders.domain.OrderLineItems com.jpa.amazon.ecommerce.orders.controller.OrderLineItemsController.getById(java.lang.Long,java.lang.Long)
2018-08-08 09:43:18.184  INFO 24781 --- [    Test worker] s.w.s.m.m.a.RequestMappingHandlerMapping : Mapped "{[/orders/{id}/lines],methods=[GET]}" onto public java.lang.Iterable<com.jpa.amazon.ecommerce.orders.domain.OrderLineItems> com.jpa.amazon.ecommerce.orders.controller.OrderLineItemsController.getAllByOrderId(java.lang.Long)
2018-08-08 09:43:18.184  INFO 24781 --- [    Test worker] s.w.s.m.m.a.RequestMappingHandlerMapping : Mapped "{[/orders/{id}/lines/shipments/{shipment_id}],methods=[GET]}" onto public java.util.List<com.jpa.amazon.ecommerce.orders.domain.OrderLineItems> com.jpa.amazon.ecommerce.orders.controller.OrderLineItemsController.findByShipmentId(java.lang.Long,java.lang.Long)
2018-08-08 09:43:18.192  INFO 24781 --- [    Test worker] s.w.s.m.m.a.RequestMappingHandlerAdapter : Looking for @ControllerAdvice: org.springframework.test.web.servlet.setup.StubWebApplicationContext@293bd415
2018-08-08 09:43:18.194  INFO 24781 --- [    Test worker] o.s.mock.web.MockServletContext          : Initializing Spring FrameworkServlet ''
2018-08-08 09:43:18.194  INFO 24781 --- [    Test worker] o.s.t.web.servlet.TestDispatcherServlet  : FrameworkServlet '': initialization started
2018-08-08 09:43:18.194  INFO 24781 --- [    Test worker] o.s.t.web.servlet.TestDispatcherServlet  : FrameworkServlet '': initialization completed in 0 ms

MockHttpServletRequest:
      HTTP Method = GET
      Request URI = /orders/1/lines/1
       Parameters = {}
          Headers = {}
             Body = <no character encoding set>
    Session Attrs = {}

Handler:
             Type = com.jpa.amazon.ecommerce.orders.controller.OrderLineItemsController
           Method = public com.jpa.amazon.ecommerce.orders.domain.OrderLineItems com.jpa.amazon.ecommerce.orders.controller.OrderLineItemsController.getById(java.lang.Long,java.lang.Long)

Async:
    Async started = false
     Async result = null

Resolved Exception:
             Type = null

ModelAndView:
        View name = null
             View = null
            Model = null

FlashMap:
       Attributes = null

MockHttpServletResponse:
           Status = 200
    Error message = null
          Headers = {}
     Content type = null
             Body = 
    Forwarded URL = null
   Redirected URL = null
          Cookies = []
2018-08-08 09:43:18.208  INFO 24781 --- [    Test worker] s.w.s.m.m.a.RequestMappingHandlerMapping : Mapped "{[/orders/{id}/lines/{orderLineItems_id}],methods=[PUT]}" onto public com.jpa.amazon.ecommerce.orders.domain.OrderLineItems com.jpa.amazon.ecommerce.orders.controller.OrderLineItemsController.update(java.lang.Long,java.lang.Long,com.jpa.amazon.ecommerce.orders.domain.OrderLineItems)
2018-08-08 09:43:18.208  INFO 24781 --- [    Test worker] s.w.s.m.m.a.RequestMappingHandlerMapping : Mapped "{[/orders/{id}/lines/{orderLineItems_id}],methods=[DELETE]}" onto public void com.jpa.amazon.ecommerce.orders.controller.OrderLineItemsController.delete(java.lang.Long,java.lang.Long)
2018-08-08 09:43:18.208  INFO 24781 --- [    Test worker] s.w.s.m.m.a.RequestMappingHandlerMapping : Mapped "{[/orders/{id}/lines],methods=[POST]}" onto public com.jpa.amazon.ecommerce.orders.domain.OrderLineItems com.jpa.amazon.ecommerce.orders.controller.OrderLineItemsController.create(com.jpa.amazon.ecommerce.orders.domain.OrderLineItems,java.lang.Long)
2018-08-08 09:43:18.208  INFO 24781 --- [    Test worker] s.w.s.m.m.a.RequestMappingHandlerMapping : Mapped "{[/orders/{id}/lines/{orderLineItems_id}],methods=[GET]}" onto public com.jpa.amazon.ecommerce.orders.domain.OrderLineItems com.jpa.amazon.ecommerce.orders.controller.OrderLineItemsController.getById(java.lang.Long,java.lang.Long)
2018-08-08 09:43:18.209  INFO 24781 --- [    Test worker] s.w.s.m.m.a.RequestMappingHandlerMapping : Mapped "{[/orders/{id}/lines],methods=[GET]}" onto public java.lang.Iterable<com.jpa.amazon.ecommerce.orders.domain.OrderLineItems> com.jpa.amazon.ecommerce.orders.controller.OrderLineItemsController.getAllByOrderId(java.lang.Long)
2018-08-08 09:43:18.209  INFO 24781 --- [    Test worker] s.w.s.m.m.a.RequestMappingHandlerMapping : Mapped "{[/orders/{id}/lines/shipments/{shipment_id}],methods=[GET]}" onto public java.util.List<com.jpa.amazon.ecommerce.orders.domain.OrderLineItems> com.jpa.amazon.ecommerce.orders.controller.OrderLineItemsController.findByShipmentId(java.lang.Long,java.lang.Long)
2018-08-08 09:43:18.217  INFO 24781 --- [    Test worker] s.w.s.m.m.a.RequestMappingHandlerAdapter : Looking for @ControllerAdvice: org.springframework.test.web.servlet.setup.StubWebApplicationContext@446a5495
2018-08-08 09:43:18.220  INFO 24781 --- [    Test worker] o.s.mock.web.MockServletContext          : Initializing Spring FrameworkServlet ''
2018-08-08 09:43:18.220  INFO 24781 --- [    Test worker] o.s.t.web.servlet.TestDispatcherServlet  : FrameworkServlet '': initialization started
2018-08-08 09:43:18.220  INFO 24781 --- [    Test worker] o.s.t.web.servlet.TestDispatcherServlet  : FrameworkServlet '': initialization completed in 0 ms

MockHttpServletRequest:
      HTTP Method = GET
      Request URI = /orders/1/lines
       Parameters = {}
          Headers = {}
             Body = <no character encoding set>
    Session Attrs = {}

Handler:
             Type = com.jpa.amazon.ecommerce.orders.controller.OrderLineItemsController
           Method = public java.lang.Iterable<com.jpa.amazon.ecommerce.orders.domain.OrderLineItems> com.jpa.amazon.ecommerce.orders.controller.OrderLineItemsController.getAllByOrderId(java.lang.Long)

Async:
    Async started = false
     Async result = null

Resolved Exception:
             Type = null

ModelAndView:
        View name = null
             View = null
            Model = null

FlashMap:
       Attributes = null

MockHttpServletResponse:
           Status = 200
    Error message = null
          Headers = {Content-Type=[application/json;charset=UTF-8]}
     Content type = application/json;charset=UTF-8
             Body = []
    Forwarded URL = null
   Redirected URL = null
          Cookies = []
2018-08-08 09:43:18.239  INFO 24781 --- [    Test worker] s.w.s.m.m.a.RequestMappingHandlerMapping : Mapped "{[/orders/{id}/lines/{orderLineItems_id}],methods=[PUT]}" onto public com.jpa.amazon.ecommerce.orders.domain.OrderLineItems com.jpa.amazon.ecommerce.orders.controller.OrderLineItemsController.update(java.lang.Long,java.lang.Long,com.jpa.amazon.ecommerce.orders.domain.OrderLineItems)
2018-08-08 09:43:18.239  INFO 24781 --- [    Test worker] s.w.s.m.m.a.RequestMappingHandlerMapping : Mapped "{[/orders/{id}/lines/{orderLineItems_id}],methods=[DELETE]}" onto public void com.jpa.amazon.ecommerce.orders.controller.OrderLineItemsController.delete(java.lang.Long,java.lang.Long)
2018-08-08 09:43:18.240  INFO 24781 --- [    Test worker] s.w.s.m.m.a.RequestMappingHandlerMapping : Mapped "{[/orders/{id}/lines],methods=[POST]}" onto public com.jpa.amazon.ecommerce.orders.domain.OrderLineItems com.jpa.amazon.ecommerce.orders.controller.OrderLineItemsController.create(com.jpa.amazon.ecommerce.orders.domain.OrderLineItems,java.lang.Long)
2018-08-08 09:43:18.241  INFO 24781 --- [    Test worker] s.w.s.m.m.a.RequestMappingHandlerMapping : Mapped "{[/orders/{id}/lines/{orderLineItems_id}],methods=[GET]}" onto public com.jpa.amazon.ecommerce.orders.domain.OrderLineItems com.jpa.amazon.ecommerce.orders.controller.OrderLineItemsController.getById(java.lang.Long,java.lang.Long)
2018-08-08 09:43:18.241  INFO 24781 --- [    Test worker] s.w.s.m.m.a.RequestMappingHandlerMapping : Mapped "{[/orders/{id}/lines],methods=[GET]}" onto public java.lang.Iterable<com.jpa.amazon.ecommerce.orders.domain.OrderLineItems> com.jpa.amazon.ecommerce.orders.controller.OrderLineItemsController.getAllByOrderId(java.lang.Long)
2018-08-08 09:43:18.242  INFO 24781 --- [    Test worker] s.w.s.m.m.a.RequestMappingHandlerMapping : Mapped "{[/orders/{id}/lines/shipments/{shipment_id}],methods=[GET]}" onto public java.util.List<com.jpa.amazon.ecommerce.orders.domain.OrderLineItems> com.jpa.amazon.ecommerce.orders.controller.OrderLineItemsController.findByShipmentId(java.lang.Long,java.lang.Long)
2018-08-08 09:43:18.249  INFO 24781 --- [    Test worker] s.w.s.m.m.a.RequestMappingHandlerAdapter : Looking for @ControllerAdvice: org.springframework.test.web.servlet.setup.StubWebApplicationContext@1b6611ab
2018-08-08 09:43:18.252  INFO 24781 --- [    Test worker] o.s.mock.web.MockServletContext          : Initializing Spring FrameworkServlet ''
2018-08-08 09:43:18.252  INFO 24781 --- [    Test worker] o.s.t.web.servlet.TestDispatcherServlet  : FrameworkServlet '': initialization started
2018-08-08 09:43:18.252  INFO 24781 --- [    Test worker] o.s.t.web.servlet.TestDispatcherServlet  : FrameworkServlet '': initialization completed in 0 ms

MockHttpServletRequest:
      HTTP Method = DELETE
      Request URI = /orders/1/lines/1
       Parameters = {}
          Headers = {Content-Type=[application/json], Accept=[application/json]}
             Body = <no character encoding set>
    Session Attrs = {}

Handler:
             Type = com.jpa.amazon.ecommerce.orders.controller.OrderLineItemsController
           Method = public void com.jpa.amazon.ecommerce.orders.controller.OrderLineItemsController.delete(java.lang.Long,java.lang.Long)

Async:
    Async started = false
     Async result = null

Resolved Exception:
             Type = null

ModelAndView:
        View name = null
             View = null
            Model = null

FlashMap:
       Attributes = null

MockHttpServletResponse:
           Status = 204
    Error message = null
          Headers = {}
     Content type = null
             Body = 
    Forwarded URL = null
   Redirected URL = null
          Cookies = []
2018-08-08 09:43:18.266  INFO 24781 --- [    Test worker] s.w.s.m.m.a.RequestMappingHandlerMapping : Mapped "{[/orders/{id}/lines/{orderLineItems_id}],methods=[PUT]}" onto public com.jpa.amazon.ecommerce.orders.domain.OrderLineItems com.jpa.amazon.ecommerce.orders.controller.OrderLineItemsController.update(java.lang.Long,java.lang.Long,com.jpa.amazon.ecommerce.orders.domain.OrderLineItems)
2018-08-08 09:43:18.266  INFO 24781 --- [    Test worker] s.w.s.m.m.a.RequestMappingHandlerMapping : Mapped "{[/orders/{id}/lines/{orderLineItems_id}],methods=[DELETE]}" onto public void com.jpa.amazon.ecommerce.orders.controller.OrderLineItemsController.delete(java.lang.Long,java.lang.Long)
2018-08-08 09:43:18.266  INFO 24781 --- [    Test worker] s.w.s.m.m.a.RequestMappingHandlerMapping : Mapped "{[/orders/{id}/lines],methods=[POST]}" onto public com.jpa.amazon.ecommerce.orders.domain.OrderLineItems com.jpa.amazon.ecommerce.orders.controller.OrderLineItemsController.create(com.jpa.amazon.ecommerce.orders.domain.OrderLineItems,java.lang.Long)
2018-08-08 09:43:18.267  INFO 24781 --- [    Test worker] s.w.s.m.m.a.RequestMappingHandlerMapping : Mapped "{[/orders/{id}/lines/{orderLineItems_id}],methods=[GET]}" onto public com.jpa.amazon.ecommerce.orders.domain.OrderLineItems com.jpa.amazon.ecommerce.orders.controller.OrderLineItemsController.getById(java.lang.Long,java.lang.Long)
2018-08-08 09:43:18.267  INFO 24781 --- [    Test worker] s.w.s.m.m.a.RequestMappingHandlerMapping : Mapped "{[/orders/{id}/lines],methods=[GET]}" onto public java.lang.Iterable<com.jpa.amazon.ecommerce.orders.domain.OrderLineItems> com.jpa.amazon.ecommerce.orders.controller.OrderLineItemsController.getAllByOrderId(java.lang.Long)
2018-08-08 09:43:18.268  INFO 24781 --- [    Test worker] s.w.s.m.m.a.RequestMappingHandlerMapping : Mapped "{[/orders/{id}/lines/shipments/{shipment_id}],methods=[GET]}" onto public java.util.List<com.jpa.amazon.ecommerce.orders.domain.OrderLineItems> com.jpa.amazon.ecommerce.orders.controller.OrderLineItemsController.findByShipmentId(java.lang.Long,java.lang.Long)
2018-08-08 09:43:18.277  INFO 24781 --- [    Test worker] s.w.s.m.m.a.RequestMappingHandlerAdapter : Looking for @ControllerAdvice: org.springframework.test.web.servlet.setup.StubWebApplicationContext@51ada07e
2018-08-08 09:43:18.279  INFO 24781 --- [    Test worker] o.s.mock.web.MockServletContext          : Initializing Spring FrameworkServlet ''
2018-08-08 09:43:18.279  INFO 24781 --- [    Test worker] o.s.t.web.servlet.TestDispatcherServlet  : FrameworkServlet '': initialization started
2018-08-08 09:43:18.280  INFO 24781 --- [    Test worker] o.s.t.web.servlet.TestDispatcherServlet  : FrameworkServlet '': initialization completed in 0 ms

MockHttpServletRequest:
      HTTP Method = PUT
      Request URI = /orders/1/lines/1
       Parameters = {}
          Headers = {Content-Type=[application/json]}
             Body = <no character encoding set>
    Session Attrs = {}

Handler:
             Type = com.jpa.amazon.ecommerce.orders.controller.OrderLineItemsController
           Method = public com.jpa.amazon.ecommerce.orders.domain.OrderLineItems com.jpa.amazon.ecommerce.orders.controller.OrderLineItemsController.update(java.lang.Long,java.lang.Long,com.jpa.amazon.ecommerce.orders.domain.OrderLineItems)

Async:
    Async started = false
     Async result = null

Resolved Exception:
             Type = null

ModelAndView:
        View name = null
             View = null
            Model = null

FlashMap:
       Attributes = null

MockHttpServletResponse:
           Status = 200
    Error message = null
          Headers = {}
     Content type = null
             Body = 
    Forwarded URL = null
   Redirected URL = null
          Cookies = []
]]></system-out>
  <system-err><![CDATA[]]></system-err>
</testsuite>
