<?xml version="1.0" encoding="UTF-8"?>
<testsuite name="com.jpa.amazon.ecommerce.orders.service.OrdersServiceTest" tests="6" skipped="0" failures="0" errors="0" timestamp="2018-08-02T15:34:57" hostname="Rohan-Grovers-MacBook-Pro.local" time="0.022">
  <properties/>
  <testcase name="testDeleteOrder" classname="com.jpa.amazon.ecommerce.orders.service.OrdersServiceTest" time="0.005"/>
  <testcase name="testUpdateOrder" classname="com.jpa.amazon.ecommerce.orders.service.OrdersServiceTest" time="0.003"/>
  <testcase name="testCreateOrder" classname="com.jpa.amazon.ecommerce.orders.service.OrdersServiceTest" time="0.002"/>
  <testcase name="testConstructors" classname="com.jpa.amazon.ecommerce.orders.service.OrdersServiceTest" time="0.004"/>
  <testcase name="testAllOrdersForAccount" classname="com.jpa.amazon.ecommerce.orders.service.OrdersServiceTest" time="0.001"/>
  <testcase name="testGetOrders" classname="com.jpa.amazon.ecommerce.orders.service.OrdersServiceTest" time="0.002"/>
  <system-out><![CDATA[2018-08-02 10:34:57.906  INFO 1887 --- [    Test worker] o.s.t.c.s.DefaultTestContextBootstrapper : Neither @ContextConfiguration nor @ContextHierarchy found for test class [com.jpa.amazon.ecommerce.orders.service.OrdersServiceTest], using DelegatingSmartContextLoader
2018-08-02 10:34:57.907  INFO 1887 --- [    Test worker] o.s.t.c.support.AbstractContextLoader    : Could not detect default resource locations for test class [com.jpa.amazon.ecommerce.orders.service.OrdersServiceTest]: no resource found for suffixes {-context.xml}.
2018-08-02 10:34:57.908  INFO 1887 --- [    Test worker] t.c.s.AnnotationConfigContextLoaderUtils : Could not detect default configuration classes for test class [com.jpa.amazon.ecommerce.orders.service.OrdersServiceTest]: OrdersServiceTest does not declare any static, non-private, non-final, nested classes annotated with @Configuration.
2018-08-02 10:34:57.909  INFO 1887 --- [    Test worker] o.s.t.c.s.DefaultTestContextBootstrapper : Loaded default TestExecutionListener class names from location [META-INF/spring.factories]: [org.springframework.boot.test.autoconfigure.restdocs.RestDocsTestExecutionListener, org.springframework.boot.test.autoconfigure.web.client.MockRestServiceServerResetTestExecutionListener, org.springframework.boot.test.autoconfigure.web.servlet.MockMvcPrintOnlyOnFailureTestExecutionListener, org.springframework.boot.test.autoconfigure.web.servlet.WebDriverTestExecutionListener, org.springframework.boot.test.mock.mockito.MockitoTestExecutionListener, org.springframework.boot.test.mock.mockito.ResetMocksTestExecutionListener, org.springframework.test.context.web.ServletTestExecutionListener, org.springframework.test.context.support.DirtiesContextBeforeModesTestExecutionListener, org.springframework.test.context.support.DependencyInjectionTestExecutionListener, org.springframework.test.context.support.DirtiesContextTestExecutionListener, org.springframework.test.context.transaction.TransactionalTestExecutionListener, org.springframework.test.context.jdbc.SqlScriptsTestExecutionListener]
2018-08-02 10:34:57.910  INFO 1887 --- [    Test worker] o.s.t.c.s.DefaultTestContextBootstrapper : Using TestExecutionListeners: [org.springframework.test.context.web.ServletTestExecutionListener@33807eb3, org.springframework.test.context.support.DirtiesContextBeforeModesTestExecutionListener@1f8c3298, org.springframework.boot.test.mock.mockito.MockitoTestExecutionListener@744d1b80, org.springframework.test.context.support.DependencyInjectionTestExecutionListener@44bedb6a, org.springframework.test.context.support.DirtiesContextTestExecutionListener@747b40a8, org.springframework.test.context.transaction.TransactionalTestExecutionListener@a1db44d, org.springframework.test.context.jdbc.SqlScriptsTestExecutionListener@16102f95, org.springframework.boot.test.autoconfigure.restdocs.RestDocsTestExecutionListener@24c7c3b6, org.springframework.boot.test.autoconfigure.web.client.MockRestServiceServerResetTestExecutionListener@a97a986, org.springframework.boot.test.autoconfigure.web.servlet.MockMvcPrintOnlyOnFailureTestExecutionListener@6d4fdb45, org.springframework.boot.test.autoconfigure.web.servlet.WebDriverTestExecutionListener@7ab42dfe, org.springframework.boot.test.mock.mockito.ResetMocksTestExecutionListener@60f48b6d]
2018-08-02 10:34:57.971  INFO 1887 --- [    Test worker] o.s.c.support.GenericApplicationContext  : Refreshing org.springframework.context.support.GenericApplicationContext@6a1d187: startup date [Thu Aug 02 10:34:57 CDT 2018]; root of context hierarchy
2018-08-02 10:34:57.975  INFO 1887 --- [    Test worker] f.a.AutowiredAnnotationBeanPostProcessor : JSR-330 'javax.inject.Inject' annotation found and supported for autowiring
]]></system-out>
  <system-err><![CDATA[]]></system-err>
</testsuite>
