<?xml version="1.0" encoding="UTF-8"?>
<testsuite name="com.jpa.amazon.ecommerce.orders.OrdersApplicationTests" tests="1" skipped="0" failures="0" errors="0" timestamp="2018-08-08T14:43:24" hostname="Rohan-Grovers-MacBook-Pro.local" time="0.004">
  <properties/>
  <testcase name="contextLoads" classname="com.jpa.amazon.ecommerce.orders.OrdersApplicationTests" time="0.004"/>
  <system-out><![CDATA[2018-08-08 09:43:18.294  INFO 24781 --- [    Test worker] .b.t.c.SpringBootTestContextBootstrapper : Neither @ContextConfiguration nor @ContextHierarchy found for test class [com.jpa.amazon.ecommerce.orders.OrdersApplicationTests], using SpringBootContextLoader
2018-08-08 09:43:18.295  INFO 24781 --- [    Test worker] o.s.t.c.support.AbstractContextLoader    : Could not detect default resource locations for test class [com.jpa.amazon.ecommerce.orders.OrdersApplicationTests]: no resource found for suffixes {-context.xml, Context.groovy}.
2018-08-08 09:43:18.296  INFO 24781 --- [    Test worker] t.c.s.AnnotationConfigContextLoaderUtils : Could not detect default configuration classes for test class [com.jpa.amazon.ecommerce.orders.OrdersApplicationTests]: OrdersApplicationTests does not declare any static, non-private, non-final, nested classes annotated with @Configuration.
2018-08-08 09:43:18.327  INFO 24781 --- [    Test worker] .b.t.c.SpringBootTestContextBootstrapper : Found @SpringBootConfiguration com.jpa.amazon.ecommerce.orders.OrdersApplication for test class com.jpa.amazon.ecommerce.orders.OrdersApplicationTests
2018-08-08 09:43:18.330  INFO 24781 --- [    Test worker] .b.t.c.SpringBootTestContextBootstrapper : Loaded default TestExecutionListener class names from location [META-INF/spring.factories]: [org.springframework.boot.test.autoconfigure.restdocs.RestDocsTestExecutionListener, org.springframework.boot.test.autoconfigure.web.client.MockRestServiceServerResetTestExecutionListener, org.springframework.boot.test.autoconfigure.web.servlet.MockMvcPrintOnlyOnFailureTestExecutionListener, org.springframework.boot.test.autoconfigure.web.servlet.WebDriverTestExecutionListener, org.springframework.boot.test.mock.mockito.MockitoTestExecutionListener, org.springframework.boot.test.mock.mockito.ResetMocksTestExecutionListener, org.springframework.test.context.web.ServletTestExecutionListener, org.springframework.test.context.support.DirtiesContextBeforeModesTestExecutionListener, org.springframework.test.context.support.DependencyInjectionTestExecutionListener, org.springframework.test.context.support.DirtiesContextTestExecutionListener, org.springframework.test.context.transaction.TransactionalTestExecutionListener, org.springframework.test.context.jdbc.SqlScriptsTestExecutionListener]
2018-08-08 09:43:18.330  INFO 24781 --- [    Test worker] .b.t.c.SpringBootTestContextBootstrapper : Using TestExecutionListeners: [org.springframework.test.context.web.ServletTestExecutionListener@26f0c92b, org.springframework.test.context.support.DirtiesContextBeforeModesTestExecutionListener@59cdab37, org.springframework.boot.test.mock.mockito.MockitoTestExecutionListener@46e0e3de, org.springframework.boot.test.autoconfigure.SpringBootDependencyInjectionTestExecutionListener@705a2ca8, org.springframework.test.context.support.DirtiesContextTestExecutionListener@50c30a19, org.springframework.test.context.transaction.TransactionalTestExecutionListener@64638725, org.springframework.test.context.jdbc.SqlScriptsTestExecutionListener@25dc6664, org.springframework.boot.test.autoconfigure.restdocs.RestDocsTestExecutionListener@442311b, org.springframework.boot.test.autoconfigure.web.client.MockRestServiceServerResetTestExecutionListener@4c997048, org.springframework.boot.test.autoconfigure.web.servlet.MockMvcPrintOnlyOnFailureTestExecutionListener@34bb9c51, org.springframework.boot.test.autoconfigure.web.servlet.WebDriverTestExecutionListener@729223e4, org.springframework.boot.test.mock.mockito.ResetMocksTestExecutionListener@67cd0e44]
2018-08-08 09:43:18.404  INFO 24781 --- [    Test worker] s.c.a.AnnotationConfigApplicationContext : Refreshing org.springframework.context.annotation.AnnotationConfigApplicationContext@704b1374: startup date [Wed Aug 08 09:43:18 CDT 2018]; root of context hierarchy
2018-08-08 09:43:18.429  INFO 24781 --- [    Test worker] f.a.AutowiredAnnotationBeanPostProcessor : JSR-330 'javax.inject.Inject' annotation found and supported for autowiring
2018-08-08 09:43:18.457  INFO 24781 --- [    Test worker] trationDelegate$BeanPostProcessorChecker : Bean 'configurationPropertiesRebinderAutoConfiguration' of type [org.springframework.cloud.autoconfigure.ConfigurationPropertiesRebinderAutoConfiguration$$EnhancerBySpringCGLIB$$5a92f050] is not eligible for getting processed by all BeanPostProcessors (for example: not eligible for auto-proxying)

  .   ____          _            __ _ _
 /\\ / ___'_ __ _ _(_)_ __  __ _ \ \ \ \
( ( )\___ | '_ | '_| | '_ \/ _` | \ \ \ \
 \\/  ___)| |_)| | | | | || (_| |  ) ) ) )
  '  |____| .__|_| |_|_| |_\__, | / / / /
 =========|_|==============|___/=/_/_/_/
 :: Spring Boot ::        (v2.0.3.RELEASE)

2018-08-08 09:43:18.524  INFO 24781 --- [    Test worker] c.j.a.e.orders.OrdersApplicationTests    : No active profile set, falling back to default profiles: default
2018-08-08 09:43:18.529  INFO 24781 --- [    Test worker] o.s.w.c.s.GenericWebApplicationContext   : Refreshing org.springframework.web.context.support.GenericWebApplicationContext@54aaba7c: startup date [Wed Aug 08 09:43:18 CDT 2018]; parent: org.springframework.context.annotation.AnnotationConfigApplicationContext@704b1374
2018-08-08 09:43:19.232  INFO 24781 --- [    Test worker] o.s.b.f.s.DefaultListableBeanFactory     : Overriding bean definition for bean 'dataSource' with a different definition: replacing [Root bean: class [null]; scope=refresh; abstract=false; lazyInit=false; autowireMode=3; dependencyCheck=0; autowireCandidate=false; primary=false; factoryBeanName=org.springframework.boot.autoconfigure.jdbc.DataSourceConfiguration$Hikari; factoryMethodName=dataSource; initMethodName=null; destroyMethodName=(inferred); defined in class path resource [org/springframework/boot/autoconfigure/jdbc/DataSourceConfiguration$Hikari.class]] with [Root bean: class [org.springframework.aop.scope.ScopedProxyFactoryBean]; scope=; abstract=false; lazyInit=false; autowireMode=0; dependencyCheck=0; autowireCandidate=true; primary=false; factoryBeanName=null; factoryMethodName=null; initMethodName=null; destroyMethodName=null; defined in BeanDefinition defined in class path resource [org/springframework/boot/autoconfigure/jdbc/DataSourceConfiguration$Hikari.class]]
2018-08-08 09:43:19.426  INFO 24781 --- [    Test worker] o.s.cloud.context.scope.GenericScope     : BeanFactory id=d78cc84f-6661-30ef-8805-301dc9948669
2018-08-08 09:43:19.489  INFO 24781 --- [    Test worker] f.a.AutowiredAnnotationBeanPostProcessor : JSR-330 'javax.inject.Inject' annotation found and supported for autowiring
2018-08-08 09:43:19.599  INFO 24781 --- [    Test worker] trationDelegate$BeanPostProcessorChecker : Bean 'org.springframework.transaction.annotation.ProxyTransactionManagementConfiguration' of type [org.springframework.transaction.annotation.ProxyTransactionManagementConfiguration$$EnhancerBySpringCGLIB$$3e78ed53] is not eligible for getting processed by all BeanPostProcessors (for example: not eligible for auto-proxying)
2018-08-08 09:43:19.788  INFO 24781 --- [    Test worker] trationDelegate$BeanPostProcessorChecker : Bean 'org.springframework.cloud.autoconfigure.ConfigurationPropertiesRebinderAutoConfiguration' of type [org.springframework.cloud.autoconfigure.ConfigurationPropertiesRebinderAutoConfiguration$$EnhancerBySpringCGLIB$$5a92f050] is not eligible for getting processed by all BeanPostProcessors (for example: not eligible for auto-proxying)
2018-08-08 09:43:20.103  WARN 24781 --- [    Test worker] c.n.c.sources.URLConfigurationSource     : No URLs will be polled as dynamic configuration sources.
2018-08-08 09:43:20.103  INFO 24781 --- [    Test worker] c.n.c.sources.URLConfigurationSource     : To enable URLs as dynamic configuration sources, define System property archaius.configurationSource.additionalUrls or make config.properties available on classpath.
2018-08-08 09:43:20.127  INFO 24781 --- [    Test worker] c.netflix.config.DynamicPropertyFactory  : DynamicPropertyFactory is initialized with configuration sources: com.netflix.config.ConcurrentCompositeConfiguration@7f06a407
2018-08-08 09:43:20.364  INFO 24781 --- [    Test worker] com.zaxxer.hikari.HikariDataSource       : HikariPool-1 - Starting...
2018-08-08 09:43:20.694  INFO 24781 --- [    Test worker] com.zaxxer.hikari.HikariDataSource       : HikariPool-1 - Start completed.
2018-08-08 09:43:20.758  INFO 24781 --- [    Test worker] j.LocalContainerEntityManagerFactoryBean : Building JPA container EntityManagerFactory for persistence unit 'default'
2018-08-08 09:43:20.778  INFO 24781 --- [    Test worker] o.hibernate.jpa.internal.util.LogHelper  : HHH000204: Processing PersistenceUnitInfo [
	name: default
	...]
2018-08-08 09:43:20.873  INFO 24781 --- [    Test worker] org.hibernate.Version                    : HHH000412: Hibernate Core {5.2.17.Final}
2018-08-08 09:43:20.875  INFO 24781 --- [    Test worker] org.hibernate.cfg.Environment            : HHH000206: hibernate.properties not found
2018-08-08 09:43:20.925  INFO 24781 --- [    Test worker] o.hibernate.annotations.common.Version   : HCANN000001: Hibernate Commons Annotations {5.0.1.Final}
2018-08-08 09:43:21.047  INFO 24781 --- [    Test worker] org.hibernate.dialect.Dialect            : HHH000400: Using dialect: org.hibernate.dialect.H2Dialect
2018-08-08 09:43:21.611  INFO 24781 --- [    Test worker] o.h.t.schema.internal.SchemaCreatorImpl  : HHH000476: Executing import script 'org.hibernate.tool.schema.internal.exec.ScriptSourceInputNonExistentImpl@2cb26649'
2018-08-08 09:43:21.614  INFO 24781 --- [    Test worker] j.LocalContainerEntityManagerFactoryBean : Initialized JPA EntityManagerFactory for persistence unit 'default'
2018-08-08 09:43:22.333  WARN 24781 --- [    Test worker] c.n.c.sources.URLConfigurationSource     : No URLs will be polled as dynamic configuration sources.
2018-08-08 09:43:22.333  INFO 24781 --- [    Test worker] c.n.c.sources.URLConfigurationSource     : To enable URLs as dynamic configuration sources, define System property archaius.configurationSource.additionalUrls or make config.properties available on classpath.
2018-08-08 09:43:22.397  INFO 24781 --- [    Test worker] o.s.w.s.handler.SimpleUrlHandlerMapping  : Mapped URL path [/**/favicon.ico] onto handler of type [class org.springframework.web.servlet.resource.ResourceHttpRequestHandler]
2018-08-08 09:43:22.590  INFO 24781 --- [    Test worker] s.w.s.m.m.a.RequestMappingHandlerAdapter : Looking for @ControllerAdvice: org.springframework.web.context.support.GenericWebApplicationContext@54aaba7c: startup date [Wed Aug 08 09:43:18 CDT 2018]; parent: org.springframework.context.annotation.AnnotationConfigApplicationContext@704b1374
2018-08-08 09:43:22.603  WARN 24781 --- [    Test worker] aWebConfiguration$JpaWebMvcConfiguration : spring.jpa.open-in-view is enabled by default. Therefore, database queries may be performed during view rendering. Explicitly configure spring.jpa.open-in-view to disable this warning
2018-08-08 09:43:22.627  INFO 24781 --- [    Test worker] s.w.s.m.m.a.RequestMappingHandlerMapping : Mapped "{[/orders/{id}/lines/{orderLineItems_id}],methods=[PUT]}" onto public com.jpa.amazon.ecommerce.orders.domain.OrderLineItems com.jpa.amazon.ecommerce.orders.controller.OrderLineItemsController.update(java.lang.Long,java.lang.Long,com.jpa.amazon.ecommerce.orders.domain.OrderLineItems)
2018-08-08 09:43:22.627  INFO 24781 --- [    Test worker] s.w.s.m.m.a.RequestMappingHandlerMapping : Mapped "{[/orders/{id}/lines/{orderLineItems_id}],methods=[DELETE]}" onto public void com.jpa.amazon.ecommerce.orders.controller.OrderLineItemsController.delete(java.lang.Long,java.lang.Long)
2018-08-08 09:43:22.628  INFO 24781 --- [    Test worker] s.w.s.m.m.a.RequestMappingHandlerMapping : Mapped "{[/orders/{id}/lines],methods=[POST]}" onto public com.jpa.amazon.ecommerce.orders.domain.OrderLineItems com.jpa.amazon.ecommerce.orders.controller.OrderLineItemsController.create(com.jpa.amazon.ecommerce.orders.domain.OrderLineItems,java.lang.Long)
2018-08-08 09:43:22.628  INFO 24781 --- [    Test worker] s.w.s.m.m.a.RequestMappingHandlerMapping : Mapped "{[/orders/{id}/lines/{orderLineItems_id}],methods=[GET]}" onto public com.jpa.amazon.ecommerce.orders.domain.OrderLineItems com.jpa.amazon.ecommerce.orders.controller.OrderLineItemsController.getById(java.lang.Long,java.lang.Long)
2018-08-08 09:43:22.628  INFO 24781 --- [    Test worker] s.w.s.m.m.a.RequestMappingHandlerMapping : Mapped "{[/orders/{id}/lines],methods=[GET]}" onto public java.lang.Iterable<com.jpa.amazon.ecommerce.orders.domain.OrderLineItems> com.jpa.amazon.ecommerce.orders.controller.OrderLineItemsController.getAllByOrderId(java.lang.Long)
2018-08-08 09:43:22.629  INFO 24781 --- [    Test worker] s.w.s.m.m.a.RequestMappingHandlerMapping : Mapped "{[/orders/{id}/lines/shipments/{shipment_id}],methods=[GET]}" onto public java.util.List<com.jpa.amazon.ecommerce.orders.domain.OrderLineItems> com.jpa.amazon.ecommerce.orders.controller.OrderLineItemsController.findByShipmentId(java.lang.Long,java.lang.Long)
2018-08-08 09:43:22.630  INFO 24781 --- [    Test worker] s.w.s.m.m.a.RequestMappingHandlerMapping : Mapped "{[/orders/{id}],methods=[PUT]}" onto public com.jpa.amazon.ecommerce.orders.domain.Orders com.jpa.amazon.ecommerce.orders.controller.OrdersController.update(java.lang.Long,com.jpa.amazon.ecommerce.orders.domain.Orders)
2018-08-08 09:43:22.630  INFO 24781 --- [    Test worker] s.w.s.m.m.a.RequestMappingHandlerMapping : Mapped "{[/orders/{id}],methods=[DELETE]}" onto public void com.jpa.amazon.ecommerce.orders.controller.OrdersController.delete(java.lang.Long)
2018-08-08 09:43:22.630  INFO 24781 --- [    Test worker] s.w.s.m.m.a.RequestMappingHandlerMapping : Mapped "{[/orders],methods=[POST]}" onto public com.jpa.amazon.ecommerce.orders.domain.Orders com.jpa.amazon.ecommerce.orders.controller.OrdersController.create(com.jpa.amazon.ecommerce.orders.domain.Orders)
2018-08-08 09:43:22.631  INFO 24781 --- [    Test worker] s.w.s.m.m.a.RequestMappingHandlerMapping : Mapped "{[/orders],methods=[GET]}" onto public java.util.List<com.jpa.amazon.ecommerce.orders.domain.Orders> com.jpa.amazon.ecommerce.orders.controller.OrdersController.getAllOrdersForAccount(long) throws java.io.IOException
2018-08-08 09:43:22.631  INFO 24781 --- [    Test worker] s.w.s.m.m.a.RequestMappingHandlerMapping : Mapped "{[/orders/{id}],methods=[GET]}" onto public com.jpa.amazon.ecommerce.orders.domain.OrderDetails com.jpa.amazon.ecommerce.orders.controller.OrdersController.getByOrderId(java.lang.Long)
2018-08-08 09:43:22.633  INFO 24781 --- [    Test worker] s.w.s.m.m.a.RequestMappingHandlerMapping : Mapped "{[/error]}" onto public org.springframework.http.ResponseEntity<java.util.Map<java.lang.String, java.lang.Object>> org.springframework.boot.autoconfigure.web.servlet.error.BasicErrorController.error(javax.servlet.http.HttpServletRequest)
2018-08-08 09:43:22.633  INFO 24781 --- [    Test worker] s.w.s.m.m.a.RequestMappingHandlerMapping : Mapped "{[/error],produces=[text/html]}" onto public org.springframework.web.servlet.ModelAndView org.springframework.boot.autoconfigure.web.servlet.error.BasicErrorController.errorHtml(javax.servlet.http.HttpServletRequest,javax.servlet.http.HttpServletResponse)
2018-08-08 09:43:22.669  INFO 24781 --- [    Test worker] o.s.w.s.handler.SimpleUrlHandlerMapping  : Mapped URL path [/webjars/**] onto handler of type [class org.springframework.web.servlet.resource.ResourceHttpRequestHandler]
2018-08-08 09:43:22.669  INFO 24781 --- [    Test worker] o.s.w.s.handler.SimpleUrlHandlerMapping  : Mapped URL path [/**] onto handler of type [class org.springframework.web.servlet.resource.ResourceHttpRequestHandler]
2018-08-08 09:43:22.727  WARN 24781 --- [    Test worker] ion$DefaultTemplateResolverConfiguration : Cannot find template location: classpath:/templates/ (please add some templates or check your Thymeleaf configuration)
2018-08-08 09:43:23.659  INFO 24781 --- [    Test worker] .s.s.UserDetailsServiceAutoConfiguration : 

Using generated security password: 7f3fb0cf-31a7-42a1-9801-fcf415918660

2018-08-08 09:43:23.716  INFO 24781 --- [    Test worker] o.s.s.web.DefaultSecurityFilterChain     : Creating filter chain: org.springframework.security.web.util.matcher.AnyRequestMatcher@1, [org.springframework.security.web.context.request.async.WebAsyncManagerIntegrationFilter@208f465, org.springframework.security.web.context.SecurityContextPersistenceFilter@27b87c98, org.springframework.security.web.header.HeaderWriterFilter@24c66864, org.springframework.security.web.authentication.logout.LogoutFilter@7da14881, org.springframework.security.web.savedrequest.RequestCacheAwareFilter@6b0687ad, org.springframework.security.web.servletapi.SecurityContextHolderAwareRequestFilter@7c9447e1, org.springframework.security.web.authentication.AnonymousAuthenticationFilter@299ef0be, org.springframework.security.web.session.SessionManagementFilter@5a37fbfe, org.springframework.security.web.access.ExceptionTranslationFilter@2f5c75cf, org.springframework.security.web.access.intercept.FilterSecurityInterceptor@2eb0b1b3]
2018-08-08 09:43:23.920  INFO 24781 --- [    Test worker] o.s.b.a.e.web.EndpointLinksResolver      : Exposing 2 endpoint(s) beneath base path '/actuator'
2018-08-08 09:43:23.931  INFO 24781 --- [    Test worker] s.b.a.e.w.s.WebMvcEndpointHandlerMapping : Mapped "{[/actuator/health],methods=[GET],produces=[application/vnd.spring-boot.actuator.v2+json || application/json]}" onto public java.lang.Object org.springframework.boot.actuate.endpoint.web.servlet.AbstractWebMvcEndpointHandlerMapping$OperationHandler.handle(javax.servlet.http.HttpServletRequest,java.util.Map<java.lang.String, java.lang.String>)
2018-08-08 09:43:23.931  INFO 24781 --- [    Test worker] s.b.a.e.w.s.WebMvcEndpointHandlerMapping : Mapped "{[/actuator/info],methods=[GET],produces=[application/vnd.spring-boot.actuator.v2+json || application/json]}" onto public java.lang.Object org.springframework.boot.actuate.endpoint.web.servlet.AbstractWebMvcEndpointHandlerMapping$OperationHandler.handle(javax.servlet.http.HttpServletRequest,java.util.Map<java.lang.String, java.lang.String>)
2018-08-08 09:43:23.932  INFO 24781 --- [    Test worker] s.b.a.e.w.s.WebMvcEndpointHandlerMapping : Mapped "{[/actuator],methods=[GET],produces=[application/vnd.spring-boot.actuator.v2+json || application/json]}" onto protected java.util.Map<java.lang.String, java.util.Map<java.lang.String, org.springframework.boot.actuate.endpoint.web.Link>> org.springframework.boot.actuate.endpoint.web.servlet.WebMvcEndpointHandlerMapping.links(javax.servlet.http.HttpServletRequest,javax.servlet.http.HttpServletResponse)
2018-08-08 09:43:23.988  INFO 24781 --- [    Test worker] o.s.c.support.DefaultLifecycleProcessor  : Starting beans in phase 0
2018-08-08 09:43:24.000  INFO 24781 --- [    Test worker] c.j.a.e.orders.OrdersApplicationTests    : Started OrdersApplicationTests in 5.667 seconds (JVM running for 11.178)
]]></system-out>
  <system-err><![CDATA[]]></system-err>
</testsuite>
