<?xml version="1.0" encoding="UTF-8"?>
<testsuite name="com.jpa.amazon.ecommerce.orders.service.OrderLineItemsServiceTest" tests="5" skipped="0" failures="0" errors="0" timestamp="2018-08-02T13:47:27" hostname="Rohan-Grovers-MacBook-Pro.local" time="0.01">
  <properties/>
  <testcase name="testCreateOrderLineItem" classname="com.jpa.amazon.ecommerce.orders.service.OrderLineItemsServiceTest" time="0.002"/>
  <testcase name="testGetOrderLineItemById" classname="com.jpa.amazon.ecommerce.orders.service.OrderLineItemsServiceTest" time="0.002"/>
  <testcase name="testGetOrderLineItems" classname="com.jpa.amazon.ecommerce.orders.service.OrderLineItemsServiceTest" time="0.001"/>
  <testcase name="testDeleteOrderLineItem" classname="com.jpa.amazon.ecommerce.orders.service.OrderLineItemsServiceTest" time="0.001"/>
  <testcase name="testUpdateOrderLineItem" classname="com.jpa.amazon.ecommerce.orders.service.OrderLineItemsServiceTest" time="0.002"/>
  <system-out><![CDATA[2018-08-02 08:47:27.396  INFO 81928 --- [    Test worker] o.s.t.c.s.DefaultTestContextBootstrapper : Neither @ContextConfiguration nor @ContextHierarchy found for test class [com.jpa.amazon.ecommerce.orders.service.OrderLineItemsServiceTest], using DelegatingSmartContextLoader
2018-08-02 08:47:27.397  INFO 81928 --- [    Test worker] o.s.t.c.support.AbstractContextLoader    : Could not detect default resource locations for test class [com.jpa.amazon.ecommerce.orders.service.OrderLineItemsServiceTest]: no resource found for suffixes {-context.xml}.
2018-08-02 08:47:27.397  INFO 81928 --- [    Test worker] t.c.s.AnnotationConfigContextLoaderUtils : Could not detect default configuration classes for test class [com.jpa.amazon.ecommerce.orders.service.OrderLineItemsServiceTest]: OrderLineItemsServiceTest does not declare any static, non-private, non-final, nested classes annotated with @Configuration.
2018-08-02 08:47:27.398  INFO 81928 --- [    Test worker] o.s.t.c.s.DefaultTestContextBootstrapper : Loaded default TestExecutionListener class names from location [META-INF/spring.factories]: [org.springframework.boot.test.autoconfigure.restdocs.RestDocsTestExecutionListener, org.springframework.boot.test.autoconfigure.web.client.MockRestServiceServerResetTestExecutionListener, org.springframework.boot.test.autoconfigure.web.servlet.MockMvcPrintOnlyOnFailureTestExecutionListener, org.springframework.boot.test.autoconfigure.web.servlet.WebDriverTestExecutionListener, org.springframework.boot.test.mock.mockito.MockitoTestExecutionListener, org.springframework.boot.test.mock.mockito.ResetMocksTestExecutionListener, org.springframework.test.context.web.ServletTestExecutionListener, org.springframework.test.context.support.DirtiesContextBeforeModesTestExecutionListener, org.springframework.test.context.support.DependencyInjectionTestExecutionListener, org.springframework.test.context.support.DirtiesContextTestExecutionListener, org.springframework.test.context.transaction.TransactionalTestExecutionListener, org.springframework.test.context.jdbc.SqlScriptsTestExecutionListener]
2018-08-02 08:47:27.398  INFO 81928 --- [    Test worker] o.s.t.c.s.DefaultTestContextBootstrapper : Using TestExecutionListeners: [org.springframework.test.context.web.ServletTestExecutionListener@71eab67c, org.springframework.test.context.support.DirtiesContextBeforeModesTestExecutionListener@78101cb0, org.springframework.boot.test.mock.mockito.MockitoTestExecutionListener@442fd22f, org.springframework.test.context.support.DependencyInjectionTestExecutionListener@430055f9, org.springframework.test.context.support.DirtiesContextTestExecutionListener@67fd42b3, org.springframework.test.context.transaction.TransactionalTestExecutionListener@1f702760, org.springframework.test.context.jdbc.SqlScriptsTestExecutionListener@2574300b, org.springframework.boot.test.autoconfigure.restdocs.RestDocsTestExecutionListener@641a16c1, org.springframework.boot.test.autoconfigure.web.client.MockRestServiceServerResetTestExecutionListener@697f282b, org.springframework.boot.test.autoconfigure.web.servlet.MockMvcPrintOnlyOnFailureTestExecutionListener@77aa5943, org.springframework.boot.test.autoconfigure.web.servlet.WebDriverTestExecutionListener@735acbd5, org.springframework.boot.test.mock.mockito.ResetMocksTestExecutionListener@47427761]
]]></system-out>
  <system-err><![CDATA[]]></system-err>
</testsuite>
