<?xml version="1.0" encoding="UTF-8"?>
<testsuite name="com.jpa.amazon.ecommerce.orders.domain.ModelTest" tests="3" skipped="0" failures="0" errors="0" timestamp="2018-08-08T14:43:24" hostname="Rohan-Grovers-MacBook-Pro.local" time="0.004">
  <properties/>
  <testcase name="testShipmentDetails" classname="com.jpa.amazon.ecommerce.orders.domain.ModelTest" time="0.001"/>
  <testcase name="testConstructors" classname="com.jpa.amazon.ecommerce.orders.domain.ModelTest" time="0.001"/>
  <testcase name="testAddressDetails" classname="com.jpa.amazon.ecommerce.orders.domain.ModelTest" time="0.001"/>
  <system-out><![CDATA[2018-08-08 09:43:24.163  INFO 24781 --- [    Test worker] o.s.t.c.s.DefaultTestContextBootstrapper : Neither @ContextConfiguration nor @ContextHierarchy found for test class [com.jpa.amazon.ecommerce.orders.domain.ModelTest], using DelegatingSmartContextLoader
2018-08-08 09:43:24.164  INFO 24781 --- [    Test worker] o.s.t.c.support.AbstractContextLoader    : Could not detect default resource locations for test class [com.jpa.amazon.ecommerce.orders.domain.ModelTest]: no resource found for suffixes {-context.xml}.
2018-08-08 09:43:24.164  INFO 24781 --- [    Test worker] t.c.s.AnnotationConfigContextLoaderUtils : Could not detect default configuration classes for test class [com.jpa.amazon.ecommerce.orders.domain.ModelTest]: ModelTest does not declare any static, non-private, non-final, nested classes annotated with @Configuration.
2018-08-08 09:43:24.164  INFO 24781 --- [    Test worker] o.s.t.c.s.DefaultTestContextBootstrapper : Loaded default TestExecutionListener class names from location [META-INF/spring.factories]: [org.springframework.boot.test.autoconfigure.restdocs.RestDocsTestExecutionListener, org.springframework.boot.test.autoconfigure.web.client.MockRestServiceServerResetTestExecutionListener, org.springframework.boot.test.autoconfigure.web.servlet.MockMvcPrintOnlyOnFailureTestExecutionListener, org.springframework.boot.test.autoconfigure.web.servlet.WebDriverTestExecutionListener, org.springframework.boot.test.mock.mockito.MockitoTestExecutionListener, org.springframework.boot.test.mock.mockito.ResetMocksTestExecutionListener, org.springframework.test.context.web.ServletTestExecutionListener, org.springframework.test.context.support.DirtiesContextBeforeModesTestExecutionListener, org.springframework.test.context.support.DependencyInjectionTestExecutionListener, org.springframework.test.context.support.DirtiesContextTestExecutionListener, org.springframework.test.context.transaction.TransactionalTestExecutionListener, org.springframework.test.context.jdbc.SqlScriptsTestExecutionListener]
2018-08-08 09:43:24.165  INFO 24781 --- [    Test worker] o.s.t.c.s.DefaultTestContextBootstrapper : Using TestExecutionListeners: [org.springframework.test.context.web.ServletTestExecutionListener@3898b8ac, org.springframework.test.context.support.DirtiesContextBeforeModesTestExecutionListener@5e72a1a2, org.springframework.boot.test.mock.mockito.MockitoTestExecutionListener@50511665, org.springframework.test.context.support.DependencyInjectionTestExecutionListener@586d282b, org.springframework.test.context.support.DirtiesContextTestExecutionListener@25cdb652, org.springframework.test.context.transaction.TransactionalTestExecutionListener@6ef97cf8, org.springframework.test.context.jdbc.SqlScriptsTestExecutionListener@36c3ad7c, org.springframework.boot.test.autoconfigure.restdocs.RestDocsTestExecutionListener@75ee7ff, org.springframework.boot.test.autoconfigure.web.client.MockRestServiceServerResetTestExecutionListener@4f69be60, org.springframework.boot.test.autoconfigure.web.servlet.MockMvcPrintOnlyOnFailureTestExecutionListener@6ad215c9, org.springframework.boot.test.autoconfigure.web.servlet.WebDriverTestExecutionListener@41d1eda2, org.springframework.boot.test.mock.mockito.ResetMocksTestExecutionListener@31409b78]
]]></system-out>
  <system-err><![CDATA[]]></system-err>
</testsuite>
