<?xml version="1.0" encoding="UTF-8"?>
<testsuite name="com.jpa.amazon.ecommerce.orders.service.OrderLineItemsServiceTest" tests="5" skipped="0" failures="0" errors="0" timestamp="2018-08-08T14:43:24" hostname="Rohan-Grovers-MacBook-Pro.local" time="0.013">
  <properties/>
  <testcase name="testCreateOrderLineItem" classname="com.jpa.amazon.ecommerce.orders.service.OrderLineItemsServiceTest" time="0.002"/>
  <testcase name="testGetOrderLineItemById" classname="com.jpa.amazon.ecommerce.orders.service.OrderLineItemsServiceTest" time="0.003"/>
  <testcase name="testGetOrderLineItems" classname="com.jpa.amazon.ecommerce.orders.service.OrderLineItemsServiceTest" time="0.003"/>
  <testcase name="testDeleteOrderLineItem" classname="com.jpa.amazon.ecommerce.orders.service.OrderLineItemsServiceTest" time="0.002"/>
  <testcase name="testUpdateOrderLineItem" classname="com.jpa.amazon.ecommerce.orders.service.OrderLineItemsServiceTest" time="0.002"/>
  <system-out><![CDATA[2018-08-08 09:43:24.118  INFO 24781 --- [    Test worker] o.s.t.c.s.DefaultTestContextBootstrapper : Neither @ContextConfiguration nor @ContextHierarchy found for test class [com.jpa.amazon.ecommerce.orders.service.OrderLineItemsServiceTest], using DelegatingSmartContextLoader
2018-08-08 09:43:24.118  INFO 24781 --- [    Test worker] o.s.t.c.support.AbstractContextLoader    : Could not detect default resource locations for test class [com.jpa.amazon.ecommerce.orders.service.OrderLineItemsServiceTest]: no resource found for suffixes {-context.xml}.
2018-08-08 09:43:24.118  INFO 24781 --- [    Test worker] t.c.s.AnnotationConfigContextLoaderUtils : Could not detect default configuration classes for test class [com.jpa.amazon.ecommerce.orders.service.OrderLineItemsServiceTest]: OrderLineItemsServiceTest does not declare any static, non-private, non-final, nested classes annotated with @Configuration.
2018-08-08 09:43:24.119  INFO 24781 --- [    Test worker] o.s.t.c.s.DefaultTestContextBootstrapper : Loaded default TestExecutionListener class names from location [META-INF/spring.factories]: [org.springframework.boot.test.autoconfigure.restdocs.RestDocsTestExecutionListener, org.springframework.boot.test.autoconfigure.web.client.MockRestServiceServerResetTestExecutionListener, org.springframework.boot.test.autoconfigure.web.servlet.MockMvcPrintOnlyOnFailureTestExecutionListener, org.springframework.boot.test.autoconfigure.web.servlet.WebDriverTestExecutionListener, org.springframework.boot.test.mock.mockito.MockitoTestExecutionListener, org.springframework.boot.test.mock.mockito.ResetMocksTestExecutionListener, org.springframework.test.context.web.ServletTestExecutionListener, org.springframework.test.context.support.DirtiesContextBeforeModesTestExecutionListener, org.springframework.test.context.support.DependencyInjectionTestExecutionListener, org.springframework.test.context.support.DirtiesContextTestExecutionListener, org.springframework.test.context.transaction.TransactionalTestExecutionListener, org.springframework.test.context.jdbc.SqlScriptsTestExecutionListener]
2018-08-08 09:43:24.119  INFO 24781 --- [    Test worker] o.s.t.c.s.DefaultTestContextBootstrapper : Using TestExecutionListeners: [org.springframework.test.context.web.ServletTestExecutionListener@fc905a1, org.springframework.test.context.support.DirtiesContextBeforeModesTestExecutionListener@62fbd2a, org.springframework.boot.test.mock.mockito.MockitoTestExecutionListener@68c01ce, org.springframework.test.context.support.DependencyInjectionTestExecutionListener@3f6dab29, org.springframework.test.context.support.DirtiesContextTestExecutionListener@78ce5568, org.springframework.test.context.transaction.TransactionalTestExecutionListener@37361b6, org.springframework.test.context.jdbc.SqlScriptsTestExecutionListener@65178267, org.springframework.boot.test.autoconfigure.restdocs.RestDocsTestExecutionListener@37f1590f, org.springframework.boot.test.autoconfigure.web.client.MockRestServiceServerResetTestExecutionListener@3d1e3f8c, org.springframework.boot.test.autoconfigure.web.servlet.MockMvcPrintOnlyOnFailureTestExecutionListener@25789748, org.springframework.boot.test.autoconfigure.web.servlet.WebDriverTestExecutionListener@7ca52d3a, org.springframework.boot.test.mock.mockito.ResetMocksTestExecutionListener@41a12a80]
]]></system-out>
  <system-err><![CDATA[]]></system-err>
</testsuite>
