<?xml version="1.0" encoding="UTF-8"?>
<testsuite name="com.jpa.amazon.ecommerce.orders.service.OrderLineItemsServiceTest" tests="5" skipped="0" failures="0" errors="0" timestamp="2018-08-08T16:29:23" hostname="Rohan-Grovers-MacBook-Pro.local" time="0.015">
  <properties/>
  <testcase name="testCreateOrderLineItem" classname="com.jpa.amazon.ecommerce.orders.service.OrderLineItemsServiceTest" time="0.002"/>
  <testcase name="testGetOrderLineItemById" classname="com.jpa.amazon.ecommerce.orders.service.OrderLineItemsServiceTest" time="0.002"/>
  <testcase name="testGetOrderLineItems" classname="com.jpa.amazon.ecommerce.orders.service.OrderLineItemsServiceTest" time="0.001"/>
  <testcase name="testDeleteOrderLineItem" classname="com.jpa.amazon.ecommerce.orders.service.OrderLineItemsServiceTest" time="0.003"/>
  <testcase name="testUpdateOrderLineItem" classname="com.jpa.amazon.ecommerce.orders.service.OrderLineItemsServiceTest" time="0.003"/>
  <system-out><![CDATA[2018-08-08 11:29:23.925  INFO 48032 --- [    Test worker] o.s.t.c.s.DefaultTestContextBootstrapper : Neither @ContextConfiguration nor @ContextHierarchy found for test class [com.jpa.amazon.ecommerce.orders.service.OrderLineItemsServiceTest], using DelegatingSmartContextLoader
2018-08-08 11:29:23.925  INFO 48032 --- [    Test worker] o.s.t.c.support.AbstractContextLoader    : Could not detect default resource locations for test class [com.jpa.amazon.ecommerce.orders.service.OrderLineItemsServiceTest]: no resource found for suffixes {-context.xml}.
2018-08-08 11:29:23.926  INFO 48032 --- [    Test worker] t.c.s.AnnotationConfigContextLoaderUtils : Could not detect default configuration classes for test class [com.jpa.amazon.ecommerce.orders.service.OrderLineItemsServiceTest]: OrderLineItemsServiceTest does not declare any static, non-private, non-final, nested classes annotated with @Configuration.
2018-08-08 11:29:23.927  INFO 48032 --- [    Test worker] o.s.t.c.s.DefaultTestContextBootstrapper : Loaded default TestExecutionListener class names from location [META-INF/spring.factories]: [org.springframework.boot.test.autoconfigure.restdocs.RestDocsTestExecutionListener, org.springframework.boot.test.autoconfigure.web.client.MockRestServiceServerResetTestExecutionListener, org.springframework.boot.test.autoconfigure.web.servlet.MockMvcPrintOnlyOnFailureTestExecutionListener, org.springframework.boot.test.autoconfigure.web.servlet.WebDriverTestExecutionListener, org.springframework.boot.test.mock.mockito.MockitoTestExecutionListener, org.springframework.boot.test.mock.mockito.ResetMocksTestExecutionListener, org.springframework.test.context.web.ServletTestExecutionListener, org.springframework.test.context.support.DirtiesContextBeforeModesTestExecutionListener, org.springframework.test.context.support.DependencyInjectionTestExecutionListener, org.springframework.test.context.support.DirtiesContextTestExecutionListener, org.springframework.test.context.transaction.TransactionalTestExecutionListener, org.springframework.test.context.jdbc.SqlScriptsTestExecutionListener]
2018-08-08 11:29:23.928  INFO 48032 --- [    Test worker] o.s.t.c.s.DefaultTestContextBootstrapper : Using TestExecutionListeners: [org.springframework.test.context.web.ServletTestExecutionListener@60ce7c8, org.springframework.test.context.support.DirtiesContextBeforeModesTestExecutionListener@381b0132, org.springframework.boot.test.mock.mockito.MockitoTestExecutionListener@23c1ed25, org.springframework.test.context.support.DependencyInjectionTestExecutionListener@2644fc3c, org.springframework.test.context.support.DirtiesContextTestExecutionListener@47176d9b, org.springframework.test.context.transaction.TransactionalTestExecutionListener@27e5e6da, org.springframework.test.context.jdbc.SqlScriptsTestExecutionListener@be19fc6, org.springframework.boot.test.autoconfigure.restdocs.RestDocsTestExecutionListener@a45279a, org.springframework.boot.test.autoconfigure.web.client.MockRestServiceServerResetTestExecutionListener@76c2e8fc, org.springframework.boot.test.autoconfigure.web.servlet.MockMvcPrintOnlyOnFailureTestExecutionListener@7e9913c8, org.springframework.boot.test.autoconfigure.web.servlet.WebDriverTestExecutionListener@7981ac72, org.springframework.boot.test.mock.mockito.ResetMocksTestExecutionListener@5adb2d2f]
]]></system-out>
  <system-err><![CDATA[]]></system-err>
</testsuite>
