<?xml version="1.0" encoding="UTF-8"?>
<testsuite name="com.jpa.amazon.ecommerce.orders.service.OrdersServiceTest" tests="6" skipped="0" failures="0" errors="0" timestamp="2018-08-08T16:29:23" hostname="Rohan-Grovers-MacBook-Pro.local" time="0.023">
  <properties/>
  <testcase name="testDeleteOrder" classname="com.jpa.amazon.ecommerce.orders.service.OrdersServiceTest" time="0.005"/>
  <testcase name="testUpdateOrder" classname="com.jpa.amazon.ecommerce.orders.service.OrdersServiceTest" time="0.005"/>
  <testcase name="testCreateOrder" classname="com.jpa.amazon.ecommerce.orders.service.OrdersServiceTest" time="0.003"/>
  <testcase name="testConstructors" classname="com.jpa.amazon.ecommerce.orders.service.OrdersServiceTest" time="0.004"/>
  <testcase name="testAllOrdersForAccount" classname="com.jpa.amazon.ecommerce.orders.service.OrdersServiceTest" time="0.002"/>
  <testcase name="testGetOrders" classname="com.jpa.amazon.ecommerce.orders.service.OrdersServiceTest" time="0.002"/>
  <system-out><![CDATA[2018-08-08 11:29:23.809  INFO 48032 --- [    Test worker] o.s.t.c.s.DefaultTestContextBootstrapper : Neither @ContextConfiguration nor @ContextHierarchy found for test class [com.jpa.amazon.ecommerce.orders.service.OrdersServiceTest], using DelegatingSmartContextLoader
2018-08-08 11:29:23.809  INFO 48032 --- [    Test worker] o.s.t.c.support.AbstractContextLoader    : Could not detect default resource locations for test class [com.jpa.amazon.ecommerce.orders.service.OrdersServiceTest]: no resource found for suffixes {-context.xml}.
2018-08-08 11:29:23.810  INFO 48032 --- [    Test worker] t.c.s.AnnotationConfigContextLoaderUtils : Could not detect default configuration classes for test class [com.jpa.amazon.ecommerce.orders.service.OrdersServiceTest]: OrdersServiceTest does not declare any static, non-private, non-final, nested classes annotated with @Configuration.
2018-08-08 11:29:23.811  INFO 48032 --- [    Test worker] o.s.t.c.s.DefaultTestContextBootstrapper : Loaded default TestExecutionListener class names from location [META-INF/spring.factories]: [org.springframework.boot.test.autoconfigure.restdocs.RestDocsTestExecutionListener, org.springframework.boot.test.autoconfigure.web.client.MockRestServiceServerResetTestExecutionListener, org.springframework.boot.test.autoconfigure.web.servlet.MockMvcPrintOnlyOnFailureTestExecutionListener, org.springframework.boot.test.autoconfigure.web.servlet.WebDriverTestExecutionListener, org.springframework.boot.test.mock.mockito.MockitoTestExecutionListener, org.springframework.boot.test.mock.mockito.ResetMocksTestExecutionListener, org.springframework.test.context.web.ServletTestExecutionListener, org.springframework.test.context.support.DirtiesContextBeforeModesTestExecutionListener, org.springframework.test.context.support.DependencyInjectionTestExecutionListener, org.springframework.test.context.support.DirtiesContextTestExecutionListener, org.springframework.test.context.transaction.TransactionalTestExecutionListener, org.springframework.test.context.jdbc.SqlScriptsTestExecutionListener]
2018-08-08 11:29:23.811  INFO 48032 --- [    Test worker] o.s.t.c.s.DefaultTestContextBootstrapper : Using TestExecutionListeners: [org.springframework.test.context.web.ServletTestExecutionListener@17923420, org.springframework.test.context.support.DirtiesContextBeforeModesTestExecutionListener@4f7697e7, org.springframework.boot.test.mock.mockito.MockitoTestExecutionListener@710dd8bb, org.springframework.test.context.support.DependencyInjectionTestExecutionListener@1b9d69b0, org.springframework.test.context.support.DirtiesContextTestExecutionListener@1da87dd7, org.springframework.test.context.transaction.TransactionalTestExecutionListener@669a082a, org.springframework.test.context.jdbc.SqlScriptsTestExecutionListener@794dcc42, org.springframework.boot.test.autoconfigure.restdocs.RestDocsTestExecutionListener@9edfa32, org.springframework.boot.test.autoconfigure.web.client.MockRestServiceServerResetTestExecutionListener@5775781d, org.springframework.boot.test.autoconfigure.web.servlet.MockMvcPrintOnlyOnFailureTestExecutionListener@6118e181, org.springframework.boot.test.autoconfigure.web.servlet.WebDriverTestExecutionListener@76201e3c, org.springframework.boot.test.mock.mockito.ResetMocksTestExecutionListener@107a46a0]
2018-08-08 11:29:23.865  INFO 48032 --- [    Test worker] o.s.c.support.GenericApplicationContext  : Refreshing org.springframework.context.support.GenericApplicationContext@55f09d7d: startup date [Wed Aug 08 11:29:23 CDT 2018]; root of context hierarchy
2018-08-08 11:29:23.871  INFO 48032 --- [    Test worker] f.a.AutowiredAnnotationBeanPostProcessor : JSR-330 'javax.inject.Inject' annotation found and supported for autowiring
]]></system-out>
  <system-err><![CDATA[]]></system-err>
</testsuite>
