<?xml version="1.0" encoding="UTF-8"?>
<testsuite name="com.jpa.amazon.ecommerce.orders.domain.ModelTest" tests="3" skipped="0" failures="0" errors="0" timestamp="2018-08-02T15:34:58" hostname="Rohan-Grovers-MacBook-Pro.local" time="0.005">
  <properties/>
  <testcase name="testShipmentDetails" classname="com.jpa.amazon.ecommerce.orders.domain.ModelTest" time="0.002"/>
  <testcase name="testConstructors" classname="com.jpa.amazon.ecommerce.orders.domain.ModelTest" time="0.001"/>
  <testcase name="testAddressDetails" classname="com.jpa.amazon.ecommerce.orders.domain.ModelTest" time="0.001"/>
  <system-out><![CDATA[2018-08-02 10:34:58.066  INFO 1887 --- [    Test worker] o.s.t.c.s.DefaultTestContextBootstrapper : Neither @ContextConfiguration nor @ContextHierarchy found for test class [com.jpa.amazon.ecommerce.orders.domain.ModelTest], using DelegatingSmartContextLoader
2018-08-02 10:34:58.066  INFO 1887 --- [    Test worker] o.s.t.c.support.AbstractContextLoader    : Could not detect default resource locations for test class [com.jpa.amazon.ecommerce.orders.domain.ModelTest]: no resource found for suffixes {-context.xml}.
2018-08-02 10:34:58.066  INFO 1887 --- [    Test worker] t.c.s.AnnotationConfigContextLoaderUtils : Could not detect default configuration classes for test class [com.jpa.amazon.ecommerce.orders.domain.ModelTest]: ModelTest does not declare any static, non-private, non-final, nested classes annotated with @Configuration.
2018-08-02 10:34:58.067  INFO 1887 --- [    Test worker] o.s.t.c.s.DefaultTestContextBootstrapper : Loaded default TestExecutionListener class names from location [META-INF/spring.factories]: [org.springframework.boot.test.autoconfigure.restdocs.RestDocsTestExecutionListener, org.springframework.boot.test.autoconfigure.web.client.MockRestServiceServerResetTestExecutionListener, org.springframework.boot.test.autoconfigure.web.servlet.MockMvcPrintOnlyOnFailureTestExecutionListener, org.springframework.boot.test.autoconfigure.web.servlet.WebDriverTestExecutionListener, org.springframework.boot.test.mock.mockito.MockitoTestExecutionListener, org.springframework.boot.test.mock.mockito.ResetMocksTestExecutionListener, org.springframework.test.context.web.ServletTestExecutionListener, org.springframework.test.context.support.DirtiesContextBeforeModesTestExecutionListener, org.springframework.test.context.support.DependencyInjectionTestExecutionListener, org.springframework.test.context.support.DirtiesContextTestExecutionListener, org.springframework.test.context.transaction.TransactionalTestExecutionListener, org.springframework.test.context.jdbc.SqlScriptsTestExecutionListener]
2018-08-02 10:34:58.068  INFO 1887 --- [    Test worker] o.s.t.c.s.DefaultTestContextBootstrapper : Using TestExecutionListeners: [org.springframework.test.context.web.ServletTestExecutionListener@5b2d22f0, org.springframework.test.context.support.DirtiesContextBeforeModesTestExecutionListener@72ca83d7, org.springframework.boot.test.mock.mockito.MockitoTestExecutionListener@6c99fdf1, org.springframework.test.context.support.DependencyInjectionTestExecutionListener@294ebf27, org.springframework.test.context.support.DirtiesContextTestExecutionListener@1bc6325c, org.springframework.test.context.transaction.TransactionalTestExecutionListener@3d34dec8, org.springframework.test.context.jdbc.SqlScriptsTestExecutionListener@1ee1daea, org.springframework.boot.test.autoconfigure.restdocs.RestDocsTestExecutionListener@428af996, org.springframework.boot.test.autoconfigure.web.client.MockRestServiceServerResetTestExecutionListener@68f47749, org.springframework.boot.test.autoconfigure.web.servlet.MockMvcPrintOnlyOnFailureTestExecutionListener@73ad2601, org.springframework.boot.test.autoconfigure.web.servlet.WebDriverTestExecutionListener@630b8414, org.springframework.boot.test.mock.mockito.ResetMocksTestExecutionListener@765887aa]
]]></system-out>
  <system-err><![CDATA[]]></system-err>
</testsuite>
