<?xml version="1.0" encoding="UTF-8"?>
<testsuite name="com.jpa.amazon.ecommerce.orders.domain.ModelTest" tests="3" skipped="0" failures="0" errors="0" timestamp="2018-08-08T16:29:23" hostname="Rohan-Grovers-MacBook-Pro.local" time="0.005">
  <properties/>
  <testcase name="testShipmentDetails" classname="com.jpa.amazon.ecommerce.orders.domain.ModelTest" time="0.001"/>
  <testcase name="testConstructors" classname="com.jpa.amazon.ecommerce.orders.domain.ModelTest" time="0.001"/>
  <testcase name="testAddressDetails" classname="com.jpa.amazon.ecommerce.orders.domain.ModelTest" time="0.001"/>
  <system-out><![CDATA[2018-08-08 11:29:23.981  INFO 48032 --- [    Test worker] o.s.t.c.s.DefaultTestContextBootstrapper : Neither @ContextConfiguration nor @ContextHierarchy found for test class [com.jpa.amazon.ecommerce.orders.domain.ModelTest], using DelegatingSmartContextLoader
2018-08-08 11:29:23.981  INFO 48032 --- [    Test worker] o.s.t.c.support.AbstractContextLoader    : Could not detect default resource locations for test class [com.jpa.amazon.ecommerce.orders.domain.ModelTest]: no resource found for suffixes {-context.xml}.
2018-08-08 11:29:23.981  INFO 48032 --- [    Test worker] t.c.s.AnnotationConfigContextLoaderUtils : Could not detect default configuration classes for test class [com.jpa.amazon.ecommerce.orders.domain.ModelTest]: ModelTest does not declare any static, non-private, non-final, nested classes annotated with @Configuration.
2018-08-08 11:29:23.982  INFO 48032 --- [    Test worker] o.s.t.c.s.DefaultTestContextBootstrapper : Loaded default TestExecutionListener class names from location [META-INF/spring.factories]: [org.springframework.boot.test.autoconfigure.restdocs.RestDocsTestExecutionListener, org.springframework.boot.test.autoconfigure.web.client.MockRestServiceServerResetTestExecutionListener, org.springframework.boot.test.autoconfigure.web.servlet.MockMvcPrintOnlyOnFailureTestExecutionListener, org.springframework.boot.test.autoconfigure.web.servlet.WebDriverTestExecutionListener, org.springframework.boot.test.mock.mockito.MockitoTestExecutionListener, org.springframework.boot.test.mock.mockito.ResetMocksTestExecutionListener, org.springframework.test.context.web.ServletTestExecutionListener, org.springframework.test.context.support.DirtiesContextBeforeModesTestExecutionListener, org.springframework.test.context.support.DependencyInjectionTestExecutionListener, org.springframework.test.context.support.DirtiesContextTestExecutionListener, org.springframework.test.context.transaction.TransactionalTestExecutionListener, org.springframework.test.context.jdbc.SqlScriptsTestExecutionListener]
2018-08-08 11:29:23.983  INFO 48032 --- [    Test worker] o.s.t.c.s.DefaultTestContextBootstrapper : Using TestExecutionListeners: [org.springframework.test.context.web.ServletTestExecutionListener@39b8a816, org.springframework.test.context.support.DirtiesContextBeforeModesTestExecutionListener@6399b3d7, org.springframework.boot.test.mock.mockito.MockitoTestExecutionListener@60379e04, org.springframework.test.context.support.DependencyInjectionTestExecutionListener@2fa403df, org.springframework.test.context.support.DirtiesContextTestExecutionListener@5320f625, org.springframework.test.context.transaction.TransactionalTestExecutionListener@7d89e09d, org.springframework.test.context.jdbc.SqlScriptsTestExecutionListener@21129696, org.springframework.boot.test.autoconfigure.restdocs.RestDocsTestExecutionListener@2e27d390, org.springframework.boot.test.autoconfigure.web.client.MockRestServiceServerResetTestExecutionListener@7a6289af, org.springframework.boot.test.autoconfigure.web.servlet.MockMvcPrintOnlyOnFailureTestExecutionListener@48dd0376, org.springframework.boot.test.autoconfigure.web.servlet.WebDriverTestExecutionListener@7dce8add, org.springframework.boot.test.mock.mockito.ResetMocksTestExecutionListener@6de57da7]
]]></system-out>
  <system-err><![CDATA[]]></system-err>
</testsuite>
