<?xml version="1.0" encoding="UTF-8"?>
<testsuite name="com.jpa.amazon.ecommerce.orders.OrdersApplicationTests" tests="1" skipped="0" failures="0" errors="0" timestamp="2018-08-02T13:47:27" hostname="Rohan-Grovers-MacBook-Pro.local" time="0.003">
  <properties/>
  <testcase name="contextLoads" classname="com.jpa.amazon.ecommerce.orders.OrdersApplicationTests" time="0.003"/>
  <system-out><![CDATA[2018-08-02 08:47:22.024  INFO 81928 --- [    Test worker] .b.t.c.SpringBootTestContextBootstrapper : Neither @ContextConfiguration nor @ContextHierarchy found for test class [com.jpa.amazon.ecommerce.orders.OrdersApplicationTests], using SpringBootContextLoader
2018-08-02 08:47:22.025  INFO 81928 --- [    Test worker] o.s.t.c.support.AbstractContextLoader    : Could not detect default resource locations for test class [com.jpa.amazon.ecommerce.orders.OrdersApplicationTests]: no resource found for suffixes {-context.xml, Context.groovy}.
2018-08-02 08:47:22.026  INFO 81928 --- [    Test worker] t.c.s.AnnotationConfigContextLoaderUtils : Could not detect default configuration classes for test class [com.jpa.amazon.ecommerce.orders.OrdersApplicationTests]: OrdersApplicationTests does not declare any static, non-private, non-final, nested classes annotated with @Configuration.
2018-08-02 08:47:22.054  INFO 81928 --- [    Test worker] .b.t.c.SpringBootTestContextBootstrapper : Found @SpringBootConfiguration com.jpa.amazon.ecommerce.orders.OrdersApplication for test class com.jpa.amazon.ecommerce.orders.OrdersApplicationTests
2018-08-02 08:47:22.057  INFO 81928 --- [    Test worker] .b.t.c.SpringBootTestContextBootstrapper : Loaded default TestExecutionListener class names from location [META-INF/spring.factories]: [org.springframework.boot.test.autoconfigure.restdocs.RestDocsTestExecutionListener, org.springframework.boot.test.autoconfigure.web.client.MockRestServiceServerResetTestExecutionListener, org.springframework.boot.test.autoconfigure.web.servlet.MockMvcPrintOnlyOnFailureTestExecutionListener, org.springframework.boot.test.autoconfigure.web.servlet.WebDriverTestExecutionListener, org.springframework.boot.test.mock.mockito.MockitoTestExecutionListener, org.springframework.boot.test.mock.mockito.ResetMocksTestExecutionListener, org.springframework.test.context.web.ServletTestExecutionListener, org.springframework.test.context.support.DirtiesContextBeforeModesTestExecutionListener, org.springframework.test.context.support.DependencyInjectionTestExecutionListener, org.springframework.test.context.support.DirtiesContextTestExecutionListener, org.springframework.test.context.transaction.TransactionalTestExecutionListener, org.springframework.test.context.jdbc.SqlScriptsTestExecutionListener]
2018-08-02 08:47:22.057  INFO 81928 --- [    Test worker] .b.t.c.SpringBootTestContextBootstrapper : Using TestExecutionListeners: [org.springframework.test.context.web.ServletTestExecutionListener@6b7ee55c, org.springframework.test.context.support.DirtiesContextBeforeModesTestExecutionListener@62e5b25f, org.springframework.boot.test.mock.mockito.MockitoTestExecutionListener@7dd101ff, org.springframework.boot.test.autoconfigure.SpringBootDependencyInjectionTestExecutionListener@7ce834da, org.springframework.test.context.support.DirtiesContextTestExecutionListener@60a06a1e, org.springframework.test.context.transaction.TransactionalTestExecutionListener@2f185b1f, org.springframework.test.context.jdbc.SqlScriptsTestExecutionListener@5ab369fa, org.springframework.boot.test.autoconfigure.restdocs.RestDocsTestExecutionListener@67c0d892, org.springframework.boot.test.autoconfigure.web.client.MockRestServiceServerResetTestExecutionListener@453aeee, org.springframework.boot.test.autoconfigure.web.servlet.MockMvcPrintOnlyOnFailureTestExecutionListener@69feddd8, org.springframework.boot.test.autoconfigure.web.servlet.WebDriverTestExecutionListener@284385a4, org.springframework.boot.test.mock.mockito.ResetMocksTestExecutionListener@49a6dc76]
2018-08-02 08:47:22.132  INFO 81928 --- [    Test worker] s.c.a.AnnotationConfigApplicationContext : Refreshing org.springframework.context.annotation.AnnotationConfigApplicationContext@f0cecb4: startup date [Thu Aug 02 08:47:22 CDT 2018]; root of context hierarchy
2018-08-02 08:47:22.155  INFO 81928 --- [    Test worker] f.a.AutowiredAnnotationBeanPostProcessor : JSR-330 'javax.inject.Inject' annotation found and supported for autowiring
2018-08-02 08:47:22.182  INFO 81928 --- [    Test worker] trationDelegate$BeanPostProcessorChecker : Bean 'configurationPropertiesRebinderAutoConfiguration' of type [org.springframework.cloud.autoconfigure.ConfigurationPropertiesRebinderAutoConfiguration$$EnhancerBySpringCGLIB$$c06d4f2d] is not eligible for getting processed by all BeanPostProcessors (for example: not eligible for auto-proxying)

  .   ____          _            __ _ _
 /\\ / ___'_ __ _ _(_)_ __  __ _ \ \ \ \
( ( )\___ | '_ | '_| | '_ \/ _` | \ \ \ \
 \\/  ___)| |_)| | | | | || (_| |  ) ) ) )
  '  |____| .__|_| |_|_| |_\__, | / / / /
 =========|_|==============|___/=/_/_/_/
 :: Spring Boot ::        (v2.0.3.RELEASE)

2018-08-02 08:47:22.246  INFO 81928 --- [    Test worker] c.j.a.e.orders.OrdersApplicationTests    : No active profile set, falling back to default profiles: default
2018-08-02 08:47:22.250  INFO 81928 --- [    Test worker] o.s.w.c.s.GenericWebApplicationContext   : Refreshing org.springframework.web.context.support.GenericWebApplicationContext@385c34e7: startup date [Thu Aug 02 08:47:22 CDT 2018]; parent: org.springframework.context.annotation.AnnotationConfigApplicationContext@f0cecb4
2018-08-02 08:47:22.907  INFO 81928 --- [    Test worker] o.s.b.f.s.DefaultListableBeanFactory     : Overriding bean definition for bean 'dataSource' with a different definition: replacing [Root bean: class [null]; scope=refresh; abstract=false; lazyInit=false; autowireMode=3; dependencyCheck=0; autowireCandidate=false; primary=false; factoryBeanName=org.springframework.boot.autoconfigure.jdbc.DataSourceConfiguration$Hikari; factoryMethodName=dataSource; initMethodName=null; destroyMethodName=(inferred); defined in class path resource [org/springframework/boot/autoconfigure/jdbc/DataSourceConfiguration$Hikari.class]] with [Root bean: class [org.springframework.aop.scope.ScopedProxyFactoryBean]; scope=; abstract=false; lazyInit=false; autowireMode=0; dependencyCheck=0; autowireCandidate=true; primary=false; factoryBeanName=null; factoryMethodName=null; initMethodName=null; destroyMethodName=null; defined in BeanDefinition defined in class path resource [org/springframework/boot/autoconfigure/jdbc/DataSourceConfiguration$Hikari.class]]
2018-08-02 08:47:23.084  INFO 81928 --- [    Test worker] o.s.cloud.context.scope.GenericScope     : BeanFactory id=901dd896-4704-3411-b8ae-744b3d8b2c88
2018-08-02 08:47:23.144  INFO 81928 --- [    Test worker] f.a.AutowiredAnnotationBeanPostProcessor : JSR-330 'javax.inject.Inject' annotation found and supported for autowiring
2018-08-02 08:47:23.227  INFO 81928 --- [    Test worker] trationDelegate$BeanPostProcessorChecker : Bean 'org.springframework.transaction.annotation.ProxyTransactionManagementConfiguration' of type [org.springframework.transaction.annotation.ProxyTransactionManagementConfiguration$$EnhancerBySpringCGLIB$$a4534c30] is not eligible for getting processed by all BeanPostProcessors (for example: not eligible for auto-proxying)
2018-08-02 08:47:23.261  INFO 81928 --- [    Test worker] trationDelegate$BeanPostProcessorChecker : Bean 'org.springframework.cloud.autoconfigure.ConfigurationPropertiesRebinderAutoConfiguration' of type [org.springframework.cloud.autoconfigure.ConfigurationPropertiesRebinderAutoConfiguration$$EnhancerBySpringCGLIB$$c06d4f2d] is not eligible for getting processed by all BeanPostProcessors (for example: not eligible for auto-proxying)
2018-08-02 08:47:23.485  WARN 81928 --- [    Test worker] c.n.c.sources.URLConfigurationSource     : No URLs will be polled as dynamic configuration sources.
2018-08-02 08:47:23.485  INFO 81928 --- [    Test worker] c.n.c.sources.URLConfigurationSource     : To enable URLs as dynamic configuration sources, define System property archaius.configurationSource.additionalUrls or make config.properties available on classpath.
2018-08-02 08:47:23.502  INFO 81928 --- [    Test worker] c.netflix.config.DynamicPropertyFactory  : DynamicPropertyFactory is initialized with configuration sources: com.netflix.config.ConcurrentCompositeConfiguration@745ec709
2018-08-02 08:47:23.713  INFO 81928 --- [    Test worker] com.zaxxer.hikari.HikariDataSource       : HikariPool-1 - Starting...
2018-08-02 08:47:23.978  INFO 81928 --- [    Test worker] com.zaxxer.hikari.HikariDataSource       : HikariPool-1 - Start completed.
2018-08-02 08:47:24.022  INFO 81928 --- [    Test worker] j.LocalContainerEntityManagerFactoryBean : Building JPA container EntityManagerFactory for persistence unit 'default'
2018-08-02 08:47:24.040  INFO 81928 --- [    Test worker] o.hibernate.jpa.internal.util.LogHelper  : HHH000204: Processing PersistenceUnitInfo [
	name: default
	...]
2018-08-02 08:47:24.123  INFO 81928 --- [    Test worker] org.hibernate.Version                    : HHH000412: Hibernate Core {5.2.17.Final}
2018-08-02 08:47:24.125  INFO 81928 --- [    Test worker] org.hibernate.cfg.Environment            : HHH000206: hibernate.properties not found
2018-08-02 08:47:24.166  INFO 81928 --- [    Test worker] o.hibernate.annotations.common.Version   : HCANN000001: Hibernate Commons Annotations {5.0.1.Final}
2018-08-02 08:47:24.432  INFO 81928 --- [    Test worker] org.hibernate.dialect.Dialect            : HHH000400: Using dialect: org.hibernate.dialect.MySQL5Dialect
2018-08-02 08:47:25.132  INFO 81928 --- [    Test worker] j.LocalContainerEntityManagerFactoryBean : Initialized JPA EntityManagerFactory for persistence unit 'default'
2018-08-02 08:47:25.780  WARN 81928 --- [    Test worker] c.n.c.sources.URLConfigurationSource     : No URLs will be polled as dynamic configuration sources.
2018-08-02 08:47:25.780  INFO 81928 --- [    Test worker] c.n.c.sources.URLConfigurationSource     : To enable URLs as dynamic configuration sources, define System property archaius.configurationSource.additionalUrls or make config.properties available on classpath.
2018-08-02 08:47:25.834  INFO 81928 --- [    Test worker] o.s.w.s.handler.SimpleUrlHandlerMapping  : Mapped URL path [/**/favicon.ico] onto handler of type [class org.springframework.web.servlet.resource.ResourceHttpRequestHandler]
2018-08-02 08:47:25.991  INFO 81928 --- [    Test worker] s.w.s.m.m.a.RequestMappingHandlerAdapter : Looking for @ControllerAdvice: org.springframework.web.context.support.GenericWebApplicationContext@385c34e7: startup date [Thu Aug 02 08:47:22 CDT 2018]; parent: org.springframework.context.annotation.AnnotationConfigApplicationContext@f0cecb4
2018-08-02 08:47:26.000  WARN 81928 --- [    Test worker] aWebConfiguration$JpaWebMvcConfiguration : spring.jpa.open-in-view is enabled by default. Therefore, database queries may be performed during view rendering. Explicitly configure spring.jpa.open-in-view to disable this warning
2018-08-02 08:47:26.017  INFO 81928 --- [    Test worker] s.w.s.m.m.a.RequestMappingHandlerMapping : Mapped "{[/orders/{id}/lines/{orderLineItems_id}],methods=[PUT]}" onto public com.jpa.amazon.ecommerce.orders.domain.OrderLineItems com.jpa.amazon.ecommerce.orders.controller.OrderLineItemsController.update(java.lang.Long,java.lang.Long,com.jpa.amazon.ecommerce.orders.domain.OrderLineItems)
2018-08-02 08:47:26.017  INFO 81928 --- [    Test worker] s.w.s.m.m.a.RequestMappingHandlerMapping : Mapped "{[/orders/{id}/lines/{orderLineItems_id}],methods=[DELETE]}" onto public void com.jpa.amazon.ecommerce.orders.controller.OrderLineItemsController.delete(java.lang.Long,java.lang.Long)
2018-08-02 08:47:26.017  INFO 81928 --- [    Test worker] s.w.s.m.m.a.RequestMappingHandlerMapping : Mapped "{[/orders/{id}/lines],methods=[POST]}" onto public com.jpa.amazon.ecommerce.orders.domain.OrderLineItems com.jpa.amazon.ecommerce.orders.controller.OrderLineItemsController.create(com.jpa.amazon.ecommerce.orders.domain.OrderLineItems,java.lang.Long)
2018-08-02 08:47:26.018  INFO 81928 --- [    Test worker] s.w.s.m.m.a.RequestMappingHandlerMapping : Mapped "{[/orders/{id}/lines],methods=[GET]}" onto public java.lang.Iterable<com.jpa.amazon.ecommerce.orders.domain.OrderLineItems> com.jpa.amazon.ecommerce.orders.controller.OrderLineItemsController.getAllByOrderId(java.lang.Long)
2018-08-02 08:47:26.018  INFO 81928 --- [    Test worker] s.w.s.m.m.a.RequestMappingHandlerMapping : Mapped "{[/orders/{id}/lines/{orderLineItems_id}],methods=[GET]}" onto public com.jpa.amazon.ecommerce.orders.domain.OrderLineItems com.jpa.amazon.ecommerce.orders.controller.OrderLineItemsController.getById(java.lang.Long,java.lang.Long)
2018-08-02 08:47:26.019  INFO 81928 --- [    Test worker] s.w.s.m.m.a.RequestMappingHandlerMapping : Mapped "{[/orders/{id}],methods=[PUT]}" onto public com.jpa.amazon.ecommerce.orders.domain.Orders com.jpa.amazon.ecommerce.orders.controller.OrdersController.update(java.lang.Long,com.jpa.amazon.ecommerce.orders.domain.Orders)
2018-08-02 08:47:26.019  INFO 81928 --- [    Test worker] s.w.s.m.m.a.RequestMappingHandlerMapping : Mapped "{[/orders/{id}],methods=[DELETE]}" onto public void com.jpa.amazon.ecommerce.orders.controller.OrdersController.delete(java.lang.Long)
2018-08-02 08:47:26.020  INFO 81928 --- [    Test worker] s.w.s.m.m.a.RequestMappingHandlerMapping : Mapped "{[/orders],methods=[POST]}" onto public com.jpa.amazon.ecommerce.orders.domain.Orders com.jpa.amazon.ecommerce.orders.controller.OrdersController.create(com.jpa.amazon.ecommerce.orders.domain.Orders)
2018-08-02 08:47:26.020  INFO 81928 --- [    Test worker] s.w.s.m.m.a.RequestMappingHandlerMapping : Mapped "{[/orders/{id}],methods=[GET]}" onto public com.jpa.amazon.ecommerce.orders.domain.OrderDetails com.jpa.amazon.ecommerce.orders.controller.OrdersController.getByOrderId(java.lang.Long)
2018-08-02 08:47:26.020  INFO 81928 --- [    Test worker] s.w.s.m.m.a.RequestMappingHandlerMapping : Mapped "{[/orders],methods=[GET]}" onto public java.util.List<com.jpa.amazon.ecommerce.orders.domain.Orders> com.jpa.amazon.ecommerce.orders.controller.OrdersController.getAllOrdersForAccount(long) throws java.io.IOException
2018-08-02 08:47:26.021  INFO 81928 --- [    Test worker] s.w.s.m.m.a.RequestMappingHandlerMapping : Mapped "{[/error]}" onto public org.springframework.http.ResponseEntity<java.util.Map<java.lang.String, java.lang.Object>> org.springframework.boot.autoconfigure.web.servlet.error.BasicErrorController.error(javax.servlet.http.HttpServletRequest)
2018-08-02 08:47:26.021  INFO 81928 --- [    Test worker] s.w.s.m.m.a.RequestMappingHandlerMapping : Mapped "{[/error],produces=[text/html]}" onto public org.springframework.web.servlet.ModelAndView org.springframework.boot.autoconfigure.web.servlet.error.BasicErrorController.errorHtml(javax.servlet.http.HttpServletRequest,javax.servlet.http.HttpServletResponse)
2018-08-02 08:47:26.044  INFO 81928 --- [    Test worker] o.s.w.s.handler.SimpleUrlHandlerMapping  : Mapped URL path [/webjars/**] onto handler of type [class org.springframework.web.servlet.resource.ResourceHttpRequestHandler]
2018-08-02 08:47:26.044  INFO 81928 --- [    Test worker] o.s.w.s.handler.SimpleUrlHandlerMapping  : Mapped URL path [/**] onto handler of type [class org.springframework.web.servlet.resource.ResourceHttpRequestHandler]
2018-08-02 08:47:26.089  WARN 81928 --- [    Test worker] ion$DefaultTemplateResolverConfiguration : Cannot find template location: classpath:/templates/ (please add some templates or check your Thymeleaf configuration)
2018-08-02 08:47:26.967  INFO 81928 --- [    Test worker] .s.s.UserDetailsServiceAutoConfiguration : 

Using generated security password: a59afa19-cf02-4d07-bfd6-24c057117acb

2018-08-02 08:47:27.026  INFO 81928 --- [    Test worker] o.s.s.web.DefaultSecurityFilterChain     : Creating filter chain: org.springframework.security.web.util.matcher.AnyRequestMatcher@1, [org.springframework.security.web.context.request.async.WebAsyncManagerIntegrationFilter@56b6e420, org.springframework.security.web.context.SecurityContextPersistenceFilter@51864f86, org.springframework.security.web.header.HeaderWriterFilter@1c94405b, org.springframework.security.web.authentication.logout.LogoutFilter@6440ed28, org.springframework.security.web.savedrequest.RequestCacheAwareFilter@323d900e, org.springframework.security.web.servletapi.SecurityContextHolderAwareRequestFilter@c95888a, org.springframework.security.web.authentication.AnonymousAuthenticationFilter@5ece57e3, org.springframework.security.web.session.SessionManagementFilter@5c368179, org.springframework.security.web.access.ExceptionTranslationFilter@6a712535, org.springframework.security.web.access.intercept.FilterSecurityInterceptor@1a81b085]
2018-08-02 08:47:27.220  INFO 81928 --- [    Test worker] o.s.b.a.e.web.EndpointLinksResolver      : Exposing 2 endpoint(s) beneath base path '/actuator'
2018-08-02 08:47:27.230  INFO 81928 --- [    Test worker] s.b.a.e.w.s.WebMvcEndpointHandlerMapping : Mapped "{[/actuator/health],methods=[GET],produces=[application/vnd.spring-boot.actuator.v2+json || application/json]}" onto public java.lang.Object org.springframework.boot.actuate.endpoint.web.servlet.AbstractWebMvcEndpointHandlerMapping$OperationHandler.handle(javax.servlet.http.HttpServletRequest,java.util.Map<java.lang.String, java.lang.String>)
2018-08-02 08:47:27.231  INFO 81928 --- [    Test worker] s.b.a.e.w.s.WebMvcEndpointHandlerMapping : Mapped "{[/actuator/info],methods=[GET],produces=[application/vnd.spring-boot.actuator.v2+json || application/json]}" onto public java.lang.Object org.springframework.boot.actuate.endpoint.web.servlet.AbstractWebMvcEndpointHandlerMapping$OperationHandler.handle(javax.servlet.http.HttpServletRequest,java.util.Map<java.lang.String, java.lang.String>)
2018-08-02 08:47:27.232  INFO 81928 --- [    Test worker] s.b.a.e.w.s.WebMvcEndpointHandlerMapping : Mapped "{[/actuator],methods=[GET],produces=[application/vnd.spring-boot.actuator.v2+json || application/json]}" onto protected java.util.Map<java.lang.String, java.util.Map<java.lang.String, org.springframework.boot.actuate.endpoint.web.Link>> org.springframework.boot.actuate.endpoint.web.servlet.WebMvcEndpointHandlerMapping.links(javax.servlet.http.HttpServletRequest,javax.servlet.http.HttpServletResponse)
2018-08-02 08:47:27.278  INFO 81928 --- [    Test worker] o.s.c.support.DefaultLifecycleProcessor  : Starting beans in phase 0
2018-08-02 08:47:27.289  INFO 81928 --- [    Test worker] c.j.a.e.orders.OrdersApplicationTests    : Started OrdersApplicationTests in 5.229 seconds (JVM running for 10.605)
]]></system-out>
  <system-err><![CDATA[]]></system-err>
</testsuite>
