<?xml version="1.0" encoding="UTF-8"?>
<testsuite name="com.jpa.amazon.ecommerce.orders.service.OrdersServiceTest" tests="6" skipped="0" failures="0" errors="0" timestamp="2018-08-08T14:43:24" hostname="Rohan-Grovers-MacBook-Pro.local" time="0.024">
  <properties/>
  <testcase name="testDeleteOrder" classname="com.jpa.amazon.ecommerce.orders.service.OrdersServiceTest" time="0.006"/>
  <testcase name="testUpdateOrder" classname="com.jpa.amazon.ecommerce.orders.service.OrdersServiceTest" time="0.005"/>
  <testcase name="testCreateOrder" classname="com.jpa.amazon.ecommerce.orders.service.OrdersServiceTest" time="0.004"/>
  <testcase name="testConstructors" classname="com.jpa.amazon.ecommerce.orders.service.OrdersServiceTest" time="0.004"/>
  <testcase name="testAllOrdersForAccount" classname="com.jpa.amazon.ecommerce.orders.service.OrdersServiceTest" time="0.002"/>
  <testcase name="testGetOrders" classname="com.jpa.amazon.ecommerce.orders.service.OrdersServiceTest" time="0.002"/>
  <system-out><![CDATA[2018-08-08 09:43:24.014  INFO 24781 --- [    Test worker] o.s.t.c.s.DefaultTestContextBootstrapper : Neither @ContextConfiguration nor @ContextHierarchy found for test class [com.jpa.amazon.ecommerce.orders.service.OrdersServiceTest], using DelegatingSmartContextLoader
2018-08-08 09:43:24.015  INFO 24781 --- [    Test worker] o.s.t.c.support.AbstractContextLoader    : Could not detect default resource locations for test class [com.jpa.amazon.ecommerce.orders.service.OrdersServiceTest]: no resource found for suffixes {-context.xml}.
2018-08-08 09:43:24.015  INFO 24781 --- [    Test worker] t.c.s.AnnotationConfigContextLoaderUtils : Could not detect default configuration classes for test class [com.jpa.amazon.ecommerce.orders.service.OrdersServiceTest]: OrdersServiceTest does not declare any static, non-private, non-final, nested classes annotated with @Configuration.
2018-08-08 09:43:24.016  INFO 24781 --- [    Test worker] o.s.t.c.s.DefaultTestContextBootstrapper : Loaded default TestExecutionListener class names from location [META-INF/spring.factories]: [org.springframework.boot.test.autoconfigure.restdocs.RestDocsTestExecutionListener, org.springframework.boot.test.autoconfigure.web.client.MockRestServiceServerResetTestExecutionListener, org.springframework.boot.test.autoconfigure.web.servlet.MockMvcPrintOnlyOnFailureTestExecutionListener, org.springframework.boot.test.autoconfigure.web.servlet.WebDriverTestExecutionListener, org.springframework.boot.test.mock.mockito.MockitoTestExecutionListener, org.springframework.boot.test.mock.mockito.ResetMocksTestExecutionListener, org.springframework.test.context.web.ServletTestExecutionListener, org.springframework.test.context.support.DirtiesContextBeforeModesTestExecutionListener, org.springframework.test.context.support.DependencyInjectionTestExecutionListener, org.springframework.test.context.support.DirtiesContextTestExecutionListener, org.springframework.test.context.transaction.TransactionalTestExecutionListener, org.springframework.test.context.jdbc.SqlScriptsTestExecutionListener]
2018-08-08 09:43:24.016  INFO 24781 --- [    Test worker] o.s.t.c.s.DefaultTestContextBootstrapper : Using TestExecutionListeners: [org.springframework.test.context.web.ServletTestExecutionListener@5c6401b7, org.springframework.test.context.support.DirtiesContextBeforeModesTestExecutionListener@4c706310, org.springframework.boot.test.mock.mockito.MockitoTestExecutionListener@785604c9, org.springframework.test.context.support.DependencyInjectionTestExecutionListener@3665471e, org.springframework.test.context.support.DirtiesContextTestExecutionListener@4a7081dc, org.springframework.test.context.transaction.TransactionalTestExecutionListener@5d71361, org.springframework.test.context.jdbc.SqlScriptsTestExecutionListener@4def2f5e, org.springframework.boot.test.autoconfigure.restdocs.RestDocsTestExecutionListener@512ecc4a, org.springframework.boot.test.autoconfigure.web.client.MockRestServiceServerResetTestExecutionListener@1f1ec9d2, org.springframework.boot.test.autoconfigure.web.servlet.MockMvcPrintOnlyOnFailureTestExecutionListener@22ef8d4b, org.springframework.boot.test.autoconfigure.web.servlet.WebDriverTestExecutionListener@164ec397, org.springframework.boot.test.mock.mockito.ResetMocksTestExecutionListener@31a51188]
2018-08-08 09:43:24.069  INFO 24781 --- [    Test worker] o.s.c.support.GenericApplicationContext  : Refreshing org.springframework.context.support.GenericApplicationContext@2440cf7b: startup date [Wed Aug 08 09:43:24 CDT 2018]; root of context hierarchy
2018-08-08 09:43:24.073  INFO 24781 --- [    Test worker] f.a.AutowiredAnnotationBeanPostProcessor : JSR-330 'javax.inject.Inject' annotation found and supported for autowiring
]]></system-out>
  <system-err><![CDATA[]]></system-err>
</testsuite>
