<?xml version="1.0" encoding="UTF-8"?>
<testsuite name="com.jpa.amazon.ecommerce.orders.service.OrderLineItemsServiceTest" tests="5" skipped="0" failures="0" errors="0" timestamp="2018-08-02T15:34:58" hostname="Rohan-Grovers-MacBook-Pro.local" time="0.014">
  <properties/>
  <testcase name="testCreateOrderLineItem" classname="com.jpa.amazon.ecommerce.orders.service.OrderLineItemsServiceTest" time="0.003"/>
  <testcase name="testGetOrderLineItemById" classname="com.jpa.amazon.ecommerce.orders.service.OrderLineItemsServiceTest" time="0.002"/>
  <testcase name="testGetOrderLineItems" classname="com.jpa.amazon.ecommerce.orders.service.OrderLineItemsServiceTest" time="0.001"/>
  <testcase name="testDeleteOrderLineItem" classname="com.jpa.amazon.ecommerce.orders.service.OrderLineItemsServiceTest" time="0.002"/>
  <testcase name="testUpdateOrderLineItem" classname="com.jpa.amazon.ecommerce.orders.service.OrderLineItemsServiceTest" time="0.002"/>
  <system-out><![CDATA[2018-08-02 10:34:58.022  INFO 1887 --- [    Test worker] o.s.t.c.s.DefaultTestContextBootstrapper : Neither @ContextConfiguration nor @ContextHierarchy found for test class [com.jpa.amazon.ecommerce.orders.service.OrderLineItemsServiceTest], using DelegatingSmartContextLoader
2018-08-02 10:34:58.023  INFO 1887 --- [    Test worker] o.s.t.c.support.AbstractContextLoader    : Could not detect default resource locations for test class [com.jpa.amazon.ecommerce.orders.service.OrderLineItemsServiceTest]: no resource found for suffixes {-context.xml}.
2018-08-02 10:34:58.023  INFO 1887 --- [    Test worker] t.c.s.AnnotationConfigContextLoaderUtils : Could not detect default configuration classes for test class [com.jpa.amazon.ecommerce.orders.service.OrderLineItemsServiceTest]: OrderLineItemsServiceTest does not declare any static, non-private, non-final, nested classes annotated with @Configuration.
2018-08-02 10:34:58.024  INFO 1887 --- [    Test worker] o.s.t.c.s.DefaultTestContextBootstrapper : Loaded default TestExecutionListener class names from location [META-INF/spring.factories]: [org.springframework.boot.test.autoconfigure.restdocs.RestDocsTestExecutionListener, org.springframework.boot.test.autoconfigure.web.client.MockRestServiceServerResetTestExecutionListener, org.springframework.boot.test.autoconfigure.web.servlet.MockMvcPrintOnlyOnFailureTestExecutionListener, org.springframework.boot.test.autoconfigure.web.servlet.WebDriverTestExecutionListener, org.springframework.boot.test.mock.mockito.MockitoTestExecutionListener, org.springframework.boot.test.mock.mockito.ResetMocksTestExecutionListener, org.springframework.test.context.web.ServletTestExecutionListener, org.springframework.test.context.support.DirtiesContextBeforeModesTestExecutionListener, org.springframework.test.context.support.DependencyInjectionTestExecutionListener, org.springframework.test.context.support.DirtiesContextTestExecutionListener, org.springframework.test.context.transaction.TransactionalTestExecutionListener, org.springframework.test.context.jdbc.SqlScriptsTestExecutionListener]
2018-08-02 10:34:58.024  INFO 1887 --- [    Test worker] o.s.t.c.s.DefaultTestContextBootstrapper : Using TestExecutionListeners: [org.springframework.test.context.web.ServletTestExecutionListener@86d8375, org.springframework.test.context.support.DirtiesContextBeforeModesTestExecutionListener@2825308e, org.springframework.boot.test.mock.mockito.MockitoTestExecutionListener@24134142, org.springframework.test.context.support.DependencyInjectionTestExecutionListener@5e48e4e6, org.springframework.test.context.support.DirtiesContextTestExecutionListener@3a5aa271, org.springframework.test.context.transaction.TransactionalTestExecutionListener@3b7a54f4, org.springframework.test.context.jdbc.SqlScriptsTestExecutionListener@55d1b88, org.springframework.boot.test.autoconfigure.restdocs.RestDocsTestExecutionListener@1caba011, org.springframework.boot.test.autoconfigure.web.client.MockRestServiceServerResetTestExecutionListener@738dd0df, org.springframework.boot.test.autoconfigure.web.servlet.MockMvcPrintOnlyOnFailureTestExecutionListener@1ab9e7ae, org.springframework.boot.test.autoconfigure.web.servlet.WebDriverTestExecutionListener@77d53e2a, org.springframework.boot.test.mock.mockito.ResetMocksTestExecutionListener@36bfa3e9]
]]></system-out>
  <system-err><![CDATA[]]></system-err>
</testsuite>
