<?xml version="1.0" encoding="UTF-8"?>
<testsuite name="com.jpa.amazon.ecommerce.orders.service.OrdersServiceTest" tests="6" skipped="0" failures="0" errors="0" timestamp="2018-08-02T03:14:26" hostname="Rohan-Grovers-MacBook-Pro.local" time="0.017">
  <properties/>
  <testcase name="testDeleteOrder" classname="com.jpa.amazon.ecommerce.orders.service.OrdersServiceTest" time="0.004"/>
  <testcase name="testUpdateOrder" classname="com.jpa.amazon.ecommerce.orders.service.OrdersServiceTest" time="0.003"/>
  <testcase name="testCreateOrder" classname="com.jpa.amazon.ecommerce.orders.service.OrdersServiceTest" time="0.002"/>
  <testcase name="testConstructors" classname="com.jpa.amazon.ecommerce.orders.service.OrdersServiceTest" time="0.003"/>
  <testcase name="testAllOrdersForAccount" classname="com.jpa.amazon.ecommerce.orders.service.OrdersServiceTest" time="0.002"/>
  <testcase name="testGetOrders" classname="com.jpa.amazon.ecommerce.orders.service.OrdersServiceTest" time="0.002"/>
  <system-out><![CDATA[2018-08-01 22:14:26.118  INFO 70295 --- [    Test worker] o.s.t.c.s.DefaultTestContextBootstrapper : Neither @ContextConfiguration nor @ContextHierarchy found for test class [com.jpa.amazon.ecommerce.orders.service.OrdersServiceTest], using DelegatingSmartContextLoader
2018-08-01 22:14:26.119  INFO 70295 --- [    Test worker] o.s.t.c.support.AbstractContextLoader    : Could not detect default resource locations for test class [com.jpa.amazon.ecommerce.orders.service.OrdersServiceTest]: no resource found for suffixes {-context.xml}.
2018-08-01 22:14:26.120  INFO 70295 --- [    Test worker] t.c.s.AnnotationConfigContextLoaderUtils : Could not detect default configuration classes for test class [com.jpa.amazon.ecommerce.orders.service.OrdersServiceTest]: OrdersServiceTest does not declare any static, non-private, non-final, nested classes annotated with @Configuration.
2018-08-01 22:14:26.121  INFO 70295 --- [    Test worker] o.s.t.c.s.DefaultTestContextBootstrapper : Loaded default TestExecutionListener class names from location [META-INF/spring.factories]: [org.springframework.boot.test.autoconfigure.restdocs.RestDocsTestExecutionListener, org.springframework.boot.test.autoconfigure.web.client.MockRestServiceServerResetTestExecutionListener, org.springframework.boot.test.autoconfigure.web.servlet.MockMvcPrintOnlyOnFailureTestExecutionListener, org.springframework.boot.test.autoconfigure.web.servlet.WebDriverTestExecutionListener, org.springframework.boot.test.mock.mockito.MockitoTestExecutionListener, org.springframework.boot.test.mock.mockito.ResetMocksTestExecutionListener, org.springframework.test.context.web.ServletTestExecutionListener, org.springframework.test.context.support.DirtiesContextBeforeModesTestExecutionListener, org.springframework.test.context.support.DependencyInjectionTestExecutionListener, org.springframework.test.context.support.DirtiesContextTestExecutionListener, org.springframework.test.context.transaction.TransactionalTestExecutionListener, org.springframework.test.context.jdbc.SqlScriptsTestExecutionListener]
2018-08-01 22:14:26.121  INFO 70295 --- [    Test worker] o.s.t.c.s.DefaultTestContextBootstrapper : Using TestExecutionListeners: [org.springframework.test.context.web.ServletTestExecutionListener@2482d769, org.springframework.test.context.support.DirtiesContextBeforeModesTestExecutionListener@63093621, org.springframework.boot.test.mock.mockito.MockitoTestExecutionListener@5ed63543, org.springframework.test.context.support.DependencyInjectionTestExecutionListener@3a7ba5b8, org.springframework.test.context.support.DirtiesContextTestExecutionListener@8f00401, org.springframework.test.context.transaction.TransactionalTestExecutionListener@22e29300, org.springframework.test.context.jdbc.SqlScriptsTestExecutionListener@4df1c632, org.springframework.boot.test.autoconfigure.restdocs.RestDocsTestExecutionListener@2a40fc51, org.springframework.boot.test.autoconfigure.web.client.MockRestServiceServerResetTestExecutionListener@22983514, org.springframework.boot.test.autoconfigure.web.servlet.MockMvcPrintOnlyOnFailureTestExecutionListener@14d4c8d4, org.springframework.boot.test.autoconfigure.web.servlet.WebDriverTestExecutionListener@57d74c2a, org.springframework.boot.test.mock.mockito.ResetMocksTestExecutionListener@7ad890f5]
2018-08-01 22:14:26.174  INFO 70295 --- [    Test worker] o.s.c.support.GenericApplicationContext  : Refreshing org.springframework.context.support.GenericApplicationContext@1ecff19e: startup date [Wed Aug 01 22:14:26 CDT 2018]; root of context hierarchy
2018-08-01 22:14:26.177  INFO 70295 --- [    Test worker] f.a.AutowiredAnnotationBeanPostProcessor : JSR-330 'javax.inject.Inject' annotation found and supported for autowiring
]]></system-out>
  <system-err><![CDATA[]]></system-err>
</testsuite>
