<?xml version="1.0" encoding="UTF-8"?>
<testsuite name="com.jpa.amazon.ecommerce.orders.service.OrdersServiceTest" tests="6" skipped="0" failures="0" errors="0" timestamp="2018-08-02T20:37:39" hostname="Rohan-Grovers-MacBook-Pro.local" time="0.021">
  <properties/>
  <testcase name="testDeleteOrder" classname="com.jpa.amazon.ecommerce.orders.service.OrdersServiceTest" time="0.006"/>
  <testcase name="testUpdateOrder" classname="com.jpa.amazon.ecommerce.orders.service.OrdersServiceTest" time="0.004"/>
  <testcase name="testCreateOrder" classname="com.jpa.amazon.ecommerce.orders.service.OrdersServiceTest" time="0.003"/>
  <testcase name="testConstructors" classname="com.jpa.amazon.ecommerce.orders.service.OrdersServiceTest" time="0.004"/>
  <testcase name="testAllOrdersForAccount" classname="com.jpa.amazon.ecommerce.orders.service.OrdersServiceTest" time="0.002"/>
  <testcase name="testGetOrders" classname="com.jpa.amazon.ecommerce.orders.service.OrdersServiceTest" time="0.002"/>
  <system-out><![CDATA[2018-08-02 15:37:39.389  INFO 57539 --- [    Test worker] o.s.t.c.s.DefaultTestContextBootstrapper : Neither @ContextConfiguration nor @ContextHierarchy found for test class [com.jpa.amazon.ecommerce.orders.service.OrdersServiceTest], using DelegatingSmartContextLoader
2018-08-02 15:37:39.390  INFO 57539 --- [    Test worker] o.s.t.c.support.AbstractContextLoader    : Could not detect default resource locations for test class [com.jpa.amazon.ecommerce.orders.service.OrdersServiceTest]: no resource found for suffixes {-context.xml}.
2018-08-02 15:37:39.390  INFO 57539 --- [    Test worker] t.c.s.AnnotationConfigContextLoaderUtils : Could not detect default configuration classes for test class [com.jpa.amazon.ecommerce.orders.service.OrdersServiceTest]: OrdersServiceTest does not declare any static, non-private, non-final, nested classes annotated with @Configuration.
2018-08-02 15:37:39.391  INFO 57539 --- [    Test worker] o.s.t.c.s.DefaultTestContextBootstrapper : Loaded default TestExecutionListener class names from location [META-INF/spring.factories]: [org.springframework.boot.test.autoconfigure.restdocs.RestDocsTestExecutionListener, org.springframework.boot.test.autoconfigure.web.client.MockRestServiceServerResetTestExecutionListener, org.springframework.boot.test.autoconfigure.web.servlet.MockMvcPrintOnlyOnFailureTestExecutionListener, org.springframework.boot.test.autoconfigure.web.servlet.WebDriverTestExecutionListener, org.springframework.boot.test.mock.mockito.MockitoTestExecutionListener, org.springframework.boot.test.mock.mockito.ResetMocksTestExecutionListener, org.springframework.test.context.web.ServletTestExecutionListener, org.springframework.test.context.support.DirtiesContextBeforeModesTestExecutionListener, org.springframework.test.context.support.DependencyInjectionTestExecutionListener, org.springframework.test.context.support.DirtiesContextTestExecutionListener, org.springframework.test.context.transaction.TransactionalTestExecutionListener, org.springframework.test.context.jdbc.SqlScriptsTestExecutionListener]
2018-08-02 15:37:39.391  INFO 57539 --- [    Test worker] o.s.t.c.s.DefaultTestContextBootstrapper : Using TestExecutionListeners: [org.springframework.test.context.web.ServletTestExecutionListener@6973964d, org.springframework.test.context.support.DirtiesContextBeforeModesTestExecutionListener@245dc868, org.springframework.boot.test.mock.mockito.MockitoTestExecutionListener@3354333e, org.springframework.test.context.support.DependencyInjectionTestExecutionListener@5cb04726, org.springframework.test.context.support.DirtiesContextTestExecutionListener@29046303, org.springframework.test.context.transaction.TransactionalTestExecutionListener@63d0e0c3, org.springframework.test.context.jdbc.SqlScriptsTestExecutionListener@718fe244, org.springframework.boot.test.autoconfigure.restdocs.RestDocsTestExecutionListener@2f580224, org.springframework.boot.test.autoconfigure.web.client.MockRestServiceServerResetTestExecutionListener@25ce70b7, org.springframework.boot.test.autoconfigure.web.servlet.MockMvcPrintOnlyOnFailureTestExecutionListener@41fc5a35, org.springframework.boot.test.autoconfigure.web.servlet.WebDriverTestExecutionListener@4fef1d8c, org.springframework.boot.test.mock.mockito.ResetMocksTestExecutionListener@20c97f77]
2018-08-02 15:37:39.446  INFO 57539 --- [    Test worker] o.s.c.support.GenericApplicationContext  : Refreshing org.springframework.context.support.GenericApplicationContext@2eb4c071: startup date [Thu Aug 02 15:37:39 CDT 2018]; root of context hierarchy
2018-08-02 15:37:39.451  INFO 57539 --- [    Test worker] f.a.AutowiredAnnotationBeanPostProcessor : JSR-330 'javax.inject.Inject' annotation found and supported for autowiring
]]></system-out>
  <system-err><![CDATA[]]></system-err>
</testsuite>
