<?xml version="1.0" encoding="UTF-8"?>
<testsuite name="com.jpa.amazon.ecommerce.accounts.controller.AccountControllerTest" tests="5" skipped="0" failures="0" errors="0" timestamp="2018-08-02T03:14:07" hostname="Rohan-Grovers-MacBook-Pro.local" time="0.281">
  <properties/>
  <testcase name="testCreateAccount" classname="com.jpa.amazon.ecommerce.accounts.controller.AccountControllerTest" time="0.172"/>
  <testcase name="testUpdateAccount" classname="com.jpa.amazon.ecommerce.accounts.controller.AccountControllerTest" time="0.044"/>
  <testcase name="testGetAllAccounts" classname="com.jpa.amazon.ecommerce.accounts.controller.AccountControllerTest" time="0.026"/>
  <testcase name="testDeleteAccount" classname="com.jpa.amazon.ecommerce.accounts.controller.AccountControllerTest" time="0.018"/>
  <testcase name="testGetShipmentById" classname="com.jpa.amazon.ecommerce.accounts.controller.AccountControllerTest" time="0.019"/>
  <system-out><![CDATA[2018-08-01 22:14:06.557  INFO 70225 --- [    Test worker] o.s.t.c.support.AbstractContextLoader    : Could not detect default resource locations for test class [com.jpa.amazon.ecommerce.accounts.controller.AccountControllerTest]: no resource found for suffixes {-context.xml, Context.groovy}.
2018-08-01 22:14:06.570  INFO 70225 --- [    Test worker] .b.t.a.w.s.WebMvcTestContextBootstrapper : Loaded default TestExecutionListener class names from location [META-INF/spring.factories]: [org.springframework.boot.test.autoconfigure.restdocs.RestDocsTestExecutionListener, org.springframework.boot.test.autoconfigure.web.client.MockRestServiceServerResetTestExecutionListener, org.springframework.boot.test.autoconfigure.web.servlet.MockMvcPrintOnlyOnFailureTestExecutionListener, org.springframework.boot.test.autoconfigure.web.servlet.WebDriverTestExecutionListener, org.springframework.boot.test.mock.mockito.MockitoTestExecutionListener, org.springframework.boot.test.mock.mockito.ResetMocksTestExecutionListener, org.springframework.test.context.web.ServletTestExecutionListener, org.springframework.test.context.support.DirtiesContextBeforeModesTestExecutionListener, org.springframework.test.context.support.DependencyInjectionTestExecutionListener, org.springframework.test.context.support.DirtiesContextTestExecutionListener, org.springframework.test.context.transaction.TransactionalTestExecutionListener, org.springframework.test.context.jdbc.SqlScriptsTestExecutionListener]
2018-08-01 22:14:06.571  INFO 70225 --- [    Test worker] .b.t.a.w.s.WebMvcTestContextBootstrapper : Using TestExecutionListeners: [org.springframework.test.context.web.ServletTestExecutionListener@d2e2241, org.springframework.test.context.support.DirtiesContextBeforeModesTestExecutionListener@6bfed82a, org.springframework.boot.test.mock.mockito.MockitoTestExecutionListener@2cf16e5, org.springframework.boot.test.autoconfigure.SpringBootDependencyInjectionTestExecutionListener@388daa61, org.springframework.test.context.support.DirtiesContextTestExecutionListener@444dbb1b, org.springframework.test.context.transaction.TransactionalTestExecutionListener@596f1430, org.springframework.test.context.jdbc.SqlScriptsTestExecutionListener@23ed49c6, org.springframework.boot.test.autoconfigure.restdocs.RestDocsTestExecutionListener@76663178, org.springframework.boot.test.autoconfigure.web.client.MockRestServiceServerResetTestExecutionListener@5f5ac9cc, org.springframework.boot.test.autoconfigure.web.servlet.MockMvcPrintOnlyOnFailureTestExecutionListener@7e358883, org.springframework.boot.test.autoconfigure.web.servlet.WebDriverTestExecutionListener@37df5dfa, org.springframework.boot.test.mock.mockito.ResetMocksTestExecutionListener@70754788]
2018-08-01 22:14:07.012  INFO 70225 --- [    Test worker] s.c.a.AnnotationConfigApplicationContext : Refreshing org.springframework.context.annotation.AnnotationConfigApplicationContext@6185555f: startup date [Wed Aug 01 22:14:07 CDT 2018]; root of context hierarchy
2018-08-01 22:14:07.039  INFO 70225 --- [    Test worker] f.a.AutowiredAnnotationBeanPostProcessor : JSR-330 'javax.inject.Inject' annotation found and supported for autowiring
2018-08-01 22:14:07.062  INFO 70225 --- [    Test worker] trationDelegate$BeanPostProcessorChecker : Bean 'configurationPropertiesRebinderAutoConfiguration' of type [org.springframework.cloud.autoconfigure.ConfigurationPropertiesRebinderAutoConfiguration$$EnhancerBySpringCGLIB$$d49026de] is not eligible for getting processed by all BeanPostProcessors (for example: not eligible for auto-proxying)

  .   ____          _            __ _ _
 /\\ / ___'_ __ _ _(_)_ __  __ _ \ \ \ \
( ( )\___ | '_ | '_| | '_ \/ _` | \ \ \ \
 \\/  ___)| |_)| | | | | || (_| |  ) ) ) )
  '  |____| .__|_| |_|_| |_\__, | / / / /
 =========|_|==============|___/=/_/_/_/
 :: Spring Boot ::        (v2.0.3.RELEASE)

2018-08-01 22:14:07.137  INFO 70225 --- [    Test worker] c.j.a.e.a.c.AccountControllerTest        : No active profile set, falling back to default profiles: default
2018-08-01 22:14:07.139  INFO 70225 --- [    Test worker] o.s.w.c.s.GenericWebApplicationContext   : Refreshing org.springframework.web.context.support.GenericWebApplicationContext@4ca8fbb8: startup date [Wed Aug 01 22:14:07 CDT 2018]; parent: org.springframework.context.annotation.AnnotationConfigApplicationContext@6185555f
2018-08-01 22:14:07.280  INFO 70225 --- [    Test worker] f.a.AutowiredAnnotationBeanPostProcessor : JSR-330 'javax.inject.Inject' annotation found and supported for autowiring
2018-08-01 22:14:07.442  INFO 70225 --- [    Test worker] o.s.w.s.handler.SimpleUrlHandlerMapping  : Mapped URL path [/**/favicon.ico] onto handler of type [class org.springframework.web.servlet.resource.ResourceHttpRequestHandler]
2018-08-01 22:14:07.507  INFO 70225 --- [    Test worker] s.w.s.m.m.a.RequestMappingHandlerAdapter : Looking for @ControllerAdvice: org.springframework.web.context.support.GenericWebApplicationContext@4ca8fbb8: startup date [Wed Aug 01 22:14:07 CDT 2018]; parent: org.springframework.context.annotation.AnnotationConfigApplicationContext@6185555f
2018-08-01 22:14:07.522  INFO 70225 --- [    Test worker] s.w.s.m.m.a.RequestMappingHandlerMapping : Mapped "{[/error]}" onto public org.springframework.http.ResponseEntity<java.util.Map<java.lang.String, java.lang.Object>> org.springframework.boot.autoconfigure.web.servlet.error.BasicErrorController.error(javax.servlet.http.HttpServletRequest)
2018-08-01 22:14:07.522  INFO 70225 --- [    Test worker] s.w.s.m.m.a.RequestMappingHandlerMapping : Mapped "{[/error],produces=[text/html]}" onto public org.springframework.web.servlet.ModelAndView org.springframework.boot.autoconfigure.web.servlet.error.BasicErrorController.errorHtml(javax.servlet.http.HttpServletRequest,javax.servlet.http.HttpServletResponse)
2018-08-01 22:14:07.540  INFO 70225 --- [    Test worker] o.s.w.s.handler.SimpleUrlHandlerMapping  : Mapped URL path [/webjars/**] onto handler of type [class org.springframework.web.servlet.resource.ResourceHttpRequestHandler]
2018-08-01 22:14:07.541  INFO 70225 --- [    Test worker] o.s.w.s.handler.SimpleUrlHandlerMapping  : Mapped URL path [/**] onto handler of type [class org.springframework.web.servlet.resource.ResourceHttpRequestHandler]
2018-08-01 22:14:07.683  INFO 70225 --- [    Test worker] .s.s.UserDetailsServiceAutoConfiguration : 

Using generated security password: 6c82df88-7015-4bac-8753-e08650fef099

2018-08-01 22:14:07.741  INFO 70225 --- [    Test worker] o.s.s.web.DefaultSecurityFilterChain     : Creating filter chain: org.springframework.security.web.util.matcher.AnyRequestMatcher@1, [org.springframework.security.web.context.request.async.WebAsyncManagerIntegrationFilter@48df1c15, org.springframework.security.web.context.SecurityContextPersistenceFilter@64bda98, org.springframework.security.web.header.HeaderWriterFilter@13ed2216, org.springframework.security.web.authentication.logout.LogoutFilter@35f6dbd7, org.springframework.security.web.savedrequest.RequestCacheAwareFilter@6ebbbc22, org.springframework.security.web.servletapi.SecurityContextHolderAwareRequestFilter@143cde71, org.springframework.security.web.authentication.AnonymousAuthenticationFilter@53827876, org.springframework.security.web.session.SessionManagementFilter@6949044d, org.springframework.security.web.access.ExceptionTranslationFilter@c2c968d, org.springframework.security.web.access.intercept.FilterSecurityInterceptor@2fce6f17]
2018-08-01 22:14:07.759  INFO 70225 --- [    Test worker] o.s.b.t.m.w.SpringBootMockServletContext : Initializing Spring FrameworkServlet ''
2018-08-01 22:14:07.759  INFO 70225 --- [    Test worker] o.s.t.web.servlet.TestDispatcherServlet  : FrameworkServlet '': initialization started
2018-08-01 22:14:07.773  INFO 70225 --- [    Test worker] o.s.t.web.servlet.TestDispatcherServlet  : FrameworkServlet '': initialization completed in 14 ms
2018-08-01 22:14:07.796  INFO 70225 --- [    Test worker] c.j.a.e.a.c.AccountControllerTest        : Started AccountControllerTest in 0.853 seconds (JVM running for 9.479)
2018-08-01 22:14:07.814  INFO 70225 --- [    Test worker] s.w.s.m.m.a.RequestMappingHandlerMapping : Mapped "{[/accounts/{id}],methods=[PUT]}" onto public com.jpa.amazon.ecommerce.accounts.domain.Account com.jpa.amazon.ecommerce.accounts.controller.AccountController.update(java.lang.Long,com.jpa.amazon.ecommerce.accounts.domain.Account)
2018-08-01 22:14:07.814  INFO 70225 --- [    Test worker] s.w.s.m.m.a.RequestMappingHandlerMapping : Mapped "{[/accounts/{id}],methods=[DELETE]}" onto public void com.jpa.amazon.ecommerce.accounts.controller.AccountController.delete(java.lang.Long)
2018-08-01 22:14:07.814  INFO 70225 --- [    Test worker] s.w.s.m.m.a.RequestMappingHandlerMapping : Mapped "{[/accounts],methods=[POST]}" onto public com.jpa.amazon.ecommerce.accounts.domain.Account com.jpa.amazon.ecommerce.accounts.controller.AccountController.create(com.jpa.amazon.ecommerce.accounts.domain.Account)
2018-08-01 22:14:07.815  INFO 70225 --- [    Test worker] s.w.s.m.m.a.RequestMappingHandlerMapping : Mapped "{[/accounts/{id}],methods=[GET]}" onto public com.jpa.amazon.ecommerce.accounts.domain.Account com.jpa.amazon.ecommerce.accounts.controller.AccountController.getById(java.lang.Long)
2018-08-01 22:14:07.815  INFO 70225 --- [    Test worker] s.w.s.m.m.a.RequestMappingHandlerMapping : Mapped "{[/accounts],methods=[GET]}" onto public java.lang.Iterable<com.jpa.amazon.ecommerce.accounts.domain.Account> com.jpa.amazon.ecommerce.accounts.controller.AccountController.getAll()
2018-08-01 22:14:07.825  INFO 70225 --- [    Test worker] s.w.s.m.m.a.RequestMappingHandlerAdapter : Looking for @ControllerAdvice: org.springframework.test.web.servlet.setup.StubWebApplicationContext@3bf93926
2018-08-01 22:14:07.827  INFO 70225 --- [    Test worker] o.s.mock.web.MockServletContext          : Initializing Spring FrameworkServlet ''
2018-08-01 22:14:07.827  INFO 70225 --- [    Test worker] o.s.t.web.servlet.TestDispatcherServlet  : FrameworkServlet '': initialization started
2018-08-01 22:14:07.828  INFO 70225 --- [    Test worker] o.s.t.web.servlet.TestDispatcherServlet  : FrameworkServlet '': initialization completed in 1 ms

MockHttpServletRequest:
      HTTP Method = POST
      Request URI = /accounts
       Parameters = {}
          Headers = {Content-Type=[application/json]}
             Body = <no character encoding set>
    Session Attrs = {}

Handler:
             Type = com.jpa.amazon.ecommerce.accounts.controller.AccountController
           Method = public com.jpa.amazon.ecommerce.accounts.domain.Account com.jpa.amazon.ecommerce.accounts.controller.AccountController.create(com.jpa.amazon.ecommerce.accounts.domain.Account)

Async:
    Async started = false
     Async result = null

Resolved Exception:
             Type = null

ModelAndView:
        View name = null
             View = null
            Model = null

FlashMap:
       Attributes = null

MockHttpServletResponse:
           Status = 201
    Error message = null
          Headers = {}
     Content type = null
             Body = 
    Forwarded URL = null
   Redirected URL = null
          Cookies = []
2018-08-01 22:14:07.976  INFO 70225 --- [    Test worker] s.w.s.m.m.a.RequestMappingHandlerMapping : Mapped "{[/accounts/{id}],methods=[PUT]}" onto public com.jpa.amazon.ecommerce.accounts.domain.Account com.jpa.amazon.ecommerce.accounts.controller.AccountController.update(java.lang.Long,com.jpa.amazon.ecommerce.accounts.domain.Account)
2018-08-01 22:14:07.977  INFO 70225 --- [    Test worker] s.w.s.m.m.a.RequestMappingHandlerMapping : Mapped "{[/accounts/{id}],methods=[DELETE]}" onto public void com.jpa.amazon.ecommerce.accounts.controller.AccountController.delete(java.lang.Long)
2018-08-01 22:14:07.977  INFO 70225 --- [    Test worker] s.w.s.m.m.a.RequestMappingHandlerMapping : Mapped "{[/accounts],methods=[POST]}" onto public com.jpa.amazon.ecommerce.accounts.domain.Account com.jpa.amazon.ecommerce.accounts.controller.AccountController.create(com.jpa.amazon.ecommerce.accounts.domain.Account)
2018-08-01 22:14:07.978  INFO 70225 --- [    Test worker] s.w.s.m.m.a.RequestMappingHandlerMapping : Mapped "{[/accounts/{id}],methods=[GET]}" onto public com.jpa.amazon.ecommerce.accounts.domain.Account com.jpa.amazon.ecommerce.accounts.controller.AccountController.getById(java.lang.Long)
2018-08-01 22:14:07.978  INFO 70225 --- [    Test worker] s.w.s.m.m.a.RequestMappingHandlerMapping : Mapped "{[/accounts],methods=[GET]}" onto public java.lang.Iterable<com.jpa.amazon.ecommerce.accounts.domain.Account> com.jpa.amazon.ecommerce.accounts.controller.AccountController.getAll()
2018-08-01 22:14:07.989  INFO 70225 --- [    Test worker] s.w.s.m.m.a.RequestMappingHandlerAdapter : Looking for @ControllerAdvice: org.springframework.test.web.servlet.setup.StubWebApplicationContext@13a74502
2018-08-01 22:14:07.990  INFO 70225 --- [    Test worker] o.s.mock.web.MockServletContext          : Initializing Spring FrameworkServlet ''
2018-08-01 22:14:07.990  INFO 70225 --- [    Test worker] o.s.t.web.servlet.TestDispatcherServlet  : FrameworkServlet '': initialization started
2018-08-01 22:14:07.991  INFO 70225 --- [    Test worker] o.s.t.web.servlet.TestDispatcherServlet  : FrameworkServlet '': initialization completed in 0 ms

MockHttpServletRequest:
      HTTP Method = PUT
      Request URI = /accounts/2
       Parameters = {}
          Headers = {Content-Type=[application/json]}
             Body = <no character encoding set>
    Session Attrs = {}

Handler:
             Type = com.jpa.amazon.ecommerce.accounts.controller.AccountController
           Method = public com.jpa.amazon.ecommerce.accounts.domain.Account com.jpa.amazon.ecommerce.accounts.controller.AccountController.update(java.lang.Long,com.jpa.amazon.ecommerce.accounts.domain.Account)

Async:
    Async started = false
     Async result = null

Resolved Exception:
             Type = null

ModelAndView:
        View name = null
             View = null
            Model = null

FlashMap:
       Attributes = null

MockHttpServletResponse:
           Status = 200
    Error message = null
          Headers = {}
     Content type = null
             Body = 
    Forwarded URL = null
   Redirected URL = null
          Cookies = []
2018-08-01 22:14:08.020  INFO 70225 --- [    Test worker] s.w.s.m.m.a.RequestMappingHandlerMapping : Mapped "{[/accounts/{id}],methods=[PUT]}" onto public com.jpa.amazon.ecommerce.accounts.domain.Account com.jpa.amazon.ecommerce.accounts.controller.AccountController.update(java.lang.Long,com.jpa.amazon.ecommerce.accounts.domain.Account)
2018-08-01 22:14:08.020  INFO 70225 --- [    Test worker] s.w.s.m.m.a.RequestMappingHandlerMapping : Mapped "{[/accounts/{id}],methods=[DELETE]}" onto public void com.jpa.amazon.ecommerce.accounts.controller.AccountController.delete(java.lang.Long)
2018-08-01 22:14:08.020  INFO 70225 --- [    Test worker] s.w.s.m.m.a.RequestMappingHandlerMapping : Mapped "{[/accounts],methods=[POST]}" onto public com.jpa.amazon.ecommerce.accounts.domain.Account com.jpa.amazon.ecommerce.accounts.controller.AccountController.create(com.jpa.amazon.ecommerce.accounts.domain.Account)
2018-08-01 22:14:08.021  INFO 70225 --- [    Test worker] s.w.s.m.m.a.RequestMappingHandlerMapping : Mapped "{[/accounts/{id}],methods=[GET]}" onto public com.jpa.amazon.ecommerce.accounts.domain.Account com.jpa.amazon.ecommerce.accounts.controller.AccountController.getById(java.lang.Long)
2018-08-01 22:14:08.021  INFO 70225 --- [    Test worker] s.w.s.m.m.a.RequestMappingHandlerMapping : Mapped "{[/accounts],methods=[GET]}" onto public java.lang.Iterable<com.jpa.amazon.ecommerce.accounts.domain.Account> com.jpa.amazon.ecommerce.accounts.controller.AccountController.getAll()
2018-08-01 22:14:08.028  INFO 70225 --- [    Test worker] s.w.s.m.m.a.RequestMappingHandlerAdapter : Looking for @ControllerAdvice: org.springframework.test.web.servlet.setup.StubWebApplicationContext@5b987a7a
2018-08-01 22:14:08.031  INFO 70225 --- [    Test worker] o.s.mock.web.MockServletContext          : Initializing Spring FrameworkServlet ''
2018-08-01 22:14:08.031  INFO 70225 --- [    Test worker] o.s.t.web.servlet.TestDispatcherServlet  : FrameworkServlet '': initialization started
2018-08-01 22:14:08.031  INFO 70225 --- [    Test worker] o.s.t.web.servlet.TestDispatcherServlet  : FrameworkServlet '': initialization completed in 0 ms

MockHttpServletRequest:
      HTTP Method = GET
      Request URI = /accounts
       Parameters = {}
          Headers = {}
             Body = <no character encoding set>
    Session Attrs = {}

Handler:
             Type = com.jpa.amazon.ecommerce.accounts.controller.AccountController
           Method = public java.lang.Iterable<com.jpa.amazon.ecommerce.accounts.domain.Account> com.jpa.amazon.ecommerce.accounts.controller.AccountController.getAll()

Async:
    Async started = false
     Async result = null

Resolved Exception:
             Type = null

ModelAndView:
        View name = null
             View = null
            Model = null

FlashMap:
       Attributes = null

MockHttpServletResponse:
           Status = 200
    Error message = null
          Headers = {Content-Type=[application/json;charset=UTF-8]}
     Content type = application/json;charset=UTF-8
             Body = []
    Forwarded URL = null
   Redirected URL = null
          Cookies = []
2018-08-01 22:14:08.046  INFO 70225 --- [    Test worker] s.w.s.m.m.a.RequestMappingHandlerMapping : Mapped "{[/accounts/{id}],methods=[PUT]}" onto public com.jpa.amazon.ecommerce.accounts.domain.Account com.jpa.amazon.ecommerce.accounts.controller.AccountController.update(java.lang.Long,com.jpa.amazon.ecommerce.accounts.domain.Account)
2018-08-01 22:14:08.046  INFO 70225 --- [    Test worker] s.w.s.m.m.a.RequestMappingHandlerMapping : Mapped "{[/accounts/{id}],methods=[DELETE]}" onto public void com.jpa.amazon.ecommerce.accounts.controller.AccountController.delete(java.lang.Long)
2018-08-01 22:14:08.047  INFO 70225 --- [    Test worker] s.w.s.m.m.a.RequestMappingHandlerMapping : Mapped "{[/accounts],methods=[POST]}" onto public com.jpa.amazon.ecommerce.accounts.domain.Account com.jpa.amazon.ecommerce.accounts.controller.AccountController.create(com.jpa.amazon.ecommerce.accounts.domain.Account)
2018-08-01 22:14:08.047  INFO 70225 --- [    Test worker] s.w.s.m.m.a.RequestMappingHandlerMapping : Mapped "{[/accounts/{id}],methods=[GET]}" onto public com.jpa.amazon.ecommerce.accounts.domain.Account com.jpa.amazon.ecommerce.accounts.controller.AccountController.getById(java.lang.Long)
2018-08-01 22:14:08.047  INFO 70225 --- [    Test worker] s.w.s.m.m.a.RequestMappingHandlerMapping : Mapped "{[/accounts],methods=[GET]}" onto public java.lang.Iterable<com.jpa.amazon.ecommerce.accounts.domain.Account> com.jpa.amazon.ecommerce.accounts.controller.AccountController.getAll()
2018-08-01 22:14:08.056  INFO 70225 --- [    Test worker] s.w.s.m.m.a.RequestMappingHandlerAdapter : Looking for @ControllerAdvice: org.springframework.test.web.servlet.setup.StubWebApplicationContext@3616c37a
2018-08-01 22:14:08.058  INFO 70225 --- [    Test worker] o.s.mock.web.MockServletContext          : Initializing Spring FrameworkServlet ''
2018-08-01 22:14:08.058  INFO 70225 --- [    Test worker] o.s.t.web.servlet.TestDispatcherServlet  : FrameworkServlet '': initialization started
2018-08-01 22:14:08.058  INFO 70225 --- [    Test worker] o.s.t.web.servlet.TestDispatcherServlet  : FrameworkServlet '': initialization completed in 0 ms
2018-08-01 22:14:08.066  INFO 70225 --- [    Test worker] s.w.s.m.m.a.RequestMappingHandlerMapping : Mapped "{[/accounts/{id}],methods=[PUT]}" onto public com.jpa.amazon.ecommerce.accounts.domain.Account com.jpa.amazon.ecommerce.accounts.controller.AccountController.update(java.lang.Long,com.jpa.amazon.ecommerce.accounts.domain.Account)
2018-08-01 22:14:08.066  INFO 70225 --- [    Test worker] s.w.s.m.m.a.RequestMappingHandlerMapping : Mapped "{[/accounts/{id}],methods=[DELETE]}" onto public void com.jpa.amazon.ecommerce.accounts.controller.AccountController.delete(java.lang.Long)
2018-08-01 22:14:08.066  INFO 70225 --- [    Test worker] s.w.s.m.m.a.RequestMappingHandlerMapping : Mapped "{[/accounts],methods=[POST]}" onto public com.jpa.amazon.ecommerce.accounts.domain.Account com.jpa.amazon.ecommerce.accounts.controller.AccountController.create(com.jpa.amazon.ecommerce.accounts.domain.Account)
2018-08-01 22:14:08.066  INFO 70225 --- [    Test worker] s.w.s.m.m.a.RequestMappingHandlerMapping : Mapped "{[/accounts/{id}],methods=[GET]}" onto public com.jpa.amazon.ecommerce.accounts.domain.Account com.jpa.amazon.ecommerce.accounts.controller.AccountController.getById(java.lang.Long)
2018-08-01 22:14:08.067  INFO 70225 --- [    Test worker] s.w.s.m.m.a.RequestMappingHandlerMapping : Mapped "{[/accounts],methods=[GET]}" onto public java.lang.Iterable<com.jpa.amazon.ecommerce.accounts.domain.Account> com.jpa.amazon.ecommerce.accounts.controller.AccountController.getAll()
2018-08-01 22:14:08.073  INFO 70225 --- [    Test worker] s.w.s.m.m.a.RequestMappingHandlerAdapter : Looking for @ControllerAdvice: org.springframework.test.web.servlet.setup.StubWebApplicationContext@78a098d4
2018-08-01 22:14:08.076  INFO 70225 --- [    Test worker] o.s.mock.web.MockServletContext          : Initializing Spring FrameworkServlet ''
2018-08-01 22:14:08.076  INFO 70225 --- [    Test worker] o.s.t.web.servlet.TestDispatcherServlet  : FrameworkServlet '': initialization started
2018-08-01 22:14:08.076  INFO 70225 --- [    Test worker] o.s.t.web.servlet.TestDispatcherServlet  : FrameworkServlet '': initialization completed in 0 ms
]]></system-out>
  <system-err><![CDATA[]]></system-err>
</testsuite>
