<?xml version="1.0" encoding="UTF-8"?>
<testsuite name="com.jpa.amazon.ecommerce.accounts.controller.AddressControllerTest" tests="5" skipped="0" failures="0" errors="0" timestamp="2018-07-31T15:39:10" hostname="Rohan-Grovers-MacBook-Pro.local" time="0.096">
  <properties/>
  <testcase name="testCreateAddress" classname="com.jpa.amazon.ecommerce.accounts.controller.AddressControllerTest" time="0.024"/>
  <testcase name="testGetAllAddresses" classname="com.jpa.amazon.ecommerce.accounts.controller.AddressControllerTest" time="0.017"/>
  <testcase name="testUpdateAddress" classname="com.jpa.amazon.ecommerce.accounts.controller.AddressControllerTest" time="0.019"/>
  <testcase name="testDeleteAccount" classname="com.jpa.amazon.ecommerce.accounts.controller.AddressControllerTest" time="0.015"/>
  <testcase name="testGetAddressById" classname="com.jpa.amazon.ecommerce.accounts.controller.AddressControllerTest" time="0.018"/>
  <system-out><![CDATA[2018-07-31 10:39:10.068  INFO 8566 --- [    Test worker] o.s.t.c.support.AbstractContextLoader    : Could not detect default resource locations for test class [com.jpa.amazon.ecommerce.accounts.controller.AddressControllerTest]: no resource found for suffixes {-context.xml, Context.groovy}.
2018-07-31 10:39:10.071  INFO 8566 --- [    Test worker] .b.t.a.w.s.WebMvcTestContextBootstrapper : Loaded default TestExecutionListener class names from location [META-INF/spring.factories]: [org.springframework.boot.test.autoconfigure.restdocs.RestDocsTestExecutionListener, org.springframework.boot.test.autoconfigure.web.client.MockRestServiceServerResetTestExecutionListener, org.springframework.boot.test.autoconfigure.web.servlet.MockMvcPrintOnlyOnFailureTestExecutionListener, org.springframework.boot.test.autoconfigure.web.servlet.WebDriverTestExecutionListener, org.springframework.boot.test.mock.mockito.MockitoTestExecutionListener, org.springframework.boot.test.mock.mockito.ResetMocksTestExecutionListener, org.springframework.test.context.web.ServletTestExecutionListener, org.springframework.test.context.support.DirtiesContextBeforeModesTestExecutionListener, org.springframework.test.context.support.DependencyInjectionTestExecutionListener, org.springframework.test.context.support.DirtiesContextTestExecutionListener, org.springframework.test.context.transaction.TransactionalTestExecutionListener, org.springframework.test.context.jdbc.SqlScriptsTestExecutionListener]
2018-07-31 10:39:10.071  INFO 8566 --- [    Test worker] .b.t.a.w.s.WebMvcTestContextBootstrapper : Using TestExecutionListeners: [org.springframework.test.context.web.ServletTestExecutionListener@36589efa, org.springframework.test.context.support.DirtiesContextBeforeModesTestExecutionListener@46587323, org.springframework.boot.test.mock.mockito.MockitoTestExecutionListener@1e5172cb, org.springframework.boot.test.autoconfigure.SpringBootDependencyInjectionTestExecutionListener@7931fea7, org.springframework.test.context.support.DirtiesContextTestExecutionListener@b6c1035, org.springframework.test.context.transaction.TransactionalTestExecutionListener@e28ab10, org.springframework.test.context.jdbc.SqlScriptsTestExecutionListener@1b7a4734, org.springframework.boot.test.autoconfigure.restdocs.RestDocsTestExecutionListener@6d48563a, org.springframework.boot.test.autoconfigure.web.client.MockRestServiceServerResetTestExecutionListener@64e0e1e, org.springframework.boot.test.autoconfigure.web.servlet.MockMvcPrintOnlyOnFailureTestExecutionListener@4d7545ec, org.springframework.boot.test.autoconfigure.web.servlet.WebDriverTestExecutionListener@47ff891, org.springframework.boot.test.mock.mockito.ResetMocksTestExecutionListener@2ba997a2]
2018-07-31 10:39:10.150  INFO 8566 --- [    Test worker] s.c.a.AnnotationConfigApplicationContext : Refreshing org.springframework.context.annotation.AnnotationConfigApplicationContext@7cecbb8c: startup date [Tue Jul 31 10:39:10 CDT 2018]; root of context hierarchy
2018-07-31 10:39:10.165  INFO 8566 --- [    Test worker] f.a.AutowiredAnnotationBeanPostProcessor : JSR-330 'javax.inject.Inject' annotation found and supported for autowiring
2018-07-31 10:39:10.183  INFO 8566 --- [    Test worker] trationDelegate$BeanPostProcessorChecker : Bean 'configurationPropertiesRebinderAutoConfiguration' of type [org.springframework.cloud.autoconfigure.ConfigurationPropertiesRebinderAutoConfiguration$$EnhancerBySpringCGLIB$$db15f230] is not eligible for getting processed by all BeanPostProcessors (for example: not eligible for auto-proxying)

  .   ____          _            __ _ _
 /\\ / ___'_ __ _ _(_)_ __  __ _ \ \ \ \
( ( )\___ | '_ | '_| | '_ \/ _` | \ \ \ \
 \\/  ___)| |_)| | | | | || (_| |  ) ) ) )
  '  |____| .__|_| |_|_| |_\__, | / / / /
 =========|_|==============|___/=/_/_/_/
 :: Spring Boot ::        (v2.0.3.RELEASE)

2018-07-31 10:39:10.229  INFO 8566 --- [    Test worker] c.j.a.e.a.c.AddressControllerTest        : No active profile set, falling back to default profiles: default
2018-07-31 10:39:10.230  INFO 8566 --- [    Test worker] o.s.w.c.s.GenericWebApplicationContext   : Refreshing org.springframework.web.context.support.GenericWebApplicationContext@4d17e5: startup date [Tue Jul 31 10:39:10 CDT 2018]; parent: org.springframework.context.annotation.AnnotationConfigApplicationContext@7cecbb8c
2018-07-31 10:39:10.310  INFO 8566 --- [    Test worker] f.a.AutowiredAnnotationBeanPostProcessor : JSR-330 'javax.inject.Inject' annotation found and supported for autowiring
2018-07-31 10:39:10.415  INFO 8566 --- [    Test worker] o.s.w.s.handler.SimpleUrlHandlerMapping  : Mapped URL path [/**/favicon.ico] onto handler of type [class org.springframework.web.servlet.resource.ResourceHttpRequestHandler]
2018-07-31 10:39:10.472  INFO 8566 --- [    Test worker] s.w.s.m.m.a.RequestMappingHandlerAdapter : Looking for @ControllerAdvice: org.springframework.web.context.support.GenericWebApplicationContext@4d17e5: startup date [Tue Jul 31 10:39:10 CDT 2018]; parent: org.springframework.context.annotation.AnnotationConfigApplicationContext@7cecbb8c
2018-07-31 10:39:10.485  INFO 8566 --- [    Test worker] s.w.s.m.m.a.RequestMappingHandlerMapping : Mapped "{[/error]}" onto public org.springframework.http.ResponseEntity<java.util.Map<java.lang.String, java.lang.Object>> org.springframework.boot.autoconfigure.web.servlet.error.BasicErrorController.error(javax.servlet.http.HttpServletRequest)
2018-07-31 10:39:10.485  INFO 8566 --- [    Test worker] s.w.s.m.m.a.RequestMappingHandlerMapping : Mapped "{[/error],produces=[text/html]}" onto public org.springframework.web.servlet.ModelAndView org.springframework.boot.autoconfigure.web.servlet.error.BasicErrorController.errorHtml(javax.servlet.http.HttpServletRequest,javax.servlet.http.HttpServletResponse)
2018-07-31 10:39:10.499  INFO 8566 --- [    Test worker] o.s.w.s.handler.SimpleUrlHandlerMapping  : Mapped URL path [/webjars/**] onto handler of type [class org.springframework.web.servlet.resource.ResourceHttpRequestHandler]
2018-07-31 10:39:10.499  INFO 8566 --- [    Test worker] o.s.w.s.handler.SimpleUrlHandlerMapping  : Mapped URL path [/**] onto handler of type [class org.springframework.web.servlet.resource.ResourceHttpRequestHandler]
2018-07-31 10:39:10.639  INFO 8566 --- [    Test worker] .s.s.UserDetailsServiceAutoConfiguration : 

Using generated security password: 8e4d98a0-088d-4894-949d-9a1c8693ee69

2018-07-31 10:39:10.687  INFO 8566 --- [    Test worker] o.s.s.web.DefaultSecurityFilterChain     : Creating filter chain: org.springframework.security.web.util.matcher.AnyRequestMatcher@1, [org.springframework.security.web.context.request.async.WebAsyncManagerIntegrationFilter@1a004174, org.springframework.security.web.context.SecurityContextPersistenceFilter@2f00f963, org.springframework.security.web.header.HeaderWriterFilter@2b123cb, org.springframework.security.web.authentication.logout.LogoutFilter@2ee15ac1, org.springframework.security.web.savedrequest.RequestCacheAwareFilter@6b5a936, org.springframework.security.web.servletapi.SecurityContextHolderAwareRequestFilter@d117d50, org.springframework.security.web.authentication.AnonymousAuthenticationFilter@1b5714d4, org.springframework.security.web.session.SessionManagementFilter@4dfdc5c6, org.springframework.security.web.access.ExceptionTranslationFilter@30d339ec, org.springframework.security.web.access.intercept.FilterSecurityInterceptor@fbbf391]
2018-07-31 10:39:10.695  INFO 8566 --- [    Test worker] o.s.b.t.m.w.SpringBootMockServletContext : Initializing Spring FrameworkServlet ''
2018-07-31 10:39:10.695  INFO 8566 --- [    Test worker] o.s.t.web.servlet.TestDispatcherServlet  : FrameworkServlet '': initialization started
2018-07-31 10:39:10.703  INFO 8566 --- [    Test worker] o.s.t.web.servlet.TestDispatcherServlet  : FrameworkServlet '': initialization completed in 8 ms
2018-07-31 10:39:10.719  INFO 8566 --- [    Test worker] c.j.a.e.a.c.AddressControllerTest        : Started AddressControllerTest in 0.619 seconds (JVM running for 10.401)
2018-07-31 10:39:10.728  INFO 8566 --- [    Test worker] s.w.s.m.m.a.RequestMappingHandlerMapping : Mapped "{[/accounts/{id}/address/{address_id}],methods=[PUT]}" onto public com.jpa.amazon.ecommerce.accounts.domain.Address com.jpa.amazon.ecommerce.accounts.controller.AddressController.update(java.lang.Long,java.lang.Long,com.jpa.amazon.ecommerce.accounts.domain.Address)
2018-07-31 10:39:10.729  INFO 8566 --- [    Test worker] s.w.s.m.m.a.RequestMappingHandlerMapping : Mapped "{[/accounts/{id}/address/{address_id}],methods=[DELETE]}" onto public void com.jpa.amazon.ecommerce.accounts.controller.AddressController.delete(java.lang.Long,java.lang.Long)
2018-07-31 10:39:10.729  INFO 8566 --- [    Test worker] s.w.s.m.m.a.RequestMappingHandlerMapping : Mapped "{[/accounts/{id}/address],methods=[POST]}" onto public com.jpa.amazon.ecommerce.accounts.domain.Address com.jpa.amazon.ecommerce.accounts.controller.AddressController.create(com.jpa.amazon.ecommerce.accounts.domain.Address,java.lang.Long)
2018-07-31 10:39:10.729  INFO 8566 --- [    Test worker] s.w.s.m.m.a.RequestMappingHandlerMapping : Mapped "{[/accounts/{id}/address/{address_id}],methods=[GET]}" onto public com.jpa.amazon.ecommerce.accounts.domain.Address com.jpa.amazon.ecommerce.accounts.controller.AddressController.getById(java.lang.Long,java.lang.Long)
2018-07-31 10:39:10.729  INFO 8566 --- [    Test worker] s.w.s.m.m.a.RequestMappingHandlerMapping : Mapped "{[/accounts/{id}/address],methods=[GET]}" onto public java.lang.Iterable<com.jpa.amazon.ecommerce.accounts.domain.Address> com.jpa.amazon.ecommerce.accounts.controller.AddressController.getAllByAccountId(java.lang.Long)
2018-07-31 10:39:10.737  INFO 8566 --- [    Test worker] s.w.s.m.m.a.RequestMappingHandlerAdapter : Looking for @ControllerAdvice: org.springframework.test.web.servlet.setup.StubWebApplicationContext@4877e42e
2018-07-31 10:39:10.739  INFO 8566 --- [    Test worker] o.s.mock.web.MockServletContext          : Initializing Spring FrameworkServlet ''
2018-07-31 10:39:10.739  INFO 8566 --- [    Test worker] o.s.t.web.servlet.TestDispatcherServlet  : FrameworkServlet '': initialization started
2018-07-31 10:39:10.740  INFO 8566 --- [    Test worker] o.s.t.web.servlet.TestDispatcherServlet  : FrameworkServlet '': initialization completed in 0 ms

MockHttpServletRequest:
      HTTP Method = POST
      Request URI = /accounts/1/address
       Parameters = {}
          Headers = {Content-Type=[application/json]}
             Body = <no character encoding set>
    Session Attrs = {}

Handler:
             Type = com.jpa.amazon.ecommerce.accounts.controller.AddressController
           Method = public com.jpa.amazon.ecommerce.accounts.domain.Address com.jpa.amazon.ecommerce.accounts.controller.AddressController.create(com.jpa.amazon.ecommerce.accounts.domain.Address,java.lang.Long)

Async:
    Async started = false
     Async result = null

Resolved Exception:
             Type = null

ModelAndView:
        View name = null
             View = null
            Model = null

FlashMap:
       Attributes = null

MockHttpServletResponse:
           Status = 201
    Error message = null
          Headers = {}
     Content type = null
             Body = 
    Forwarded URL = null
   Redirected URL = null
          Cookies = []
2018-07-31 10:39:10.750  INFO 8566 --- [    Test worker] s.w.s.m.m.a.RequestMappingHandlerMapping : Mapped "{[/accounts/{id}/address/{address_id}],methods=[PUT]}" onto public com.jpa.amazon.ecommerce.accounts.domain.Address com.jpa.amazon.ecommerce.accounts.controller.AddressController.update(java.lang.Long,java.lang.Long,com.jpa.amazon.ecommerce.accounts.domain.Address)
2018-07-31 10:39:10.750  INFO 8566 --- [    Test worker] s.w.s.m.m.a.RequestMappingHandlerMapping : Mapped "{[/accounts/{id}/address/{address_id}],methods=[DELETE]}" onto public void com.jpa.amazon.ecommerce.accounts.controller.AddressController.delete(java.lang.Long,java.lang.Long)
2018-07-31 10:39:10.750  INFO 8566 --- [    Test worker] s.w.s.m.m.a.RequestMappingHandlerMapping : Mapped "{[/accounts/{id}/address],methods=[POST]}" onto public com.jpa.amazon.ecommerce.accounts.domain.Address com.jpa.amazon.ecommerce.accounts.controller.AddressController.create(com.jpa.amazon.ecommerce.accounts.domain.Address,java.lang.Long)
2018-07-31 10:39:10.750  INFO 8566 --- [    Test worker] s.w.s.m.m.a.RequestMappingHandlerMapping : Mapped "{[/accounts/{id}/address/{address_id}],methods=[GET]}" onto public com.jpa.amazon.ecommerce.accounts.domain.Address com.jpa.amazon.ecommerce.accounts.controller.AddressController.getById(java.lang.Long,java.lang.Long)
2018-07-31 10:39:10.750  INFO 8566 --- [    Test worker] s.w.s.m.m.a.RequestMappingHandlerMapping : Mapped "{[/accounts/{id}/address],methods=[GET]}" onto public java.lang.Iterable<com.jpa.amazon.ecommerce.accounts.domain.Address> com.jpa.amazon.ecommerce.accounts.controller.AddressController.getAllByAccountId(java.lang.Long)
2018-07-31 10:39:10.757  INFO 8566 --- [    Test worker] s.w.s.m.m.a.RequestMappingHandlerAdapter : Looking for @ControllerAdvice: org.springframework.test.web.servlet.setup.StubWebApplicationContext@6dbd930e
2018-07-31 10:39:10.759  INFO 8566 --- [    Test worker] o.s.mock.web.MockServletContext          : Initializing Spring FrameworkServlet ''
2018-07-31 10:39:10.759  INFO 8566 --- [    Test worker] o.s.t.web.servlet.TestDispatcherServlet  : FrameworkServlet '': initialization started
2018-07-31 10:39:10.759  INFO 8566 --- [    Test worker] o.s.t.web.servlet.TestDispatcherServlet  : FrameworkServlet '': initialization completed in 0 ms

MockHttpServletRequest:
      HTTP Method = GET
      Request URI = /accounts/1/address
       Parameters = {}
          Headers = {}
             Body = <no character encoding set>
    Session Attrs = {}

Handler:
             Type = com.jpa.amazon.ecommerce.accounts.controller.AddressController
           Method = public java.lang.Iterable<com.jpa.amazon.ecommerce.accounts.domain.Address> com.jpa.amazon.ecommerce.accounts.controller.AddressController.getAllByAccountId(java.lang.Long)

Async:
    Async started = false
     Async result = null

Resolved Exception:
             Type = null

ModelAndView:
        View name = null
             View = null
            Model = null

FlashMap:
       Attributes = null

MockHttpServletResponse:
           Status = 200
    Error message = null
          Headers = {Content-Type=[application/json;charset=UTF-8]}
     Content type = application/json;charset=UTF-8
             Body = []
    Forwarded URL = null
   Redirected URL = null
          Cookies = []
2018-07-31 10:39:10.767  INFO 8566 --- [    Test worker] s.w.s.m.m.a.RequestMappingHandlerMapping : Mapped "{[/accounts/{id}/address/{address_id}],methods=[PUT]}" onto public com.jpa.amazon.ecommerce.accounts.domain.Address com.jpa.amazon.ecommerce.accounts.controller.AddressController.update(java.lang.Long,java.lang.Long,com.jpa.amazon.ecommerce.accounts.domain.Address)
2018-07-31 10:39:10.767  INFO 8566 --- [    Test worker] s.w.s.m.m.a.RequestMappingHandlerMapping : Mapped "{[/accounts/{id}/address/{address_id}],methods=[DELETE]}" onto public void com.jpa.amazon.ecommerce.accounts.controller.AddressController.delete(java.lang.Long,java.lang.Long)
2018-07-31 10:39:10.768  INFO 8566 --- [    Test worker] s.w.s.m.m.a.RequestMappingHandlerMapping : Mapped "{[/accounts/{id}/address],methods=[POST]}" onto public com.jpa.amazon.ecommerce.accounts.domain.Address com.jpa.amazon.ecommerce.accounts.controller.AddressController.create(com.jpa.amazon.ecommerce.accounts.domain.Address,java.lang.Long)
2018-07-31 10:39:10.768  INFO 8566 --- [    Test worker] s.w.s.m.m.a.RequestMappingHandlerMapping : Mapped "{[/accounts/{id}/address/{address_id}],methods=[GET]}" onto public com.jpa.amazon.ecommerce.accounts.domain.Address com.jpa.amazon.ecommerce.accounts.controller.AddressController.getById(java.lang.Long,java.lang.Long)
2018-07-31 10:39:10.768  INFO 8566 --- [    Test worker] s.w.s.m.m.a.RequestMappingHandlerMapping : Mapped "{[/accounts/{id}/address],methods=[GET]}" onto public java.lang.Iterable<com.jpa.amazon.ecommerce.accounts.domain.Address> com.jpa.amazon.ecommerce.accounts.controller.AddressController.getAllByAccountId(java.lang.Long)
2018-07-31 10:39:10.775  INFO 8566 --- [    Test worker] s.w.s.m.m.a.RequestMappingHandlerAdapter : Looking for @ControllerAdvice: org.springframework.test.web.servlet.setup.StubWebApplicationContext@46b947de
2018-07-31 10:39:10.776  INFO 8566 --- [    Test worker] o.s.mock.web.MockServletContext          : Initializing Spring FrameworkServlet ''
2018-07-31 10:39:10.777  INFO 8566 --- [    Test worker] o.s.t.web.servlet.TestDispatcherServlet  : FrameworkServlet '': initialization started
2018-07-31 10:39:10.777  INFO 8566 --- [    Test worker] o.s.t.web.servlet.TestDispatcherServlet  : FrameworkServlet '': initialization completed in 0 ms

MockHttpServletRequest:
      HTTP Method = PUT
      Request URI = /accounts/1/address/2
       Parameters = {}
          Headers = {Content-Type=[application/json]}
             Body = <no character encoding set>
    Session Attrs = {}

Handler:
             Type = com.jpa.amazon.ecommerce.accounts.controller.AddressController
           Method = public com.jpa.amazon.ecommerce.accounts.domain.Address com.jpa.amazon.ecommerce.accounts.controller.AddressController.update(java.lang.Long,java.lang.Long,com.jpa.amazon.ecommerce.accounts.domain.Address)

Async:
    Async started = false
     Async result = null

Resolved Exception:
             Type = null

ModelAndView:
        View name = null
             View = null
            Model = null

FlashMap:
       Attributes = null

MockHttpServletResponse:
           Status = 200
    Error message = null
          Headers = {}
     Content type = null
             Body = 
    Forwarded URL = null
   Redirected URL = null
          Cookies = []
2018-07-31 10:39:10.787  INFO 8566 --- [    Test worker] s.w.s.m.m.a.RequestMappingHandlerMapping : Mapped "{[/accounts/{id}/address/{address_id}],methods=[PUT]}" onto public com.jpa.amazon.ecommerce.accounts.domain.Address com.jpa.amazon.ecommerce.accounts.controller.AddressController.update(java.lang.Long,java.lang.Long,com.jpa.amazon.ecommerce.accounts.domain.Address)
2018-07-31 10:39:10.787  INFO 8566 --- [    Test worker] s.w.s.m.m.a.RequestMappingHandlerMapping : Mapped "{[/accounts/{id}/address/{address_id}],methods=[DELETE]}" onto public void com.jpa.amazon.ecommerce.accounts.controller.AddressController.delete(java.lang.Long,java.lang.Long)
2018-07-31 10:39:10.787  INFO 8566 --- [    Test worker] s.w.s.m.m.a.RequestMappingHandlerMapping : Mapped "{[/accounts/{id}/address],methods=[POST]}" onto public com.jpa.amazon.ecommerce.accounts.domain.Address com.jpa.amazon.ecommerce.accounts.controller.AddressController.create(com.jpa.amazon.ecommerce.accounts.domain.Address,java.lang.Long)
2018-07-31 10:39:10.788  INFO 8566 --- [    Test worker] s.w.s.m.m.a.RequestMappingHandlerMapping : Mapped "{[/accounts/{id}/address/{address_id}],methods=[GET]}" onto public com.jpa.amazon.ecommerce.accounts.domain.Address com.jpa.amazon.ecommerce.accounts.controller.AddressController.getById(java.lang.Long,java.lang.Long)
2018-07-31 10:39:10.788  INFO 8566 --- [    Test worker] s.w.s.m.m.a.RequestMappingHandlerMapping : Mapped "{[/accounts/{id}/address],methods=[GET]}" onto public java.lang.Iterable<com.jpa.amazon.ecommerce.accounts.domain.Address> com.jpa.amazon.ecommerce.accounts.controller.AddressController.getAllByAccountId(java.lang.Long)
2018-07-31 10:39:10.795  INFO 8566 --- [    Test worker] s.w.s.m.m.a.RequestMappingHandlerAdapter : Looking for @ControllerAdvice: org.springframework.test.web.servlet.setup.StubWebApplicationContext@329ba26c
2018-07-31 10:39:10.797  INFO 8566 --- [    Test worker] o.s.mock.web.MockServletContext          : Initializing Spring FrameworkServlet ''
2018-07-31 10:39:10.797  INFO 8566 --- [    Test worker] o.s.t.web.servlet.TestDispatcherServlet  : FrameworkServlet '': initialization started
2018-07-31 10:39:10.797  INFO 8566 --- [    Test worker] o.s.t.web.servlet.TestDispatcherServlet  : FrameworkServlet '': initialization completed in 0 ms
2018-07-31 10:39:10.803  INFO 8566 --- [    Test worker] s.w.s.m.m.a.RequestMappingHandlerMapping : Mapped "{[/accounts/{id}/address/{address_id}],methods=[PUT]}" onto public com.jpa.amazon.ecommerce.accounts.domain.Address com.jpa.amazon.ecommerce.accounts.controller.AddressController.update(java.lang.Long,java.lang.Long,com.jpa.amazon.ecommerce.accounts.domain.Address)
2018-07-31 10:39:10.803  INFO 8566 --- [    Test worker] s.w.s.m.m.a.RequestMappingHandlerMapping : Mapped "{[/accounts/{id}/address/{address_id}],methods=[DELETE]}" onto public void com.jpa.amazon.ecommerce.accounts.controller.AddressController.delete(java.lang.Long,java.lang.Long)
2018-07-31 10:39:10.804  INFO 8566 --- [    Test worker] s.w.s.m.m.a.RequestMappingHandlerMapping : Mapped "{[/accounts/{id}/address],methods=[POST]}" onto public com.jpa.amazon.ecommerce.accounts.domain.Address com.jpa.amazon.ecommerce.accounts.controller.AddressController.create(com.jpa.amazon.ecommerce.accounts.domain.Address,java.lang.Long)
2018-07-31 10:39:10.804  INFO 8566 --- [    Test worker] s.w.s.m.m.a.RequestMappingHandlerMapping : Mapped "{[/accounts/{id}/address/{address_id}],methods=[GET]}" onto public com.jpa.amazon.ecommerce.accounts.domain.Address com.jpa.amazon.ecommerce.accounts.controller.AddressController.getById(java.lang.Long,java.lang.Long)
2018-07-31 10:39:10.804  INFO 8566 --- [    Test worker] s.w.s.m.m.a.RequestMappingHandlerMapping : Mapped "{[/accounts/{id}/address],methods=[GET]}" onto public java.lang.Iterable<com.jpa.amazon.ecommerce.accounts.domain.Address> com.jpa.amazon.ecommerce.accounts.controller.AddressController.getAllByAccountId(java.lang.Long)
2018-07-31 10:39:10.811  INFO 8566 --- [    Test worker] s.w.s.m.m.a.RequestMappingHandlerAdapter : Looking for @ControllerAdvice: org.springframework.test.web.servlet.setup.StubWebApplicationContext@31172d50
2018-07-31 10:39:10.813  INFO 8566 --- [    Test worker] o.s.mock.web.MockServletContext          : Initializing Spring FrameworkServlet ''
2018-07-31 10:39:10.813  INFO 8566 --- [    Test worker] o.s.t.web.servlet.TestDispatcherServlet  : FrameworkServlet '': initialization started
2018-07-31 10:39:10.813  INFO 8566 --- [    Test worker] o.s.t.web.servlet.TestDispatcherServlet  : FrameworkServlet '': initialization completed in 0 ms

MockHttpServletRequest:
      HTTP Method = GET
      Request URI = /accounts/1/address/2
       Parameters = {}
          Headers = {}
             Body = <no character encoding set>
    Session Attrs = {}

Handler:
             Type = com.jpa.amazon.ecommerce.accounts.controller.AddressController
           Method = public com.jpa.amazon.ecommerce.accounts.domain.Address com.jpa.amazon.ecommerce.accounts.controller.AddressController.getById(java.lang.Long,java.lang.Long)

Async:
    Async started = false
     Async result = null

Resolved Exception:
             Type = null

ModelAndView:
        View name = null
             View = null
            Model = null

FlashMap:
       Attributes = null

MockHttpServletResponse:
           Status = 200
    Error message = null
          Headers = {}
     Content type = null
             Body = 
    Forwarded URL = null
   Redirected URL = null
          Cookies = []
]]></system-out>
  <system-err><![CDATA[]]></system-err>
</testsuite>
