<?xml version="1.0" encoding="UTF-8"?>
<testsuite name="com.jpa.amazon.ecommerce.accounts.controller.AccountControllerTest" tests="5" skipped="0" failures="0" errors="0" timestamp="2018-08-02T15:34:37" hostname="Rohan-Grovers-MacBook-Pro.local" time="0.326">
  <properties/>
  <testcase name="testCreateAccount" classname="com.jpa.amazon.ecommerce.accounts.controller.AccountControllerTest" time="0.18"/>
  <testcase name="testUpdateAccount" classname="com.jpa.amazon.ecommerce.accounts.controller.AccountControllerTest" time="0.075"/>
  <testcase name="testGetAllAccounts" classname="com.jpa.amazon.ecommerce.accounts.controller.AccountControllerTest" time="0.032"/>
  <testcase name="testDeleteAccount" classname="com.jpa.amazon.ecommerce.accounts.controller.AccountControllerTest" time="0.019"/>
  <testcase name="testGetShipmentById" classname="com.jpa.amazon.ecommerce.accounts.controller.AccountControllerTest" time="0.016"/>
  <system-out><![CDATA[2018-08-02 10:34:35.875  INFO 1824 --- [    Test worker] o.s.t.c.support.AbstractContextLoader    : Could not detect default resource locations for test class [com.jpa.amazon.ecommerce.accounts.controller.AccountControllerTest]: no resource found for suffixes {-context.xml, Context.groovy}.
2018-08-02 10:34:35.893  INFO 1824 --- [    Test worker] .b.t.a.w.s.WebMvcTestContextBootstrapper : Loaded default TestExecutionListener class names from location [META-INF/spring.factories]: [org.springframework.boot.test.autoconfigure.restdocs.RestDocsTestExecutionListener, org.springframework.boot.test.autoconfigure.web.client.MockRestServiceServerResetTestExecutionListener, org.springframework.boot.test.autoconfigure.web.servlet.MockMvcPrintOnlyOnFailureTestExecutionListener, org.springframework.boot.test.autoconfigure.web.servlet.WebDriverTestExecutionListener, org.springframework.boot.test.mock.mockito.MockitoTestExecutionListener, org.springframework.boot.test.mock.mockito.ResetMocksTestExecutionListener, org.springframework.test.context.web.ServletTestExecutionListener, org.springframework.test.context.support.DirtiesContextBeforeModesTestExecutionListener, org.springframework.test.context.support.DependencyInjectionTestExecutionListener, org.springframework.test.context.support.DirtiesContextTestExecutionListener, org.springframework.test.context.transaction.TransactionalTestExecutionListener, org.springframework.test.context.jdbc.SqlScriptsTestExecutionListener]
2018-08-02 10:34:35.893  INFO 1824 --- [    Test worker] .b.t.a.w.s.WebMvcTestContextBootstrapper : Using TestExecutionListeners: [org.springframework.test.context.web.ServletTestExecutionListener@4f78461f, org.springframework.test.context.support.DirtiesContextBeforeModesTestExecutionListener@251f408d, org.springframework.boot.test.mock.mockito.MockitoTestExecutionListener@3e2680d7, org.springframework.boot.test.autoconfigure.SpringBootDependencyInjectionTestExecutionListener@40bcf00c, org.springframework.test.context.support.DirtiesContextTestExecutionListener@4df91eba, org.springframework.test.context.transaction.TransactionalTestExecutionListener@12bd34a0, org.springframework.test.context.jdbc.SqlScriptsTestExecutionListener@18973e18, org.springframework.boot.test.autoconfigure.restdocs.RestDocsTestExecutionListener@3f8c8196, org.springframework.boot.test.autoconfigure.web.client.MockRestServiceServerResetTestExecutionListener@3a855413, org.springframework.boot.test.autoconfigure.web.servlet.MockMvcPrintOnlyOnFailureTestExecutionListener@41e66fd7, org.springframework.boot.test.autoconfigure.web.servlet.WebDriverTestExecutionListener@60a0ee0d, org.springframework.boot.test.mock.mockito.ResetMocksTestExecutionListener@3bfb43be]
2018-08-02 10:34:36.364  INFO 1824 --- [    Test worker] s.c.a.AnnotationConfigApplicationContext : Refreshing org.springframework.context.annotation.AnnotationConfigApplicationContext@732f0df3: startup date [Thu Aug 02 10:34:36 CDT 2018]; root of context hierarchy
2018-08-02 10:34:36.387  INFO 1824 --- [    Test worker] f.a.AutowiredAnnotationBeanPostProcessor : JSR-330 'javax.inject.Inject' annotation found and supported for autowiring
2018-08-02 10:34:36.405  INFO 1824 --- [    Test worker] trationDelegate$BeanPostProcessorChecker : Bean 'configurationPropertiesRebinderAutoConfiguration' of type [org.springframework.cloud.autoconfigure.ConfigurationPropertiesRebinderAutoConfiguration$$EnhancerBySpringCGLIB$$c5b712bc] is not eligible for getting processed by all BeanPostProcessors (for example: not eligible for auto-proxying)

  .   ____          _            __ _ _
 /\\ / ___'_ __ _ _(_)_ __  __ _ \ \ \ \
( ( )\___ | '_ | '_| | '_ \/ _` | \ \ \ \
 \\/  ___)| |_)| | | | | || (_| |  ) ) ) )
  '  |____| .__|_| |_|_| |_\__, | / / / /
 =========|_|==============|___/=/_/_/_/
 :: Spring Boot ::        (v2.0.3.RELEASE)

2018-08-02 10:34:36.461  INFO 1824 --- [    Test worker] c.j.a.e.a.c.AccountControllerTest        : No active profile set, falling back to default profiles: default
2018-08-02 10:34:36.463  INFO 1824 --- [    Test worker] o.s.w.c.s.GenericWebApplicationContext   : Refreshing org.springframework.web.context.support.GenericWebApplicationContext@6f31177d: startup date [Thu Aug 02 10:34:36 CDT 2018]; parent: org.springframework.context.annotation.AnnotationConfigApplicationContext@732f0df3
2018-08-02 10:34:36.597  INFO 1824 --- [    Test worker] f.a.AutowiredAnnotationBeanPostProcessor : JSR-330 'javax.inject.Inject' annotation found and supported for autowiring
2018-08-02 10:34:36.729  INFO 1824 --- [    Test worker] o.s.w.s.handler.SimpleUrlHandlerMapping  : Mapped URL path [/**/favicon.ico] onto handler of type [class org.springframework.web.servlet.resource.ResourceHttpRequestHandler]
2018-08-02 10:34:36.799  INFO 1824 --- [    Test worker] s.w.s.m.m.a.RequestMappingHandlerAdapter : Looking for @ControllerAdvice: org.springframework.web.context.support.GenericWebApplicationContext@6f31177d: startup date [Thu Aug 02 10:34:36 CDT 2018]; parent: org.springframework.context.annotation.AnnotationConfigApplicationContext@732f0df3
2018-08-02 10:34:36.812  INFO 1824 --- [    Test worker] s.w.s.m.m.a.RequestMappingHandlerMapping : Mapped "{[/error]}" onto public org.springframework.http.ResponseEntity<java.util.Map<java.lang.String, java.lang.Object>> org.springframework.boot.autoconfigure.web.servlet.error.BasicErrorController.error(javax.servlet.http.HttpServletRequest)
2018-08-02 10:34:36.813  INFO 1824 --- [    Test worker] s.w.s.m.m.a.RequestMappingHandlerMapping : Mapped "{[/error],produces=[text/html]}" onto public org.springframework.web.servlet.ModelAndView org.springframework.boot.autoconfigure.web.servlet.error.BasicErrorController.errorHtml(javax.servlet.http.HttpServletRequest,javax.servlet.http.HttpServletResponse)
2018-08-02 10:34:36.829  INFO 1824 --- [    Test worker] o.s.w.s.handler.SimpleUrlHandlerMapping  : Mapped URL path [/webjars/**] onto handler of type [class org.springframework.web.servlet.resource.ResourceHttpRequestHandler]
2018-08-02 10:34:36.829  INFO 1824 --- [    Test worker] o.s.w.s.handler.SimpleUrlHandlerMapping  : Mapped URL path [/**] onto handler of type [class org.springframework.web.servlet.resource.ResourceHttpRequestHandler]
2018-08-02 10:34:36.966  INFO 1824 --- [    Test worker] .s.s.UserDetailsServiceAutoConfiguration : 

Using generated security password: 4763603b-81b5-423d-8862-bf7fe10ffeac

2018-08-02 10:34:37.020  INFO 1824 --- [    Test worker] o.s.s.web.DefaultSecurityFilterChain     : Creating filter chain: org.springframework.security.web.util.matcher.AnyRequestMatcher@1, [org.springframework.security.web.context.request.async.WebAsyncManagerIntegrationFilter@6fa8febe, org.springframework.security.web.context.SecurityContextPersistenceFilter@4acffcda, org.springframework.security.web.header.HeaderWriterFilter@3350c910, org.springframework.security.web.authentication.logout.LogoutFilter@5005a1db, org.springframework.security.web.savedrequest.RequestCacheAwareFilter@7f5af63b, org.springframework.security.web.servletapi.SecurityContextHolderAwareRequestFilter@4a77b889, org.springframework.security.web.authentication.AnonymousAuthenticationFilter@71d0ba6f, org.springframework.security.web.session.SessionManagementFilter@60af48f4, org.springframework.security.web.access.ExceptionTranslationFilter@52fcfb9b, org.springframework.security.web.access.intercept.FilterSecurityInterceptor@476858b8]
2018-08-02 10:34:37.039  INFO 1824 --- [    Test worker] o.s.b.t.m.w.SpringBootMockServletContext : Initializing Spring FrameworkServlet ''
2018-08-02 10:34:37.039  INFO 1824 --- [    Test worker] o.s.t.web.servlet.TestDispatcherServlet  : FrameworkServlet '': initialization started
2018-08-02 10:34:37.050  INFO 1824 --- [    Test worker] o.s.t.web.servlet.TestDispatcherServlet  : FrameworkServlet '': initialization completed in 11 ms
2018-08-02 10:34:37.071  INFO 1824 --- [    Test worker] c.j.a.e.a.c.AccountControllerTest        : Started AccountControllerTest in 0.763 seconds (JVM running for 11.31)
2018-08-02 10:34:37.091  INFO 1824 --- [    Test worker] s.w.s.m.m.a.RequestMappingHandlerMapping : Mapped "{[/accounts/{id}],methods=[PUT]}" onto public com.jpa.amazon.ecommerce.accounts.domain.Account com.jpa.amazon.ecommerce.accounts.controller.AccountController.update(java.lang.Long,com.jpa.amazon.ecommerce.accounts.domain.Account)
2018-08-02 10:34:37.091  INFO 1824 --- [    Test worker] s.w.s.m.m.a.RequestMappingHandlerMapping : Mapped "{[/accounts/{id}],methods=[DELETE]}" onto public void com.jpa.amazon.ecommerce.accounts.controller.AccountController.delete(java.lang.Long)
2018-08-02 10:34:37.091  INFO 1824 --- [    Test worker] s.w.s.m.m.a.RequestMappingHandlerMapping : Mapped "{[/accounts],methods=[POST]}" onto public com.jpa.amazon.ecommerce.accounts.domain.Account com.jpa.amazon.ecommerce.accounts.controller.AccountController.create(com.jpa.amazon.ecommerce.accounts.domain.Account)
2018-08-02 10:34:37.092  INFO 1824 --- [    Test worker] s.w.s.m.m.a.RequestMappingHandlerMapping : Mapped "{[/accounts],methods=[GET]}" onto public java.lang.Iterable<com.jpa.amazon.ecommerce.accounts.domain.Account> com.jpa.amazon.ecommerce.accounts.controller.AccountController.getAll()
2018-08-02 10:34:37.092  INFO 1824 --- [    Test worker] s.w.s.m.m.a.RequestMappingHandlerMapping : Mapped "{[/accounts/{id}],methods=[GET]}" onto public com.jpa.amazon.ecommerce.accounts.domain.Account com.jpa.amazon.ecommerce.accounts.controller.AccountController.getById(java.lang.Long)
2018-08-02 10:34:37.103  INFO 1824 --- [    Test worker] s.w.s.m.m.a.RequestMappingHandlerAdapter : Looking for @ControllerAdvice: org.springframework.test.web.servlet.setup.StubWebApplicationContext@6f923418
2018-08-02 10:34:37.106  INFO 1824 --- [    Test worker] o.s.mock.web.MockServletContext          : Initializing Spring FrameworkServlet ''
2018-08-02 10:34:37.106  INFO 1824 --- [    Test worker] o.s.t.web.servlet.TestDispatcherServlet  : FrameworkServlet '': initialization started
2018-08-02 10:34:37.107  INFO 1824 --- [    Test worker] o.s.t.web.servlet.TestDispatcherServlet  : FrameworkServlet '': initialization completed in 0 ms

MockHttpServletRequest:
      HTTP Method = POST
      Request URI = /accounts
       Parameters = {}
          Headers = {Content-Type=[application/json]}
             Body = <no character encoding set>
    Session Attrs = {}

Handler:
             Type = com.jpa.amazon.ecommerce.accounts.controller.AccountController
           Method = public com.jpa.amazon.ecommerce.accounts.domain.Account com.jpa.amazon.ecommerce.accounts.controller.AccountController.create(com.jpa.amazon.ecommerce.accounts.domain.Account)

Async:
    Async started = false
     Async result = null

Resolved Exception:
             Type = null

ModelAndView:
        View name = null
             View = null
            Model = null

FlashMap:
       Attributes = null

MockHttpServletResponse:
           Status = 201
    Error message = null
          Headers = {}
     Content type = null
             Body = 
    Forwarded URL = null
   Redirected URL = null
          Cookies = []
2018-08-02 10:34:37.259  INFO 1824 --- [    Test worker] s.w.s.m.m.a.RequestMappingHandlerMapping : Mapped "{[/accounts/{id}],methods=[PUT]}" onto public com.jpa.amazon.ecommerce.accounts.domain.Account com.jpa.amazon.ecommerce.accounts.controller.AccountController.update(java.lang.Long,com.jpa.amazon.ecommerce.accounts.domain.Account)
2018-08-02 10:34:37.260  INFO 1824 --- [    Test worker] s.w.s.m.m.a.RequestMappingHandlerMapping : Mapped "{[/accounts/{id}],methods=[DELETE]}" onto public void com.jpa.amazon.ecommerce.accounts.controller.AccountController.delete(java.lang.Long)
2018-08-02 10:34:37.260  INFO 1824 --- [    Test worker] s.w.s.m.m.a.RequestMappingHandlerMapping : Mapped "{[/accounts],methods=[POST]}" onto public com.jpa.amazon.ecommerce.accounts.domain.Account com.jpa.amazon.ecommerce.accounts.controller.AccountController.create(com.jpa.amazon.ecommerce.accounts.domain.Account)
2018-08-02 10:34:37.263  INFO 1824 --- [    Test worker] s.w.s.m.m.a.RequestMappingHandlerMapping : Mapped "{[/accounts],methods=[GET]}" onto public java.lang.Iterable<com.jpa.amazon.ecommerce.accounts.domain.Account> com.jpa.amazon.ecommerce.accounts.controller.AccountController.getAll()
2018-08-02 10:34:37.263  INFO 1824 --- [    Test worker] s.w.s.m.m.a.RequestMappingHandlerMapping : Mapped "{[/accounts/{id}],methods=[GET]}" onto public com.jpa.amazon.ecommerce.accounts.domain.Account com.jpa.amazon.ecommerce.accounts.controller.AccountController.getById(java.lang.Long)
2018-08-02 10:34:37.273  INFO 1824 --- [    Test worker] s.w.s.m.m.a.RequestMappingHandlerAdapter : Looking for @ControllerAdvice: org.springframework.test.web.servlet.setup.StubWebApplicationContext@6570416f
2018-08-02 10:34:37.275  INFO 1824 --- [    Test worker] o.s.mock.web.MockServletContext          : Initializing Spring FrameworkServlet ''
2018-08-02 10:34:37.275  INFO 1824 --- [    Test worker] o.s.t.web.servlet.TestDispatcherServlet  : FrameworkServlet '': initialization started
2018-08-02 10:34:37.275  INFO 1824 --- [    Test worker] o.s.t.web.servlet.TestDispatcherServlet  : FrameworkServlet '': initialization completed in 0 ms

MockHttpServletRequest:
      HTTP Method = PUT
      Request URI = /accounts/2
       Parameters = {}
          Headers = {Content-Type=[application/json]}
             Body = <no character encoding set>
    Session Attrs = {}

Handler:
             Type = com.jpa.amazon.ecommerce.accounts.controller.AccountController
           Method = public com.jpa.amazon.ecommerce.accounts.domain.Account com.jpa.amazon.ecommerce.accounts.controller.AccountController.update(java.lang.Long,com.jpa.amazon.ecommerce.accounts.domain.Account)

Async:
    Async started = false
     Async result = null

Resolved Exception:
             Type = null

ModelAndView:
        View name = null
             View = null
            Model = null

FlashMap:
       Attributes = null

MockHttpServletResponse:
           Status = 200
    Error message = null
          Headers = {}
     Content type = null
             Body = 
    Forwarded URL = null
   Redirected URL = null
          Cookies = []
2018-08-02 10:34:37.335  INFO 1824 --- [    Test worker] s.w.s.m.m.a.RequestMappingHandlerMapping : Mapped "{[/accounts/{id}],methods=[PUT]}" onto public com.jpa.amazon.ecommerce.accounts.domain.Account com.jpa.amazon.ecommerce.accounts.controller.AccountController.update(java.lang.Long,com.jpa.amazon.ecommerce.accounts.domain.Account)
2018-08-02 10:34:37.336  INFO 1824 --- [    Test worker] s.w.s.m.m.a.RequestMappingHandlerMapping : Mapped "{[/accounts/{id}],methods=[DELETE]}" onto public void com.jpa.amazon.ecommerce.accounts.controller.AccountController.delete(java.lang.Long)
2018-08-02 10:34:37.336  INFO 1824 --- [    Test worker] s.w.s.m.m.a.RequestMappingHandlerMapping : Mapped "{[/accounts],methods=[POST]}" onto public com.jpa.amazon.ecommerce.accounts.domain.Account com.jpa.amazon.ecommerce.accounts.controller.AccountController.create(com.jpa.amazon.ecommerce.accounts.domain.Account)
2018-08-02 10:34:37.336  INFO 1824 --- [    Test worker] s.w.s.m.m.a.RequestMappingHandlerMapping : Mapped "{[/accounts],methods=[GET]}" onto public java.lang.Iterable<com.jpa.amazon.ecommerce.accounts.domain.Account> com.jpa.amazon.ecommerce.accounts.controller.AccountController.getAll()
2018-08-02 10:34:37.336  INFO 1824 --- [    Test worker] s.w.s.m.m.a.RequestMappingHandlerMapping : Mapped "{[/accounts/{id}],methods=[GET]}" onto public com.jpa.amazon.ecommerce.accounts.domain.Account com.jpa.amazon.ecommerce.accounts.controller.AccountController.getById(java.lang.Long)
2018-08-02 10:34:37.344  INFO 1824 --- [    Test worker] s.w.s.m.m.a.RequestMappingHandlerAdapter : Looking for @ControllerAdvice: org.springframework.test.web.servlet.setup.StubWebApplicationContext@5e52bfb8
2018-08-02 10:34:37.346  INFO 1824 --- [    Test worker] o.s.mock.web.MockServletContext          : Initializing Spring FrameworkServlet ''
2018-08-02 10:34:37.346  INFO 1824 --- [    Test worker] o.s.t.web.servlet.TestDispatcherServlet  : FrameworkServlet '': initialization started
2018-08-02 10:34:37.347  INFO 1824 --- [    Test worker] o.s.t.web.servlet.TestDispatcherServlet  : FrameworkServlet '': initialization completed in 0 ms

MockHttpServletRequest:
      HTTP Method = GET
      Request URI = /accounts
       Parameters = {}
          Headers = {}
             Body = <no character encoding set>
    Session Attrs = {}

Handler:
             Type = com.jpa.amazon.ecommerce.accounts.controller.AccountController
           Method = public java.lang.Iterable<com.jpa.amazon.ecommerce.accounts.domain.Account> com.jpa.amazon.ecommerce.accounts.controller.AccountController.getAll()

Async:
    Async started = false
     Async result = null

Resolved Exception:
             Type = null

ModelAndView:
        View name = null
             View = null
            Model = null

FlashMap:
       Attributes = null

MockHttpServletResponse:
           Status = 200
    Error message = null
          Headers = {Content-Type=[application/json;charset=UTF-8]}
     Content type = application/json;charset=UTF-8
             Body = []
    Forwarded URL = null
   Redirected URL = null
          Cookies = []
2018-08-02 10:34:37.368  INFO 1824 --- [    Test worker] s.w.s.m.m.a.RequestMappingHandlerMapping : Mapped "{[/accounts/{id}],methods=[PUT]}" onto public com.jpa.amazon.ecommerce.accounts.domain.Account com.jpa.amazon.ecommerce.accounts.controller.AccountController.update(java.lang.Long,com.jpa.amazon.ecommerce.accounts.domain.Account)
2018-08-02 10:34:37.369  INFO 1824 --- [    Test worker] s.w.s.m.m.a.RequestMappingHandlerMapping : Mapped "{[/accounts/{id}],methods=[DELETE]}" onto public void com.jpa.amazon.ecommerce.accounts.controller.AccountController.delete(java.lang.Long)
2018-08-02 10:34:37.369  INFO 1824 --- [    Test worker] s.w.s.m.m.a.RequestMappingHandlerMapping : Mapped "{[/accounts],methods=[POST]}" onto public com.jpa.amazon.ecommerce.accounts.domain.Account com.jpa.amazon.ecommerce.accounts.controller.AccountController.create(com.jpa.amazon.ecommerce.accounts.domain.Account)
2018-08-02 10:34:37.369  INFO 1824 --- [    Test worker] s.w.s.m.m.a.RequestMappingHandlerMapping : Mapped "{[/accounts],methods=[GET]}" onto public java.lang.Iterable<com.jpa.amazon.ecommerce.accounts.domain.Account> com.jpa.amazon.ecommerce.accounts.controller.AccountController.getAll()
2018-08-02 10:34:37.370  INFO 1824 --- [    Test worker] s.w.s.m.m.a.RequestMappingHandlerMapping : Mapped "{[/accounts/{id}],methods=[GET]}" onto public com.jpa.amazon.ecommerce.accounts.domain.Account com.jpa.amazon.ecommerce.accounts.controller.AccountController.getById(java.lang.Long)
2018-08-02 10:34:37.379  INFO 1824 --- [    Test worker] s.w.s.m.m.a.RequestMappingHandlerAdapter : Looking for @ControllerAdvice: org.springframework.test.web.servlet.setup.StubWebApplicationContext@776111f4
2018-08-02 10:34:37.381  INFO 1824 --- [    Test worker] o.s.mock.web.MockServletContext          : Initializing Spring FrameworkServlet ''
2018-08-02 10:34:37.381  INFO 1824 --- [    Test worker] o.s.t.web.servlet.TestDispatcherServlet  : FrameworkServlet '': initialization started
2018-08-02 10:34:37.381  INFO 1824 --- [    Test worker] o.s.t.web.servlet.TestDispatcherServlet  : FrameworkServlet '': initialization completed in 0 ms
2018-08-02 10:34:37.387  INFO 1824 --- [    Test worker] s.w.s.m.m.a.RequestMappingHandlerMapping : Mapped "{[/accounts/{id}],methods=[PUT]}" onto public com.jpa.amazon.ecommerce.accounts.domain.Account com.jpa.amazon.ecommerce.accounts.controller.AccountController.update(java.lang.Long,com.jpa.amazon.ecommerce.accounts.domain.Account)
2018-08-02 10:34:37.388  INFO 1824 --- [    Test worker] s.w.s.m.m.a.RequestMappingHandlerMapping : Mapped "{[/accounts/{id}],methods=[DELETE]}" onto public void com.jpa.amazon.ecommerce.accounts.controller.AccountController.delete(java.lang.Long)
2018-08-02 10:34:37.388  INFO 1824 --- [    Test worker] s.w.s.m.m.a.RequestMappingHandlerMapping : Mapped "{[/accounts],methods=[POST]}" onto public com.jpa.amazon.ecommerce.accounts.domain.Account com.jpa.amazon.ecommerce.accounts.controller.AccountController.create(com.jpa.amazon.ecommerce.accounts.domain.Account)
2018-08-02 10:34:37.388  INFO 1824 --- [    Test worker] s.w.s.m.m.a.RequestMappingHandlerMapping : Mapped "{[/accounts],methods=[GET]}" onto public java.lang.Iterable<com.jpa.amazon.ecommerce.accounts.domain.Account> com.jpa.amazon.ecommerce.accounts.controller.AccountController.getAll()
2018-08-02 10:34:37.388  INFO 1824 --- [    Test worker] s.w.s.m.m.a.RequestMappingHandlerMapping : Mapped "{[/accounts/{id}],methods=[GET]}" onto public com.jpa.amazon.ecommerce.accounts.domain.Account com.jpa.amazon.ecommerce.accounts.controller.AccountController.getById(java.lang.Long)
2018-08-02 10:34:37.395  INFO 1824 --- [    Test worker] s.w.s.m.m.a.RequestMappingHandlerAdapter : Looking for @ControllerAdvice: org.springframework.test.web.servlet.setup.StubWebApplicationContext@55c84930
2018-08-02 10:34:37.397  INFO 1824 --- [    Test worker] o.s.mock.web.MockServletContext          : Initializing Spring FrameworkServlet ''
2018-08-02 10:34:37.397  INFO 1824 --- [    Test worker] o.s.t.web.servlet.TestDispatcherServlet  : FrameworkServlet '': initialization started
2018-08-02 10:34:37.398  INFO 1824 --- [    Test worker] o.s.t.web.servlet.TestDispatcherServlet  : FrameworkServlet '': initialization completed in 0 ms
]]></system-out>
  <system-err><![CDATA[]]></system-err>
</testsuite>
