<?xml version="1.0" encoding="UTF-8"?>
<testsuite name="com.jpa.amazon.ecommerce.accounts.service.AccountServiceTest" tests="5" skipped="0" failures="0" errors="0" timestamp="2018-07-31T15:39:10" hostname="Rohan-Grovers-MacBook-Pro.local" time="0.009">
  <properties/>
  <testcase name="testCreateAccount" classname="com.jpa.amazon.ecommerce.accounts.service.AccountServiceTest" time="0.001"/>
  <testcase name="testGetAccountById" classname="com.jpa.amazon.ecommerce.accounts.service.AccountServiceTest" time="0.001"/>
  <testcase name="testUpdateAccount" classname="com.jpa.amazon.ecommerce.accounts.service.AccountServiceTest" time="0.001"/>
  <testcase name="testGetAccounts" classname="com.jpa.amazon.ecommerce.accounts.service.AccountServiceTest" time="0.002"/>
  <testcase name="testDeleteAccount" classname="com.jpa.amazon.ecommerce.accounts.service.AccountServiceTest" time="0.002"/>
  <system-out><![CDATA[2018-07-31 10:39:10.933  INFO 8566 --- [    Test worker] o.s.t.c.s.DefaultTestContextBootstrapper : Neither @ContextConfiguration nor @ContextHierarchy found for test class [com.jpa.amazon.ecommerce.accounts.service.AccountServiceTest], using DelegatingSmartContextLoader
2018-07-31 10:39:10.934  INFO 8566 --- [    Test worker] o.s.t.c.support.AbstractContextLoader    : Could not detect default resource locations for test class [com.jpa.amazon.ecommerce.accounts.service.AccountServiceTest]: no resource found for suffixes {-context.xml}.
2018-07-31 10:39:10.934  INFO 8566 --- [    Test worker] t.c.s.AnnotationConfigContextLoaderUtils : Could not detect default configuration classes for test class [com.jpa.amazon.ecommerce.accounts.service.AccountServiceTest]: AccountServiceTest does not declare any static, non-private, non-final, nested classes annotated with @Configuration.
2018-07-31 10:39:10.935  INFO 8566 --- [    Test worker] o.s.t.c.s.DefaultTestContextBootstrapper : Loaded default TestExecutionListener class names from location [META-INF/spring.factories]: [org.springframework.boot.test.autoconfigure.restdocs.RestDocsTestExecutionListener, org.springframework.boot.test.autoconfigure.web.client.MockRestServiceServerResetTestExecutionListener, org.springframework.boot.test.autoconfigure.web.servlet.MockMvcPrintOnlyOnFailureTestExecutionListener, org.springframework.boot.test.autoconfigure.web.servlet.WebDriverTestExecutionListener, org.springframework.boot.test.mock.mockito.MockitoTestExecutionListener, org.springframework.boot.test.mock.mockito.ResetMocksTestExecutionListener, org.springframework.test.context.web.ServletTestExecutionListener, org.springframework.test.context.support.DirtiesContextBeforeModesTestExecutionListener, org.springframework.test.context.support.DependencyInjectionTestExecutionListener, org.springframework.test.context.support.DirtiesContextTestExecutionListener, org.springframework.test.context.transaction.TransactionalTestExecutionListener, org.springframework.test.context.jdbc.SqlScriptsTestExecutionListener]
2018-07-31 10:39:10.935  INFO 8566 --- [    Test worker] o.s.t.c.s.DefaultTestContextBootstrapper : Using TestExecutionListeners: [org.springframework.test.context.web.ServletTestExecutionListener@5675eec8, org.springframework.test.context.support.DirtiesContextBeforeModesTestExecutionListener@65846f09, org.springframework.boot.test.mock.mockito.MockitoTestExecutionListener@5a0337b5, org.springframework.test.context.support.DependencyInjectionTestExecutionListener@66d7e43d, org.springframework.test.context.support.DirtiesContextTestExecutionListener@1fad5581, org.springframework.test.context.transaction.TransactionalTestExecutionListener@59179d5a, org.springframework.test.context.jdbc.SqlScriptsTestExecutionListener@1aeaa752, org.springframework.boot.test.autoconfigure.restdocs.RestDocsTestExecutionListener@43454e3e, org.springframework.boot.test.autoconfigure.web.client.MockRestServiceServerResetTestExecutionListener@36b10a8a, org.springframework.boot.test.autoconfigure.web.servlet.MockMvcPrintOnlyOnFailureTestExecutionListener@5329bc4b, org.springframework.boot.test.autoconfigure.web.servlet.WebDriverTestExecutionListener@1c36514b, org.springframework.boot.test.mock.mockito.ResetMocksTestExecutionListener@75ebc84d]
]]></system-out>
  <system-err><![CDATA[]]></system-err>
</testsuite>
