<?xml version="1.0" encoding="UTF-8"?>
<testsuite name="com.jpa.amazon.ecommerce.accounts.controller.AccountControllerTest" tests="5" skipped="0" failures="0" errors="0" timestamp="2018-07-31T15:39:09" hostname="Rohan-Grovers-MacBook-Pro.local" time="0.254">
  <properties/>
  <testcase name="testCreateAccount" classname="com.jpa.amazon.ecommerce.accounts.controller.AccountControllerTest" time="0.155"/>
  <testcase name="testUpdateAccount" classname="com.jpa.amazon.ecommerce.accounts.controller.AccountControllerTest" time="0.04"/>
  <testcase name="testGetAllAccounts" classname="com.jpa.amazon.ecommerce.accounts.controller.AccountControllerTest" time="0.027"/>
  <testcase name="testDeleteAccount" classname="com.jpa.amazon.ecommerce.accounts.controller.AccountControllerTest" time="0.014"/>
  <testcase name="testGetShipmentById" classname="com.jpa.amazon.ecommerce.accounts.controller.AccountControllerTest" time="0.015"/>
  <system-out><![CDATA[2018-07-31 10:39:08.735  INFO 8566 --- [    Test worker] o.s.t.c.support.AbstractContextLoader    : Could not detect default resource locations for test class [com.jpa.amazon.ecommerce.accounts.controller.AccountControllerTest]: no resource found for suffixes {-context.xml, Context.groovy}.
2018-07-31 10:39:08.750  INFO 8566 --- [    Test worker] .b.t.a.w.s.WebMvcTestContextBootstrapper : Loaded default TestExecutionListener class names from location [META-INF/spring.factories]: [org.springframework.boot.test.autoconfigure.restdocs.RestDocsTestExecutionListener, org.springframework.boot.test.autoconfigure.web.client.MockRestServiceServerResetTestExecutionListener, org.springframework.boot.test.autoconfigure.web.servlet.MockMvcPrintOnlyOnFailureTestExecutionListener, org.springframework.boot.test.autoconfigure.web.servlet.WebDriverTestExecutionListener, org.springframework.boot.test.mock.mockito.MockitoTestExecutionListener, org.springframework.boot.test.mock.mockito.ResetMocksTestExecutionListener, org.springframework.test.context.web.ServletTestExecutionListener, org.springframework.test.context.support.DirtiesContextBeforeModesTestExecutionListener, org.springframework.test.context.support.DependencyInjectionTestExecutionListener, org.springframework.test.context.support.DirtiesContextTestExecutionListener, org.springframework.test.context.transaction.TransactionalTestExecutionListener, org.springframework.test.context.jdbc.SqlScriptsTestExecutionListener]
2018-07-31 10:39:08.751  INFO 8566 --- [    Test worker] .b.t.a.w.s.WebMvcTestContextBootstrapper : Using TestExecutionListeners: [org.springframework.test.context.web.ServletTestExecutionListener@109170a8, org.springframework.test.context.support.DirtiesContextBeforeModesTestExecutionListener@63e52026, org.springframework.boot.test.mock.mockito.MockitoTestExecutionListener@1dad2a28, org.springframework.boot.test.autoconfigure.SpringBootDependencyInjectionTestExecutionListener@28cab00a, org.springframework.test.context.support.DirtiesContextTestExecutionListener@33c5818b, org.springframework.test.context.transaction.TransactionalTestExecutionListener@79eb63c5, org.springframework.test.context.jdbc.SqlScriptsTestExecutionListener@de3faba, org.springframework.boot.test.autoconfigure.restdocs.RestDocsTestExecutionListener@705441ec, org.springframework.boot.test.autoconfigure.web.client.MockRestServiceServerResetTestExecutionListener@6f025fb4, org.springframework.boot.test.autoconfigure.web.servlet.MockMvcPrintOnlyOnFailureTestExecutionListener@4dd5fcda, org.springframework.boot.test.autoconfigure.web.servlet.WebDriverTestExecutionListener@5f71f9f0, org.springframework.boot.test.mock.mockito.ResetMocksTestExecutionListener@df888d3]
2018-07-31 10:39:09.106  INFO 8566 --- [    Test worker] s.c.a.AnnotationConfigApplicationContext : Refreshing org.springframework.context.annotation.AnnotationConfigApplicationContext@68247f9e: startup date [Tue Jul 31 10:39:09 CDT 2018]; root of context hierarchy
2018-07-31 10:39:09.123  INFO 8566 --- [    Test worker] f.a.AutowiredAnnotationBeanPostProcessor : JSR-330 'javax.inject.Inject' annotation found and supported for autowiring
2018-07-31 10:39:09.147  INFO 8566 --- [    Test worker] trationDelegate$BeanPostProcessorChecker : Bean 'configurationPropertiesRebinderAutoConfiguration' of type [org.springframework.cloud.autoconfigure.ConfigurationPropertiesRebinderAutoConfiguration$$EnhancerBySpringCGLIB$$db15f230] is not eligible for getting processed by all BeanPostProcessors (for example: not eligible for auto-proxying)

  .   ____          _            __ _ _
 /\\ / ___'_ __ _ _(_)_ __  __ _ \ \ \ \
( ( )\___ | '_ | '_| | '_ \/ _` | \ \ \ \
 \\/  ___)| |_)| | | | | || (_| |  ) ) ) )
  '  |____| .__|_| |_|_| |_\__, | / / / /
 =========|_|==============|___/=/_/_/_/
 :: Spring Boot ::        (v2.0.3.RELEASE)

2018-07-31 10:39:09.213  INFO 8566 --- [    Test worker] c.j.a.e.a.c.AccountControllerTest        : No active profile set, falling back to default profiles: default
2018-07-31 10:39:09.215  INFO 8566 --- [    Test worker] o.s.w.c.s.GenericWebApplicationContext   : Refreshing org.springframework.web.context.support.GenericWebApplicationContext@14bd928d: startup date [Tue Jul 31 10:39:09 CDT 2018]; parent: org.springframework.context.annotation.AnnotationConfigApplicationContext@68247f9e
2018-07-31 10:39:09.367  INFO 8566 --- [    Test worker] f.a.AutowiredAnnotationBeanPostProcessor : JSR-330 'javax.inject.Inject' annotation found and supported for autowiring
2018-07-31 10:39:09.480  INFO 8566 --- [    Test worker] o.s.w.s.handler.SimpleUrlHandlerMapping  : Mapped URL path [/**/favicon.ico] onto handler of type [class org.springframework.web.servlet.resource.ResourceHttpRequestHandler]
2018-07-31 10:39:09.558  INFO 8566 --- [    Test worker] s.w.s.m.m.a.RequestMappingHandlerAdapter : Looking for @ControllerAdvice: org.springframework.web.context.support.GenericWebApplicationContext@14bd928d: startup date [Tue Jul 31 10:39:09 CDT 2018]; parent: org.springframework.context.annotation.AnnotationConfigApplicationContext@68247f9e
2018-07-31 10:39:09.571  INFO 8566 --- [    Test worker] s.w.s.m.m.a.RequestMappingHandlerMapping : Mapped "{[/error]}" onto public org.springframework.http.ResponseEntity<java.util.Map<java.lang.String, java.lang.Object>> org.springframework.boot.autoconfigure.web.servlet.error.BasicErrorController.error(javax.servlet.http.HttpServletRequest)
2018-07-31 10:39:09.572  INFO 8566 --- [    Test worker] s.w.s.m.m.a.RequestMappingHandlerMapping : Mapped "{[/error],produces=[text/html]}" onto public org.springframework.web.servlet.ModelAndView org.springframework.boot.autoconfigure.web.servlet.error.BasicErrorController.errorHtml(javax.servlet.http.HttpServletRequest,javax.servlet.http.HttpServletResponse)
2018-07-31 10:39:09.586  INFO 8566 --- [    Test worker] o.s.w.s.handler.SimpleUrlHandlerMapping  : Mapped URL path [/webjars/**] onto handler of type [class org.springframework.web.servlet.resource.ResourceHttpRequestHandler]
2018-07-31 10:39:09.587  INFO 8566 --- [    Test worker] o.s.w.s.handler.SimpleUrlHandlerMapping  : Mapped URL path [/**] onto handler of type [class org.springframework.web.servlet.resource.ResourceHttpRequestHandler]
2018-07-31 10:39:09.715  INFO 8566 --- [    Test worker] .s.s.UserDetailsServiceAutoConfiguration : 

Using generated security password: 95536f35-b6c4-46ab-bbba-bfc5fd28c492

2018-07-31 10:39:09.763  INFO 8566 --- [    Test worker] o.s.s.web.DefaultSecurityFilterChain     : Creating filter chain: org.springframework.security.web.util.matcher.AnyRequestMatcher@1, [org.springframework.security.web.context.request.async.WebAsyncManagerIntegrationFilter@1c1eb72c, org.springframework.security.web.context.SecurityContextPersistenceFilter@3de501e1, org.springframework.security.web.header.HeaderWriterFilter@58eda2b7, org.springframework.security.web.authentication.logout.LogoutFilter@39618db4, org.springframework.security.web.savedrequest.RequestCacheAwareFilter@31ae7a6b, org.springframework.security.web.servletapi.SecurityContextHolderAwareRequestFilter@4639ef3, org.springframework.security.web.authentication.AnonymousAuthenticationFilter@7b45fb66, org.springframework.security.web.session.SessionManagementFilter@7d9814e7, org.springframework.security.web.access.ExceptionTranslationFilter@76df530d, org.springframework.security.web.access.intercept.FilterSecurityInterceptor@431483d7]
2018-07-31 10:39:09.781  INFO 8566 --- [    Test worker] o.s.b.t.m.w.SpringBootMockServletContext : Initializing Spring FrameworkServlet ''
2018-07-31 10:39:09.781  INFO 8566 --- [    Test worker] o.s.t.web.servlet.TestDispatcherServlet  : FrameworkServlet '': initialization started
2018-07-31 10:39:09.791  INFO 8566 --- [    Test worker] o.s.t.web.servlet.TestDispatcherServlet  : FrameworkServlet '': initialization completed in 10 ms
2018-07-31 10:39:09.809  INFO 8566 --- [    Test worker] c.j.a.e.a.c.AccountControllerTest        : Started AccountControllerTest in 0.758 seconds (JVM running for 9.491)
2018-07-31 10:39:09.824  INFO 8566 --- [    Test worker] s.w.s.m.m.a.RequestMappingHandlerMapping : Mapped "{[/accounts/{id}],methods=[PUT]}" onto public com.jpa.amazon.ecommerce.accounts.domain.Account com.jpa.amazon.ecommerce.accounts.controller.AccountController.update(java.lang.Long,com.jpa.amazon.ecommerce.accounts.domain.Account)
2018-07-31 10:39:09.825  INFO 8566 --- [    Test worker] s.w.s.m.m.a.RequestMappingHandlerMapping : Mapped "{[/accounts/{id}],methods=[DELETE]}" onto public void com.jpa.amazon.ecommerce.accounts.controller.AccountController.delete(java.lang.Long)
2018-07-31 10:39:09.825  INFO 8566 --- [    Test worker] s.w.s.m.m.a.RequestMappingHandlerMapping : Mapped "{[/accounts],methods=[POST]}" onto public com.jpa.amazon.ecommerce.accounts.domain.Account com.jpa.amazon.ecommerce.accounts.controller.AccountController.create(com.jpa.amazon.ecommerce.accounts.domain.Account)
2018-07-31 10:39:09.825  INFO 8566 --- [    Test worker] s.w.s.m.m.a.RequestMappingHandlerMapping : Mapped "{[/accounts/{id}],methods=[GET]}" onto public com.jpa.amazon.ecommerce.accounts.domain.Account com.jpa.amazon.ecommerce.accounts.controller.AccountController.getById(java.lang.Long)
2018-07-31 10:39:09.826  INFO 8566 --- [    Test worker] s.w.s.m.m.a.RequestMappingHandlerMapping : Mapped "{[/accounts],methods=[GET]}" onto public java.lang.Iterable<com.jpa.amazon.ecommerce.accounts.domain.Account> com.jpa.amazon.ecommerce.accounts.controller.AccountController.getAll()
2018-07-31 10:39:09.835  INFO 8566 --- [    Test worker] s.w.s.m.m.a.RequestMappingHandlerAdapter : Looking for @ControllerAdvice: org.springframework.test.web.servlet.setup.StubWebApplicationContext@4a3e4b1c
2018-07-31 10:39:09.837  INFO 8566 --- [    Test worker] o.s.mock.web.MockServletContext          : Initializing Spring FrameworkServlet ''
2018-07-31 10:39:09.837  INFO 8566 --- [    Test worker] o.s.t.web.servlet.TestDispatcherServlet  : FrameworkServlet '': initialization started
2018-07-31 10:39:09.837  INFO 8566 --- [    Test worker] o.s.t.web.servlet.TestDispatcherServlet  : FrameworkServlet '': initialization completed in 0 ms

MockHttpServletRequest:
      HTTP Method = POST
      Request URI = /accounts
       Parameters = {}
          Headers = {Content-Type=[application/json]}
             Body = <no character encoding set>
    Session Attrs = {}

Handler:
             Type = com.jpa.amazon.ecommerce.accounts.controller.AccountController
           Method = public com.jpa.amazon.ecommerce.accounts.domain.Account com.jpa.amazon.ecommerce.accounts.controller.AccountController.create(com.jpa.amazon.ecommerce.accounts.domain.Account)

Async:
    Async started = false
     Async result = null

Resolved Exception:
             Type = null

ModelAndView:
        View name = null
             View = null
            Model = null

FlashMap:
       Attributes = null

MockHttpServletResponse:
           Status = 201
    Error message = null
          Headers = {}
     Content type = null
             Body = 
    Forwarded URL = null
   Redirected URL = null
          Cookies = []
2018-07-31 10:39:09.971  INFO 8566 --- [    Test worker] s.w.s.m.m.a.RequestMappingHandlerMapping : Mapped "{[/accounts/{id}],methods=[PUT]}" onto public com.jpa.amazon.ecommerce.accounts.domain.Account com.jpa.amazon.ecommerce.accounts.controller.AccountController.update(java.lang.Long,com.jpa.amazon.ecommerce.accounts.domain.Account)
2018-07-31 10:39:09.972  INFO 8566 --- [    Test worker] s.w.s.m.m.a.RequestMappingHandlerMapping : Mapped "{[/accounts/{id}],methods=[DELETE]}" onto public void com.jpa.amazon.ecommerce.accounts.controller.AccountController.delete(java.lang.Long)
2018-07-31 10:39:09.972  INFO 8566 --- [    Test worker] s.w.s.m.m.a.RequestMappingHandlerMapping : Mapped "{[/accounts],methods=[POST]}" onto public com.jpa.amazon.ecommerce.accounts.domain.Account com.jpa.amazon.ecommerce.accounts.controller.AccountController.create(com.jpa.amazon.ecommerce.accounts.domain.Account)
2018-07-31 10:39:09.973  INFO 8566 --- [    Test worker] s.w.s.m.m.a.RequestMappingHandlerMapping : Mapped "{[/accounts/{id}],methods=[GET]}" onto public com.jpa.amazon.ecommerce.accounts.domain.Account com.jpa.amazon.ecommerce.accounts.controller.AccountController.getById(java.lang.Long)
2018-07-31 10:39:09.973  INFO 8566 --- [    Test worker] s.w.s.m.m.a.RequestMappingHandlerMapping : Mapped "{[/accounts],methods=[GET]}" onto public java.lang.Iterable<com.jpa.amazon.ecommerce.accounts.domain.Account> com.jpa.amazon.ecommerce.accounts.controller.AccountController.getAll()
2018-07-31 10:39:09.981  INFO 8566 --- [    Test worker] s.w.s.m.m.a.RequestMappingHandlerAdapter : Looking for @ControllerAdvice: org.springframework.test.web.servlet.setup.StubWebApplicationContext@1540abd3
2018-07-31 10:39:09.982  INFO 8566 --- [    Test worker] o.s.mock.web.MockServletContext          : Initializing Spring FrameworkServlet ''
2018-07-31 10:39:09.983  INFO 8566 --- [    Test worker] o.s.t.web.servlet.TestDispatcherServlet  : FrameworkServlet '': initialization started
2018-07-31 10:39:09.983  INFO 8566 --- [    Test worker] o.s.t.web.servlet.TestDispatcherServlet  : FrameworkServlet '': initialization completed in 0 ms

MockHttpServletRequest:
      HTTP Method = PUT
      Request URI = /accounts/2
       Parameters = {}
          Headers = {Content-Type=[application/json]}
             Body = <no character encoding set>
    Session Attrs = {}

Handler:
             Type = com.jpa.amazon.ecommerce.accounts.controller.AccountController
           Method = public com.jpa.amazon.ecommerce.accounts.domain.Account com.jpa.amazon.ecommerce.accounts.controller.AccountController.update(java.lang.Long,com.jpa.amazon.ecommerce.accounts.domain.Account)

Async:
    Async started = false
     Async result = null

Resolved Exception:
             Type = null

ModelAndView:
        View name = null
             View = null
            Model = null

FlashMap:
       Attributes = null

MockHttpServletResponse:
           Status = 200
    Error message = null
          Headers = {}
     Content type = null
             Body = 
    Forwarded URL = null
   Redirected URL = null
          Cookies = []
2018-07-31 10:39:10.012  INFO 8566 --- [    Test worker] s.w.s.m.m.a.RequestMappingHandlerMapping : Mapped "{[/accounts/{id}],methods=[PUT]}" onto public com.jpa.amazon.ecommerce.accounts.domain.Account com.jpa.amazon.ecommerce.accounts.controller.AccountController.update(java.lang.Long,com.jpa.amazon.ecommerce.accounts.domain.Account)
2018-07-31 10:39:10.012  INFO 8566 --- [    Test worker] s.w.s.m.m.a.RequestMappingHandlerMapping : Mapped "{[/accounts/{id}],methods=[DELETE]}" onto public void com.jpa.amazon.ecommerce.accounts.controller.AccountController.delete(java.lang.Long)
2018-07-31 10:39:10.013  INFO 8566 --- [    Test worker] s.w.s.m.m.a.RequestMappingHandlerMapping : Mapped "{[/accounts],methods=[POST]}" onto public com.jpa.amazon.ecommerce.accounts.domain.Account com.jpa.amazon.ecommerce.accounts.controller.AccountController.create(com.jpa.amazon.ecommerce.accounts.domain.Account)
2018-07-31 10:39:10.013  INFO 8566 --- [    Test worker] s.w.s.m.m.a.RequestMappingHandlerMapping : Mapped "{[/accounts/{id}],methods=[GET]}" onto public com.jpa.amazon.ecommerce.accounts.domain.Account com.jpa.amazon.ecommerce.accounts.controller.AccountController.getById(java.lang.Long)
2018-07-31 10:39:10.013  INFO 8566 --- [    Test worker] s.w.s.m.m.a.RequestMappingHandlerMapping : Mapped "{[/accounts],methods=[GET]}" onto public java.lang.Iterable<com.jpa.amazon.ecommerce.accounts.domain.Account> com.jpa.amazon.ecommerce.accounts.controller.AccountController.getAll()
2018-07-31 10:39:10.021  INFO 8566 --- [    Test worker] s.w.s.m.m.a.RequestMappingHandlerAdapter : Looking for @ControllerAdvice: org.springframework.test.web.servlet.setup.StubWebApplicationContext@75b3d68a
2018-07-31 10:39:10.023  INFO 8566 --- [    Test worker] o.s.mock.web.MockServletContext          : Initializing Spring FrameworkServlet ''
2018-07-31 10:39:10.024  INFO 8566 --- [    Test worker] o.s.t.web.servlet.TestDispatcherServlet  : FrameworkServlet '': initialization started
2018-07-31 10:39:10.024  INFO 8566 --- [    Test worker] o.s.t.web.servlet.TestDispatcherServlet  : FrameworkServlet '': initialization completed in 0 ms

MockHttpServletRequest:
      HTTP Method = GET
      Request URI = /accounts
       Parameters = {}
          Headers = {}
             Body = <no character encoding set>
    Session Attrs = {}

Handler:
             Type = com.jpa.amazon.ecommerce.accounts.controller.AccountController
           Method = public java.lang.Iterable<com.jpa.amazon.ecommerce.accounts.domain.Account> com.jpa.amazon.ecommerce.accounts.controller.AccountController.getAll()

Async:
    Async started = false
     Async result = null

Resolved Exception:
             Type = null

ModelAndView:
        View name = null
             View = null
            Model = null

FlashMap:
       Attributes = null

MockHttpServletResponse:
           Status = 200
    Error message = null
          Headers = {Content-Type=[application/json;charset=UTF-8]}
     Content type = application/json;charset=UTF-8
             Body = []
    Forwarded URL = null
   Redirected URL = null
          Cookies = []
2018-07-31 10:39:10.038  INFO 8566 --- [    Test worker] s.w.s.m.m.a.RequestMappingHandlerMapping : Mapped "{[/accounts/{id}],methods=[PUT]}" onto public com.jpa.amazon.ecommerce.accounts.domain.Account com.jpa.amazon.ecommerce.accounts.controller.AccountController.update(java.lang.Long,com.jpa.amazon.ecommerce.accounts.domain.Account)
2018-07-31 10:39:10.039  INFO 8566 --- [    Test worker] s.w.s.m.m.a.RequestMappingHandlerMapping : Mapped "{[/accounts/{id}],methods=[DELETE]}" onto public void com.jpa.amazon.ecommerce.accounts.controller.AccountController.delete(java.lang.Long)
2018-07-31 10:39:10.039  INFO 8566 --- [    Test worker] s.w.s.m.m.a.RequestMappingHandlerMapping : Mapped "{[/accounts],methods=[POST]}" onto public com.jpa.amazon.ecommerce.accounts.domain.Account com.jpa.amazon.ecommerce.accounts.controller.AccountController.create(com.jpa.amazon.ecommerce.accounts.domain.Account)
2018-07-31 10:39:10.039  INFO 8566 --- [    Test worker] s.w.s.m.m.a.RequestMappingHandlerMapping : Mapped "{[/accounts/{id}],methods=[GET]}" onto public com.jpa.amazon.ecommerce.accounts.domain.Account com.jpa.amazon.ecommerce.accounts.controller.AccountController.getById(java.lang.Long)
2018-07-31 10:39:10.039  INFO 8566 --- [    Test worker] s.w.s.m.m.a.RequestMappingHandlerMapping : Mapped "{[/accounts],methods=[GET]}" onto public java.lang.Iterable<com.jpa.amazon.ecommerce.accounts.domain.Account> com.jpa.amazon.ecommerce.accounts.controller.AccountController.getAll()
2018-07-31 10:39:10.046  INFO 8566 --- [    Test worker] s.w.s.m.m.a.RequestMappingHandlerAdapter : Looking for @ControllerAdvice: org.springframework.test.web.servlet.setup.StubWebApplicationContext@f2f18a9
2018-07-31 10:39:10.048  INFO 8566 --- [    Test worker] o.s.mock.web.MockServletContext          : Initializing Spring FrameworkServlet ''
2018-07-31 10:39:10.048  INFO 8566 --- [    Test worker] o.s.t.web.servlet.TestDispatcherServlet  : FrameworkServlet '': initialization started
2018-07-31 10:39:10.048  INFO 8566 --- [    Test worker] o.s.t.web.servlet.TestDispatcherServlet  : FrameworkServlet '': initialization completed in 0 ms
2018-07-31 10:39:10.053  INFO 8566 --- [    Test worker] s.w.s.m.m.a.RequestMappingHandlerMapping : Mapped "{[/accounts/{id}],methods=[PUT]}" onto public com.jpa.amazon.ecommerce.accounts.domain.Account com.jpa.amazon.ecommerce.accounts.controller.AccountController.update(java.lang.Long,com.jpa.amazon.ecommerce.accounts.domain.Account)
2018-07-31 10:39:10.054  INFO 8566 --- [    Test worker] s.w.s.m.m.a.RequestMappingHandlerMapping : Mapped "{[/accounts/{id}],methods=[DELETE]}" onto public void com.jpa.amazon.ecommerce.accounts.controller.AccountController.delete(java.lang.Long)
2018-07-31 10:39:10.054  INFO 8566 --- [    Test worker] s.w.s.m.m.a.RequestMappingHandlerMapping : Mapped "{[/accounts],methods=[POST]}" onto public com.jpa.amazon.ecommerce.accounts.domain.Account com.jpa.amazon.ecommerce.accounts.controller.AccountController.create(com.jpa.amazon.ecommerce.accounts.domain.Account)
2018-07-31 10:39:10.054  INFO 8566 --- [    Test worker] s.w.s.m.m.a.RequestMappingHandlerMapping : Mapped "{[/accounts/{id}],methods=[GET]}" onto public com.jpa.amazon.ecommerce.accounts.domain.Account com.jpa.amazon.ecommerce.accounts.controller.AccountController.getById(java.lang.Long)
2018-07-31 10:39:10.054  INFO 8566 --- [    Test worker] s.w.s.m.m.a.RequestMappingHandlerMapping : Mapped "{[/accounts],methods=[GET]}" onto public java.lang.Iterable<com.jpa.amazon.ecommerce.accounts.domain.Account> com.jpa.amazon.ecommerce.accounts.controller.AccountController.getAll()
2018-07-31 10:39:10.061  INFO 8566 --- [    Test worker] s.w.s.m.m.a.RequestMappingHandlerAdapter : Looking for @ControllerAdvice: org.springframework.test.web.servlet.setup.StubWebApplicationContext@1f5c2f04
2018-07-31 10:39:10.063  INFO 8566 --- [    Test worker] o.s.mock.web.MockServletContext          : Initializing Spring FrameworkServlet ''
2018-07-31 10:39:10.063  INFO 8566 --- [    Test worker] o.s.t.web.servlet.TestDispatcherServlet  : FrameworkServlet '': initialization started
2018-07-31 10:39:10.063  INFO 8566 --- [    Test worker] o.s.t.web.servlet.TestDispatcherServlet  : FrameworkServlet '': initialization completed in 0 ms
]]></system-out>
  <system-err><![CDATA[]]></system-err>
</testsuite>
