<?xml version="1.0" encoding="UTF-8"?>
<testsuite name="com.jpa.amazon.ecommerce.accounts.service.AddressServiceTest" tests="5" skipped="0" failures="0" errors="0" timestamp="2018-08-02T03:14:09" hostname="Rohan-Grovers-MacBook-Pro.local" time="0.016">
  <properties/>
  <testcase name="testCreateAddress" classname="com.jpa.amazon.ecommerce.accounts.service.AddressServiceTest" time="0.008"/>
  <testcase name="testUpdateAddress" classname="com.jpa.amazon.ecommerce.accounts.service.AddressServiceTest" time="0.002"/>
  <testcase name="testDeleteAddress" classname="com.jpa.amazon.ecommerce.accounts.service.AddressServiceTest" time="0.001"/>
  <testcase name="testGetAddressById" classname="com.jpa.amazon.ecommerce.accounts.service.AddressServiceTest" time="0.002"/>
  <testcase name="testGetAddresses" classname="com.jpa.amazon.ecommerce.accounts.service.AddressServiceTest" time="0.001"/>
  <system-out><![CDATA[2018-08-01 22:14:08.960  INFO 70225 --- [    Test worker] o.s.t.c.s.DefaultTestContextBootstrapper : Neither @ContextConfiguration nor @ContextHierarchy found for test class [com.jpa.amazon.ecommerce.accounts.service.AddressServiceTest], using DelegatingSmartContextLoader
2018-08-01 22:14:08.961  INFO 70225 --- [    Test worker] o.s.t.c.support.AbstractContextLoader    : Could not detect default resource locations for test class [com.jpa.amazon.ecommerce.accounts.service.AddressServiceTest]: no resource found for suffixes {-context.xml}.
2018-08-01 22:14:08.962  INFO 70225 --- [    Test worker] t.c.s.AnnotationConfigContextLoaderUtils : Could not detect default configuration classes for test class [com.jpa.amazon.ecommerce.accounts.service.AddressServiceTest]: AddressServiceTest does not declare any static, non-private, non-final, nested classes annotated with @Configuration.
2018-08-01 22:14:08.963  INFO 70225 --- [    Test worker] o.s.t.c.s.DefaultTestContextBootstrapper : Loaded default TestExecutionListener class names from location [META-INF/spring.factories]: [org.springframework.boot.test.autoconfigure.restdocs.RestDocsTestExecutionListener, org.springframework.boot.test.autoconfigure.web.client.MockRestServiceServerResetTestExecutionListener, org.springframework.boot.test.autoconfigure.web.servlet.MockMvcPrintOnlyOnFailureTestExecutionListener, org.springframework.boot.test.autoconfigure.web.servlet.WebDriverTestExecutionListener, org.springframework.boot.test.mock.mockito.MockitoTestExecutionListener, org.springframework.boot.test.mock.mockito.ResetMocksTestExecutionListener, org.springframework.test.context.web.ServletTestExecutionListener, org.springframework.test.context.support.DirtiesContextBeforeModesTestExecutionListener, org.springframework.test.context.support.DependencyInjectionTestExecutionListener, org.springframework.test.context.support.DirtiesContextTestExecutionListener, org.springframework.test.context.transaction.TransactionalTestExecutionListener, org.springframework.test.context.jdbc.SqlScriptsTestExecutionListener]
2018-08-01 22:14:08.963  INFO 70225 --- [    Test worker] o.s.t.c.s.DefaultTestContextBootstrapper : Using TestExecutionListeners: [org.springframework.test.context.web.ServletTestExecutionListener@9a99840, org.springframework.test.context.support.DirtiesContextBeforeModesTestExecutionListener@7890b4c9, org.springframework.boot.test.mock.mockito.MockitoTestExecutionListener@79ec7fa, org.springframework.test.context.support.DependencyInjectionTestExecutionListener@6e9c2351, org.springframework.test.context.support.DirtiesContextTestExecutionListener@2b32cd5a, org.springframework.test.context.transaction.TransactionalTestExecutionListener@56f90209, org.springframework.test.context.jdbc.SqlScriptsTestExecutionListener@2729ae3b, org.springframework.boot.test.autoconfigure.restdocs.RestDocsTestExecutionListener@28a09724, org.springframework.boot.test.autoconfigure.web.client.MockRestServiceServerResetTestExecutionListener@1545c777, org.springframework.boot.test.autoconfigure.web.servlet.MockMvcPrintOnlyOnFailureTestExecutionListener@bb2669c, org.springframework.boot.test.autoconfigure.web.servlet.WebDriverTestExecutionListener@610049a7, org.springframework.boot.test.mock.mockito.ResetMocksTestExecutionListener@4db5fb14]
2018-08-01 22:14:09.068  INFO 70225 --- [    Test worker] o.s.c.support.GenericApplicationContext  : Refreshing org.springframework.context.support.GenericApplicationContext@1217fd43: startup date [Wed Aug 01 22:14:09 CDT 2018]; root of context hierarchy
2018-08-01 22:14:09.074  INFO 70225 --- [    Test worker] f.a.AutowiredAnnotationBeanPostProcessor : JSR-330 'javax.inject.Inject' annotation found and supported for autowiring
]]></system-out>
  <system-err><![CDATA[]]></system-err>
</testsuite>
