<?xml version="1.0" encoding="UTF-8"?>
<testsuite name="com.jpa.amazon.ecommerce.accounts.service.AccountServiceTest" tests="5" skipped="0" failures="0" errors="0" timestamp="2018-08-08T16:29:06" hostname="Rohan-Grovers-MacBook-Pro.local" time="0.009">
  <properties/>
  <testcase name="testCreateAccount" classname="com.jpa.amazon.ecommerce.accounts.service.AccountServiceTest" time="0.001"/>
  <testcase name="testGetAccountById" classname="com.jpa.amazon.ecommerce.accounts.service.AccountServiceTest" time="0.001"/>
  <testcase name="testUpdateAccount" classname="com.jpa.amazon.ecommerce.accounts.service.AccountServiceTest" time="0.002"/>
  <testcase name="testGetAccounts" classname="com.jpa.amazon.ecommerce.accounts.service.AccountServiceTest" time="0.001"/>
  <testcase name="testDeleteAccount" classname="com.jpa.amazon.ecommerce.accounts.service.AccountServiceTest" time="0.002"/>
  <system-out><![CDATA[2018-08-08 11:29:06.533  INFO 47970 --- [    Test worker] o.s.t.c.s.DefaultTestContextBootstrapper : Neither @ContextConfiguration nor @ContextHierarchy found for test class [com.jpa.amazon.ecommerce.accounts.service.AccountServiceTest], using DelegatingSmartContextLoader
2018-08-08 11:29:06.533  INFO 47970 --- [    Test worker] o.s.t.c.support.AbstractContextLoader    : Could not detect default resource locations for test class [com.jpa.amazon.ecommerce.accounts.service.AccountServiceTest]: no resource found for suffixes {-context.xml}.
2018-08-08 11:29:06.534  INFO 47970 --- [    Test worker] t.c.s.AnnotationConfigContextLoaderUtils : Could not detect default configuration classes for test class [com.jpa.amazon.ecommerce.accounts.service.AccountServiceTest]: AccountServiceTest does not declare any static, non-private, non-final, nested classes annotated with @Configuration.
2018-08-08 11:29:06.535  INFO 47970 --- [    Test worker] o.s.t.c.s.DefaultTestContextBootstrapper : Loaded default TestExecutionListener class names from location [META-INF/spring.factories]: [org.springframework.boot.test.autoconfigure.restdocs.RestDocsTestExecutionListener, org.springframework.boot.test.autoconfigure.web.client.MockRestServiceServerResetTestExecutionListener, org.springframework.boot.test.autoconfigure.web.servlet.MockMvcPrintOnlyOnFailureTestExecutionListener, org.springframework.boot.test.autoconfigure.web.servlet.WebDriverTestExecutionListener, org.springframework.boot.test.mock.mockito.MockitoTestExecutionListener, org.springframework.boot.test.mock.mockito.ResetMocksTestExecutionListener, org.springframework.test.context.web.ServletTestExecutionListener, org.springframework.test.context.support.DirtiesContextBeforeModesTestExecutionListener, org.springframework.test.context.support.DependencyInjectionTestExecutionListener, org.springframework.test.context.support.DirtiesContextTestExecutionListener, org.springframework.test.context.transaction.TransactionalTestExecutionListener, org.springframework.test.context.jdbc.SqlScriptsTestExecutionListener]
2018-08-08 11:29:06.535  INFO 47970 --- [    Test worker] o.s.t.c.s.DefaultTestContextBootstrapper : Using TestExecutionListeners: [org.springframework.test.context.web.ServletTestExecutionListener@25733f50, org.springframework.test.context.support.DirtiesContextBeforeModesTestExecutionListener@e43b2d8, org.springframework.boot.test.mock.mockito.MockitoTestExecutionListener@57f5c610, org.springframework.test.context.support.DependencyInjectionTestExecutionListener@5af922e5, org.springframework.test.context.support.DirtiesContextTestExecutionListener@66cc0f55, org.springframework.test.context.transaction.TransactionalTestExecutionListener@750aa426, org.springframework.test.context.jdbc.SqlScriptsTestExecutionListener@c3629d1, org.springframework.boot.test.autoconfigure.restdocs.RestDocsTestExecutionListener@1fcbdcb8, org.springframework.boot.test.autoconfigure.web.client.MockRestServiceServerResetTestExecutionListener@197bdeb3, org.springframework.boot.test.autoconfigure.web.servlet.MockMvcPrintOnlyOnFailureTestExecutionListener@3970722e, org.springframework.boot.test.autoconfigure.web.servlet.WebDriverTestExecutionListener@435bc70, org.springframework.boot.test.mock.mockito.ResetMocksTestExecutionListener@45da9e52]
]]></system-out>
  <system-err><![CDATA[]]></system-err>
</testsuite>
