<?xml version="1.0" encoding="UTF-8"?>
<testsuite name="com.jpa.amazon.ecommerce.accounts.service.AddressServiceTest" tests="5" skipped="0" failures="0" errors="0" timestamp="2018-08-02T13:47:11" hostname="Rohan-Grovers-MacBook-Pro.local" time="0.014">
  <properties/>
  <testcase name="testCreateAddress" classname="com.jpa.amazon.ecommerce.accounts.service.AddressServiceTest" time="0.006"/>
  <testcase name="testUpdateAddress" classname="com.jpa.amazon.ecommerce.accounts.service.AddressServiceTest" time="0.001"/>
  <testcase name="testDeleteAddress" classname="com.jpa.amazon.ecommerce.accounts.service.AddressServiceTest" time="0.001"/>
  <testcase name="testGetAddressById" classname="com.jpa.amazon.ecommerce.accounts.service.AddressServiceTest" time="0.002"/>
  <testcase name="testGetAddresses" classname="com.jpa.amazon.ecommerce.accounts.service.AddressServiceTest" time="0.001"/>
  <system-out><![CDATA[2018-08-02 08:47:11.054  INFO 81878 --- [    Test worker] o.s.t.c.s.DefaultTestContextBootstrapper : Neither @ContextConfiguration nor @ContextHierarchy found for test class [com.jpa.amazon.ecommerce.accounts.service.AddressServiceTest], using DelegatingSmartContextLoader
2018-08-02 08:47:11.055  INFO 81878 --- [    Test worker] o.s.t.c.support.AbstractContextLoader    : Could not detect default resource locations for test class [com.jpa.amazon.ecommerce.accounts.service.AddressServiceTest]: no resource found for suffixes {-context.xml}.
2018-08-02 08:47:11.055  INFO 81878 --- [    Test worker] t.c.s.AnnotationConfigContextLoaderUtils : Could not detect default configuration classes for test class [com.jpa.amazon.ecommerce.accounts.service.AddressServiceTest]: AddressServiceTest does not declare any static, non-private, non-final, nested classes annotated with @Configuration.
2018-08-02 08:47:11.057  INFO 81878 --- [    Test worker] o.s.t.c.s.DefaultTestContextBootstrapper : Loaded default TestExecutionListener class names from location [META-INF/spring.factories]: [org.springframework.boot.test.autoconfigure.restdocs.RestDocsTestExecutionListener, org.springframework.boot.test.autoconfigure.web.client.MockRestServiceServerResetTestExecutionListener, org.springframework.boot.test.autoconfigure.web.servlet.MockMvcPrintOnlyOnFailureTestExecutionListener, org.springframework.boot.test.autoconfigure.web.servlet.WebDriverTestExecutionListener, org.springframework.boot.test.mock.mockito.MockitoTestExecutionListener, org.springframework.boot.test.mock.mockito.ResetMocksTestExecutionListener, org.springframework.test.context.web.ServletTestExecutionListener, org.springframework.test.context.support.DirtiesContextBeforeModesTestExecutionListener, org.springframework.test.context.support.DependencyInjectionTestExecutionListener, org.springframework.test.context.support.DirtiesContextTestExecutionListener, org.springframework.test.context.transaction.TransactionalTestExecutionListener, org.springframework.test.context.jdbc.SqlScriptsTestExecutionListener]
2018-08-02 08:47:11.057  INFO 81878 --- [    Test worker] o.s.t.c.s.DefaultTestContextBootstrapper : Using TestExecutionListeners: [org.springframework.test.context.web.ServletTestExecutionListener@779c5f87, org.springframework.test.context.support.DirtiesContextBeforeModesTestExecutionListener@10032b0e, org.springframework.boot.test.mock.mockito.MockitoTestExecutionListener@5902451d, org.springframework.test.context.support.DependencyInjectionTestExecutionListener@380e5c48, org.springframework.test.context.support.DirtiesContextTestExecutionListener@2d7b5ca9, org.springframework.test.context.transaction.TransactionalTestExecutionListener@24a95953, org.springframework.test.context.jdbc.SqlScriptsTestExecutionListener@6fc8ca76, org.springframework.boot.test.autoconfigure.restdocs.RestDocsTestExecutionListener@256e27db, org.springframework.boot.test.autoconfigure.web.client.MockRestServiceServerResetTestExecutionListener@5207b9cb, org.springframework.boot.test.autoconfigure.web.servlet.MockMvcPrintOnlyOnFailureTestExecutionListener@3c8a1119, org.springframework.boot.test.autoconfigure.web.servlet.WebDriverTestExecutionListener@15b8e784, org.springframework.boot.test.mock.mockito.ResetMocksTestExecutionListener@413c4a17]
2018-08-02 08:47:11.131  INFO 81878 --- [    Test worker] o.s.c.support.GenericApplicationContext  : Refreshing org.springframework.context.support.GenericApplicationContext@449b45af: startup date [Thu Aug 02 08:47:11 CDT 2018]; root of context hierarchy
2018-08-02 08:47:11.135  INFO 81878 --- [    Test worker] f.a.AutowiredAnnotationBeanPostProcessor : JSR-330 'javax.inject.Inject' annotation found and supported for autowiring
]]></system-out>
  <system-err><![CDATA[]]></system-err>
</testsuite>
