<?xml version="1.0" encoding="UTF-8"?>
<testsuite name="com.jpa.amazon.ecommerce.accounts.controller.AddressControllerTest" tests="5" skipped="0" failures="0" errors="0" timestamp="2018-08-02T16:47:10" hostname="Rohan-Grovers-MacBook-Pro.local" time="0.097">
  <properties/>
  <testcase name="testCreateAddress" classname="com.jpa.amazon.ecommerce.accounts.controller.AddressControllerTest" time="0.023"/>
  <testcase name="testGetAllAddresses" classname="com.jpa.amazon.ecommerce.accounts.controller.AddressControllerTest" time="0.018"/>
  <testcase name="testUpdateAddress" classname="com.jpa.amazon.ecommerce.accounts.controller.AddressControllerTest" time="0.02"/>
  <testcase name="testDeleteAccount" classname="com.jpa.amazon.ecommerce.accounts.controller.AddressControllerTest" time="0.015"/>
  <testcase name="testGetAddressById" classname="com.jpa.amazon.ecommerce.accounts.controller.AddressControllerTest" time="0.017"/>
  <system-out><![CDATA[2018-08-02 11:47:09.265  INFO 16519 --- [    Test worker] o.s.t.c.support.AbstractContextLoader    : Could not detect default resource locations for test class [com.jpa.amazon.ecommerce.accounts.controller.AddressControllerTest]: no resource found for suffixes {-context.xml, Context.groovy}.
2018-08-02 11:47:09.269  INFO 16519 --- [    Test worker] .b.t.a.w.s.WebMvcTestContextBootstrapper : Loaded default TestExecutionListener class names from location [META-INF/spring.factories]: [org.springframework.boot.test.autoconfigure.restdocs.RestDocsTestExecutionListener, org.springframework.boot.test.autoconfigure.web.client.MockRestServiceServerResetTestExecutionListener, org.springframework.boot.test.autoconfigure.web.servlet.MockMvcPrintOnlyOnFailureTestExecutionListener, org.springframework.boot.test.autoconfigure.web.servlet.WebDriverTestExecutionListener, org.springframework.boot.test.mock.mockito.MockitoTestExecutionListener, org.springframework.boot.test.mock.mockito.ResetMocksTestExecutionListener, org.springframework.test.context.web.ServletTestExecutionListener, org.springframework.test.context.support.DirtiesContextBeforeModesTestExecutionListener, org.springframework.test.context.support.DependencyInjectionTestExecutionListener, org.springframework.test.context.support.DirtiesContextTestExecutionListener, org.springframework.test.context.transaction.TransactionalTestExecutionListener, org.springframework.test.context.jdbc.SqlScriptsTestExecutionListener]
2018-08-02 11:47:09.269  INFO 16519 --- [    Test worker] .b.t.a.w.s.WebMvcTestContextBootstrapper : Using TestExecutionListeners: [org.springframework.test.context.web.ServletTestExecutionListener@5b7f6214, org.springframework.test.context.support.DirtiesContextBeforeModesTestExecutionListener@23639463, org.springframework.boot.test.mock.mockito.MockitoTestExecutionListener@223c7db0, org.springframework.boot.test.autoconfigure.SpringBootDependencyInjectionTestExecutionListener@45c764a2, org.springframework.test.context.support.DirtiesContextTestExecutionListener@6508d1cc, org.springframework.test.context.transaction.TransactionalTestExecutionListener@5af79182, org.springframework.test.context.jdbc.SqlScriptsTestExecutionListener@1be7b691, org.springframework.boot.test.autoconfigure.restdocs.RestDocsTestExecutionListener@65fb333b, org.springframework.boot.test.autoconfigure.web.client.MockRestServiceServerResetTestExecutionListener@465e08f9, org.springframework.boot.test.autoconfigure.web.servlet.MockMvcPrintOnlyOnFailureTestExecutionListener@20c3fa31, org.springframework.boot.test.autoconfigure.web.servlet.WebDriverTestExecutionListener@6368386, org.springframework.boot.test.mock.mockito.ResetMocksTestExecutionListener@3ae80a90]
2018-08-02 11:47:09.379  INFO 16519 --- [    Test worker] s.c.a.AnnotationConfigApplicationContext : Refreshing org.springframework.context.annotation.AnnotationConfigApplicationContext@1ffcb5de: startup date [Thu Aug 02 11:47:09 CDT 2018]; root of context hierarchy
2018-08-02 11:47:09.405  INFO 16519 --- [    Test worker] f.a.AutowiredAnnotationBeanPostProcessor : JSR-330 'javax.inject.Inject' annotation found and supported for autowiring
2018-08-02 11:47:09.427  INFO 16519 --- [    Test worker] trationDelegate$BeanPostProcessorChecker : Bean 'configurationPropertiesRebinderAutoConfiguration' of type [org.springframework.cloud.autoconfigure.ConfigurationPropertiesRebinderAutoConfiguration$$EnhancerBySpringCGLIB$$850a00a6] is not eligible for getting processed by all BeanPostProcessors (for example: not eligible for auto-proxying)

  .   ____          _            __ _ _
 /\\ / ___'_ __ _ _(_)_ __  __ _ \ \ \ \
( ( )\___ | '_ | '_| | '_ \/ _` | \ \ \ \
 \\/  ___)| |_)| | | | | || (_| |  ) ) ) )
  '  |____| .__|_| |_|_| |_\__, | / / / /
 =========|_|==============|___/=/_/_/_/
 :: Spring Boot ::        (v2.0.3.RELEASE)

2018-08-02 11:47:09.485  INFO 16519 --- [    Test worker] c.j.a.e.a.c.AddressControllerTest        : No active profile set, falling back to default profiles: default
2018-08-02 11:47:09.487  INFO 16519 --- [    Test worker] o.s.w.c.s.GenericWebApplicationContext   : Refreshing org.springframework.web.context.support.GenericWebApplicationContext@74161eb4: startup date [Thu Aug 02 11:47:09 CDT 2018]; parent: org.springframework.context.annotation.AnnotationConfigApplicationContext@1ffcb5de
2018-08-02 11:47:09.586  INFO 16519 --- [    Test worker] f.a.AutowiredAnnotationBeanPostProcessor : JSR-330 'javax.inject.Inject' annotation found and supported for autowiring
2018-08-02 11:47:09.708  INFO 16519 --- [    Test worker] o.s.w.s.handler.SimpleUrlHandlerMapping  : Mapped URL path [/**/favicon.ico] onto handler of type [class org.springframework.web.servlet.resource.ResourceHttpRequestHandler]
2018-08-02 11:47:09.771  INFO 16519 --- [    Test worker] s.w.s.m.m.a.RequestMappingHandlerAdapter : Looking for @ControllerAdvice: org.springframework.web.context.support.GenericWebApplicationContext@74161eb4: startup date [Thu Aug 02 11:47:09 CDT 2018]; parent: org.springframework.context.annotation.AnnotationConfigApplicationContext@1ffcb5de
2018-08-02 11:47:09.785  INFO 16519 --- [    Test worker] s.w.s.m.m.a.RequestMappingHandlerMapping : Mapped "{[/error]}" onto public org.springframework.http.ResponseEntity<java.util.Map<java.lang.String, java.lang.Object>> org.springframework.boot.autoconfigure.web.servlet.error.BasicErrorController.error(javax.servlet.http.HttpServletRequest)
2018-08-02 11:47:09.786  INFO 16519 --- [    Test worker] s.w.s.m.m.a.RequestMappingHandlerMapping : Mapped "{[/error],produces=[text/html]}" onto public org.springframework.web.servlet.ModelAndView org.springframework.boot.autoconfigure.web.servlet.error.BasicErrorController.errorHtml(javax.servlet.http.HttpServletRequest,javax.servlet.http.HttpServletResponse)
2018-08-02 11:47:09.801  INFO 16519 --- [    Test worker] o.s.w.s.handler.SimpleUrlHandlerMapping  : Mapped URL path [/webjars/**] onto handler of type [class org.springframework.web.servlet.resource.ResourceHttpRequestHandler]
2018-08-02 11:47:09.801  INFO 16519 --- [    Test worker] o.s.w.s.handler.SimpleUrlHandlerMapping  : Mapped URL path [/**] onto handler of type [class org.springframework.web.servlet.resource.ResourceHttpRequestHandler]
2018-08-02 11:47:09.961  INFO 16519 --- [    Test worker] .s.s.UserDetailsServiceAutoConfiguration : 

Using generated security password: 2cb1ffb4-ae24-45ff-ac49-0937686a3ed1

2018-08-02 11:47:10.020  INFO 16519 --- [    Test worker] o.s.s.web.DefaultSecurityFilterChain     : Creating filter chain: org.springframework.security.web.util.matcher.AnyRequestMatcher@1, [org.springframework.security.web.context.request.async.WebAsyncManagerIntegrationFilter@7616119a, org.springframework.security.web.context.SecurityContextPersistenceFilter@6fcdfa0a, org.springframework.security.web.header.HeaderWriterFilter@2786b62, org.springframework.security.web.authentication.logout.LogoutFilter@486ea034, org.springframework.security.web.savedrequest.RequestCacheAwareFilter@118dde86, org.springframework.security.web.servletapi.SecurityContextHolderAwareRequestFilter@50ef94ae, org.springframework.security.web.authentication.AnonymousAuthenticationFilter@6dff055f, org.springframework.security.web.session.SessionManagementFilter@19203730, org.springframework.security.web.access.ExceptionTranslationFilter@52859772, org.springframework.security.web.access.intercept.FilterSecurityInterceptor@2641440d]
2018-08-02 11:47:10.030  INFO 16519 --- [    Test worker] o.s.b.t.m.w.SpringBootMockServletContext : Initializing Spring FrameworkServlet ''
2018-08-02 11:47:10.030  INFO 16519 --- [    Test worker] o.s.t.web.servlet.TestDispatcherServlet  : FrameworkServlet '': initialization started
2018-08-02 11:47:10.038  INFO 16519 --- [    Test worker] o.s.t.web.servlet.TestDispatcherServlet  : FrameworkServlet '': initialization completed in 8 ms
2018-08-02 11:47:10.053  INFO 16519 --- [    Test worker] c.j.a.e.a.c.AddressControllerTest        : Started AddressControllerTest in 0.749 seconds (JVM running for 11.739)
2018-08-02 11:47:10.062  INFO 16519 --- [    Test worker] s.w.s.m.m.a.RequestMappingHandlerMapping : Mapped "{[/accounts/{id}/address/{address_id}],methods=[PUT]}" onto public com.jpa.amazon.ecommerce.accounts.domain.Address com.jpa.amazon.ecommerce.accounts.controller.AddressController.update(java.lang.Long,java.lang.Long,com.jpa.amazon.ecommerce.accounts.domain.Address)
2018-08-02 11:47:10.062  INFO 16519 --- [    Test worker] s.w.s.m.m.a.RequestMappingHandlerMapping : Mapped "{[/accounts/{id}/address/{address_id}],methods=[DELETE]}" onto public void com.jpa.amazon.ecommerce.accounts.controller.AddressController.delete(java.lang.Long,java.lang.Long)
2018-08-02 11:47:10.062  INFO 16519 --- [    Test worker] s.w.s.m.m.a.RequestMappingHandlerMapping : Mapped "{[/accounts/{id}/address],methods=[POST]}" onto public com.jpa.amazon.ecommerce.accounts.domain.Address com.jpa.amazon.ecommerce.accounts.controller.AddressController.create(com.jpa.amazon.ecommerce.accounts.domain.Address,java.lang.Long)
2018-08-02 11:47:10.062  INFO 16519 --- [    Test worker] s.w.s.m.m.a.RequestMappingHandlerMapping : Mapped "{[/accounts/{id}/address/{address_id}],methods=[GET]}" onto public com.jpa.amazon.ecommerce.accounts.domain.Address com.jpa.amazon.ecommerce.accounts.controller.AddressController.getById(java.lang.Long,java.lang.Long)
2018-08-02 11:47:10.062  INFO 16519 --- [    Test worker] s.w.s.m.m.a.RequestMappingHandlerMapping : Mapped "{[/accounts/{id}/address],methods=[GET]}" onto public java.lang.Iterable<com.jpa.amazon.ecommerce.accounts.domain.Address> com.jpa.amazon.ecommerce.accounts.controller.AddressController.getAllByAccountId(java.lang.Long)
2018-08-02 11:47:10.069  INFO 16519 --- [    Test worker] s.w.s.m.m.a.RequestMappingHandlerAdapter : Looking for @ControllerAdvice: org.springframework.test.web.servlet.setup.StubWebApplicationContext@25e7db1e
2018-08-02 11:47:10.072  INFO 16519 --- [    Test worker] o.s.mock.web.MockServletContext          : Initializing Spring FrameworkServlet ''
2018-08-02 11:47:10.072  INFO 16519 --- [    Test worker] o.s.t.web.servlet.TestDispatcherServlet  : FrameworkServlet '': initialization started
2018-08-02 11:47:10.072  INFO 16519 --- [    Test worker] o.s.t.web.servlet.TestDispatcherServlet  : FrameworkServlet '': initialization completed in 0 ms

MockHttpServletRequest:
      HTTP Method = POST
      Request URI = /accounts/1/address
       Parameters = {}
          Headers = {Content-Type=[application/json]}
             Body = <no character encoding set>
    Session Attrs = {}

Handler:
             Type = com.jpa.amazon.ecommerce.accounts.controller.AddressController
           Method = public com.jpa.amazon.ecommerce.accounts.domain.Address com.jpa.amazon.ecommerce.accounts.controller.AddressController.create(com.jpa.amazon.ecommerce.accounts.domain.Address,java.lang.Long)

Async:
    Async started = false
     Async result = null

Resolved Exception:
             Type = null

ModelAndView:
        View name = null
             View = null
            Model = null

FlashMap:
       Attributes = null

MockHttpServletResponse:
           Status = 201
    Error message = null
          Headers = {}
     Content type = null
             Body = 
    Forwarded URL = null
   Redirected URL = null
          Cookies = []
2018-08-02 11:47:10.083  INFO 16519 --- [    Test worker] s.w.s.m.m.a.RequestMappingHandlerMapping : Mapped "{[/accounts/{id}/address/{address_id}],methods=[PUT]}" onto public com.jpa.amazon.ecommerce.accounts.domain.Address com.jpa.amazon.ecommerce.accounts.controller.AddressController.update(java.lang.Long,java.lang.Long,com.jpa.amazon.ecommerce.accounts.domain.Address)
2018-08-02 11:47:10.083  INFO 16519 --- [    Test worker] s.w.s.m.m.a.RequestMappingHandlerMapping : Mapped "{[/accounts/{id}/address/{address_id}],methods=[DELETE]}" onto public void com.jpa.amazon.ecommerce.accounts.controller.AddressController.delete(java.lang.Long,java.lang.Long)
2018-08-02 11:47:10.083  INFO 16519 --- [    Test worker] s.w.s.m.m.a.RequestMappingHandlerMapping : Mapped "{[/accounts/{id}/address],methods=[POST]}" onto public com.jpa.amazon.ecommerce.accounts.domain.Address com.jpa.amazon.ecommerce.accounts.controller.AddressController.create(com.jpa.amazon.ecommerce.accounts.domain.Address,java.lang.Long)
2018-08-02 11:47:10.084  INFO 16519 --- [    Test worker] s.w.s.m.m.a.RequestMappingHandlerMapping : Mapped "{[/accounts/{id}/address/{address_id}],methods=[GET]}" onto public com.jpa.amazon.ecommerce.accounts.domain.Address com.jpa.amazon.ecommerce.accounts.controller.AddressController.getById(java.lang.Long,java.lang.Long)
2018-08-02 11:47:10.084  INFO 16519 --- [    Test worker] s.w.s.m.m.a.RequestMappingHandlerMapping : Mapped "{[/accounts/{id}/address],methods=[GET]}" onto public java.lang.Iterable<com.jpa.amazon.ecommerce.accounts.domain.Address> com.jpa.amazon.ecommerce.accounts.controller.AddressController.getAllByAccountId(java.lang.Long)
2018-08-02 11:47:10.092  INFO 16519 --- [    Test worker] s.w.s.m.m.a.RequestMappingHandlerAdapter : Looking for @ControllerAdvice: org.springframework.test.web.servlet.setup.StubWebApplicationContext@2210ae6b
2018-08-02 11:47:10.094  INFO 16519 --- [    Test worker] o.s.mock.web.MockServletContext          : Initializing Spring FrameworkServlet ''
2018-08-02 11:47:10.094  INFO 16519 --- [    Test worker] o.s.t.web.servlet.TestDispatcherServlet  : FrameworkServlet '': initialization started
2018-08-02 11:47:10.094  INFO 16519 --- [    Test worker] o.s.t.web.servlet.TestDispatcherServlet  : FrameworkServlet '': initialization completed in 0 ms

MockHttpServletRequest:
      HTTP Method = GET
      Request URI = /accounts/1/address
       Parameters = {}
          Headers = {}
             Body = <no character encoding set>
    Session Attrs = {}

Handler:
             Type = com.jpa.amazon.ecommerce.accounts.controller.AddressController
           Method = public java.lang.Iterable<com.jpa.amazon.ecommerce.accounts.domain.Address> com.jpa.amazon.ecommerce.accounts.controller.AddressController.getAllByAccountId(java.lang.Long)

Async:
    Async started = false
     Async result = null

Resolved Exception:
             Type = null

ModelAndView:
        View name = null
             View = null
            Model = null

FlashMap:
       Attributes = null

MockHttpServletResponse:
           Status = 200
    Error message = null
          Headers = {Content-Type=[application/json;charset=UTF-8]}
     Content type = application/json;charset=UTF-8
             Body = []
    Forwarded URL = null
   Redirected URL = null
          Cookies = []
2018-08-02 11:47:10.103  INFO 16519 --- [    Test worker] s.w.s.m.m.a.RequestMappingHandlerMapping : Mapped "{[/accounts/{id}/address/{address_id}],methods=[PUT]}" onto public com.jpa.amazon.ecommerce.accounts.domain.Address com.jpa.amazon.ecommerce.accounts.controller.AddressController.update(java.lang.Long,java.lang.Long,com.jpa.amazon.ecommerce.accounts.domain.Address)
2018-08-02 11:47:10.103  INFO 16519 --- [    Test worker] s.w.s.m.m.a.RequestMappingHandlerMapping : Mapped "{[/accounts/{id}/address/{address_id}],methods=[DELETE]}" onto public void com.jpa.amazon.ecommerce.accounts.controller.AddressController.delete(java.lang.Long,java.lang.Long)
2018-08-02 11:47:10.103  INFO 16519 --- [    Test worker] s.w.s.m.m.a.RequestMappingHandlerMapping : Mapped "{[/accounts/{id}/address],methods=[POST]}" onto public com.jpa.amazon.ecommerce.accounts.domain.Address com.jpa.amazon.ecommerce.accounts.controller.AddressController.create(com.jpa.amazon.ecommerce.accounts.domain.Address,java.lang.Long)
2018-08-02 11:47:10.103  INFO 16519 --- [    Test worker] s.w.s.m.m.a.RequestMappingHandlerMapping : Mapped "{[/accounts/{id}/address/{address_id}],methods=[GET]}" onto public com.jpa.amazon.ecommerce.accounts.domain.Address com.jpa.amazon.ecommerce.accounts.controller.AddressController.getById(java.lang.Long,java.lang.Long)
2018-08-02 11:47:10.103  INFO 16519 --- [    Test worker] s.w.s.m.m.a.RequestMappingHandlerMapping : Mapped "{[/accounts/{id}/address],methods=[GET]}" onto public java.lang.Iterable<com.jpa.amazon.ecommerce.accounts.domain.Address> com.jpa.amazon.ecommerce.accounts.controller.AddressController.getAllByAccountId(java.lang.Long)
2018-08-02 11:47:10.110  INFO 16519 --- [    Test worker] s.w.s.m.m.a.RequestMappingHandlerAdapter : Looking for @ControllerAdvice: org.springframework.test.web.servlet.setup.StubWebApplicationContext@1f35ef49
2018-08-02 11:47:10.112  INFO 16519 --- [    Test worker] o.s.mock.web.MockServletContext          : Initializing Spring FrameworkServlet ''
2018-08-02 11:47:10.112  INFO 16519 --- [    Test worker] o.s.t.web.servlet.TestDispatcherServlet  : FrameworkServlet '': initialization started
2018-08-02 11:47:10.112  INFO 16519 --- [    Test worker] o.s.t.web.servlet.TestDispatcherServlet  : FrameworkServlet '': initialization completed in 0 ms

MockHttpServletRequest:
      HTTP Method = PUT
      Request URI = /accounts/1/address/2
       Parameters = {}
          Headers = {Content-Type=[application/json]}
             Body = <no character encoding set>
    Session Attrs = {}

Handler:
             Type = com.jpa.amazon.ecommerce.accounts.controller.AddressController
           Method = public com.jpa.amazon.ecommerce.accounts.domain.Address com.jpa.amazon.ecommerce.accounts.controller.AddressController.update(java.lang.Long,java.lang.Long,com.jpa.amazon.ecommerce.accounts.domain.Address)

Async:
    Async started = false
     Async result = null

Resolved Exception:
             Type = null

ModelAndView:
        View name = null
             View = null
            Model = null

FlashMap:
       Attributes = null

MockHttpServletResponse:
           Status = 200
    Error message = null
          Headers = {}
     Content type = null
             Body = 
    Forwarded URL = null
   Redirected URL = null
          Cookies = []
2018-08-02 11:47:10.123  INFO 16519 --- [    Test worker] s.w.s.m.m.a.RequestMappingHandlerMapping : Mapped "{[/accounts/{id}/address/{address_id}],methods=[PUT]}" onto public com.jpa.amazon.ecommerce.accounts.domain.Address com.jpa.amazon.ecommerce.accounts.controller.AddressController.update(java.lang.Long,java.lang.Long,com.jpa.amazon.ecommerce.accounts.domain.Address)
2018-08-02 11:47:10.123  INFO 16519 --- [    Test worker] s.w.s.m.m.a.RequestMappingHandlerMapping : Mapped "{[/accounts/{id}/address/{address_id}],methods=[DELETE]}" onto public void com.jpa.amazon.ecommerce.accounts.controller.AddressController.delete(java.lang.Long,java.lang.Long)
2018-08-02 11:47:10.123  INFO 16519 --- [    Test worker] s.w.s.m.m.a.RequestMappingHandlerMapping : Mapped "{[/accounts/{id}/address],methods=[POST]}" onto public com.jpa.amazon.ecommerce.accounts.domain.Address com.jpa.amazon.ecommerce.accounts.controller.AddressController.create(com.jpa.amazon.ecommerce.accounts.domain.Address,java.lang.Long)
2018-08-02 11:47:10.124  INFO 16519 --- [    Test worker] s.w.s.m.m.a.RequestMappingHandlerMapping : Mapped "{[/accounts/{id}/address/{address_id}],methods=[GET]}" onto public com.jpa.amazon.ecommerce.accounts.domain.Address com.jpa.amazon.ecommerce.accounts.controller.AddressController.getById(java.lang.Long,java.lang.Long)
2018-08-02 11:47:10.124  INFO 16519 --- [    Test worker] s.w.s.m.m.a.RequestMappingHandlerMapping : Mapped "{[/accounts/{id}/address],methods=[GET]}" onto public java.lang.Iterable<com.jpa.amazon.ecommerce.accounts.domain.Address> com.jpa.amazon.ecommerce.accounts.controller.AddressController.getAllByAccountId(java.lang.Long)
2018-08-02 11:47:10.130  INFO 16519 --- [    Test worker] s.w.s.m.m.a.RequestMappingHandlerAdapter : Looking for @ControllerAdvice: org.springframework.test.web.servlet.setup.StubWebApplicationContext@174e877
2018-08-02 11:47:10.132  INFO 16519 --- [    Test worker] o.s.mock.web.MockServletContext          : Initializing Spring FrameworkServlet ''
2018-08-02 11:47:10.132  INFO 16519 --- [    Test worker] o.s.t.web.servlet.TestDispatcherServlet  : FrameworkServlet '': initialization started
2018-08-02 11:47:10.132  INFO 16519 --- [    Test worker] o.s.t.web.servlet.TestDispatcherServlet  : FrameworkServlet '': initialization completed in 0 ms
2018-08-02 11:47:10.139  INFO 16519 --- [    Test worker] s.w.s.m.m.a.RequestMappingHandlerMapping : Mapped "{[/accounts/{id}/address/{address_id}],methods=[PUT]}" onto public com.jpa.amazon.ecommerce.accounts.domain.Address com.jpa.amazon.ecommerce.accounts.controller.AddressController.update(java.lang.Long,java.lang.Long,com.jpa.amazon.ecommerce.accounts.domain.Address)
2018-08-02 11:47:10.139  INFO 16519 --- [    Test worker] s.w.s.m.m.a.RequestMappingHandlerMapping : Mapped "{[/accounts/{id}/address/{address_id}],methods=[DELETE]}" onto public void com.jpa.amazon.ecommerce.accounts.controller.AddressController.delete(java.lang.Long,java.lang.Long)
2018-08-02 11:47:10.139  INFO 16519 --- [    Test worker] s.w.s.m.m.a.RequestMappingHandlerMapping : Mapped "{[/accounts/{id}/address],methods=[POST]}" onto public com.jpa.amazon.ecommerce.accounts.domain.Address com.jpa.amazon.ecommerce.accounts.controller.AddressController.create(com.jpa.amazon.ecommerce.accounts.domain.Address,java.lang.Long)
2018-08-02 11:47:10.139  INFO 16519 --- [    Test worker] s.w.s.m.m.a.RequestMappingHandlerMapping : Mapped "{[/accounts/{id}/address/{address_id}],methods=[GET]}" onto public com.jpa.amazon.ecommerce.accounts.domain.Address com.jpa.amazon.ecommerce.accounts.controller.AddressController.getById(java.lang.Long,java.lang.Long)
2018-08-02 11:47:10.139  INFO 16519 --- [    Test worker] s.w.s.m.m.a.RequestMappingHandlerMapping : Mapped "{[/accounts/{id}/address],methods=[GET]}" onto public java.lang.Iterable<com.jpa.amazon.ecommerce.accounts.domain.Address> com.jpa.amazon.ecommerce.accounts.controller.AddressController.getAllByAccountId(java.lang.Long)
2018-08-02 11:47:10.146  INFO 16519 --- [    Test worker] s.w.s.m.m.a.RequestMappingHandlerAdapter : Looking for @ControllerAdvice: org.springframework.test.web.servlet.setup.StubWebApplicationContext@78fea1e0
2018-08-02 11:47:10.148  INFO 16519 --- [    Test worker] o.s.mock.web.MockServletContext          : Initializing Spring FrameworkServlet ''
2018-08-02 11:47:10.148  INFO 16519 --- [    Test worker] o.s.t.web.servlet.TestDispatcherServlet  : FrameworkServlet '': initialization started
2018-08-02 11:47:10.148  INFO 16519 --- [    Test worker] o.s.t.web.servlet.TestDispatcherServlet  : FrameworkServlet '': initialization completed in 0 ms

MockHttpServletRequest:
      HTTP Method = GET
      Request URI = /accounts/1/address/2
       Parameters = {}
          Headers = {}
             Body = <no character encoding set>
    Session Attrs = {}

Handler:
             Type = com.jpa.amazon.ecommerce.accounts.controller.AddressController
           Method = public com.jpa.amazon.ecommerce.accounts.domain.Address com.jpa.amazon.ecommerce.accounts.controller.AddressController.getById(java.lang.Long,java.lang.Long)

Async:
    Async started = false
     Async result = null

Resolved Exception:
             Type = null

ModelAndView:
        View name = null
             View = null
            Model = null

FlashMap:
       Attributes = null

MockHttpServletResponse:
           Status = 200
    Error message = null
          Headers = {}
     Content type = null
             Body = 
    Forwarded URL = null
   Redirected URL = null
          Cookies = []
]]></system-out>
  <system-err><![CDATA[]]></system-err>
</testsuite>
