<?xml version="1.0" encoding="UTF-8"?>
<testsuite name="com.jpa.amazon.ecommerce.accounts.controller.AddressControllerTest" tests="5" skipped="0" failures="0" errors="0" timestamp="2018-08-08T16:29:06" hostname="Rohan-Grovers-MacBook-Pro.local" time="0.097">
  <properties/>
  <testcase name="testCreateAddress" classname="com.jpa.amazon.ecommerce.accounts.controller.AddressControllerTest" time="0.025"/>
  <testcase name="testGetAllAddresses" classname="com.jpa.amazon.ecommerce.accounts.controller.AddressControllerTest" time="0.017"/>
  <testcase name="testUpdateAddress" classname="com.jpa.amazon.ecommerce.accounts.controller.AddressControllerTest" time="0.018"/>
  <testcase name="testDeleteAccount" classname="com.jpa.amazon.ecommerce.accounts.controller.AddressControllerTest" time="0.016"/>
  <testcase name="testGetAddressById" classname="com.jpa.amazon.ecommerce.accounts.controller.AddressControllerTest" time="0.017"/>
  <system-out><![CDATA[2018-08-08 11:29:05.631  INFO 47970 --- [    Test worker] o.s.t.c.support.AbstractContextLoader    : Could not detect default resource locations for test class [com.jpa.amazon.ecommerce.accounts.controller.AddressControllerTest]: no resource found for suffixes {-context.xml, Context.groovy}.
2018-08-08 11:29:05.634  INFO 47970 --- [    Test worker] .b.t.a.w.s.WebMvcTestContextBootstrapper : Loaded default TestExecutionListener class names from location [META-INF/spring.factories]: [org.springframework.boot.test.autoconfigure.restdocs.RestDocsTestExecutionListener, org.springframework.boot.test.autoconfigure.web.client.MockRestServiceServerResetTestExecutionListener, org.springframework.boot.test.autoconfigure.web.servlet.MockMvcPrintOnlyOnFailureTestExecutionListener, org.springframework.boot.test.autoconfigure.web.servlet.WebDriverTestExecutionListener, org.springframework.boot.test.mock.mockito.MockitoTestExecutionListener, org.springframework.boot.test.mock.mockito.ResetMocksTestExecutionListener, org.springframework.test.context.web.ServletTestExecutionListener, org.springframework.test.context.support.DirtiesContextBeforeModesTestExecutionListener, org.springframework.test.context.support.DependencyInjectionTestExecutionListener, org.springframework.test.context.support.DirtiesContextTestExecutionListener, org.springframework.test.context.transaction.TransactionalTestExecutionListener, org.springframework.test.context.jdbc.SqlScriptsTestExecutionListener]
2018-08-08 11:29:05.635  INFO 47970 --- [    Test worker] .b.t.a.w.s.WebMvcTestContextBootstrapper : Using TestExecutionListeners: [org.springframework.test.context.web.ServletTestExecutionListener@2172f1d7, org.springframework.test.context.support.DirtiesContextBeforeModesTestExecutionListener@72ad6101, org.springframework.boot.test.mock.mockito.MockitoTestExecutionListener@348e5438, org.springframework.boot.test.autoconfigure.SpringBootDependencyInjectionTestExecutionListener@23395a8b, org.springframework.test.context.support.DirtiesContextTestExecutionListener@1573fb72, org.springframework.test.context.transaction.TransactionalTestExecutionListener@ccf35b4, org.springframework.test.context.jdbc.SqlScriptsTestExecutionListener@4a268f81, org.springframework.boot.test.autoconfigure.restdocs.RestDocsTestExecutionListener@23a2794c, org.springframework.boot.test.autoconfigure.web.client.MockRestServiceServerResetTestExecutionListener@2980ae21, org.springframework.boot.test.autoconfigure.web.servlet.MockMvcPrintOnlyOnFailureTestExecutionListener@5c975c30, org.springframework.boot.test.autoconfigure.web.servlet.WebDriverTestExecutionListener@22338aa4, org.springframework.boot.test.mock.mockito.ResetMocksTestExecutionListener@12ebefb7]
2018-08-08 11:29:05.721  INFO 47970 --- [    Test worker] s.c.a.AnnotationConfigApplicationContext : Refreshing org.springframework.context.annotation.AnnotationConfigApplicationContext@425f9aa1: startup date [Wed Aug 08 11:29:05 CDT 2018]; root of context hierarchy
2018-08-08 11:29:05.744  INFO 47970 --- [    Test worker] f.a.AutowiredAnnotationBeanPostProcessor : JSR-330 'javax.inject.Inject' annotation found and supported for autowiring
2018-08-08 11:29:05.762  INFO 47970 --- [    Test worker] trationDelegate$BeanPostProcessorChecker : Bean 'configurationPropertiesRebinderAutoConfiguration' of type [org.springframework.cloud.autoconfigure.ConfigurationPropertiesRebinderAutoConfiguration$$EnhancerBySpringCGLIB$$fc15c8a2] is not eligible for getting processed by all BeanPostProcessors (for example: not eligible for auto-proxying)

  .   ____          _            __ _ _
 /\\ / ___'_ __ _ _(_)_ __  __ _ \ \ \ \
( ( )\___ | '_ | '_| | '_ \/ _` | \ \ \ \
 \\/  ___)| |_)| | | | | || (_| |  ) ) ) )
  '  |____| .__|_| |_|_| |_\__, | / / / /
 =========|_|==============|___/=/_/_/_/
 :: Spring Boot ::        (v2.0.3.RELEASE)

2018-08-08 11:29:05.809  INFO 47970 --- [    Test worker] c.j.a.e.a.c.AddressControllerTest        : No active profile set, falling back to default profiles: default
2018-08-08 11:29:05.810  INFO 47970 --- [    Test worker] o.s.w.c.s.GenericWebApplicationContext   : Refreshing org.springframework.web.context.support.GenericWebApplicationContext@740eac9a: startup date [Wed Aug 08 11:29:05 CDT 2018]; parent: org.springframework.context.annotation.AnnotationConfigApplicationContext@425f9aa1
2018-08-08 11:29:05.893  INFO 47970 --- [    Test worker] f.a.AutowiredAnnotationBeanPostProcessor : JSR-330 'javax.inject.Inject' annotation found and supported for autowiring
2018-08-08 11:29:06.002  INFO 47970 --- [    Test worker] o.s.w.s.handler.SimpleUrlHandlerMapping  : Mapped URL path [/**/favicon.ico] onto handler of type [class org.springframework.web.servlet.resource.ResourceHttpRequestHandler]
2018-08-08 11:29:06.062  INFO 47970 --- [    Test worker] s.w.s.m.m.a.RequestMappingHandlerAdapter : Looking for @ControllerAdvice: org.springframework.web.context.support.GenericWebApplicationContext@740eac9a: startup date [Wed Aug 08 11:29:05 CDT 2018]; parent: org.springframework.context.annotation.AnnotationConfigApplicationContext@425f9aa1
2018-08-08 11:29:06.073  INFO 47970 --- [    Test worker] s.w.s.m.m.a.RequestMappingHandlerMapping : Mapped "{[/error]}" onto public org.springframework.http.ResponseEntity<java.util.Map<java.lang.String, java.lang.Object>> org.springframework.boot.autoconfigure.web.servlet.error.BasicErrorController.error(javax.servlet.http.HttpServletRequest)
2018-08-08 11:29:06.073  INFO 47970 --- [    Test worker] s.w.s.m.m.a.RequestMappingHandlerMapping : Mapped "{[/error],produces=[text/html]}" onto public org.springframework.web.servlet.ModelAndView org.springframework.boot.autoconfigure.web.servlet.error.BasicErrorController.errorHtml(javax.servlet.http.HttpServletRequest,javax.servlet.http.HttpServletResponse)
2018-08-08 11:29:06.088  INFO 47970 --- [    Test worker] o.s.w.s.handler.SimpleUrlHandlerMapping  : Mapped URL path [/webjars/**] onto handler of type [class org.springframework.web.servlet.resource.ResourceHttpRequestHandler]
2018-08-08 11:29:06.088  INFO 47970 --- [    Test worker] o.s.w.s.handler.SimpleUrlHandlerMapping  : Mapped URL path [/**] onto handler of type [class org.springframework.web.servlet.resource.ResourceHttpRequestHandler]
2018-08-08 11:29:06.239  INFO 47970 --- [    Test worker] .s.s.UserDetailsServiceAutoConfiguration : 

Using generated security password: 1a72ee0c-fd59-4be7-ae4f-74c08c7be149

2018-08-08 11:29:06.287  INFO 47970 --- [    Test worker] o.s.s.web.DefaultSecurityFilterChain     : Creating filter chain: org.springframework.security.web.util.matcher.AnyRequestMatcher@1, [org.springframework.security.web.context.request.async.WebAsyncManagerIntegrationFilter@2b32cd5a, org.springframework.security.web.context.SecurityContextPersistenceFilter@67c54e9b, org.springframework.security.web.header.HeaderWriterFilter@77f1766f, org.springframework.security.web.authentication.logout.LogoutFilter@4455a7c7, org.springframework.security.web.savedrequest.RequestCacheAwareFilter@6422bd49, org.springframework.security.web.servletapi.SecurityContextHolderAwareRequestFilter@189cedac, org.springframework.security.web.authentication.AnonymousAuthenticationFilter@56f90209, org.springframework.security.web.session.SessionManagementFilter@7ff47c24, org.springframework.security.web.access.ExceptionTranslationFilter@4bf913b1, org.springframework.security.web.access.intercept.FilterSecurityInterceptor@6e9c2351]
2018-08-08 11:29:06.295  INFO 47970 --- [    Test worker] o.s.b.t.m.w.SpringBootMockServletContext : Initializing Spring FrameworkServlet ''
2018-08-08 11:29:06.295  INFO 47970 --- [    Test worker] o.s.t.web.servlet.TestDispatcherServlet  : FrameworkServlet '': initialization started
2018-08-08 11:29:06.302  INFO 47970 --- [    Test worker] o.s.t.web.servlet.TestDispatcherServlet  : FrameworkServlet '': initialization completed in 6 ms
2018-08-08 11:29:06.316  INFO 47970 --- [    Test worker] c.j.a.e.a.c.AddressControllerTest        : Started AddressControllerTest in 0.65 seconds (JVM running for 10.113)
2018-08-08 11:29:06.325  INFO 47970 --- [    Test worker] s.w.s.m.m.a.RequestMappingHandlerMapping : Mapped "{[/accounts/{id}/address/{address_id}],methods=[PUT]}" onto public com.jpa.amazon.ecommerce.accounts.domain.Address com.jpa.amazon.ecommerce.accounts.controller.AddressController.update(java.lang.Long,java.lang.Long,com.jpa.amazon.ecommerce.accounts.domain.Address)
2018-08-08 11:29:06.326  INFO 47970 --- [    Test worker] s.w.s.m.m.a.RequestMappingHandlerMapping : Mapped "{[/accounts/{id}/address/{address_id}],methods=[DELETE]}" onto public void com.jpa.amazon.ecommerce.accounts.controller.AddressController.delete(java.lang.Long,java.lang.Long)
2018-08-08 11:29:06.326  INFO 47970 --- [    Test worker] s.w.s.m.m.a.RequestMappingHandlerMapping : Mapped "{[/accounts/{id}/address],methods=[POST]}" onto public com.jpa.amazon.ecommerce.accounts.domain.Address com.jpa.amazon.ecommerce.accounts.controller.AddressController.create(com.jpa.amazon.ecommerce.accounts.domain.Address,java.lang.Long)
2018-08-08 11:29:06.327  INFO 47970 --- [    Test worker] s.w.s.m.m.a.RequestMappingHandlerMapping : Mapped "{[/accounts/{id}/address/{address_id}],methods=[GET]}" onto public com.jpa.amazon.ecommerce.accounts.domain.Address com.jpa.amazon.ecommerce.accounts.controller.AddressController.getById(java.lang.Long,java.lang.Long)
2018-08-08 11:29:06.327  INFO 47970 --- [    Test worker] s.w.s.m.m.a.RequestMappingHandlerMapping : Mapped "{[/accounts/{id}/address],methods=[GET]}" onto public java.lang.Iterable<com.jpa.amazon.ecommerce.accounts.domain.Address> com.jpa.amazon.ecommerce.accounts.controller.AddressController.getAllByAccountId(java.lang.Long)
2018-08-08 11:29:06.334  INFO 47970 --- [    Test worker] s.w.s.m.m.a.RequestMappingHandlerAdapter : Looking for @ControllerAdvice: org.springframework.test.web.servlet.setup.StubWebApplicationContext@1c648dc6
2018-08-08 11:29:06.336  INFO 47970 --- [    Test worker] o.s.mock.web.MockServletContext          : Initializing Spring FrameworkServlet ''
2018-08-08 11:29:06.336  INFO 47970 --- [    Test worker] o.s.t.web.servlet.TestDispatcherServlet  : FrameworkServlet '': initialization started
2018-08-08 11:29:06.337  INFO 47970 --- [    Test worker] o.s.t.web.servlet.TestDispatcherServlet  : FrameworkServlet '': initialization completed in 0 ms

MockHttpServletRequest:
      HTTP Method = POST
      Request URI = /accounts/1/address
       Parameters = {}
          Headers = {Content-Type=[application/json]}
             Body = <no character encoding set>
    Session Attrs = {}

Handler:
             Type = com.jpa.amazon.ecommerce.accounts.controller.AddressController
           Method = public com.jpa.amazon.ecommerce.accounts.domain.Address com.jpa.amazon.ecommerce.accounts.controller.AddressController.create(com.jpa.amazon.ecommerce.accounts.domain.Address,java.lang.Long)

Async:
    Async started = false
     Async result = null

Resolved Exception:
             Type = null

ModelAndView:
        View name = null
             View = null
            Model = null

FlashMap:
       Attributes = null

MockHttpServletResponse:
           Status = 201
    Error message = null
          Headers = {}
     Content type = null
             Body = 
    Forwarded URL = null
   Redirected URL = null
          Cookies = []
2018-08-08 11:29:06.347  INFO 47970 --- [    Test worker] s.w.s.m.m.a.RequestMappingHandlerMapping : Mapped "{[/accounts/{id}/address/{address_id}],methods=[PUT]}" onto public com.jpa.amazon.ecommerce.accounts.domain.Address com.jpa.amazon.ecommerce.accounts.controller.AddressController.update(java.lang.Long,java.lang.Long,com.jpa.amazon.ecommerce.accounts.domain.Address)
2018-08-08 11:29:06.348  INFO 47970 --- [    Test worker] s.w.s.m.m.a.RequestMappingHandlerMapping : Mapped "{[/accounts/{id}/address/{address_id}],methods=[DELETE]}" onto public void com.jpa.amazon.ecommerce.accounts.controller.AddressController.delete(java.lang.Long,java.lang.Long)
2018-08-08 11:29:06.348  INFO 47970 --- [    Test worker] s.w.s.m.m.a.RequestMappingHandlerMapping : Mapped "{[/accounts/{id}/address],methods=[POST]}" onto public com.jpa.amazon.ecommerce.accounts.domain.Address com.jpa.amazon.ecommerce.accounts.controller.AddressController.create(com.jpa.amazon.ecommerce.accounts.domain.Address,java.lang.Long)
2018-08-08 11:29:06.348  INFO 47970 --- [    Test worker] s.w.s.m.m.a.RequestMappingHandlerMapping : Mapped "{[/accounts/{id}/address/{address_id}],methods=[GET]}" onto public com.jpa.amazon.ecommerce.accounts.domain.Address com.jpa.amazon.ecommerce.accounts.controller.AddressController.getById(java.lang.Long,java.lang.Long)
2018-08-08 11:29:06.348  INFO 47970 --- [    Test worker] s.w.s.m.m.a.RequestMappingHandlerMapping : Mapped "{[/accounts/{id}/address],methods=[GET]}" onto public java.lang.Iterable<com.jpa.amazon.ecommerce.accounts.domain.Address> com.jpa.amazon.ecommerce.accounts.controller.AddressController.getAllByAccountId(java.lang.Long)
2018-08-08 11:29:06.355  INFO 47970 --- [    Test worker] s.w.s.m.m.a.RequestMappingHandlerAdapter : Looking for @ControllerAdvice: org.springframework.test.web.servlet.setup.StubWebApplicationContext@3aafc5bd
2018-08-08 11:29:06.357  INFO 47970 --- [    Test worker] o.s.mock.web.MockServletContext          : Initializing Spring FrameworkServlet ''
2018-08-08 11:29:06.357  INFO 47970 --- [    Test worker] o.s.t.web.servlet.TestDispatcherServlet  : FrameworkServlet '': initialization started
2018-08-08 11:29:06.357  INFO 47970 --- [    Test worker] o.s.t.web.servlet.TestDispatcherServlet  : FrameworkServlet '': initialization completed in 0 ms

MockHttpServletRequest:
      HTTP Method = GET
      Request URI = /accounts/1/address
       Parameters = {}
          Headers = {}
             Body = <no character encoding set>
    Session Attrs = {}

Handler:
             Type = com.jpa.amazon.ecommerce.accounts.controller.AddressController
           Method = public java.lang.Iterable<com.jpa.amazon.ecommerce.accounts.domain.Address> com.jpa.amazon.ecommerce.accounts.controller.AddressController.getAllByAccountId(java.lang.Long)

Async:
    Async started = false
     Async result = null

Resolved Exception:
             Type = null

ModelAndView:
        View name = null
             View = null
            Model = null

FlashMap:
       Attributes = null

MockHttpServletResponse:
           Status = 200
    Error message = null
          Headers = {Content-Type=[application/json;charset=UTF-8]}
     Content type = application/json;charset=UTF-8
             Body = []
    Forwarded URL = null
   Redirected URL = null
          Cookies = []
2018-08-08 11:29:06.365  INFO 47970 --- [    Test worker] s.w.s.m.m.a.RequestMappingHandlerMapping : Mapped "{[/accounts/{id}/address/{address_id}],methods=[PUT]}" onto public com.jpa.amazon.ecommerce.accounts.domain.Address com.jpa.amazon.ecommerce.accounts.controller.AddressController.update(java.lang.Long,java.lang.Long,com.jpa.amazon.ecommerce.accounts.domain.Address)
2018-08-08 11:29:06.365  INFO 47970 --- [    Test worker] s.w.s.m.m.a.RequestMappingHandlerMapping : Mapped "{[/accounts/{id}/address/{address_id}],methods=[DELETE]}" onto public void com.jpa.amazon.ecommerce.accounts.controller.AddressController.delete(java.lang.Long,java.lang.Long)
2018-08-08 11:29:06.365  INFO 47970 --- [    Test worker] s.w.s.m.m.a.RequestMappingHandlerMapping : Mapped "{[/accounts/{id}/address],methods=[POST]}" onto public com.jpa.amazon.ecommerce.accounts.domain.Address com.jpa.amazon.ecommerce.accounts.controller.AddressController.create(com.jpa.amazon.ecommerce.accounts.domain.Address,java.lang.Long)
2018-08-08 11:29:06.366  INFO 47970 --- [    Test worker] s.w.s.m.m.a.RequestMappingHandlerMapping : Mapped "{[/accounts/{id}/address/{address_id}],methods=[GET]}" onto public com.jpa.amazon.ecommerce.accounts.domain.Address com.jpa.amazon.ecommerce.accounts.controller.AddressController.getById(java.lang.Long,java.lang.Long)
2018-08-08 11:29:06.366  INFO 47970 --- [    Test worker] s.w.s.m.m.a.RequestMappingHandlerMapping : Mapped "{[/accounts/{id}/address],methods=[GET]}" onto public java.lang.Iterable<com.jpa.amazon.ecommerce.accounts.domain.Address> com.jpa.amazon.ecommerce.accounts.controller.AddressController.getAllByAccountId(java.lang.Long)
2018-08-08 11:29:06.373  INFO 47970 --- [    Test worker] s.w.s.m.m.a.RequestMappingHandlerAdapter : Looking for @ControllerAdvice: org.springframework.test.web.servlet.setup.StubWebApplicationContext@9411631
2018-08-08 11:29:06.374  INFO 47970 --- [    Test worker] o.s.mock.web.MockServletContext          : Initializing Spring FrameworkServlet ''
2018-08-08 11:29:06.374  INFO 47970 --- [    Test worker] o.s.t.web.servlet.TestDispatcherServlet  : FrameworkServlet '': initialization started
2018-08-08 11:29:06.374  INFO 47970 --- [    Test worker] o.s.t.web.servlet.TestDispatcherServlet  : FrameworkServlet '': initialization completed in 0 ms

MockHttpServletRequest:
      HTTP Method = PUT
      Request URI = /accounts/1/address/2
       Parameters = {}
          Headers = {Content-Type=[application/json]}
             Body = <no character encoding set>
    Session Attrs = {}

Handler:
             Type = com.jpa.amazon.ecommerce.accounts.controller.AddressController
           Method = public com.jpa.amazon.ecommerce.accounts.domain.Address com.jpa.amazon.ecommerce.accounts.controller.AddressController.update(java.lang.Long,java.lang.Long,com.jpa.amazon.ecommerce.accounts.domain.Address)

Async:
    Async started = false
     Async result = null

Resolved Exception:
             Type = null

ModelAndView:
        View name = null
             View = null
            Model = null

FlashMap:
       Attributes = null

MockHttpServletResponse:
           Status = 200
    Error message = null
          Headers = {}
     Content type = null
             Body = 
    Forwarded URL = null
   Redirected URL = null
          Cookies = []
2018-08-08 11:29:06.384  INFO 47970 --- [    Test worker] s.w.s.m.m.a.RequestMappingHandlerMapping : Mapped "{[/accounts/{id}/address/{address_id}],methods=[PUT]}" onto public com.jpa.amazon.ecommerce.accounts.domain.Address com.jpa.amazon.ecommerce.accounts.controller.AddressController.update(java.lang.Long,java.lang.Long,com.jpa.amazon.ecommerce.accounts.domain.Address)
2018-08-08 11:29:06.384  INFO 47970 --- [    Test worker] s.w.s.m.m.a.RequestMappingHandlerMapping : Mapped "{[/accounts/{id}/address/{address_id}],methods=[DELETE]}" onto public void com.jpa.amazon.ecommerce.accounts.controller.AddressController.delete(java.lang.Long,java.lang.Long)
2018-08-08 11:29:06.385  INFO 47970 --- [    Test worker] s.w.s.m.m.a.RequestMappingHandlerMapping : Mapped "{[/accounts/{id}/address],methods=[POST]}" onto public com.jpa.amazon.ecommerce.accounts.domain.Address com.jpa.amazon.ecommerce.accounts.controller.AddressController.create(com.jpa.amazon.ecommerce.accounts.domain.Address,java.lang.Long)
2018-08-08 11:29:06.385  INFO 47970 --- [    Test worker] s.w.s.m.m.a.RequestMappingHandlerMapping : Mapped "{[/accounts/{id}/address/{address_id}],methods=[GET]}" onto public com.jpa.amazon.ecommerce.accounts.domain.Address com.jpa.amazon.ecommerce.accounts.controller.AddressController.getById(java.lang.Long,java.lang.Long)
2018-08-08 11:29:06.385  INFO 47970 --- [    Test worker] s.w.s.m.m.a.RequestMappingHandlerMapping : Mapped "{[/accounts/{id}/address],methods=[GET]}" onto public java.lang.Iterable<com.jpa.amazon.ecommerce.accounts.domain.Address> com.jpa.amazon.ecommerce.accounts.controller.AddressController.getAllByAccountId(java.lang.Long)
2018-08-08 11:29:06.393  INFO 47970 --- [    Test worker] s.w.s.m.m.a.RequestMappingHandlerAdapter : Looking for @ControllerAdvice: org.springframework.test.web.servlet.setup.StubWebApplicationContext@3c81457c
2018-08-08 11:29:06.395  INFO 47970 --- [    Test worker] o.s.mock.web.MockServletContext          : Initializing Spring FrameworkServlet ''
2018-08-08 11:29:06.395  INFO 47970 --- [    Test worker] o.s.t.web.servlet.TestDispatcherServlet  : FrameworkServlet '': initialization started
2018-08-08 11:29:06.396  INFO 47970 --- [    Test worker] o.s.t.web.servlet.TestDispatcherServlet  : FrameworkServlet '': initialization completed in 1 ms
2018-08-08 11:29:06.401  INFO 47970 --- [    Test worker] s.w.s.m.m.a.RequestMappingHandlerMapping : Mapped "{[/accounts/{id}/address/{address_id}],methods=[PUT]}" onto public com.jpa.amazon.ecommerce.accounts.domain.Address com.jpa.amazon.ecommerce.accounts.controller.AddressController.update(java.lang.Long,java.lang.Long,com.jpa.amazon.ecommerce.accounts.domain.Address)
2018-08-08 11:29:06.402  INFO 47970 --- [    Test worker] s.w.s.m.m.a.RequestMappingHandlerMapping : Mapped "{[/accounts/{id}/address/{address_id}],methods=[DELETE]}" onto public void com.jpa.amazon.ecommerce.accounts.controller.AddressController.delete(java.lang.Long,java.lang.Long)
2018-08-08 11:29:06.402  INFO 47970 --- [    Test worker] s.w.s.m.m.a.RequestMappingHandlerMapping : Mapped "{[/accounts/{id}/address],methods=[POST]}" onto public com.jpa.amazon.ecommerce.accounts.domain.Address com.jpa.amazon.ecommerce.accounts.controller.AddressController.create(com.jpa.amazon.ecommerce.accounts.domain.Address,java.lang.Long)
2018-08-08 11:29:06.402  INFO 47970 --- [    Test worker] s.w.s.m.m.a.RequestMappingHandlerMapping : Mapped "{[/accounts/{id}/address/{address_id}],methods=[GET]}" onto public com.jpa.amazon.ecommerce.accounts.domain.Address com.jpa.amazon.ecommerce.accounts.controller.AddressController.getById(java.lang.Long,java.lang.Long)
2018-08-08 11:29:06.402  INFO 47970 --- [    Test worker] s.w.s.m.m.a.RequestMappingHandlerMapping : Mapped "{[/accounts/{id}/address],methods=[GET]}" onto public java.lang.Iterable<com.jpa.amazon.ecommerce.accounts.domain.Address> com.jpa.amazon.ecommerce.accounts.controller.AddressController.getAllByAccountId(java.lang.Long)
2018-08-08 11:29:06.408  INFO 47970 --- [    Test worker] s.w.s.m.m.a.RequestMappingHandlerAdapter : Looking for @ControllerAdvice: org.springframework.test.web.servlet.setup.StubWebApplicationContext@5bed69f
2018-08-08 11:29:06.410  INFO 47970 --- [    Test worker] o.s.mock.web.MockServletContext          : Initializing Spring FrameworkServlet ''
2018-08-08 11:29:06.410  INFO 47970 --- [    Test worker] o.s.t.web.servlet.TestDispatcherServlet  : FrameworkServlet '': initialization started
2018-08-08 11:29:06.410  INFO 47970 --- [    Test worker] o.s.t.web.servlet.TestDispatcherServlet  : FrameworkServlet '': initialization completed in 0 ms

MockHttpServletRequest:
      HTTP Method = GET
      Request URI = /accounts/1/address/2
       Parameters = {}
          Headers = {}
             Body = <no character encoding set>
    Session Attrs = {}

Handler:
             Type = com.jpa.amazon.ecommerce.accounts.controller.AddressController
           Method = public com.jpa.amazon.ecommerce.accounts.domain.Address com.jpa.amazon.ecommerce.accounts.controller.AddressController.getById(java.lang.Long,java.lang.Long)

Async:
    Async started = false
     Async result = null

Resolved Exception:
             Type = null

ModelAndView:
        View name = null
             View = null
            Model = null

FlashMap:
       Attributes = null

MockHttpServletResponse:
           Status = 200
    Error message = null
          Headers = {}
     Content type = null
             Body = 
    Forwarded URL = null
   Redirected URL = null
          Cookies = []
]]></system-out>
  <system-err><![CDATA[]]></system-err>
</testsuite>
