<?xml version="1.0" encoding="UTF-8"?>
<testsuite name="com.jpa.amazon.ecommerce.accounts.controller.AddressControllerTest" tests="5" skipped="0" failures="0" errors="0" timestamp="2018-08-02T15:34:38" hostname="Rohan-Grovers-MacBook-Pro.local" time="0.105">
  <properties/>
  <testcase name="testCreateAddress" classname="com.jpa.amazon.ecommerce.accounts.controller.AddressControllerTest" time="0.024"/>
  <testcase name="testGetAllAddresses" classname="com.jpa.amazon.ecommerce.accounts.controller.AddressControllerTest" time="0.02"/>
  <testcase name="testUpdateAddress" classname="com.jpa.amazon.ecommerce.accounts.controller.AddressControllerTest" time="0.022"/>
  <testcase name="testDeleteAccount" classname="com.jpa.amazon.ecommerce.accounts.controller.AddressControllerTest" time="0.018"/>
  <testcase name="testGetAddressById" classname="com.jpa.amazon.ecommerce.accounts.controller.AddressControllerTest" time="0.017"/>
  <system-out><![CDATA[2018-08-02 10:34:37.403  INFO 1824 --- [    Test worker] o.s.t.c.support.AbstractContextLoader    : Could not detect default resource locations for test class [com.jpa.amazon.ecommerce.accounts.controller.AddressControllerTest]: no resource found for suffixes {-context.xml, Context.groovy}.
2018-08-02 10:34:37.406  INFO 1824 --- [    Test worker] .b.t.a.w.s.WebMvcTestContextBootstrapper : Loaded default TestExecutionListener class names from location [META-INF/spring.factories]: [org.springframework.boot.test.autoconfigure.restdocs.RestDocsTestExecutionListener, org.springframework.boot.test.autoconfigure.web.client.MockRestServiceServerResetTestExecutionListener, org.springframework.boot.test.autoconfigure.web.servlet.MockMvcPrintOnlyOnFailureTestExecutionListener, org.springframework.boot.test.autoconfigure.web.servlet.WebDriverTestExecutionListener, org.springframework.boot.test.mock.mockito.MockitoTestExecutionListener, org.springframework.boot.test.mock.mockito.ResetMocksTestExecutionListener, org.springframework.test.context.web.ServletTestExecutionListener, org.springframework.test.context.support.DirtiesContextBeforeModesTestExecutionListener, org.springframework.test.context.support.DependencyInjectionTestExecutionListener, org.springframework.test.context.support.DirtiesContextTestExecutionListener, org.springframework.test.context.transaction.TransactionalTestExecutionListener, org.springframework.test.context.jdbc.SqlScriptsTestExecutionListener]
2018-08-02 10:34:37.407  INFO 1824 --- [    Test worker] .b.t.a.w.s.WebMvcTestContextBootstrapper : Using TestExecutionListeners: [org.springframework.test.context.web.ServletTestExecutionListener@15238940, org.springframework.test.context.support.DirtiesContextBeforeModesTestExecutionListener@73d00c6f, org.springframework.boot.test.mock.mockito.MockitoTestExecutionListener@15c9a665, org.springframework.boot.test.autoconfigure.SpringBootDependencyInjectionTestExecutionListener@7aed210b, org.springframework.test.context.support.DirtiesContextTestExecutionListener@730dde9f, org.springframework.test.context.transaction.TransactionalTestExecutionListener@4d17e5, org.springframework.test.context.jdbc.SqlScriptsTestExecutionListener@58ef7307, org.springframework.boot.test.autoconfigure.restdocs.RestDocsTestExecutionListener@4b99f468, org.springframework.boot.test.autoconfigure.web.client.MockRestServiceServerResetTestExecutionListener@567d22a2, org.springframework.boot.test.autoconfigure.web.servlet.MockMvcPrintOnlyOnFailureTestExecutionListener@3e67e5b7, org.springframework.boot.test.autoconfigure.web.servlet.WebDriverTestExecutionListener@1db3ce37, org.springframework.boot.test.mock.mockito.ResetMocksTestExecutionListener@190d435d]
2018-08-02 10:34:37.499  INFO 1824 --- [    Test worker] s.c.a.AnnotationConfigApplicationContext : Refreshing org.springframework.context.annotation.AnnotationConfigApplicationContext@34132c3a: startup date [Thu Aug 02 10:34:37 CDT 2018]; root of context hierarchy
2018-08-02 10:34:37.517  INFO 1824 --- [    Test worker] f.a.AutowiredAnnotationBeanPostProcessor : JSR-330 'javax.inject.Inject' annotation found and supported for autowiring
2018-08-02 10:34:37.535  INFO 1824 --- [    Test worker] trationDelegate$BeanPostProcessorChecker : Bean 'configurationPropertiesRebinderAutoConfiguration' of type [org.springframework.cloud.autoconfigure.ConfigurationPropertiesRebinderAutoConfiguration$$EnhancerBySpringCGLIB$$c5b712bc] is not eligible for getting processed by all BeanPostProcessors (for example: not eligible for auto-proxying)

  .   ____          _            __ _ _
 /\\ / ___'_ __ _ _(_)_ __  __ _ \ \ \ \
( ( )\___ | '_ | '_| | '_ \/ _` | \ \ \ \
 \\/  ___)| |_)| | | | | || (_| |  ) ) ) )
  '  |____| .__|_| |_|_| |_\__, | / / / /
 =========|_|==============|___/=/_/_/_/
 :: Spring Boot ::        (v2.0.3.RELEASE)

2018-08-02 10:34:37.582  INFO 1824 --- [    Test worker] c.j.a.e.a.c.AddressControllerTest        : No active profile set, falling back to default profiles: default
2018-08-02 10:34:37.583  INFO 1824 --- [    Test worker] o.s.w.c.s.GenericWebApplicationContext   : Refreshing org.springframework.web.context.support.GenericWebApplicationContext@65480fda: startup date [Thu Aug 02 10:34:37 CDT 2018]; parent: org.springframework.context.annotation.AnnotationConfigApplicationContext@34132c3a
2018-08-02 10:34:37.674  INFO 1824 --- [    Test worker] f.a.AutowiredAnnotationBeanPostProcessor : JSR-330 'javax.inject.Inject' annotation found and supported for autowiring
2018-08-02 10:34:37.785  INFO 1824 --- [    Test worker] o.s.w.s.handler.SimpleUrlHandlerMapping  : Mapped URL path [/**/favicon.ico] onto handler of type [class org.springframework.web.servlet.resource.ResourceHttpRequestHandler]
2018-08-02 10:34:37.847  INFO 1824 --- [    Test worker] s.w.s.m.m.a.RequestMappingHandlerAdapter : Looking for @ControllerAdvice: org.springframework.web.context.support.GenericWebApplicationContext@65480fda: startup date [Thu Aug 02 10:34:37 CDT 2018]; parent: org.springframework.context.annotation.AnnotationConfigApplicationContext@34132c3a
2018-08-02 10:34:37.859  INFO 1824 --- [    Test worker] s.w.s.m.m.a.RequestMappingHandlerMapping : Mapped "{[/error]}" onto public org.springframework.http.ResponseEntity<java.util.Map<java.lang.String, java.lang.Object>> org.springframework.boot.autoconfigure.web.servlet.error.BasicErrorController.error(javax.servlet.http.HttpServletRequest)
2018-08-02 10:34:37.860  INFO 1824 --- [    Test worker] s.w.s.m.m.a.RequestMappingHandlerMapping : Mapped "{[/error],produces=[text/html]}" onto public org.springframework.web.servlet.ModelAndView org.springframework.boot.autoconfigure.web.servlet.error.BasicErrorController.errorHtml(javax.servlet.http.HttpServletRequest,javax.servlet.http.HttpServletResponse)
2018-08-02 10:34:37.876  INFO 1824 --- [    Test worker] o.s.w.s.handler.SimpleUrlHandlerMapping  : Mapped URL path [/webjars/**] onto handler of type [class org.springframework.web.servlet.resource.ResourceHttpRequestHandler]
2018-08-02 10:34:37.877  INFO 1824 --- [    Test worker] o.s.w.s.handler.SimpleUrlHandlerMapping  : Mapped URL path [/**] onto handler of type [class org.springframework.web.servlet.resource.ResourceHttpRequestHandler]
2018-08-02 10:34:37.995  INFO 1824 --- [    Test worker] .s.s.UserDetailsServiceAutoConfiguration : 

Using generated security password: 41350764-9271-46b7-997e-68618a343335

2018-08-02 10:34:38.047  INFO 1824 --- [    Test worker] o.s.s.web.DefaultSecurityFilterChain     : Creating filter chain: org.springframework.security.web.util.matcher.AnyRequestMatcher@1, [org.springframework.security.web.context.request.async.WebAsyncManagerIntegrationFilter@388ec488, org.springframework.security.web.context.SecurityContextPersistenceFilter@2e9bfefb, org.springframework.security.web.header.HeaderWriterFilter@3e1383b0, org.springframework.security.web.authentication.logout.LogoutFilter@10fd6f52, org.springframework.security.web.savedrequest.RequestCacheAwareFilter@2d06cd7f, org.springframework.security.web.servletapi.SecurityContextHolderAwareRequestFilter@faac56c, org.springframework.security.web.authentication.AnonymousAuthenticationFilter@71ce19bc, org.springframework.security.web.session.SessionManagementFilter@3255b3b8, org.springframework.security.web.access.ExceptionTranslationFilter@491950ff, org.springframework.security.web.access.intercept.FilterSecurityInterceptor@583224b9]
2018-08-02 10:34:38.056  INFO 1824 --- [    Test worker] o.s.b.t.m.w.SpringBootMockServletContext : Initializing Spring FrameworkServlet ''
2018-08-02 10:34:38.056  INFO 1824 --- [    Test worker] o.s.t.web.servlet.TestDispatcherServlet  : FrameworkServlet '': initialization started
2018-08-02 10:34:38.064  INFO 1824 --- [    Test worker] o.s.t.web.servlet.TestDispatcherServlet  : FrameworkServlet '': initialization completed in 8 ms
2018-08-02 10:34:38.080  INFO 1824 --- [    Test worker] c.j.a.e.a.c.AddressControllerTest        : Started AddressControllerTest in 0.631 seconds (JVM running for 12.32)
2018-08-02 10:34:38.089  INFO 1824 --- [    Test worker] s.w.s.m.m.a.RequestMappingHandlerMapping : Mapped "{[/accounts/{id}/address/{address_id}],methods=[PUT]}" onto public com.jpa.amazon.ecommerce.accounts.domain.Address com.jpa.amazon.ecommerce.accounts.controller.AddressController.update(java.lang.Long,java.lang.Long,com.jpa.amazon.ecommerce.accounts.domain.Address)
2018-08-02 10:34:38.089  INFO 1824 --- [    Test worker] s.w.s.m.m.a.RequestMappingHandlerMapping : Mapped "{[/accounts/{id}/address/{address_id}],methods=[DELETE]}" onto public void com.jpa.amazon.ecommerce.accounts.controller.AddressController.delete(java.lang.Long,java.lang.Long)
2018-08-02 10:34:38.089  INFO 1824 --- [    Test worker] s.w.s.m.m.a.RequestMappingHandlerMapping : Mapped "{[/accounts/{id}/address],methods=[POST]}" onto public com.jpa.amazon.ecommerce.accounts.domain.Address com.jpa.amazon.ecommerce.accounts.controller.AddressController.create(com.jpa.amazon.ecommerce.accounts.domain.Address,java.lang.Long)
2018-08-02 10:34:38.090  INFO 1824 --- [    Test worker] s.w.s.m.m.a.RequestMappingHandlerMapping : Mapped "{[/accounts/{id}/address/{address_id}],methods=[GET]}" onto public com.jpa.amazon.ecommerce.accounts.domain.Address com.jpa.amazon.ecommerce.accounts.controller.AddressController.getById(java.lang.Long,java.lang.Long)
2018-08-02 10:34:38.090  INFO 1824 --- [    Test worker] s.w.s.m.m.a.RequestMappingHandlerMapping : Mapped "{[/accounts/{id}/address],methods=[GET]}" onto public java.lang.Iterable<com.jpa.amazon.ecommerce.accounts.domain.Address> com.jpa.amazon.ecommerce.accounts.controller.AddressController.getAllByAccountId(java.lang.Long)
2018-08-02 10:34:38.097  INFO 1824 --- [    Test worker] s.w.s.m.m.a.RequestMappingHandlerAdapter : Looking for @ControllerAdvice: org.springframework.test.web.servlet.setup.StubWebApplicationContext@67dac816
2018-08-02 10:34:38.099  INFO 1824 --- [    Test worker] o.s.mock.web.MockServletContext          : Initializing Spring FrameworkServlet ''
2018-08-02 10:34:38.099  INFO 1824 --- [    Test worker] o.s.t.web.servlet.TestDispatcherServlet  : FrameworkServlet '': initialization started
2018-08-02 10:34:38.099  INFO 1824 --- [    Test worker] o.s.t.web.servlet.TestDispatcherServlet  : FrameworkServlet '': initialization completed in 0 ms

MockHttpServletRequest:
      HTTP Method = POST
      Request URI = /accounts/1/address
       Parameters = {}
          Headers = {Content-Type=[application/json]}
             Body = <no character encoding set>
    Session Attrs = {}

Handler:
             Type = com.jpa.amazon.ecommerce.accounts.controller.AddressController
           Method = public com.jpa.amazon.ecommerce.accounts.domain.Address com.jpa.amazon.ecommerce.accounts.controller.AddressController.create(com.jpa.amazon.ecommerce.accounts.domain.Address,java.lang.Long)

Async:
    Async started = false
     Async result = null

Resolved Exception:
             Type = null

ModelAndView:
        View name = null
             View = null
            Model = null

FlashMap:
       Attributes = null

MockHttpServletResponse:
           Status = 201
    Error message = null
          Headers = {}
     Content type = null
             Body = 
    Forwarded URL = null
   Redirected URL = null
          Cookies = []
2018-08-02 10:34:38.111  INFO 1824 --- [    Test worker] s.w.s.m.m.a.RequestMappingHandlerMapping : Mapped "{[/accounts/{id}/address/{address_id}],methods=[PUT]}" onto public com.jpa.amazon.ecommerce.accounts.domain.Address com.jpa.amazon.ecommerce.accounts.controller.AddressController.update(java.lang.Long,java.lang.Long,com.jpa.amazon.ecommerce.accounts.domain.Address)
2018-08-02 10:34:38.111  INFO 1824 --- [    Test worker] s.w.s.m.m.a.RequestMappingHandlerMapping : Mapped "{[/accounts/{id}/address/{address_id}],methods=[DELETE]}" onto public void com.jpa.amazon.ecommerce.accounts.controller.AddressController.delete(java.lang.Long,java.lang.Long)
2018-08-02 10:34:38.111  INFO 1824 --- [    Test worker] s.w.s.m.m.a.RequestMappingHandlerMapping : Mapped "{[/accounts/{id}/address],methods=[POST]}" onto public com.jpa.amazon.ecommerce.accounts.domain.Address com.jpa.amazon.ecommerce.accounts.controller.AddressController.create(com.jpa.amazon.ecommerce.accounts.domain.Address,java.lang.Long)
2018-08-02 10:34:38.112  INFO 1824 --- [    Test worker] s.w.s.m.m.a.RequestMappingHandlerMapping : Mapped "{[/accounts/{id}/address/{address_id}],methods=[GET]}" onto public com.jpa.amazon.ecommerce.accounts.domain.Address com.jpa.amazon.ecommerce.accounts.controller.AddressController.getById(java.lang.Long,java.lang.Long)
2018-08-02 10:34:38.112  INFO 1824 --- [    Test worker] s.w.s.m.m.a.RequestMappingHandlerMapping : Mapped "{[/accounts/{id}/address],methods=[GET]}" onto public java.lang.Iterable<com.jpa.amazon.ecommerce.accounts.domain.Address> com.jpa.amazon.ecommerce.accounts.controller.AddressController.getAllByAccountId(java.lang.Long)
2018-08-02 10:34:38.120  INFO 1824 --- [    Test worker] s.w.s.m.m.a.RequestMappingHandlerAdapter : Looking for @ControllerAdvice: org.springframework.test.web.servlet.setup.StubWebApplicationContext@4c4f90f1
2018-08-02 10:34:38.121  INFO 1824 --- [    Test worker] o.s.mock.web.MockServletContext          : Initializing Spring FrameworkServlet ''
2018-08-02 10:34:38.121  INFO 1824 --- [    Test worker] o.s.t.web.servlet.TestDispatcherServlet  : FrameworkServlet '': initialization started
2018-08-02 10:34:38.122  INFO 1824 --- [    Test worker] o.s.t.web.servlet.TestDispatcherServlet  : FrameworkServlet '': initialization completed in 0 ms

MockHttpServletRequest:
      HTTP Method = GET
      Request URI = /accounts/1/address
       Parameters = {}
          Headers = {}
             Body = <no character encoding set>
    Session Attrs = {}

Handler:
             Type = com.jpa.amazon.ecommerce.accounts.controller.AddressController
           Method = public java.lang.Iterable<com.jpa.amazon.ecommerce.accounts.domain.Address> com.jpa.amazon.ecommerce.accounts.controller.AddressController.getAllByAccountId(java.lang.Long)

Async:
    Async started = false
     Async result = null

Resolved Exception:
             Type = null

ModelAndView:
        View name = null
             View = null
            Model = null

FlashMap:
       Attributes = null

MockHttpServletResponse:
           Status = 200
    Error message = null
          Headers = {Content-Type=[application/json;charset=UTF-8]}
     Content type = application/json;charset=UTF-8
             Body = []
    Forwarded URL = null
   Redirected URL = null
          Cookies = []
2018-08-02 10:34:38.132  INFO 1824 --- [    Test worker] s.w.s.m.m.a.RequestMappingHandlerMapping : Mapped "{[/accounts/{id}/address/{address_id}],methods=[PUT]}" onto public com.jpa.amazon.ecommerce.accounts.domain.Address com.jpa.amazon.ecommerce.accounts.controller.AddressController.update(java.lang.Long,java.lang.Long,com.jpa.amazon.ecommerce.accounts.domain.Address)
2018-08-02 10:34:38.132  INFO 1824 --- [    Test worker] s.w.s.m.m.a.RequestMappingHandlerMapping : Mapped "{[/accounts/{id}/address/{address_id}],methods=[DELETE]}" onto public void com.jpa.amazon.ecommerce.accounts.controller.AddressController.delete(java.lang.Long,java.lang.Long)
2018-08-02 10:34:38.132  INFO 1824 --- [    Test worker] s.w.s.m.m.a.RequestMappingHandlerMapping : Mapped "{[/accounts/{id}/address],methods=[POST]}" onto public com.jpa.amazon.ecommerce.accounts.domain.Address com.jpa.amazon.ecommerce.accounts.controller.AddressController.create(com.jpa.amazon.ecommerce.accounts.domain.Address,java.lang.Long)
2018-08-02 10:34:38.132  INFO 1824 --- [    Test worker] s.w.s.m.m.a.RequestMappingHandlerMapping : Mapped "{[/accounts/{id}/address/{address_id}],methods=[GET]}" onto public com.jpa.amazon.ecommerce.accounts.domain.Address com.jpa.amazon.ecommerce.accounts.controller.AddressController.getById(java.lang.Long,java.lang.Long)
2018-08-02 10:34:38.132  INFO 1824 --- [    Test worker] s.w.s.m.m.a.RequestMappingHandlerMapping : Mapped "{[/accounts/{id}/address],methods=[GET]}" onto public java.lang.Iterable<com.jpa.amazon.ecommerce.accounts.domain.Address> com.jpa.amazon.ecommerce.accounts.controller.AddressController.getAllByAccountId(java.lang.Long)
2018-08-02 10:34:38.141  INFO 1824 --- [    Test worker] s.w.s.m.m.a.RequestMappingHandlerAdapter : Looking for @ControllerAdvice: org.springframework.test.web.servlet.setup.StubWebApplicationContext@4ba87a4c
2018-08-02 10:34:38.143  INFO 1824 --- [    Test worker] o.s.mock.web.MockServletContext          : Initializing Spring FrameworkServlet ''
2018-08-02 10:34:38.143  INFO 1824 --- [    Test worker] o.s.t.web.servlet.TestDispatcherServlet  : FrameworkServlet '': initialization started
2018-08-02 10:34:38.143  INFO 1824 --- [    Test worker] o.s.t.web.servlet.TestDispatcherServlet  : FrameworkServlet '': initialization completed in 0 ms

MockHttpServletRequest:
      HTTP Method = PUT
      Request URI = /accounts/1/address/2
       Parameters = {}
          Headers = {Content-Type=[application/json]}
             Body = <no character encoding set>
    Session Attrs = {}

Handler:
             Type = com.jpa.amazon.ecommerce.accounts.controller.AddressController
           Method = public com.jpa.amazon.ecommerce.accounts.domain.Address com.jpa.amazon.ecommerce.accounts.controller.AddressController.update(java.lang.Long,java.lang.Long,com.jpa.amazon.ecommerce.accounts.domain.Address)

Async:
    Async started = false
     Async result = null

Resolved Exception:
             Type = null

ModelAndView:
        View name = null
             View = null
            Model = null

FlashMap:
       Attributes = null

MockHttpServletResponse:
           Status = 200
    Error message = null
          Headers = {}
     Content type = null
             Body = 
    Forwarded URL = null
   Redirected URL = null
          Cookies = []
2018-08-02 10:34:38.154  INFO 1824 --- [    Test worker] s.w.s.m.m.a.RequestMappingHandlerMapping : Mapped "{[/accounts/{id}/address/{address_id}],methods=[PUT]}" onto public com.jpa.amazon.ecommerce.accounts.domain.Address com.jpa.amazon.ecommerce.accounts.controller.AddressController.update(java.lang.Long,java.lang.Long,com.jpa.amazon.ecommerce.accounts.domain.Address)
2018-08-02 10:34:38.155  INFO 1824 --- [    Test worker] s.w.s.m.m.a.RequestMappingHandlerMapping : Mapped "{[/accounts/{id}/address/{address_id}],methods=[DELETE]}" onto public void com.jpa.amazon.ecommerce.accounts.controller.AddressController.delete(java.lang.Long,java.lang.Long)
2018-08-02 10:34:38.155  INFO 1824 --- [    Test worker] s.w.s.m.m.a.RequestMappingHandlerMapping : Mapped "{[/accounts/{id}/address],methods=[POST]}" onto public com.jpa.amazon.ecommerce.accounts.domain.Address com.jpa.amazon.ecommerce.accounts.controller.AddressController.create(com.jpa.amazon.ecommerce.accounts.domain.Address,java.lang.Long)
2018-08-02 10:34:38.155  INFO 1824 --- [    Test worker] s.w.s.m.m.a.RequestMappingHandlerMapping : Mapped "{[/accounts/{id}/address/{address_id}],methods=[GET]}" onto public com.jpa.amazon.ecommerce.accounts.domain.Address com.jpa.amazon.ecommerce.accounts.controller.AddressController.getById(java.lang.Long,java.lang.Long)
2018-08-02 10:34:38.156  INFO 1824 --- [    Test worker] s.w.s.m.m.a.RequestMappingHandlerMapping : Mapped "{[/accounts/{id}/address],methods=[GET]}" onto public java.lang.Iterable<com.jpa.amazon.ecommerce.accounts.domain.Address> com.jpa.amazon.ecommerce.accounts.controller.AddressController.getAllByAccountId(java.lang.Long)
2018-08-02 10:34:38.163  INFO 1824 --- [    Test worker] s.w.s.m.m.a.RequestMappingHandlerAdapter : Looking for @ControllerAdvice: org.springframework.test.web.servlet.setup.StubWebApplicationContext@72c7c2e3
2018-08-02 10:34:38.165  INFO 1824 --- [    Test worker] o.s.mock.web.MockServletContext          : Initializing Spring FrameworkServlet ''
2018-08-02 10:34:38.165  INFO 1824 --- [    Test worker] o.s.t.web.servlet.TestDispatcherServlet  : FrameworkServlet '': initialization started
2018-08-02 10:34:38.166  INFO 1824 --- [    Test worker] o.s.t.web.servlet.TestDispatcherServlet  : FrameworkServlet '': initialization completed in 1 ms
2018-08-02 10:34:38.173  INFO 1824 --- [    Test worker] s.w.s.m.m.a.RequestMappingHandlerMapping : Mapped "{[/accounts/{id}/address/{address_id}],methods=[PUT]}" onto public com.jpa.amazon.ecommerce.accounts.domain.Address com.jpa.amazon.ecommerce.accounts.controller.AddressController.update(java.lang.Long,java.lang.Long,com.jpa.amazon.ecommerce.accounts.domain.Address)
2018-08-02 10:34:38.174  INFO 1824 --- [    Test worker] s.w.s.m.m.a.RequestMappingHandlerMapping : Mapped "{[/accounts/{id}/address/{address_id}],methods=[DELETE]}" onto public void com.jpa.amazon.ecommerce.accounts.controller.AddressController.delete(java.lang.Long,java.lang.Long)
2018-08-02 10:34:38.174  INFO 1824 --- [    Test worker] s.w.s.m.m.a.RequestMappingHandlerMapping : Mapped "{[/accounts/{id}/address],methods=[POST]}" onto public com.jpa.amazon.ecommerce.accounts.domain.Address com.jpa.amazon.ecommerce.accounts.controller.AddressController.create(com.jpa.amazon.ecommerce.accounts.domain.Address,java.lang.Long)
2018-08-02 10:34:38.174  INFO 1824 --- [    Test worker] s.w.s.m.m.a.RequestMappingHandlerMapping : Mapped "{[/accounts/{id}/address/{address_id}],methods=[GET]}" onto public com.jpa.amazon.ecommerce.accounts.domain.Address com.jpa.amazon.ecommerce.accounts.controller.AddressController.getById(java.lang.Long,java.lang.Long)
2018-08-02 10:34:38.174  INFO 1824 --- [    Test worker] s.w.s.m.m.a.RequestMappingHandlerMapping : Mapped "{[/accounts/{id}/address],methods=[GET]}" onto public java.lang.Iterable<com.jpa.amazon.ecommerce.accounts.domain.Address> com.jpa.amazon.ecommerce.accounts.controller.AddressController.getAllByAccountId(java.lang.Long)
2018-08-02 10:34:38.180  INFO 1824 --- [    Test worker] s.w.s.m.m.a.RequestMappingHandlerAdapter : Looking for @ControllerAdvice: org.springframework.test.web.servlet.setup.StubWebApplicationContext@89146ed
2018-08-02 10:34:38.182  INFO 1824 --- [    Test worker] o.s.mock.web.MockServletContext          : Initializing Spring FrameworkServlet ''
2018-08-02 10:34:38.182  INFO 1824 --- [    Test worker] o.s.t.web.servlet.TestDispatcherServlet  : FrameworkServlet '': initialization started
2018-08-02 10:34:38.182  INFO 1824 --- [    Test worker] o.s.t.web.servlet.TestDispatcherServlet  : FrameworkServlet '': initialization completed in 0 ms

MockHttpServletRequest:
      HTTP Method = GET
      Request URI = /accounts/1/address/2
       Parameters = {}
          Headers = {}
             Body = <no character encoding set>
    Session Attrs = {}

Handler:
             Type = com.jpa.amazon.ecommerce.accounts.controller.AddressController
           Method = public com.jpa.amazon.ecommerce.accounts.domain.Address com.jpa.amazon.ecommerce.accounts.controller.AddressController.getById(java.lang.Long,java.lang.Long)

Async:
    Async started = false
     Async result = null

Resolved Exception:
             Type = null

ModelAndView:
        View name = null
             View = null
            Model = null

FlashMap:
       Attributes = null

MockHttpServletResponse:
           Status = 200
    Error message = null
          Headers = {}
     Content type = null
             Body = 
    Forwarded URL = null
   Redirected URL = null
          Cookies = []
]]></system-out>
  <system-err><![CDATA[]]></system-err>
</testsuite>
