<?xml version="1.0" encoding="UTF-8"?>
<testsuite name="com.jpa.amazon.ecommerce.accounts.service.AddressServiceTest" tests="5" skipped="0" failures="0" errors="0" timestamp="2018-08-02T16:47:10" hostname="Rohan-Grovers-MacBook-Pro.local" time="0.017">
  <properties/>
  <testcase name="testCreateAddress" classname="com.jpa.amazon.ecommerce.accounts.service.AddressServiceTest" time="0.009"/>
  <testcase name="testUpdateAddress" classname="com.jpa.amazon.ecommerce.accounts.service.AddressServiceTest" time="0.002"/>
  <testcase name="testDeleteAddress" classname="com.jpa.amazon.ecommerce.accounts.service.AddressServiceTest" time="0.001"/>
  <testcase name="testGetAddressById" classname="com.jpa.amazon.ecommerce.accounts.service.AddressServiceTest" time="0.001"/>
  <testcase name="testGetAddresses" classname="com.jpa.amazon.ecommerce.accounts.service.AddressServiceTest" time="0.002"/>
  <system-out><![CDATA[2018-08-02 11:47:10.158  INFO 16519 --- [    Test worker] o.s.t.c.s.DefaultTestContextBootstrapper : Neither @ContextConfiguration nor @ContextHierarchy found for test class [com.jpa.amazon.ecommerce.accounts.service.AddressServiceTest], using DelegatingSmartContextLoader
2018-08-02 11:47:10.160  INFO 16519 --- [    Test worker] o.s.t.c.support.AbstractContextLoader    : Could not detect default resource locations for test class [com.jpa.amazon.ecommerce.accounts.service.AddressServiceTest]: no resource found for suffixes {-context.xml}.
2018-08-02 11:47:10.161  INFO 16519 --- [    Test worker] t.c.s.AnnotationConfigContextLoaderUtils : Could not detect default configuration classes for test class [com.jpa.amazon.ecommerce.accounts.service.AddressServiceTest]: AddressServiceTest does not declare any static, non-private, non-final, nested classes annotated with @Configuration.
2018-08-02 11:47:10.164  INFO 16519 --- [    Test worker] o.s.t.c.s.DefaultTestContextBootstrapper : Loaded default TestExecutionListener class names from location [META-INF/spring.factories]: [org.springframework.boot.test.autoconfigure.restdocs.RestDocsTestExecutionListener, org.springframework.boot.test.autoconfigure.web.client.MockRestServiceServerResetTestExecutionListener, org.springframework.boot.test.autoconfigure.web.servlet.MockMvcPrintOnlyOnFailureTestExecutionListener, org.springframework.boot.test.autoconfigure.web.servlet.WebDriverTestExecutionListener, org.springframework.boot.test.mock.mockito.MockitoTestExecutionListener, org.springframework.boot.test.mock.mockito.ResetMocksTestExecutionListener, org.springframework.test.context.web.ServletTestExecutionListener, org.springframework.test.context.support.DirtiesContextBeforeModesTestExecutionListener, org.springframework.test.context.support.DependencyInjectionTestExecutionListener, org.springframework.test.context.support.DirtiesContextTestExecutionListener, org.springframework.test.context.transaction.TransactionalTestExecutionListener, org.springframework.test.context.jdbc.SqlScriptsTestExecutionListener]
2018-08-02 11:47:10.165  INFO 16519 --- [    Test worker] o.s.t.c.s.DefaultTestContextBootstrapper : Using TestExecutionListeners: [org.springframework.test.context.web.ServletTestExecutionListener@1d8313bc, org.springframework.test.context.support.DirtiesContextBeforeModesTestExecutionListener@72ee1861, org.springframework.boot.test.mock.mockito.MockitoTestExecutionListener@d717029, org.springframework.test.context.support.DependencyInjectionTestExecutionListener@137226ab, org.springframework.test.context.support.DirtiesContextTestExecutionListener@16e9d98a, org.springframework.test.context.transaction.TransactionalTestExecutionListener@1446e626, org.springframework.test.context.jdbc.SqlScriptsTestExecutionListener@12303cbf, org.springframework.boot.test.autoconfigure.restdocs.RestDocsTestExecutionListener@1075072c, org.springframework.boot.test.autoconfigure.web.client.MockRestServiceServerResetTestExecutionListener@4808a921, org.springframework.boot.test.autoconfigure.web.servlet.MockMvcPrintOnlyOnFailureTestExecutionListener@6bdc01d0, org.springframework.boot.test.autoconfigure.web.servlet.WebDriverTestExecutionListener@789a0dd0, org.springframework.boot.test.mock.mockito.ResetMocksTestExecutionListener@406e2988]
2018-08-02 11:47:10.244  INFO 16519 --- [    Test worker] o.s.c.support.GenericApplicationContext  : Refreshing org.springframework.context.support.GenericApplicationContext@492bff9: startup date [Thu Aug 02 11:47:10 CDT 2018]; root of context hierarchy
2018-08-02 11:47:10.248  INFO 16519 --- [    Test worker] f.a.AutowiredAnnotationBeanPostProcessor : JSR-330 'javax.inject.Inject' annotation found and supported for autowiring
]]></system-out>
  <system-err><![CDATA[]]></system-err>
</testsuite>
