<?xml version="1.0" encoding="UTF-8"?>
<testsuite name="com.jpa.amazon.ecommerce.accounts.service.AccountServiceTest" tests="5" skipped="0" failures="0" errors="0" timestamp="2018-08-02T03:14:09" hostname="Rohan-Grovers-MacBook-Pro.local" time="0.011">
  <properties/>
  <testcase name="testCreateAccount" classname="com.jpa.amazon.ecommerce.accounts.service.AccountServiceTest" time="0.002"/>
  <testcase name="testGetAccountById" classname="com.jpa.amazon.ecommerce.accounts.service.AccountServiceTest" time="0.002"/>
  <testcase name="testUpdateAccount" classname="com.jpa.amazon.ecommerce.accounts.service.AccountServiceTest" time="0.002"/>
  <testcase name="testGetAccounts" classname="com.jpa.amazon.ecommerce.accounts.service.AccountServiceTest" time="0.001"/>
  <testcase name="testDeleteAccount" classname="com.jpa.amazon.ecommerce.accounts.service.AccountServiceTest" time="0.002"/>
  <system-out><![CDATA[2018-08-01 22:14:09.121  INFO 70225 --- [    Test worker] o.s.t.c.s.DefaultTestContextBootstrapper : Neither @ContextConfiguration nor @ContextHierarchy found for test class [com.jpa.amazon.ecommerce.accounts.service.AccountServiceTest], using DelegatingSmartContextLoader
2018-08-01 22:14:09.122  INFO 70225 --- [    Test worker] o.s.t.c.support.AbstractContextLoader    : Could not detect default resource locations for test class [com.jpa.amazon.ecommerce.accounts.service.AccountServiceTest]: no resource found for suffixes {-context.xml}.
2018-08-01 22:14:09.122  INFO 70225 --- [    Test worker] t.c.s.AnnotationConfigContextLoaderUtils : Could not detect default configuration classes for test class [com.jpa.amazon.ecommerce.accounts.service.AccountServiceTest]: AccountServiceTest does not declare any static, non-private, non-final, nested classes annotated with @Configuration.
2018-08-01 22:14:09.123  INFO 70225 --- [    Test worker] o.s.t.c.s.DefaultTestContextBootstrapper : Loaded default TestExecutionListener class names from location [META-INF/spring.factories]: [org.springframework.boot.test.autoconfigure.restdocs.RestDocsTestExecutionListener, org.springframework.boot.test.autoconfigure.web.client.MockRestServiceServerResetTestExecutionListener, org.springframework.boot.test.autoconfigure.web.servlet.MockMvcPrintOnlyOnFailureTestExecutionListener, org.springframework.boot.test.autoconfigure.web.servlet.WebDriverTestExecutionListener, org.springframework.boot.test.mock.mockito.MockitoTestExecutionListener, org.springframework.boot.test.mock.mockito.ResetMocksTestExecutionListener, org.springframework.test.context.web.ServletTestExecutionListener, org.springframework.test.context.support.DirtiesContextBeforeModesTestExecutionListener, org.springframework.test.context.support.DependencyInjectionTestExecutionListener, org.springframework.test.context.support.DirtiesContextTestExecutionListener, org.springframework.test.context.transaction.TransactionalTestExecutionListener, org.springframework.test.context.jdbc.SqlScriptsTestExecutionListener]
2018-08-01 22:14:09.123  INFO 70225 --- [    Test worker] o.s.t.c.s.DefaultTestContextBootstrapper : Using TestExecutionListeners: [org.springframework.test.context.web.ServletTestExecutionListener@22b1bace, org.springframework.test.context.support.DirtiesContextBeforeModesTestExecutionListener@5d274389, org.springframework.boot.test.mock.mockito.MockitoTestExecutionListener@3f5759e4, org.springframework.test.context.support.DependencyInjectionTestExecutionListener@6bbe56cd, org.springframework.test.context.support.DirtiesContextTestExecutionListener@4476e6be, org.springframework.test.context.transaction.TransactionalTestExecutionListener@23aadeb2, org.springframework.test.context.jdbc.SqlScriptsTestExecutionListener@26b72b5a, org.springframework.boot.test.autoconfigure.restdocs.RestDocsTestExecutionListener@3fa6197f, org.springframework.boot.test.autoconfigure.web.client.MockRestServiceServerResetTestExecutionListener@4c164b23, org.springframework.boot.test.autoconfigure.web.servlet.MockMvcPrintOnlyOnFailureTestExecutionListener@39bc435d, org.springframework.boot.test.autoconfigure.web.servlet.WebDriverTestExecutionListener@26ce52cb, org.springframework.boot.test.mock.mockito.ResetMocksTestExecutionListener@29acca8c]
]]></system-out>
  <system-err><![CDATA[]]></system-err>
</testsuite>
