<?xml version="1.0" encoding="UTF-8"?>
<testsuite name="com.jpa.amazon.ecommerce.accounts.service.AddressServiceTest" tests="5" skipped="0" failures="0" errors="0" timestamp="2018-07-31T15:39:10" hostname="Rohan-Grovers-MacBook-Pro.local" time="0.014">
  <properties/>
  <testcase name="testCreateAddress" classname="com.jpa.amazon.ecommerce.accounts.service.AddressServiceTest" time="0.006"/>
  <testcase name="testUpdateAddress" classname="com.jpa.amazon.ecommerce.accounts.service.AddressServiceTest" time="0.002"/>
  <testcase name="testDeleteAddress" classname="com.jpa.amazon.ecommerce.accounts.service.AddressServiceTest" time="0.002"/>
  <testcase name="testGetAddressById" classname="com.jpa.amazon.ecommerce.accounts.service.AddressServiceTest" time="0.001"/>
  <testcase name="testGetAddresses" classname="com.jpa.amazon.ecommerce.accounts.service.AddressServiceTest" time="0.001"/>
  <system-out><![CDATA[2018-07-31 10:39:10.824  INFO 8566 --- [    Test worker] o.s.t.c.s.DefaultTestContextBootstrapper : Neither @ContextConfiguration nor @ContextHierarchy found for test class [com.jpa.amazon.ecommerce.accounts.service.AddressServiceTest], using DelegatingSmartContextLoader
2018-07-31 10:39:10.825  INFO 8566 --- [    Test worker] o.s.t.c.support.AbstractContextLoader    : Could not detect default resource locations for test class [com.jpa.amazon.ecommerce.accounts.service.AddressServiceTest]: no resource found for suffixes {-context.xml}.
2018-07-31 10:39:10.825  INFO 8566 --- [    Test worker] t.c.s.AnnotationConfigContextLoaderUtils : Could not detect default configuration classes for test class [com.jpa.amazon.ecommerce.accounts.service.AddressServiceTest]: AddressServiceTest does not declare any static, non-private, non-final, nested classes annotated with @Configuration.
2018-07-31 10:39:10.826  INFO 8566 --- [    Test worker] o.s.t.c.s.DefaultTestContextBootstrapper : Loaded default TestExecutionListener class names from location [META-INF/spring.factories]: [org.springframework.boot.test.autoconfigure.restdocs.RestDocsTestExecutionListener, org.springframework.boot.test.autoconfigure.web.client.MockRestServiceServerResetTestExecutionListener, org.springframework.boot.test.autoconfigure.web.servlet.MockMvcPrintOnlyOnFailureTestExecutionListener, org.springframework.boot.test.autoconfigure.web.servlet.WebDriverTestExecutionListener, org.springframework.boot.test.mock.mockito.MockitoTestExecutionListener, org.springframework.boot.test.mock.mockito.ResetMocksTestExecutionListener, org.springframework.test.context.web.ServletTestExecutionListener, org.springframework.test.context.support.DirtiesContextBeforeModesTestExecutionListener, org.springframework.test.context.support.DependencyInjectionTestExecutionListener, org.springframework.test.context.support.DirtiesContextTestExecutionListener, org.springframework.test.context.transaction.TransactionalTestExecutionListener, org.springframework.test.context.jdbc.SqlScriptsTestExecutionListener]
2018-07-31 10:39:10.827  INFO 8566 --- [    Test worker] o.s.t.c.s.DefaultTestContextBootstrapper : Using TestExecutionListeners: [org.springframework.test.context.web.ServletTestExecutionListener@1c266cfd, org.springframework.test.context.support.DirtiesContextBeforeModesTestExecutionListener@7e45288a, org.springframework.boot.test.mock.mockito.MockitoTestExecutionListener@43c91d7a, org.springframework.test.context.support.DependencyInjectionTestExecutionListener@4d1e89ba, org.springframework.test.context.support.DirtiesContextTestExecutionListener@62f04560, org.springframework.test.context.transaction.TransactionalTestExecutionListener@35a620cc, org.springframework.test.context.jdbc.SqlScriptsTestExecutionListener@3e8fd9cf, org.springframework.boot.test.autoconfigure.restdocs.RestDocsTestExecutionListener@765c4fd, org.springframework.boot.test.autoconfigure.web.client.MockRestServiceServerResetTestExecutionListener@67de5a34, org.springframework.boot.test.autoconfigure.web.servlet.MockMvcPrintOnlyOnFailureTestExecutionListener@63fab643, org.springframework.boot.test.autoconfigure.web.servlet.WebDriverTestExecutionListener@237b4a52, org.springframework.boot.test.mock.mockito.ResetMocksTestExecutionListener@a1020ec]
2018-07-31 10:39:10.893  INFO 8566 --- [    Test worker] o.s.c.support.GenericApplicationContext  : Refreshing org.springframework.context.support.GenericApplicationContext@6d973cb0: startup date [Tue Jul 31 10:39:10 CDT 2018]; root of context hierarchy
2018-07-31 10:39:10.896  INFO 8566 --- [    Test worker] f.a.AutowiredAnnotationBeanPostProcessor : JSR-330 'javax.inject.Inject' annotation found and supported for autowiring
]]></system-out>
  <system-err><![CDATA[]]></system-err>
</testsuite>
