<?xml version="1.0" encoding="UTF-8"?>
<testsuite name="com.jpa.amazon.ecommerce.accounts.service.AddressServiceTest" tests="5" skipped="0" failures="0" errors="0" timestamp="2018-08-02T15:34:38" hostname="Rohan-Grovers-MacBook-Pro.local" time="0.015">
  <properties/>
  <testcase name="testCreateAddress" classname="com.jpa.amazon.ecommerce.accounts.service.AddressServiceTest" time="0.008"/>
  <testcase name="testUpdateAddress" classname="com.jpa.amazon.ecommerce.accounts.service.AddressServiceTest" time="0.001"/>
  <testcase name="testDeleteAddress" classname="com.jpa.amazon.ecommerce.accounts.service.AddressServiceTest" time="0.002"/>
  <testcase name="testGetAddressById" classname="com.jpa.amazon.ecommerce.accounts.service.AddressServiceTest" time="0.001"/>
  <testcase name="testGetAddresses" classname="com.jpa.amazon.ecommerce.accounts.service.AddressServiceTest" time="0.001"/>
  <system-out><![CDATA[2018-08-02 10:34:38.193  INFO 1824 --- [    Test worker] o.s.t.c.s.DefaultTestContextBootstrapper : Neither @ContextConfiguration nor @ContextHierarchy found for test class [com.jpa.amazon.ecommerce.accounts.service.AddressServiceTest], using DelegatingSmartContextLoader
2018-08-02 10:34:38.194  INFO 1824 --- [    Test worker] o.s.t.c.support.AbstractContextLoader    : Could not detect default resource locations for test class [com.jpa.amazon.ecommerce.accounts.service.AddressServiceTest]: no resource found for suffixes {-context.xml}.
2018-08-02 10:34:38.194  INFO 1824 --- [    Test worker] t.c.s.AnnotationConfigContextLoaderUtils : Could not detect default configuration classes for test class [com.jpa.amazon.ecommerce.accounts.service.AddressServiceTest]: AddressServiceTest does not declare any static, non-private, non-final, nested classes annotated with @Configuration.
2018-08-02 10:34:38.195  INFO 1824 --- [    Test worker] o.s.t.c.s.DefaultTestContextBootstrapper : Loaded default TestExecutionListener class names from location [META-INF/spring.factories]: [org.springframework.boot.test.autoconfigure.restdocs.RestDocsTestExecutionListener, org.springframework.boot.test.autoconfigure.web.client.MockRestServiceServerResetTestExecutionListener, org.springframework.boot.test.autoconfigure.web.servlet.MockMvcPrintOnlyOnFailureTestExecutionListener, org.springframework.boot.test.autoconfigure.web.servlet.WebDriverTestExecutionListener, org.springframework.boot.test.mock.mockito.MockitoTestExecutionListener, org.springframework.boot.test.mock.mockito.ResetMocksTestExecutionListener, org.springframework.test.context.web.ServletTestExecutionListener, org.springframework.test.context.support.DirtiesContextBeforeModesTestExecutionListener, org.springframework.test.context.support.DependencyInjectionTestExecutionListener, org.springframework.test.context.support.DirtiesContextTestExecutionListener, org.springframework.test.context.transaction.TransactionalTestExecutionListener, org.springframework.test.context.jdbc.SqlScriptsTestExecutionListener]
2018-08-02 10:34:38.196  INFO 1824 --- [    Test worker] o.s.t.c.s.DefaultTestContextBootstrapper : Using TestExecutionListeners: [org.springframework.test.context.web.ServletTestExecutionListener@6eb14a57, org.springframework.test.context.support.DirtiesContextBeforeModesTestExecutionListener@1309520a, org.springframework.boot.test.mock.mockito.MockitoTestExecutionListener@612f61c2, org.springframework.test.context.support.DependencyInjectionTestExecutionListener@4f739dd, org.springframework.test.context.support.DirtiesContextTestExecutionListener@60f038e6, org.springframework.test.context.transaction.TransactionalTestExecutionListener@39b0aff0, org.springframework.test.context.jdbc.SqlScriptsTestExecutionListener@238be875, org.springframework.boot.test.autoconfigure.restdocs.RestDocsTestExecutionListener@1e8f1408, org.springframework.boot.test.autoconfigure.web.client.MockRestServiceServerResetTestExecutionListener@7f593837, org.springframework.boot.test.autoconfigure.web.servlet.MockMvcPrintOnlyOnFailureTestExecutionListener@43aad703, org.springframework.boot.test.autoconfigure.web.servlet.WebDriverTestExecutionListener@3f9e5743, org.springframework.boot.test.mock.mockito.ResetMocksTestExecutionListener@59573bec]
2018-08-02 10:34:38.271  INFO 1824 --- [    Test worker] o.s.c.support.GenericApplicationContext  : Refreshing org.springframework.context.support.GenericApplicationContext@2479f35b: startup date [Thu Aug 02 10:34:38 CDT 2018]; root of context hierarchy
2018-08-02 10:34:38.275  INFO 1824 --- [    Test worker] f.a.AutowiredAnnotationBeanPostProcessor : JSR-330 'javax.inject.Inject' annotation found and supported for autowiring
]]></system-out>
  <system-err><![CDATA[]]></system-err>
</testsuite>
