<?xml version="1.0" encoding="UTF-8"?>
<testsuite name="com.jpa.amazon.ecommerce.accounts.service.AccountServiceTest" tests="5" skipped="0" failures="0" errors="0" timestamp="2018-08-02T15:34:38" hostname="Rohan-Grovers-MacBook-Pro.local" time="0.009">
  <properties/>
  <testcase name="testCreateAccount" classname="com.jpa.amazon.ecommerce.accounts.service.AccountServiceTest" time="0.001"/>
  <testcase name="testGetAccountById" classname="com.jpa.amazon.ecommerce.accounts.service.AccountServiceTest" time="0.001"/>
  <testcase name="testUpdateAccount" classname="com.jpa.amazon.ecommerce.accounts.service.AccountServiceTest" time="0.001"/>
  <testcase name="testGetAccounts" classname="com.jpa.amazon.ecommerce.accounts.service.AccountServiceTest" time="0.001"/>
  <testcase name="testDeleteAccount" classname="com.jpa.amazon.ecommerce.accounts.service.AccountServiceTest" time="0.002"/>
  <system-out><![CDATA[2018-08-02 10:34:38.310  INFO 1824 --- [    Test worker] o.s.t.c.s.DefaultTestContextBootstrapper : Neither @ContextConfiguration nor @ContextHierarchy found for test class [com.jpa.amazon.ecommerce.accounts.service.AccountServiceTest], using DelegatingSmartContextLoader
2018-08-02 10:34:38.310  INFO 1824 --- [    Test worker] o.s.t.c.support.AbstractContextLoader    : Could not detect default resource locations for test class [com.jpa.amazon.ecommerce.accounts.service.AccountServiceTest]: no resource found for suffixes {-context.xml}.
2018-08-02 10:34:38.310  INFO 1824 --- [    Test worker] t.c.s.AnnotationConfigContextLoaderUtils : Could not detect default configuration classes for test class [com.jpa.amazon.ecommerce.accounts.service.AccountServiceTest]: AccountServiceTest does not declare any static, non-private, non-final, nested classes annotated with @Configuration.
2018-08-02 10:34:38.311  INFO 1824 --- [    Test worker] o.s.t.c.s.DefaultTestContextBootstrapper : Loaded default TestExecutionListener class names from location [META-INF/spring.factories]: [org.springframework.boot.test.autoconfigure.restdocs.RestDocsTestExecutionListener, org.springframework.boot.test.autoconfigure.web.client.MockRestServiceServerResetTestExecutionListener, org.springframework.boot.test.autoconfigure.web.servlet.MockMvcPrintOnlyOnFailureTestExecutionListener, org.springframework.boot.test.autoconfigure.web.servlet.WebDriverTestExecutionListener, org.springframework.boot.test.mock.mockito.MockitoTestExecutionListener, org.springframework.boot.test.mock.mockito.ResetMocksTestExecutionListener, org.springframework.test.context.web.ServletTestExecutionListener, org.springframework.test.context.support.DirtiesContextBeforeModesTestExecutionListener, org.springframework.test.context.support.DependencyInjectionTestExecutionListener, org.springframework.test.context.support.DirtiesContextTestExecutionListener, org.springframework.test.context.transaction.TransactionalTestExecutionListener, org.springframework.test.context.jdbc.SqlScriptsTestExecutionListener]
2018-08-02 10:34:38.311  INFO 1824 --- [    Test worker] o.s.t.c.s.DefaultTestContextBootstrapper : Using TestExecutionListeners: [org.springframework.test.context.web.ServletTestExecutionListener@45962d9, org.springframework.test.context.support.DirtiesContextBeforeModesTestExecutionListener@23ea8064, org.springframework.boot.test.mock.mockito.MockitoTestExecutionListener@74a35be3, org.springframework.test.context.support.DependencyInjectionTestExecutionListener@2096f2ae, org.springframework.test.context.support.DirtiesContextTestExecutionListener@6f1613cf, org.springframework.test.context.transaction.TransactionalTestExecutionListener@188847e9, org.springframework.test.context.jdbc.SqlScriptsTestExecutionListener@761a6b58, org.springframework.boot.test.autoconfigure.restdocs.RestDocsTestExecutionListener@618ee4b7, org.springframework.boot.test.autoconfigure.web.client.MockRestServiceServerResetTestExecutionListener@3e591b22, org.springframework.boot.test.autoconfigure.web.servlet.MockMvcPrintOnlyOnFailureTestExecutionListener@6434b40f, org.springframework.boot.test.autoconfigure.web.servlet.WebDriverTestExecutionListener@41d1537a, org.springframework.boot.test.mock.mockito.ResetMocksTestExecutionListener@57ecbcab]
]]></system-out>
  <system-err><![CDATA[]]></system-err>
</testsuite>
