<?xml version="1.0" encoding="UTF-8"?>
<testsuite name="com.jpa.amazon.ecommerce.accounts.controller.AccountControllerTest" tests="5" skipped="0" failures="0" errors="0" timestamp="2018-08-02T16:47:08" hostname="Rohan-Grovers-MacBook-Pro.local" time="0.289">
  <properties/>
  <testcase name="testCreateAccount" classname="com.jpa.amazon.ecommerce.accounts.controller.AccountControllerTest" time="0.18"/>
  <testcase name="testUpdateAccount" classname="com.jpa.amazon.ecommerce.accounts.controller.AccountControllerTest" time="0.042"/>
  <testcase name="testGetAllAccounts" classname="com.jpa.amazon.ecommerce.accounts.controller.AccountControllerTest" time="0.029"/>
  <testcase name="testDeleteAccount" classname="com.jpa.amazon.ecommerce.accounts.controller.AccountControllerTest" time="0.019"/>
  <testcase name="testGetShipmentById" classname="com.jpa.amazon.ecommerce.accounts.controller.AccountControllerTest" time="0.016"/>
  <system-out><![CDATA[2018-08-02 11:47:07.796  INFO 16519 --- [    Test worker] o.s.t.c.support.AbstractContextLoader    : Could not detect default resource locations for test class [com.jpa.amazon.ecommerce.accounts.controller.AccountControllerTest]: no resource found for suffixes {-context.xml, Context.groovy}.
2018-08-02 11:47:07.813  INFO 16519 --- [    Test worker] .b.t.a.w.s.WebMvcTestContextBootstrapper : Loaded default TestExecutionListener class names from location [META-INF/spring.factories]: [org.springframework.boot.test.autoconfigure.restdocs.RestDocsTestExecutionListener, org.springframework.boot.test.autoconfigure.web.client.MockRestServiceServerResetTestExecutionListener, org.springframework.boot.test.autoconfigure.web.servlet.MockMvcPrintOnlyOnFailureTestExecutionListener, org.springframework.boot.test.autoconfigure.web.servlet.WebDriverTestExecutionListener, org.springframework.boot.test.mock.mockito.MockitoTestExecutionListener, org.springframework.boot.test.mock.mockito.ResetMocksTestExecutionListener, org.springframework.test.context.web.ServletTestExecutionListener, org.springframework.test.context.support.DirtiesContextBeforeModesTestExecutionListener, org.springframework.test.context.support.DependencyInjectionTestExecutionListener, org.springframework.test.context.support.DirtiesContextTestExecutionListener, org.springframework.test.context.transaction.TransactionalTestExecutionListener, org.springframework.test.context.jdbc.SqlScriptsTestExecutionListener]
2018-08-02 11:47:07.813  INFO 16519 --- [    Test worker] .b.t.a.w.s.WebMvcTestContextBootstrapper : Using TestExecutionListeners: [org.springframework.test.context.web.ServletTestExecutionListener@504b3720, org.springframework.test.context.support.DirtiesContextBeforeModesTestExecutionListener@5d2b14f2, org.springframework.boot.test.mock.mockito.MockitoTestExecutionListener@26c581fd, org.springframework.boot.test.autoconfigure.SpringBootDependencyInjectionTestExecutionListener@6ebfe782, org.springframework.test.context.support.DirtiesContextTestExecutionListener@67c43f42, org.springframework.test.context.transaction.TransactionalTestExecutionListener@624d3bcc, org.springframework.test.context.jdbc.SqlScriptsTestExecutionListener@680d9411, org.springframework.boot.test.autoconfigure.restdocs.RestDocsTestExecutionListener@799ffd65, org.springframework.boot.test.autoconfigure.web.client.MockRestServiceServerResetTestExecutionListener@3fe7f33b, org.springframework.boot.test.autoconfigure.web.servlet.MockMvcPrintOnlyOnFailureTestExecutionListener@347f2c50, org.springframework.boot.test.autoconfigure.web.servlet.WebDriverTestExecutionListener@30568bd2, org.springframework.boot.test.mock.mockito.ResetMocksTestExecutionListener@36242c68]
2018-08-02 11:47:08.212  INFO 16519 --- [    Test worker] s.c.a.AnnotationConfigApplicationContext : Refreshing org.springframework.context.annotation.AnnotationConfigApplicationContext@7cf2363f: startup date [Thu Aug 02 11:47:08 CDT 2018]; root of context hierarchy
2018-08-02 11:47:08.229  INFO 16519 --- [    Test worker] f.a.AutowiredAnnotationBeanPostProcessor : JSR-330 'javax.inject.Inject' annotation found and supported for autowiring
2018-08-02 11:47:08.253  INFO 16519 --- [    Test worker] trationDelegate$BeanPostProcessorChecker : Bean 'configurationPropertiesRebinderAutoConfiguration' of type [org.springframework.cloud.autoconfigure.ConfigurationPropertiesRebinderAutoConfiguration$$EnhancerBySpringCGLIB$$850a00a6] is not eligible for getting processed by all BeanPostProcessors (for example: not eligible for auto-proxying)

  .   ____          _            __ _ _
 /\\ / ___'_ __ _ _(_)_ __  __ _ \ \ \ \
( ( )\___ | '_ | '_| | '_ \/ _` | \ \ \ \
 \\/  ___)| |_)| | | | | || (_| |  ) ) ) )
  '  |____| .__|_| |_|_| |_\__, | / / / /
 =========|_|==============|___/=/_/_/_/
 :: Spring Boot ::        (v2.0.3.RELEASE)

2018-08-02 11:47:08.318  INFO 16519 --- [    Test worker] c.j.a.e.a.c.AccountControllerTest        : No active profile set, falling back to default profiles: default
2018-08-02 11:47:08.324  INFO 16519 --- [    Test worker] o.s.w.c.s.GenericWebApplicationContext   : Refreshing org.springframework.web.context.support.GenericWebApplicationContext@225a817f: startup date [Thu Aug 02 11:47:08 CDT 2018]; parent: org.springframework.context.annotation.AnnotationConfigApplicationContext@7cf2363f
2018-08-02 11:47:08.488  INFO 16519 --- [    Test worker] f.a.AutowiredAnnotationBeanPostProcessor : JSR-330 'javax.inject.Inject' annotation found and supported for autowiring
2018-08-02 11:47:08.648  INFO 16519 --- [    Test worker] o.s.w.s.handler.SimpleUrlHandlerMapping  : Mapped URL path [/**/favicon.ico] onto handler of type [class org.springframework.web.servlet.resource.ResourceHttpRequestHandler]
2018-08-02 11:47:08.713  INFO 16519 --- [    Test worker] s.w.s.m.m.a.RequestMappingHandlerAdapter : Looking for @ControllerAdvice: org.springframework.web.context.support.GenericWebApplicationContext@225a817f: startup date [Thu Aug 02 11:47:08 CDT 2018]; parent: org.springframework.context.annotation.AnnotationConfigApplicationContext@7cf2363f
2018-08-02 11:47:08.724  INFO 16519 --- [    Test worker] s.w.s.m.m.a.RequestMappingHandlerMapping : Mapped "{[/error]}" onto public org.springframework.http.ResponseEntity<java.util.Map<java.lang.String, java.lang.Object>> org.springframework.boot.autoconfigure.web.servlet.error.BasicErrorController.error(javax.servlet.http.HttpServletRequest)
2018-08-02 11:47:08.725  INFO 16519 --- [    Test worker] s.w.s.m.m.a.RequestMappingHandlerMapping : Mapped "{[/error],produces=[text/html]}" onto public org.springframework.web.servlet.ModelAndView org.springframework.boot.autoconfigure.web.servlet.error.BasicErrorController.errorHtml(javax.servlet.http.HttpServletRequest,javax.servlet.http.HttpServletResponse)
2018-08-02 11:47:08.741  INFO 16519 --- [    Test worker] o.s.w.s.handler.SimpleUrlHandlerMapping  : Mapped URL path [/webjars/**] onto handler of type [class org.springframework.web.servlet.resource.ResourceHttpRequestHandler]
2018-08-02 11:47:08.741  INFO 16519 --- [    Test worker] o.s.w.s.handler.SimpleUrlHandlerMapping  : Mapped URL path [/**] onto handler of type [class org.springframework.web.servlet.resource.ResourceHttpRequestHandler]
2018-08-02 11:47:08.873  INFO 16519 --- [    Test worker] .s.s.UserDetailsServiceAutoConfiguration : 

Using generated security password: 89d93177-0c3c-4b77-88dc-5ea13a03e62a

2018-08-02 11:47:08.925  INFO 16519 --- [    Test worker] o.s.s.web.DefaultSecurityFilterChain     : Creating filter chain: org.springframework.security.web.util.matcher.AnyRequestMatcher@1, [org.springframework.security.web.context.request.async.WebAsyncManagerIntegrationFilter@33544f71, org.springframework.security.web.context.SecurityContextPersistenceFilter@ec65274, org.springframework.security.web.header.HeaderWriterFilter@6c011953, org.springframework.security.web.authentication.logout.LogoutFilter@607b1682, org.springframework.security.web.savedrequest.RequestCacheAwareFilter@65edf3a7, org.springframework.security.web.servletapi.SecurityContextHolderAwareRequestFilter@142a5c8, org.springframework.security.web.authentication.AnonymousAuthenticationFilter@25456b5b, org.springframework.security.web.session.SessionManagementFilter@40c43399, org.springframework.security.web.access.ExceptionTranslationFilter@520728fb, org.springframework.security.web.access.intercept.FilterSecurityInterceptor@7a674fc3]
2018-08-02 11:47:08.942  INFO 16519 --- [    Test worker] o.s.b.t.m.w.SpringBootMockServletContext : Initializing Spring FrameworkServlet ''
2018-08-02 11:47:08.942  INFO 16519 --- [    Test worker] o.s.t.web.servlet.TestDispatcherServlet  : FrameworkServlet '': initialization started
2018-08-02 11:47:08.952  INFO 16519 --- [    Test worker] o.s.t.web.servlet.TestDispatcherServlet  : FrameworkServlet '': initialization completed in 10 ms
2018-08-02 11:47:08.971  INFO 16519 --- [    Test worker] c.j.a.e.a.c.AccountControllerTest        : Started AccountControllerTest in 0.815 seconds (JVM running for 10.657)
2018-08-02 11:47:08.988  INFO 16519 --- [    Test worker] s.w.s.m.m.a.RequestMappingHandlerMapping : Mapped "{[/accounts/{id}],methods=[PUT]}" onto public com.jpa.amazon.ecommerce.accounts.domain.Account com.jpa.amazon.ecommerce.accounts.controller.AccountController.update(java.lang.Long,com.jpa.amazon.ecommerce.accounts.domain.Account)
2018-08-02 11:47:08.988  INFO 16519 --- [    Test worker] s.w.s.m.m.a.RequestMappingHandlerMapping : Mapped "{[/accounts/{id}],methods=[DELETE]}" onto public void com.jpa.amazon.ecommerce.accounts.controller.AccountController.delete(java.lang.Long)
2018-08-02 11:47:08.988  INFO 16519 --- [    Test worker] s.w.s.m.m.a.RequestMappingHandlerMapping : Mapped "{[/accounts],methods=[POST]}" onto public com.jpa.amazon.ecommerce.accounts.domain.Account com.jpa.amazon.ecommerce.accounts.controller.AccountController.create(com.jpa.amazon.ecommerce.accounts.domain.Account)
2018-08-02 11:47:08.989  INFO 16519 --- [    Test worker] s.w.s.m.m.a.RequestMappingHandlerMapping : Mapped "{[/accounts],methods=[GET]}" onto public java.lang.Iterable<com.jpa.amazon.ecommerce.accounts.domain.Account> com.jpa.amazon.ecommerce.accounts.controller.AccountController.getAll()
2018-08-02 11:47:08.989  INFO 16519 --- [    Test worker] s.w.s.m.m.a.RequestMappingHandlerMapping : Mapped "{[/accounts/{id}],methods=[GET]}" onto public com.jpa.amazon.ecommerce.accounts.domain.Account com.jpa.amazon.ecommerce.accounts.controller.AccountController.getById(java.lang.Long)
2018-08-02 11:47:09.000  INFO 16519 --- [    Test worker] s.w.s.m.m.a.RequestMappingHandlerAdapter : Looking for @ControllerAdvice: org.springframework.test.web.servlet.setup.StubWebApplicationContext@36d224f7
2018-08-02 11:47:09.004  INFO 16519 --- [    Test worker] o.s.mock.web.MockServletContext          : Initializing Spring FrameworkServlet ''
2018-08-02 11:47:09.005  INFO 16519 --- [    Test worker] o.s.t.web.servlet.TestDispatcherServlet  : FrameworkServlet '': initialization started
2018-08-02 11:47:09.005  INFO 16519 --- [    Test worker] o.s.t.web.servlet.TestDispatcherServlet  : FrameworkServlet '': initialization completed in 0 ms

MockHttpServletRequest:
      HTTP Method = POST
      Request URI = /accounts
       Parameters = {}
          Headers = {Content-Type=[application/json]}
             Body = <no character encoding set>
    Session Attrs = {}

Handler:
             Type = com.jpa.amazon.ecommerce.accounts.controller.AccountController
           Method = public com.jpa.amazon.ecommerce.accounts.domain.Account com.jpa.amazon.ecommerce.accounts.controller.AccountController.create(com.jpa.amazon.ecommerce.accounts.domain.Account)

Async:
    Async started = false
     Async result = null

Resolved Exception:
             Type = null

ModelAndView:
        View name = null
             View = null
            Model = null

FlashMap:
       Attributes = null

MockHttpServletResponse:
           Status = 201
    Error message = null
          Headers = {}
     Content type = null
             Body = 
    Forwarded URL = null
   Redirected URL = null
          Cookies = []
2018-08-02 11:47:09.159  INFO 16519 --- [    Test worker] s.w.s.m.m.a.RequestMappingHandlerMapping : Mapped "{[/accounts/{id}],methods=[PUT]}" onto public com.jpa.amazon.ecommerce.accounts.domain.Account com.jpa.amazon.ecommerce.accounts.controller.AccountController.update(java.lang.Long,com.jpa.amazon.ecommerce.accounts.domain.Account)
2018-08-02 11:47:09.159  INFO 16519 --- [    Test worker] s.w.s.m.m.a.RequestMappingHandlerMapping : Mapped "{[/accounts/{id}],methods=[DELETE]}" onto public void com.jpa.amazon.ecommerce.accounts.controller.AccountController.delete(java.lang.Long)
2018-08-02 11:47:09.159  INFO 16519 --- [    Test worker] s.w.s.m.m.a.RequestMappingHandlerMapping : Mapped "{[/accounts],methods=[POST]}" onto public com.jpa.amazon.ecommerce.accounts.domain.Account com.jpa.amazon.ecommerce.accounts.controller.AccountController.create(com.jpa.amazon.ecommerce.accounts.domain.Account)
2018-08-02 11:47:09.162  INFO 16519 --- [    Test worker] s.w.s.m.m.a.RequestMappingHandlerMapping : Mapped "{[/accounts],methods=[GET]}" onto public java.lang.Iterable<com.jpa.amazon.ecommerce.accounts.domain.Account> com.jpa.amazon.ecommerce.accounts.controller.AccountController.getAll()
2018-08-02 11:47:09.162  INFO 16519 --- [    Test worker] s.w.s.m.m.a.RequestMappingHandlerMapping : Mapped "{[/accounts/{id}],methods=[GET]}" onto public com.jpa.amazon.ecommerce.accounts.domain.Account com.jpa.amazon.ecommerce.accounts.controller.AccountController.getById(java.lang.Long)
2018-08-02 11:47:09.169  INFO 16519 --- [    Test worker] s.w.s.m.m.a.RequestMappingHandlerAdapter : Looking for @ControllerAdvice: org.springframework.test.web.servlet.setup.StubWebApplicationContext@3cc5a0c2
2018-08-02 11:47:09.171  INFO 16519 --- [    Test worker] o.s.mock.web.MockServletContext          : Initializing Spring FrameworkServlet ''
2018-08-02 11:47:09.171  INFO 16519 --- [    Test worker] o.s.t.web.servlet.TestDispatcherServlet  : FrameworkServlet '': initialization started
2018-08-02 11:47:09.172  INFO 16519 --- [    Test worker] o.s.t.web.servlet.TestDispatcherServlet  : FrameworkServlet '': initialization completed in 1 ms

MockHttpServletRequest:
      HTTP Method = PUT
      Request URI = /accounts/2
       Parameters = {}
          Headers = {Content-Type=[application/json]}
             Body = <no character encoding set>
    Session Attrs = {}

Handler:
             Type = com.jpa.amazon.ecommerce.accounts.controller.AccountController
           Method = public com.jpa.amazon.ecommerce.accounts.domain.Account com.jpa.amazon.ecommerce.accounts.controller.AccountController.update(java.lang.Long,com.jpa.amazon.ecommerce.accounts.domain.Account)

Async:
    Async started = false
     Async result = null

Resolved Exception:
             Type = null

ModelAndView:
        View name = null
             View = null
            Model = null

FlashMap:
       Attributes = null

MockHttpServletResponse:
           Status = 200
    Error message = null
          Headers = {}
     Content type = null
             Body = 
    Forwarded URL = null
   Redirected URL = null
          Cookies = []
2018-08-02 11:47:09.200  INFO 16519 --- [    Test worker] s.w.s.m.m.a.RequestMappingHandlerMapping : Mapped "{[/accounts/{id}],methods=[PUT]}" onto public com.jpa.amazon.ecommerce.accounts.domain.Account com.jpa.amazon.ecommerce.accounts.controller.AccountController.update(java.lang.Long,com.jpa.amazon.ecommerce.accounts.domain.Account)
2018-08-02 11:47:09.201  INFO 16519 --- [    Test worker] s.w.s.m.m.a.RequestMappingHandlerMapping : Mapped "{[/accounts/{id}],methods=[DELETE]}" onto public void com.jpa.amazon.ecommerce.accounts.controller.AccountController.delete(java.lang.Long)
2018-08-02 11:47:09.202  INFO 16519 --- [    Test worker] s.w.s.m.m.a.RequestMappingHandlerMapping : Mapped "{[/accounts],methods=[POST]}" onto public com.jpa.amazon.ecommerce.accounts.domain.Account com.jpa.amazon.ecommerce.accounts.controller.AccountController.create(com.jpa.amazon.ecommerce.accounts.domain.Account)
2018-08-02 11:47:09.202  INFO 16519 --- [    Test worker] s.w.s.m.m.a.RequestMappingHandlerMapping : Mapped "{[/accounts],methods=[GET]}" onto public java.lang.Iterable<com.jpa.amazon.ecommerce.accounts.domain.Account> com.jpa.amazon.ecommerce.accounts.controller.AccountController.getAll()
2018-08-02 11:47:09.202  INFO 16519 --- [    Test worker] s.w.s.m.m.a.RequestMappingHandlerMapping : Mapped "{[/accounts/{id}],methods=[GET]}" onto public com.jpa.amazon.ecommerce.accounts.domain.Account com.jpa.amazon.ecommerce.accounts.controller.AccountController.getById(java.lang.Long)
2018-08-02 11:47:09.210  INFO 16519 --- [    Test worker] s.w.s.m.m.a.RequestMappingHandlerAdapter : Looking for @ControllerAdvice: org.springframework.test.web.servlet.setup.StubWebApplicationContext@355a6ad
2018-08-02 11:47:09.212  INFO 16519 --- [    Test worker] o.s.mock.web.MockServletContext          : Initializing Spring FrameworkServlet ''
2018-08-02 11:47:09.213  INFO 16519 --- [    Test worker] o.s.t.web.servlet.TestDispatcherServlet  : FrameworkServlet '': initialization started
2018-08-02 11:47:09.213  INFO 16519 --- [    Test worker] o.s.t.web.servlet.TestDispatcherServlet  : FrameworkServlet '': initialization completed in 0 ms

MockHttpServletRequest:
      HTTP Method = GET
      Request URI = /accounts
       Parameters = {}
          Headers = {}
             Body = <no character encoding set>
    Session Attrs = {}

Handler:
             Type = com.jpa.amazon.ecommerce.accounts.controller.AccountController
           Method = public java.lang.Iterable<com.jpa.amazon.ecommerce.accounts.domain.Account> com.jpa.amazon.ecommerce.accounts.controller.AccountController.getAll()

Async:
    Async started = false
     Async result = null

Resolved Exception:
             Type = null

ModelAndView:
        View name = null
             View = null
            Model = null

FlashMap:
       Attributes = null

MockHttpServletResponse:
           Status = 200
    Error message = null
          Headers = {Content-Type=[application/json;charset=UTF-8]}
     Content type = application/json;charset=UTF-8
             Body = []
    Forwarded URL = null
   Redirected URL = null
          Cookies = []
2018-08-02 11:47:09.231  INFO 16519 --- [    Test worker] s.w.s.m.m.a.RequestMappingHandlerMapping : Mapped "{[/accounts/{id}],methods=[PUT]}" onto public com.jpa.amazon.ecommerce.accounts.domain.Account com.jpa.amazon.ecommerce.accounts.controller.AccountController.update(java.lang.Long,com.jpa.amazon.ecommerce.accounts.domain.Account)
2018-08-02 11:47:09.231  INFO 16519 --- [    Test worker] s.w.s.m.m.a.RequestMappingHandlerMapping : Mapped "{[/accounts/{id}],methods=[DELETE]}" onto public void com.jpa.amazon.ecommerce.accounts.controller.AccountController.delete(java.lang.Long)
2018-08-02 11:47:09.232  INFO 16519 --- [    Test worker] s.w.s.m.m.a.RequestMappingHandlerMapping : Mapped "{[/accounts],methods=[POST]}" onto public com.jpa.amazon.ecommerce.accounts.domain.Account com.jpa.amazon.ecommerce.accounts.controller.AccountController.create(com.jpa.amazon.ecommerce.accounts.domain.Account)
2018-08-02 11:47:09.232  INFO 16519 --- [    Test worker] s.w.s.m.m.a.RequestMappingHandlerMapping : Mapped "{[/accounts],methods=[GET]}" onto public java.lang.Iterable<com.jpa.amazon.ecommerce.accounts.domain.Account> com.jpa.amazon.ecommerce.accounts.controller.AccountController.getAll()
2018-08-02 11:47:09.232  INFO 16519 --- [    Test worker] s.w.s.m.m.a.RequestMappingHandlerMapping : Mapped "{[/accounts/{id}],methods=[GET]}" onto public com.jpa.amazon.ecommerce.accounts.domain.Account com.jpa.amazon.ecommerce.accounts.controller.AccountController.getById(java.lang.Long)
2018-08-02 11:47:09.242  INFO 16519 --- [    Test worker] s.w.s.m.m.a.RequestMappingHandlerAdapter : Looking for @ControllerAdvice: org.springframework.test.web.servlet.setup.StubWebApplicationContext@4302918e
2018-08-02 11:47:09.244  INFO 16519 --- [    Test worker] o.s.mock.web.MockServletContext          : Initializing Spring FrameworkServlet ''
2018-08-02 11:47:09.244  INFO 16519 --- [    Test worker] o.s.t.web.servlet.TestDispatcherServlet  : FrameworkServlet '': initialization started
2018-08-02 11:47:09.244  INFO 16519 --- [    Test worker] o.s.t.web.servlet.TestDispatcherServlet  : FrameworkServlet '': initialization completed in 0 ms
2018-08-02 11:47:09.250  INFO 16519 --- [    Test worker] s.w.s.m.m.a.RequestMappingHandlerMapping : Mapped "{[/accounts/{id}],methods=[PUT]}" onto public com.jpa.amazon.ecommerce.accounts.domain.Account com.jpa.amazon.ecommerce.accounts.controller.AccountController.update(java.lang.Long,com.jpa.amazon.ecommerce.accounts.domain.Account)
2018-08-02 11:47:09.250  INFO 16519 --- [    Test worker] s.w.s.m.m.a.RequestMappingHandlerMapping : Mapped "{[/accounts/{id}],methods=[DELETE]}" onto public void com.jpa.amazon.ecommerce.accounts.controller.AccountController.delete(java.lang.Long)
2018-08-02 11:47:09.251  INFO 16519 --- [    Test worker] s.w.s.m.m.a.RequestMappingHandlerMapping : Mapped "{[/accounts],methods=[POST]}" onto public com.jpa.amazon.ecommerce.accounts.domain.Account com.jpa.amazon.ecommerce.accounts.controller.AccountController.create(com.jpa.amazon.ecommerce.accounts.domain.Account)
2018-08-02 11:47:09.251  INFO 16519 --- [    Test worker] s.w.s.m.m.a.RequestMappingHandlerMapping : Mapped "{[/accounts],methods=[GET]}" onto public java.lang.Iterable<com.jpa.amazon.ecommerce.accounts.domain.Account> com.jpa.amazon.ecommerce.accounts.controller.AccountController.getAll()
2018-08-02 11:47:09.251  INFO 16519 --- [    Test worker] s.w.s.m.m.a.RequestMappingHandlerMapping : Mapped "{[/accounts/{id}],methods=[GET]}" onto public com.jpa.amazon.ecommerce.accounts.domain.Account com.jpa.amazon.ecommerce.accounts.controller.AccountController.getById(java.lang.Long)
2018-08-02 11:47:09.258  INFO 16519 --- [    Test worker] s.w.s.m.m.a.RequestMappingHandlerAdapter : Looking for @ControllerAdvice: org.springframework.test.web.servlet.setup.StubWebApplicationContext@7174b45c
2018-08-02 11:47:09.260  INFO 16519 --- [    Test worker] o.s.mock.web.MockServletContext          : Initializing Spring FrameworkServlet ''
2018-08-02 11:47:09.260  INFO 16519 --- [    Test worker] o.s.t.web.servlet.TestDispatcherServlet  : FrameworkServlet '': initialization started
2018-08-02 11:47:09.260  INFO 16519 --- [    Test worker] o.s.t.web.servlet.TestDispatcherServlet  : FrameworkServlet '': initialization completed in 0 ms
]]></system-out>
  <system-err><![CDATA[]]></system-err>
</testsuite>
