<?xml version="1.0" encoding="UTF-8"?>
<testsuite name="com.jpa.amazon.ecommerce.accounts.controller.AccountControllerTest" tests="5" skipped="0" failures="0" errors="0" timestamp="2018-08-08T16:29:05" hostname="Rohan-Grovers-MacBook-Pro.local" time="0.311">
  <properties/>
  <testcase name="testCreateAccount" classname="com.jpa.amazon.ecommerce.accounts.controller.AccountControllerTest" time="0.194"/>
  <testcase name="testUpdateAccount" classname="com.jpa.amazon.ecommerce.accounts.controller.AccountControllerTest" time="0.05"/>
  <testcase name="testGetAllAccounts" classname="com.jpa.amazon.ecommerce.accounts.controller.AccountControllerTest" time="0.028"/>
  <testcase name="testDeleteAccount" classname="com.jpa.amazon.ecommerce.accounts.controller.AccountControllerTest" time="0.017"/>
  <testcase name="testGetShipmentById" classname="com.jpa.amazon.ecommerce.accounts.controller.AccountControllerTest" time="0.017"/>
  <system-out><![CDATA[2018-08-08 11:29:04.117  INFO 47970 --- [    Test worker] o.s.t.c.support.AbstractContextLoader    : Could not detect default resource locations for test class [com.jpa.amazon.ecommerce.accounts.controller.AccountControllerTest]: no resource found for suffixes {-context.xml, Context.groovy}.
2018-08-08 11:29:04.131  INFO 47970 --- [    Test worker] .b.t.a.w.s.WebMvcTestContextBootstrapper : Loaded default TestExecutionListener class names from location [META-INF/spring.factories]: [org.springframework.boot.test.autoconfigure.restdocs.RestDocsTestExecutionListener, org.springframework.boot.test.autoconfigure.web.client.MockRestServiceServerResetTestExecutionListener, org.springframework.boot.test.autoconfigure.web.servlet.MockMvcPrintOnlyOnFailureTestExecutionListener, org.springframework.boot.test.autoconfigure.web.servlet.WebDriverTestExecutionListener, org.springframework.boot.test.mock.mockito.MockitoTestExecutionListener, org.springframework.boot.test.mock.mockito.ResetMocksTestExecutionListener, org.springframework.test.context.web.ServletTestExecutionListener, org.springframework.test.context.support.DirtiesContextBeforeModesTestExecutionListener, org.springframework.test.context.support.DependencyInjectionTestExecutionListener, org.springframework.test.context.support.DirtiesContextTestExecutionListener, org.springframework.test.context.transaction.TransactionalTestExecutionListener, org.springframework.test.context.jdbc.SqlScriptsTestExecutionListener]
2018-08-08 11:29:04.131  INFO 47970 --- [    Test worker] .b.t.a.w.s.WebMvcTestContextBootstrapper : Using TestExecutionListeners: [org.springframework.test.context.web.ServletTestExecutionListener@1086d9a1, org.springframework.test.context.support.DirtiesContextBeforeModesTestExecutionListener@62f24b59, org.springframework.boot.test.mock.mockito.MockitoTestExecutionListener@62c4d6a3, org.springframework.boot.test.autoconfigure.SpringBootDependencyInjectionTestExecutionListener@3170355, org.springframework.test.context.support.DirtiesContextTestExecutionListener@25fa9947, org.springframework.test.context.transaction.TransactionalTestExecutionListener@5522a622, org.springframework.test.context.jdbc.SqlScriptsTestExecutionListener@111703eb, org.springframework.boot.test.autoconfigure.restdocs.RestDocsTestExecutionListener@2aa1b737, org.springframework.boot.test.autoconfigure.web.client.MockRestServiceServerResetTestExecutionListener@5be02385, org.springframework.boot.test.autoconfigure.web.servlet.MockMvcPrintOnlyOnFailureTestExecutionListener@1b338d6d, org.springframework.boot.test.autoconfigure.web.servlet.WebDriverTestExecutionListener@3212cdbb, org.springframework.boot.test.mock.mockito.ResetMocksTestExecutionListener@152dccc1]
2018-08-08 11:29:04.486  INFO 47970 --- [    Test worker] s.c.a.AnnotationConfigApplicationContext : Refreshing org.springframework.context.annotation.AnnotationConfigApplicationContext@1d17ecc9: startup date [Wed Aug 08 11:29:04 CDT 2018]; root of context hierarchy
2018-08-08 11:29:04.504  INFO 47970 --- [    Test worker] f.a.AutowiredAnnotationBeanPostProcessor : JSR-330 'javax.inject.Inject' annotation found and supported for autowiring
2018-08-08 11:29:04.528  INFO 47970 --- [    Test worker] trationDelegate$BeanPostProcessorChecker : Bean 'configurationPropertiesRebinderAutoConfiguration' of type [org.springframework.cloud.autoconfigure.ConfigurationPropertiesRebinderAutoConfiguration$$EnhancerBySpringCGLIB$$fc15c8a2] is not eligible for getting processed by all BeanPostProcessors (for example: not eligible for auto-proxying)

  .   ____          _            __ _ _
 /\\ / ___'_ __ _ _(_)_ __  __ _ \ \ \ \
( ( )\___ | '_ | '_| | '_ \/ _` | \ \ \ \
 \\/  ___)| |_)| | | | | || (_| |  ) ) ) )
  '  |____| .__|_| |_|_| |_\__, | / / / /
 =========|_|==============|___/=/_/_/_/
 :: Spring Boot ::        (v2.0.3.RELEASE)

2018-08-08 11:29:04.595  INFO 47970 --- [    Test worker] c.j.a.e.a.c.AccountControllerTest        : No active profile set, falling back to default profiles: default
2018-08-08 11:29:04.597  INFO 47970 --- [    Test worker] o.s.w.c.s.GenericWebApplicationContext   : Refreshing org.springframework.web.context.support.GenericWebApplicationContext@a61dace: startup date [Wed Aug 08 11:29:04 CDT 2018]; parent: org.springframework.context.annotation.AnnotationConfigApplicationContext@1d17ecc9
2018-08-08 11:29:04.756  INFO 47970 --- [    Test worker] f.a.AutowiredAnnotationBeanPostProcessor : JSR-330 'javax.inject.Inject' annotation found and supported for autowiring
2018-08-08 11:29:04.878  INFO 47970 --- [    Test worker] o.s.w.s.handler.SimpleUrlHandlerMapping  : Mapped URL path [/**/favicon.ico] onto handler of type [class org.springframework.web.servlet.resource.ResourceHttpRequestHandler]
2018-08-08 11:29:04.946  INFO 47970 --- [    Test worker] s.w.s.m.m.a.RequestMappingHandlerAdapter : Looking for @ControllerAdvice: org.springframework.web.context.support.GenericWebApplicationContext@a61dace: startup date [Wed Aug 08 11:29:04 CDT 2018]; parent: org.springframework.context.annotation.AnnotationConfigApplicationContext@1d17ecc9
2018-08-08 11:29:04.958  INFO 47970 --- [    Test worker] s.w.s.m.m.a.RequestMappingHandlerMapping : Mapped "{[/error]}" onto public org.springframework.http.ResponseEntity<java.util.Map<java.lang.String, java.lang.Object>> org.springframework.boot.autoconfigure.web.servlet.error.BasicErrorController.error(javax.servlet.http.HttpServletRequest)
2018-08-08 11:29:04.959  INFO 47970 --- [    Test worker] s.w.s.m.m.a.RequestMappingHandlerMapping : Mapped "{[/error],produces=[text/html]}" onto public org.springframework.web.servlet.ModelAndView org.springframework.boot.autoconfigure.web.servlet.error.BasicErrorController.errorHtml(javax.servlet.http.HttpServletRequest,javax.servlet.http.HttpServletResponse)
2018-08-08 11:29:04.974  INFO 47970 --- [    Test worker] o.s.w.s.handler.SimpleUrlHandlerMapping  : Mapped URL path [/webjars/**] onto handler of type [class org.springframework.web.servlet.resource.ResourceHttpRequestHandler]
2018-08-08 11:29:04.975  INFO 47970 --- [    Test worker] o.s.w.s.handler.SimpleUrlHandlerMapping  : Mapped URL path [/**] onto handler of type [class org.springframework.web.servlet.resource.ResourceHttpRequestHandler]
2018-08-08 11:29:05.160  INFO 47970 --- [    Test worker] .s.s.UserDetailsServiceAutoConfiguration : 

Using generated security password: f8bbb11e-6752-4f41-9d44-4ab6de54d2fa

2018-08-08 11:29:05.250  INFO 47970 --- [    Test worker] o.s.s.web.DefaultSecurityFilterChain     : Creating filter chain: org.springframework.security.web.util.matcher.AnyRequestMatcher@1, [org.springframework.security.web.context.request.async.WebAsyncManagerIntegrationFilter@1d3298f1, org.springframework.security.web.context.SecurityContextPersistenceFilter@2770a524, org.springframework.security.web.header.HeaderWriterFilter@27eb57d3, org.springframework.security.web.authentication.logout.LogoutFilter@7afcf62f, org.springframework.security.web.savedrequest.RequestCacheAwareFilter@6c1f26cf, org.springframework.security.web.servletapi.SecurityContextHolderAwareRequestFilter@11b7b150, org.springframework.security.web.authentication.AnonymousAuthenticationFilter@ad4b3de, org.springframework.security.web.session.SessionManagementFilter@30d15bc, org.springframework.security.web.access.ExceptionTranslationFilter@27bd8336, org.springframework.security.web.access.intercept.FilterSecurityInterceptor@7cfa9312]
2018-08-08 11:29:05.275  INFO 47970 --- [    Test worker] o.s.b.t.m.w.SpringBootMockServletContext : Initializing Spring FrameworkServlet ''
2018-08-08 11:29:05.275  INFO 47970 --- [    Test worker] o.s.t.web.servlet.TestDispatcherServlet  : FrameworkServlet '': initialization started
2018-08-08 11:29:05.291  INFO 47970 --- [    Test worker] o.s.t.web.servlet.TestDispatcherServlet  : FrameworkServlet '': initialization completed in 15 ms
2018-08-08 11:29:05.313  INFO 47970 --- [    Test worker] c.j.a.e.a.c.AccountControllerTest        : Started AccountControllerTest in 0.877 seconds (JVM running for 9.11)
2018-08-08 11:29:05.332  INFO 47970 --- [    Test worker] s.w.s.m.m.a.RequestMappingHandlerMapping : Mapped "{[/accounts/{id}],methods=[PUT]}" onto public com.jpa.amazon.ecommerce.accounts.domain.Account com.jpa.amazon.ecommerce.accounts.controller.AccountController.update(java.lang.Long,com.jpa.amazon.ecommerce.accounts.domain.Account)
2018-08-08 11:29:05.333  INFO 47970 --- [    Test worker] s.w.s.m.m.a.RequestMappingHandlerMapping : Mapped "{[/accounts/{id}],methods=[DELETE]}" onto public void com.jpa.amazon.ecommerce.accounts.controller.AccountController.delete(java.lang.Long)
2018-08-08 11:29:05.333  INFO 47970 --- [    Test worker] s.w.s.m.m.a.RequestMappingHandlerMapping : Mapped "{[/accounts],methods=[POST]}" onto public com.jpa.amazon.ecommerce.accounts.domain.Account com.jpa.amazon.ecommerce.accounts.controller.AccountController.create(com.jpa.amazon.ecommerce.accounts.domain.Account)
2018-08-08 11:29:05.333  INFO 47970 --- [    Test worker] s.w.s.m.m.a.RequestMappingHandlerMapping : Mapped "{[/accounts],methods=[GET]}" onto public java.lang.Iterable<com.jpa.amazon.ecommerce.accounts.domain.Account> com.jpa.amazon.ecommerce.accounts.controller.AccountController.getAll()
2018-08-08 11:29:05.334  INFO 47970 --- [    Test worker] s.w.s.m.m.a.RequestMappingHandlerMapping : Mapped "{[/accounts/{id}],methods=[GET]}" onto public com.jpa.amazon.ecommerce.accounts.domain.Account com.jpa.amazon.ecommerce.accounts.controller.AccountController.getById(java.lang.Long)
2018-08-08 11:29:05.349  INFO 47970 --- [    Test worker] s.w.s.m.m.a.RequestMappingHandlerAdapter : Looking for @ControllerAdvice: org.springframework.test.web.servlet.setup.StubWebApplicationContext@4bb3bd02
2018-08-08 11:29:05.353  INFO 47970 --- [    Test worker] o.s.mock.web.MockServletContext          : Initializing Spring FrameworkServlet ''
2018-08-08 11:29:05.353  INFO 47970 --- [    Test worker] o.s.t.web.servlet.TestDispatcherServlet  : FrameworkServlet '': initialization started
2018-08-08 11:29:05.354  INFO 47970 --- [    Test worker] o.s.t.web.servlet.TestDispatcherServlet  : FrameworkServlet '': initialization completed in 1 ms

MockHttpServletRequest:
      HTTP Method = POST
      Request URI = /accounts
       Parameters = {}
          Headers = {Content-Type=[application/json]}
             Body = <no character encoding set>
    Session Attrs = {}

Handler:
             Type = com.jpa.amazon.ecommerce.accounts.controller.AccountController
           Method = public com.jpa.amazon.ecommerce.accounts.domain.Account com.jpa.amazon.ecommerce.accounts.controller.AccountController.create(com.jpa.amazon.ecommerce.accounts.domain.Account)

Async:
    Async started = false
     Async result = null

Resolved Exception:
             Type = null

ModelAndView:
        View name = null
             View = null
            Model = null

FlashMap:
       Attributes = null

MockHttpServletResponse:
           Status = 201
    Error message = null
          Headers = {}
     Content type = null
             Body = 
    Forwarded URL = null
   Redirected URL = null
          Cookies = []
2018-08-08 11:29:05.517  INFO 47970 --- [    Test worker] s.w.s.m.m.a.RequestMappingHandlerMapping : Mapped "{[/accounts/{id}],methods=[PUT]}" onto public com.jpa.amazon.ecommerce.accounts.domain.Account com.jpa.amazon.ecommerce.accounts.controller.AccountController.update(java.lang.Long,com.jpa.amazon.ecommerce.accounts.domain.Account)
2018-08-08 11:29:05.518  INFO 47970 --- [    Test worker] s.w.s.m.m.a.RequestMappingHandlerMapping : Mapped "{[/accounts/{id}],methods=[DELETE]}" onto public void com.jpa.amazon.ecommerce.accounts.controller.AccountController.delete(java.lang.Long)
2018-08-08 11:29:05.518  INFO 47970 --- [    Test worker] s.w.s.m.m.a.RequestMappingHandlerMapping : Mapped "{[/accounts],methods=[POST]}" onto public com.jpa.amazon.ecommerce.accounts.domain.Account com.jpa.amazon.ecommerce.accounts.controller.AccountController.create(com.jpa.amazon.ecommerce.accounts.domain.Account)
2018-08-08 11:29:05.519  INFO 47970 --- [    Test worker] s.w.s.m.m.a.RequestMappingHandlerMapping : Mapped "{[/accounts],methods=[GET]}" onto public java.lang.Iterable<com.jpa.amazon.ecommerce.accounts.domain.Account> com.jpa.amazon.ecommerce.accounts.controller.AccountController.getAll()
2018-08-08 11:29:05.519  INFO 47970 --- [    Test worker] s.w.s.m.m.a.RequestMappingHandlerMapping : Mapped "{[/accounts/{id}],methods=[GET]}" onto public com.jpa.amazon.ecommerce.accounts.domain.Account com.jpa.amazon.ecommerce.accounts.controller.AccountController.getById(java.lang.Long)
2018-08-08 11:29:05.531  INFO 47970 --- [    Test worker] s.w.s.m.m.a.RequestMappingHandlerAdapter : Looking for @ControllerAdvice: org.springframework.test.web.servlet.setup.StubWebApplicationContext@79580433
2018-08-08 11:29:05.533  INFO 47970 --- [    Test worker] o.s.mock.web.MockServletContext          : Initializing Spring FrameworkServlet ''
2018-08-08 11:29:05.533  INFO 47970 --- [    Test worker] o.s.t.web.servlet.TestDispatcherServlet  : FrameworkServlet '': initialization started
2018-08-08 11:29:05.533  INFO 47970 --- [    Test worker] o.s.t.web.servlet.TestDispatcherServlet  : FrameworkServlet '': initialization completed in 0 ms

MockHttpServletRequest:
      HTTP Method = PUT
      Request URI = /accounts/2
       Parameters = {}
          Headers = {Content-Type=[application/json]}
             Body = <no character encoding set>
    Session Attrs = {}

Handler:
             Type = com.jpa.amazon.ecommerce.accounts.controller.AccountController
           Method = public com.jpa.amazon.ecommerce.accounts.domain.Account com.jpa.amazon.ecommerce.accounts.controller.AccountController.update(java.lang.Long,com.jpa.amazon.ecommerce.accounts.domain.Account)

Async:
    Async started = false
     Async result = null

Resolved Exception:
             Type = null

ModelAndView:
        View name = null
             View = null
            Model = null

FlashMap:
       Attributes = null

MockHttpServletResponse:
           Status = 200
    Error message = null
          Headers = {}
     Content type = null
             Body = 
    Forwarded URL = null
   Redirected URL = null
          Cookies = []
2018-08-08 11:29:05.568  INFO 47970 --- [    Test worker] s.w.s.m.m.a.RequestMappingHandlerMapping : Mapped "{[/accounts/{id}],methods=[PUT]}" onto public com.jpa.amazon.ecommerce.accounts.domain.Account com.jpa.amazon.ecommerce.accounts.controller.AccountController.update(java.lang.Long,com.jpa.amazon.ecommerce.accounts.domain.Account)
2018-08-08 11:29:05.569  INFO 47970 --- [    Test worker] s.w.s.m.m.a.RequestMappingHandlerMapping : Mapped "{[/accounts/{id}],methods=[DELETE]}" onto public void com.jpa.amazon.ecommerce.accounts.controller.AccountController.delete(java.lang.Long)
2018-08-08 11:29:05.569  INFO 47970 --- [    Test worker] s.w.s.m.m.a.RequestMappingHandlerMapping : Mapped "{[/accounts],methods=[POST]}" onto public com.jpa.amazon.ecommerce.accounts.domain.Account com.jpa.amazon.ecommerce.accounts.controller.AccountController.create(com.jpa.amazon.ecommerce.accounts.domain.Account)
2018-08-08 11:29:05.569  INFO 47970 --- [    Test worker] s.w.s.m.m.a.RequestMappingHandlerMapping : Mapped "{[/accounts],methods=[GET]}" onto public java.lang.Iterable<com.jpa.amazon.ecommerce.accounts.domain.Account> com.jpa.amazon.ecommerce.accounts.controller.AccountController.getAll()
2018-08-08 11:29:05.569  INFO 47970 --- [    Test worker] s.w.s.m.m.a.RequestMappingHandlerMapping : Mapped "{[/accounts/{id}],methods=[GET]}" onto public com.jpa.amazon.ecommerce.accounts.domain.Account com.jpa.amazon.ecommerce.accounts.controller.AccountController.getById(java.lang.Long)
2018-08-08 11:29:05.577  INFO 47970 --- [    Test worker] s.w.s.m.m.a.RequestMappingHandlerAdapter : Looking for @ControllerAdvice: org.springframework.test.web.servlet.setup.StubWebApplicationContext@1474fdfd
2018-08-08 11:29:05.579  INFO 47970 --- [    Test worker] o.s.mock.web.MockServletContext          : Initializing Spring FrameworkServlet ''
2018-08-08 11:29:05.580  INFO 47970 --- [    Test worker] o.s.t.web.servlet.TestDispatcherServlet  : FrameworkServlet '': initialization started
2018-08-08 11:29:05.580  INFO 47970 --- [    Test worker] o.s.t.web.servlet.TestDispatcherServlet  : FrameworkServlet '': initialization completed in 0 ms

MockHttpServletRequest:
      HTTP Method = GET
      Request URI = /accounts
       Parameters = {}
          Headers = {}
             Body = <no character encoding set>
    Session Attrs = {}

Handler:
             Type = com.jpa.amazon.ecommerce.accounts.controller.AccountController
           Method = public java.lang.Iterable<com.jpa.amazon.ecommerce.accounts.domain.Account> com.jpa.amazon.ecommerce.accounts.controller.AccountController.getAll()

Async:
    Async started = false
     Async result = null

Resolved Exception:
             Type = null

ModelAndView:
        View name = null
             View = null
            Model = null

FlashMap:
       Attributes = null

MockHttpServletResponse:
           Status = 200
    Error message = null
          Headers = {Content-Type=[application/json;charset=UTF-8]}
     Content type = application/json;charset=UTF-8
             Body = []
    Forwarded URL = null
   Redirected URL = null
          Cookies = []
2018-08-08 11:29:05.597  INFO 47970 --- [    Test worker] s.w.s.m.m.a.RequestMappingHandlerMapping : Mapped "{[/accounts/{id}],methods=[PUT]}" onto public com.jpa.amazon.ecommerce.accounts.domain.Account com.jpa.amazon.ecommerce.accounts.controller.AccountController.update(java.lang.Long,com.jpa.amazon.ecommerce.accounts.domain.Account)
2018-08-08 11:29:05.598  INFO 47970 --- [    Test worker] s.w.s.m.m.a.RequestMappingHandlerMapping : Mapped "{[/accounts/{id}],methods=[DELETE]}" onto public void com.jpa.amazon.ecommerce.accounts.controller.AccountController.delete(java.lang.Long)
2018-08-08 11:29:05.598  INFO 47970 --- [    Test worker] s.w.s.m.m.a.RequestMappingHandlerMapping : Mapped "{[/accounts],methods=[POST]}" onto public com.jpa.amazon.ecommerce.accounts.domain.Account com.jpa.amazon.ecommerce.accounts.controller.AccountController.create(com.jpa.amazon.ecommerce.accounts.domain.Account)
2018-08-08 11:29:05.598  INFO 47970 --- [    Test worker] s.w.s.m.m.a.RequestMappingHandlerMapping : Mapped "{[/accounts],methods=[GET]}" onto public java.lang.Iterable<com.jpa.amazon.ecommerce.accounts.domain.Account> com.jpa.amazon.ecommerce.accounts.controller.AccountController.getAll()
2018-08-08 11:29:05.599  INFO 47970 --- [    Test worker] s.w.s.m.m.a.RequestMappingHandlerMapping : Mapped "{[/accounts/{id}],methods=[GET]}" onto public com.jpa.amazon.ecommerce.accounts.domain.Account com.jpa.amazon.ecommerce.accounts.controller.AccountController.getById(java.lang.Long)
2018-08-08 11:29:05.605  INFO 47970 --- [    Test worker] s.w.s.m.m.a.RequestMappingHandlerAdapter : Looking for @ControllerAdvice: org.springframework.test.web.servlet.setup.StubWebApplicationContext@1c3c72f8
2018-08-08 11:29:05.607  INFO 47970 --- [    Test worker] o.s.mock.web.MockServletContext          : Initializing Spring FrameworkServlet ''
2018-08-08 11:29:05.607  INFO 47970 --- [    Test worker] o.s.t.web.servlet.TestDispatcherServlet  : FrameworkServlet '': initialization started
2018-08-08 11:29:05.608  INFO 47970 --- [    Test worker] o.s.t.web.servlet.TestDispatcherServlet  : FrameworkServlet '': initialization completed in 1 ms
2018-08-08 11:29:05.614  INFO 47970 --- [    Test worker] s.w.s.m.m.a.RequestMappingHandlerMapping : Mapped "{[/accounts/{id}],methods=[PUT]}" onto public com.jpa.amazon.ecommerce.accounts.domain.Account com.jpa.amazon.ecommerce.accounts.controller.AccountController.update(java.lang.Long,com.jpa.amazon.ecommerce.accounts.domain.Account)
2018-08-08 11:29:05.614  INFO 47970 --- [    Test worker] s.w.s.m.m.a.RequestMappingHandlerMapping : Mapped "{[/accounts/{id}],methods=[DELETE]}" onto public void com.jpa.amazon.ecommerce.accounts.controller.AccountController.delete(java.lang.Long)
2018-08-08 11:29:05.615  INFO 47970 --- [    Test worker] s.w.s.m.m.a.RequestMappingHandlerMapping : Mapped "{[/accounts],methods=[POST]}" onto public com.jpa.amazon.ecommerce.accounts.domain.Account com.jpa.amazon.ecommerce.accounts.controller.AccountController.create(com.jpa.amazon.ecommerce.accounts.domain.Account)
2018-08-08 11:29:05.615  INFO 47970 --- [    Test worker] s.w.s.m.m.a.RequestMappingHandlerMapping : Mapped "{[/accounts],methods=[GET]}" onto public java.lang.Iterable<com.jpa.amazon.ecommerce.accounts.domain.Account> com.jpa.amazon.ecommerce.accounts.controller.AccountController.getAll()
2018-08-08 11:29:05.615  INFO 47970 --- [    Test worker] s.w.s.m.m.a.RequestMappingHandlerMapping : Mapped "{[/accounts/{id}],methods=[GET]}" onto public com.jpa.amazon.ecommerce.accounts.domain.Account com.jpa.amazon.ecommerce.accounts.controller.AccountController.getById(java.lang.Long)
2018-08-08 11:29:05.622  INFO 47970 --- [    Test worker] s.w.s.m.m.a.RequestMappingHandlerAdapter : Looking for @ControllerAdvice: org.springframework.test.web.servlet.setup.StubWebApplicationContext@7f0d4c5f
2018-08-08 11:29:05.624  INFO 47970 --- [    Test worker] o.s.mock.web.MockServletContext          : Initializing Spring FrameworkServlet ''
2018-08-08 11:29:05.625  INFO 47970 --- [    Test worker] o.s.t.web.servlet.TestDispatcherServlet  : FrameworkServlet '': initialization started
2018-08-08 11:29:05.625  INFO 47970 --- [    Test worker] o.s.t.web.servlet.TestDispatcherServlet  : FrameworkServlet '': initialization completed in 0 ms
]]></system-out>
  <system-err><![CDATA[]]></system-err>
</testsuite>
