<?xml version="1.0" encoding="UTF-8"?>
<testsuite name="com.jpa.amazon.ecommerce.accounts.service.AccountServiceTest" tests="5" skipped="0" failures="0" errors="0" timestamp="2018-08-02T13:47:11" hostname="Rohan-Grovers-MacBook-Pro.local" time="0.009">
  <properties/>
  <testcase name="testCreateAccount" classname="com.jpa.amazon.ecommerce.accounts.service.AccountServiceTest" time="0.002"/>
  <testcase name="testGetAccountById" classname="com.jpa.amazon.ecommerce.accounts.service.AccountServiceTest" time="0.001"/>
  <testcase name="testUpdateAccount" classname="com.jpa.amazon.ecommerce.accounts.service.AccountServiceTest" time="0.001"/>
  <testcase name="testGetAccounts" classname="com.jpa.amazon.ecommerce.accounts.service.AccountServiceTest" time="0.001"/>
  <testcase name="testDeleteAccount" classname="com.jpa.amazon.ecommerce.accounts.service.AccountServiceTest" time="0.002"/>
  <system-out><![CDATA[2018-08-02 08:47:11.171  INFO 81878 --- [    Test worker] o.s.t.c.s.DefaultTestContextBootstrapper : Neither @ContextConfiguration nor @ContextHierarchy found for test class [com.jpa.amazon.ecommerce.accounts.service.AccountServiceTest], using DelegatingSmartContextLoader
2018-08-02 08:47:11.172  INFO 81878 --- [    Test worker] o.s.t.c.support.AbstractContextLoader    : Could not detect default resource locations for test class [com.jpa.amazon.ecommerce.accounts.service.AccountServiceTest]: no resource found for suffixes {-context.xml}.
2018-08-02 08:47:11.172  INFO 81878 --- [    Test worker] t.c.s.AnnotationConfigContextLoaderUtils : Could not detect default configuration classes for test class [com.jpa.amazon.ecommerce.accounts.service.AccountServiceTest]: AccountServiceTest does not declare any static, non-private, non-final, nested classes annotated with @Configuration.
2018-08-02 08:47:11.173  INFO 81878 --- [    Test worker] o.s.t.c.s.DefaultTestContextBootstrapper : Loaded default TestExecutionListener class names from location [META-INF/spring.factories]: [org.springframework.boot.test.autoconfigure.restdocs.RestDocsTestExecutionListener, org.springframework.boot.test.autoconfigure.web.client.MockRestServiceServerResetTestExecutionListener, org.springframework.boot.test.autoconfigure.web.servlet.MockMvcPrintOnlyOnFailureTestExecutionListener, org.springframework.boot.test.autoconfigure.web.servlet.WebDriverTestExecutionListener, org.springframework.boot.test.mock.mockito.MockitoTestExecutionListener, org.springframework.boot.test.mock.mockito.ResetMocksTestExecutionListener, org.springframework.test.context.web.ServletTestExecutionListener, org.springframework.test.context.support.DirtiesContextBeforeModesTestExecutionListener, org.springframework.test.context.support.DependencyInjectionTestExecutionListener, org.springframework.test.context.support.DirtiesContextTestExecutionListener, org.springframework.test.context.transaction.TransactionalTestExecutionListener, org.springframework.test.context.jdbc.SqlScriptsTestExecutionListener]
2018-08-02 08:47:11.173  INFO 81878 --- [    Test worker] o.s.t.c.s.DefaultTestContextBootstrapper : Using TestExecutionListeners: [org.springframework.test.context.web.ServletTestExecutionListener@3a5ef21, org.springframework.test.context.support.DirtiesContextBeforeModesTestExecutionListener@35712c36, org.springframework.boot.test.mock.mockito.MockitoTestExecutionListener@f332057, org.springframework.test.context.support.DependencyInjectionTestExecutionListener@1bb1b46c, org.springframework.test.context.support.DirtiesContextTestExecutionListener@37c19cdc, org.springframework.test.context.transaction.TransactionalTestExecutionListener@b6d168e, org.springframework.test.context.jdbc.SqlScriptsTestExecutionListener@1d4aae2c, org.springframework.boot.test.autoconfigure.restdocs.RestDocsTestExecutionListener@b4e7b3d, org.springframework.boot.test.autoconfigure.web.client.MockRestServiceServerResetTestExecutionListener@305231f4, org.springframework.boot.test.autoconfigure.web.servlet.MockMvcPrintOnlyOnFailureTestExecutionListener@53689816, org.springframework.boot.test.autoconfigure.web.servlet.WebDriverTestExecutionListener@1b9b6799, org.springframework.boot.test.mock.mockito.ResetMocksTestExecutionListener@63f47044]
]]></system-out>
  <system-err><![CDATA[]]></system-err>
</testsuite>
