<?xml version="1.0" encoding="UTF-8"?>
<testsuite name="com.jpa.amazon.ecommerce.shipments.service.ShipmentServiceTest" tests="6" skipped="0" failures="0" errors="0" timestamp="2018-08-02T03:14:57" hostname="Rohan-Grovers-MacBook-Pro.local" time="0.016">
  <properties/>
  <testcase name="testGetShipments" classname="com.jpa.amazon.ecommerce.shipments.service.ShipmentServiceTest" time="0.002"/>
  <testcase name="testUpdateShipment" classname="com.jpa.amazon.ecommerce.shipments.service.ShipmentServiceTest" time="0.006"/>
  <testcase name="testCreateShipment" classname="com.jpa.amazon.ecommerce.shipments.service.ShipmentServiceTest" time="0.002"/>
  <testcase name="testDeleteShipment" classname="com.jpa.amazon.ecommerce.shipments.service.ShipmentServiceTest" time="0.002"/>
  <testcase name="testGetShipmentById" classname="com.jpa.amazon.ecommerce.shipments.service.ShipmentServiceTest" time="0.002"/>
  <testcase name="testAllOrdersForAccount" classname="com.jpa.amazon.ecommerce.shipments.service.ShipmentServiceTest" time="0.002"/>
  <system-out><![CDATA[2018-08-01 22:14:57.784  INFO 70477 --- [    Test worker] o.s.t.c.s.DefaultTestContextBootstrapper : Neither @ContextConfiguration nor @ContextHierarchy found for test class [com.jpa.amazon.ecommerce.shipments.service.ShipmentServiceTest], using DelegatingSmartContextLoader
2018-08-01 22:14:57.784  INFO 70477 --- [    Test worker] o.s.t.c.support.AbstractContextLoader    : Could not detect default resource locations for test class [com.jpa.amazon.ecommerce.shipments.service.ShipmentServiceTest]: no resource found for suffixes {-context.xml}.
2018-08-01 22:14:57.785  INFO 70477 --- [    Test worker] t.c.s.AnnotationConfigContextLoaderUtils : Could not detect default configuration classes for test class [com.jpa.amazon.ecommerce.shipments.service.ShipmentServiceTest]: ShipmentServiceTest does not declare any static, non-private, non-final, nested classes annotated with @Configuration.
2018-08-01 22:14:57.786  INFO 70477 --- [    Test worker] o.s.t.c.s.DefaultTestContextBootstrapper : Loaded default TestExecutionListener class names from location [META-INF/spring.factories]: [org.springframework.boot.test.autoconfigure.restdocs.RestDocsTestExecutionListener, org.springframework.boot.test.autoconfigure.web.client.MockRestServiceServerResetTestExecutionListener, org.springframework.boot.test.autoconfigure.web.servlet.MockMvcPrintOnlyOnFailureTestExecutionListener, org.springframework.boot.test.autoconfigure.web.servlet.WebDriverTestExecutionListener, org.springframework.boot.test.mock.mockito.MockitoTestExecutionListener, org.springframework.boot.test.mock.mockito.ResetMocksTestExecutionListener, org.springframework.test.context.web.ServletTestExecutionListener, org.springframework.test.context.support.DirtiesContextBeforeModesTestExecutionListener, org.springframework.test.context.support.DependencyInjectionTestExecutionListener, org.springframework.test.context.support.DirtiesContextTestExecutionListener, org.springframework.test.context.transaction.TransactionalTestExecutionListener, org.springframework.test.context.jdbc.SqlScriptsTestExecutionListener]
2018-08-01 22:14:57.786  INFO 70477 --- [    Test worker] o.s.t.c.s.DefaultTestContextBootstrapper : Using TestExecutionListeners: [org.springframework.test.context.web.ServletTestExecutionListener@72acae5a, org.springframework.test.context.support.DirtiesContextBeforeModesTestExecutionListener@6f09b481, org.springframework.boot.test.mock.mockito.MockitoTestExecutionListener@52f6b558, org.springframework.test.context.support.DependencyInjectionTestExecutionListener@c04158e, org.springframework.test.context.support.DirtiesContextTestExecutionListener@1bcdb42a, org.springframework.test.context.transaction.TransactionalTestExecutionListener@3942a66e, org.springframework.test.context.jdbc.SqlScriptsTestExecutionListener@5ef9886b, org.springframework.boot.test.autoconfigure.restdocs.RestDocsTestExecutionListener@727d5e5f, org.springframework.boot.test.autoconfigure.web.client.MockRestServiceServerResetTestExecutionListener@467c8de, org.springframework.boot.test.autoconfigure.web.servlet.MockMvcPrintOnlyOnFailureTestExecutionListener@283a7fea, org.springframework.boot.test.autoconfigure.web.servlet.WebDriverTestExecutionListener@3a920056, org.springframework.boot.test.mock.mockito.ResetMocksTestExecutionListener@22053efd]
2018-08-01 22:14:57.834  INFO 70477 --- [    Test worker] o.s.c.support.GenericApplicationContext  : Refreshing org.springframework.context.support.GenericApplicationContext@50ccd5f8: startup date [Wed Aug 01 22:14:57 CDT 2018]; root of context hierarchy
2018-08-01 22:14:57.838  INFO 70477 --- [    Test worker] f.a.AutowiredAnnotationBeanPostProcessor : JSR-330 'javax.inject.Inject' annotation found and supported for autowiring
]]></system-out>
  <system-err><![CDATA[]]></system-err>
</testsuite>
