<?xml version="1.0" encoding="UTF-8"?>
<testsuite name="com.jpa.amazon.ecommerce.shipments.controller.ShipmentControllerTest" tests="5" skipped="0" failures="1" errors="0" timestamp="2018-08-01T19:11:11" hostname="Rohan-Grovers-MacBook-Pro.local" time="0.267">
  <properties/>
  <testcase name="testUpdateShipment" classname="com.jpa.amazon.ecommerce.shipments.controller.ShipmentControllerTest" time="0.174"/>
  <testcase name="testCreateShipment" classname="com.jpa.amazon.ecommerce.shipments.controller.ShipmentControllerTest" time="0.022"/>
  <testcase name="testGetAllShipments" classname="com.jpa.amazon.ecommerce.shipments.controller.ShipmentControllerTest" time="0.025">
    <failure message="java.lang.AssertionError: Status expected:&lt;200&gt; but was:&lt;400&gt;" type="java.lang.AssertionError">java.lang.AssertionError: Status expected:&lt;200&gt; but was:&lt;400&gt;
	at org.springframework.test.util.AssertionErrors.fail(AssertionErrors.java:55)
	at org.springframework.test.util.AssertionErrors.assertEquals(AssertionErrors.java:82)
	at org.springframework.test.web.servlet.result.StatusResultMatchers.lambda$matcher$9(StatusResultMatchers.java:619)
	at org.springframework.test.web.servlet.MockMvc$1.andExpect(MockMvc.java:178)
	at com.jpa.amazon.ecommerce.shipments.controller.ShipmentControllerTest.testGetAllShipments(ShipmentControllerTest.java:48)
	at sun.reflect.NativeMethodAccessorImpl.invoke0(Native Method)
	at sun.reflect.NativeMethodAccessorImpl.invoke(NativeMethodAccessorImpl.java:62)
	at sun.reflect.DelegatingMethodAccessorImpl.invoke(DelegatingMethodAccessorImpl.java:43)
	at java.lang.reflect.Method.invoke(Method.java:498)
	at org.junit.runners.model.FrameworkMethod$1.runReflectiveCall(FrameworkMethod.java:50)
	at org.junit.internal.runners.model.ReflectiveCallable.run(ReflectiveCallable.java:12)
	at org.junit.runners.model.FrameworkMethod.invokeExplosively(FrameworkMethod.java:47)
	at org.junit.internal.runners.statements.InvokeMethod.evaluate(InvokeMethod.java:17)
	at org.springframework.test.context.junit4.statements.RunBeforeTestExecutionCallbacks.evaluate(RunBeforeTestExecutionCallbacks.java:73)
	at org.springframework.test.context.junit4.statements.RunAfterTestExecutionCallbacks.evaluate(RunAfterTestExecutionCallbacks.java:83)
	at org.junit.internal.runners.statements.RunBefores.evaluate(RunBefores.java:26)
	at org.springframework.test.context.junit4.statements.RunBeforeTestMethodCallbacks.evaluate(RunBeforeTestMethodCallbacks.java:75)
	at org.springframework.test.context.junit4.statements.RunAfterTestMethodCallbacks.evaluate(RunAfterTestMethodCallbacks.java:86)
	at org.springframework.test.context.junit4.statements.SpringRepeat.evaluate(SpringRepeat.java:84)
	at org.junit.runners.ParentRunner.runLeaf(ParentRunner.java:325)
	at org.springframework.test.context.junit4.SpringJUnit4ClassRunner.runChild(SpringJUnit4ClassRunner.java:251)
	at org.springframework.test.context.junit4.SpringJUnit4ClassRunner.runChild(SpringJUnit4ClassRunner.java:97)
	at org.junit.runners.ParentRunner$3.run(ParentRunner.java:290)
	at org.junit.runners.ParentRunner$1.schedule(ParentRunner.java:71)
	at org.junit.runners.ParentRunner.runChildren(ParentRunner.java:288)
	at org.junit.runners.ParentRunner.access$000(ParentRunner.java:58)
	at org.junit.runners.ParentRunner$2.evaluate(ParentRunner.java:268)
	at org.springframework.test.context.junit4.statements.RunBeforeTestClassCallbacks.evaluate(RunBeforeTestClassCallbacks.java:61)
	at org.springframework.test.context.junit4.statements.RunAfterTestClassCallbacks.evaluate(RunAfterTestClassCallbacks.java:70)
	at org.junit.runners.ParentRunner.run(ParentRunner.java:363)
	at org.springframework.test.context.junit4.SpringJUnit4ClassRunner.run(SpringJUnit4ClassRunner.java:190)
	at org.gradle.api.internal.tasks.testing.junit.JUnitTestClassExecuter.runTestClass(JUnitTestClassExecuter.java:114)
	at org.gradle.api.internal.tasks.testing.junit.JUnitTestClassExecuter.execute(JUnitTestClassExecuter.java:57)
	at org.gradle.api.internal.tasks.testing.junit.JUnitTestClassProcessor.processTestClass(JUnitTestClassProcessor.java:66)
	at org.gradle.api.internal.tasks.testing.SuiteTestClassProcessor.processTestClass(SuiteTestClassProcessor.java:51)
	at sun.reflect.NativeMethodAccessorImpl.invoke0(Native Method)
	at sun.reflect.NativeMethodAccessorImpl.invoke(NativeMethodAccessorImpl.java:62)
	at sun.reflect.DelegatingMethodAccessorImpl.invoke(DelegatingMethodAccessorImpl.java:43)
	at java.lang.reflect.Method.invoke(Method.java:498)
	at org.gradle.internal.dispatch.ReflectionDispatch.dispatch(ReflectionDispatch.java:35)
	at org.gradle.internal.dispatch.ReflectionDispatch.dispatch(ReflectionDispatch.java:24)
	at org.gradle.internal.dispatch.ContextClassLoaderDispatch.dispatch(ContextClassLoaderDispatch.java:32)
	at org.gradle.internal.dispatch.ProxyDispatchAdapter$DispatchingInvocationHandler.invoke(ProxyDispatchAdapter.java:93)
	at com.sun.proxy.$Proxy1.processTestClass(Unknown Source)
	at org.gradle.api.internal.tasks.testing.worker.TestWorker.processTestClass(TestWorker.java:108)
	at sun.reflect.NativeMethodAccessorImpl.invoke0(Native Method)
	at sun.reflect.NativeMethodAccessorImpl.invoke(NativeMethodAccessorImpl.java:62)
	at sun.reflect.DelegatingMethodAccessorImpl.invoke(DelegatingMethodAccessorImpl.java:43)
	at java.lang.reflect.Method.invoke(Method.java:498)
	at org.gradle.internal.dispatch.ReflectionDispatch.dispatch(ReflectionDispatch.java:35)
	at org.gradle.internal.dispatch.ReflectionDispatch.dispatch(ReflectionDispatch.java:24)
	at org.gradle.internal.remote.internal.hub.MessageHubBackedObjectConnection$DispatchWrapper.dispatch(MessageHubBackedObjectConnection.java:146)
	at org.gradle.internal.remote.internal.hub.MessageHubBackedObjectConnection$DispatchWrapper.dispatch(MessageHubBackedObjectConnection.java:128)
	at org.gradle.internal.remote.internal.hub.MessageHub$Handler.run(MessageHub.java:404)
	at org.gradle.internal.concurrent.ExecutorPolicy$CatchAndRecordFailures.onExecute(ExecutorPolicy.java:63)
	at org.gradle.internal.concurrent.ManagedExecutorImpl$1.run(ManagedExecutorImpl.java:46)
	at java.util.concurrent.ThreadPoolExecutor.runWorker(ThreadPoolExecutor.java:1149)
	at java.util.concurrent.ThreadPoolExecutor$Worker.run(ThreadPoolExecutor.java:624)
	at org.gradle.internal.concurrent.ThreadFactoryImpl$ManagedThreadRunnable.run(ThreadFactoryImpl.java:55)
	at java.lang.Thread.run(Thread.java:748)
</failure>
  </testcase>
  <testcase name="testDeleteShipment" classname="com.jpa.amazon.ecommerce.shipments.controller.ShipmentControllerTest" time="0.016"/>
  <testcase name="testGetShipmentById" classname="com.jpa.amazon.ecommerce.shipments.controller.ShipmentControllerTest" time="0.027"/>
  <system-out><![CDATA[2018-08-01 14:11:10.004  INFO 33013 --- [    Test worker] o.s.t.c.support.AbstractContextLoader    : Could not detect default resource locations for test class [com.jpa.amazon.ecommerce.shipments.controller.ShipmentControllerTest]: no resource found for suffixes {-context.xml, Context.groovy}.
2018-08-01 14:11:10.021  INFO 33013 --- [    Test worker] .b.t.a.w.s.WebMvcTestContextBootstrapper : Loaded default TestExecutionListener class names from location [META-INF/spring.factories]: [org.springframework.boot.test.autoconfigure.restdocs.RestDocsTestExecutionListener, org.springframework.boot.test.autoconfigure.web.client.MockRestServiceServerResetTestExecutionListener, org.springframework.boot.test.autoconfigure.web.servlet.MockMvcPrintOnlyOnFailureTestExecutionListener, org.springframework.boot.test.autoconfigure.web.servlet.WebDriverTestExecutionListener, org.springframework.boot.test.mock.mockito.MockitoTestExecutionListener, org.springframework.boot.test.mock.mockito.ResetMocksTestExecutionListener, org.springframework.test.context.web.ServletTestExecutionListener, org.springframework.test.context.support.DirtiesContextBeforeModesTestExecutionListener, org.springframework.test.context.support.DependencyInjectionTestExecutionListener, org.springframework.test.context.support.DirtiesContextTestExecutionListener, org.springframework.test.context.transaction.TransactionalTestExecutionListener, org.springframework.test.context.jdbc.SqlScriptsTestExecutionListener]
2018-08-01 14:11:10.021  INFO 33013 --- [    Test worker] .b.t.a.w.s.WebMvcTestContextBootstrapper : Using TestExecutionListeners: [org.springframework.test.context.web.ServletTestExecutionListener@ea1fc4b, org.springframework.test.context.support.DirtiesContextBeforeModesTestExecutionListener@125fed42, org.springframework.boot.test.mock.mockito.MockitoTestExecutionListener@1b25ae57, org.springframework.boot.test.autoconfigure.SpringBootDependencyInjectionTestExecutionListener@6d59739e, org.springframework.test.context.support.DirtiesContextTestExecutionListener@6c9b99da, org.springframework.test.context.transaction.TransactionalTestExecutionListener@1434cf6, org.springframework.test.context.jdbc.SqlScriptsTestExecutionListener@37220d9f, org.springframework.boot.test.autoconfigure.restdocs.RestDocsTestExecutionListener@11414d66, org.springframework.boot.test.autoconfigure.web.client.MockRestServiceServerResetTestExecutionListener@212443dd, org.springframework.boot.test.autoconfigure.web.servlet.MockMvcPrintOnlyOnFailureTestExecutionListener@3a1b8ff3, org.springframework.boot.test.autoconfigure.web.servlet.WebDriverTestExecutionListener@1d7223da, org.springframework.boot.test.mock.mockito.ResetMocksTestExecutionListener@6c3676f]
2018-08-01 14:11:10.471  INFO 33013 --- [    Test worker] s.c.a.AnnotationConfigApplicationContext : Refreshing org.springframework.context.annotation.AnnotationConfigApplicationContext@4ae6823e: startup date [Wed Aug 01 14:11:10 CDT 2018]; root of context hierarchy
2018-08-01 14:11:10.488  INFO 33013 --- [    Test worker] f.a.AutowiredAnnotationBeanPostProcessor : JSR-330 'javax.inject.Inject' annotation found and supported for autowiring
2018-08-01 14:11:10.507  INFO 33013 --- [    Test worker] trationDelegate$BeanPostProcessorChecker : Bean 'configurationPropertiesRebinderAutoConfiguration' of type [org.springframework.cloud.autoconfigure.ConfigurationPropertiesRebinderAutoConfiguration$$EnhancerBySpringCGLIB$$390957d4] is not eligible for getting processed by all BeanPostProcessors (for example: not eligible for auto-proxying)

  .   ____          _            __ _ _
 /\\ / ___'_ __ _ _(_)_ __  __ _ \ \ \ \
( ( )\___ | '_ | '_| | '_ \/ _` | \ \ \ \
 \\/  ___)| |_)| | | | | || (_| |  ) ) ) )
  '  |____| .__|_| |_|_| |_\__, | / / / /
 =========|_|==============|___/=/_/_/_/
 :: Spring Boot ::        (v2.0.3.RELEASE)

2018-08-01 14:11:10.567  INFO 33013 --- [    Test worker] c.j.a.e.s.c.ShipmentControllerTest       : No active profile set, falling back to default profiles: default
2018-08-01 14:11:10.570  INFO 33013 --- [    Test worker] o.s.w.c.s.GenericWebApplicationContext   : Refreshing org.springframework.web.context.support.GenericWebApplicationContext@43b9e33: startup date [Wed Aug 01 14:11:10 CDT 2018]; parent: org.springframework.context.annotation.AnnotationConfigApplicationContext@4ae6823e
2018-08-01 14:11:10.685  INFO 33013 --- [    Test worker] f.a.AutowiredAnnotationBeanPostProcessor : JSR-330 'javax.inject.Inject' annotation found and supported for autowiring
2018-08-01 14:11:10.866  INFO 33013 --- [    Test worker] o.s.w.s.handler.SimpleUrlHandlerMapping  : Mapped URL path [/**/favicon.ico] onto handler of type [class org.springframework.web.servlet.resource.ResourceHttpRequestHandler]
2018-08-01 14:11:10.936  INFO 33013 --- [    Test worker] s.w.s.m.m.a.RequestMappingHandlerAdapter : Looking for @ControllerAdvice: org.springframework.web.context.support.GenericWebApplicationContext@43b9e33: startup date [Wed Aug 01 14:11:10 CDT 2018]; parent: org.springframework.context.annotation.AnnotationConfigApplicationContext@4ae6823e
2018-08-01 14:11:10.950  INFO 33013 --- [    Test worker] s.w.s.m.m.a.RequestMappingHandlerMapping : Mapped "{[/error]}" onto public org.springframework.http.ResponseEntity<java.util.Map<java.lang.String, java.lang.Object>> org.springframework.boot.autoconfigure.web.servlet.error.BasicErrorController.error(javax.servlet.http.HttpServletRequest)
2018-08-01 14:11:10.950  INFO 33013 --- [    Test worker] s.w.s.m.m.a.RequestMappingHandlerMapping : Mapped "{[/error],produces=[text/html]}" onto public org.springframework.web.servlet.ModelAndView org.springframework.boot.autoconfigure.web.servlet.error.BasicErrorController.errorHtml(javax.servlet.http.HttpServletRequest,javax.servlet.http.HttpServletResponse)
2018-08-01 14:11:10.966  INFO 33013 --- [    Test worker] o.s.w.s.handler.SimpleUrlHandlerMapping  : Mapped URL path [/webjars/**] onto handler of type [class org.springframework.web.servlet.resource.ResourceHttpRequestHandler]
2018-08-01 14:11:10.966  INFO 33013 --- [    Test worker] o.s.w.s.handler.SimpleUrlHandlerMapping  : Mapped URL path [/**] onto handler of type [class org.springframework.web.servlet.resource.ResourceHttpRequestHandler]
2018-08-01 14:11:10.997  WARN 33013 --- [    Test worker] ion$DefaultTemplateResolverConfiguration : Cannot find template location: classpath:/templates/ (please add some templates or check your Thymeleaf configuration)
2018-08-01 14:11:11.104  INFO 33013 --- [    Test worker] .s.s.UserDetailsServiceAutoConfiguration : 

Using generated security password: 0f6949ca-288b-47ac-ade7-b985e913fb0b

2018-08-01 14:11:11.156  INFO 33013 --- [    Test worker] o.s.s.web.DefaultSecurityFilterChain     : Creating filter chain: org.springframework.security.web.util.matcher.AnyRequestMatcher@1, [org.springframework.security.web.context.request.async.WebAsyncManagerIntegrationFilter@11b61fc4, org.springframework.security.web.context.SecurityContextPersistenceFilter@222cd0af, org.springframework.security.web.header.HeaderWriterFilter@52d3f091, org.springframework.security.web.authentication.logout.LogoutFilter@653c8f69, org.springframework.security.web.savedrequest.RequestCacheAwareFilter@32a8b65d, org.springframework.security.web.servletapi.SecurityContextHolderAwareRequestFilter@7f329fe1, org.springframework.security.web.authentication.AnonymousAuthenticationFilter@21ad74c0, org.springframework.security.web.session.SessionManagementFilter@678fb375, org.springframework.security.web.access.ExceptionTranslationFilter@762eed1, org.springframework.security.web.access.intercept.FilterSecurityInterceptor@3cdc054c]
2018-08-01 14:11:11.174  INFO 33013 --- [    Test worker] o.s.b.t.m.w.SpringBootMockServletContext : Initializing Spring FrameworkServlet ''
2018-08-01 14:11:11.174  INFO 33013 --- [    Test worker] o.s.t.web.servlet.TestDispatcherServlet  : FrameworkServlet '': initialization started
2018-08-01 14:11:11.187  INFO 33013 --- [    Test worker] o.s.t.web.servlet.TestDispatcherServlet  : FrameworkServlet '': initialization completed in 13 ms
2018-08-01 14:11:11.206  INFO 33013 --- [    Test worker] c.j.a.e.s.c.ShipmentControllerTest       : Started ShipmentControllerTest in 0.791 seconds (JVM running for 9.691)
2018-08-01 14:11:11.225  INFO 33013 --- [    Test worker] s.w.s.m.m.a.RequestMappingHandlerMapping : Mapped "{[/shipments/{id}],methods=[PUT]}" onto public com.jpa.amazon.ecommerce.shipments.domain.Shipment com.jpa.amazon.ecommerce.shipments.controller.ShipmentController.update(java.lang.Long,com.jpa.amazon.ecommerce.shipments.domain.Shipment)
2018-08-01 14:11:11.225  INFO 33013 --- [    Test worker] s.w.s.m.m.a.RequestMappingHandlerMapping : Mapped "{[/shipments/{id}],methods=[DELETE]}" onto public void com.jpa.amazon.ecommerce.shipments.controller.ShipmentController.delete(java.lang.Long)
2018-08-01 14:11:11.226  INFO 33013 --- [    Test worker] s.w.s.m.m.a.RequestMappingHandlerMapping : Mapped "{[/shipments],methods=[POST]}" onto public com.jpa.amazon.ecommerce.shipments.domain.Shipment com.jpa.amazon.ecommerce.shipments.controller.ShipmentController.create(com.jpa.amazon.ecommerce.shipments.domain.Shipment)
2018-08-01 14:11:11.226  INFO 33013 --- [    Test worker] s.w.s.m.m.a.RequestMappingHandlerMapping : Mapped "{[/shipments/],methods=[GET]}" onto public java.lang.Iterable<com.jpa.amazon.ecommerce.shipments.domain.Shipment> com.jpa.amazon.ecommerce.shipments.controller.ShipmentController.getAll()
2018-08-01 14:11:11.227  INFO 33013 --- [    Test worker] s.w.s.m.m.a.RequestMappingHandlerMapping : Mapped "{[/shipments/{id}],methods=[GET]}" onto public com.jpa.amazon.ecommerce.shipments.domain.Shipment com.jpa.amazon.ecommerce.shipments.controller.ShipmentController.getById(java.lang.Long)
2018-08-01 14:11:11.227  INFO 33013 --- [    Test worker] s.w.s.m.m.a.RequestMappingHandlerMapping : Mapped "{[/shipments],methods=[GET]}" onto public java.util.List<com.jpa.amazon.ecommerce.shipments.domain.ShipmentDetails> com.jpa.amazon.ecommerce.shipments.controller.ShipmentController.getAllOrdersForAccount(long) throws java.io.IOException
2018-08-01 14:11:11.236  INFO 33013 --- [    Test worker] s.w.s.m.m.a.RequestMappingHandlerAdapter : Looking for @ControllerAdvice: org.springframework.test.web.servlet.setup.StubWebApplicationContext@32e0c72e
2018-08-01 14:11:11.238  INFO 33013 --- [    Test worker] o.s.mock.web.MockServletContext          : Initializing Spring FrameworkServlet ''
2018-08-01 14:11:11.238  INFO 33013 --- [    Test worker] o.s.t.web.servlet.TestDispatcherServlet  : FrameworkServlet '': initialization started
2018-08-01 14:11:11.238  INFO 33013 --- [    Test worker] o.s.t.web.servlet.TestDispatcherServlet  : FrameworkServlet '': initialization completed in 0 ms

MockHttpServletRequest:
      HTTP Method = PUT
      Request URI = /shipments/2
       Parameters = {}
          Headers = {Content-Type=[application/json]}
             Body = <no character encoding set>
    Session Attrs = {}

Handler:
             Type = com.jpa.amazon.ecommerce.shipments.controller.ShipmentController
           Method = public com.jpa.amazon.ecommerce.shipments.domain.Shipment com.jpa.amazon.ecommerce.shipments.controller.ShipmentController.update(java.lang.Long,com.jpa.amazon.ecommerce.shipments.domain.Shipment)

Async:
    Async started = false
     Async result = null

Resolved Exception:
             Type = null

ModelAndView:
        View name = null
             View = null
            Model = null

FlashMap:
       Attributes = null

MockHttpServletResponse:
           Status = 200
    Error message = null
          Headers = {}
     Content type = null
             Body = 
    Forwarded URL = null
   Redirected URL = null
          Cookies = []
2018-08-01 14:11:11.388  INFO 33013 --- [    Test worker] s.w.s.m.m.a.RequestMappingHandlerMapping : Mapped "{[/shipments/{id}],methods=[PUT]}" onto public com.jpa.amazon.ecommerce.shipments.domain.Shipment com.jpa.amazon.ecommerce.shipments.controller.ShipmentController.update(java.lang.Long,com.jpa.amazon.ecommerce.shipments.domain.Shipment)
2018-08-01 14:11:11.388  INFO 33013 --- [    Test worker] s.w.s.m.m.a.RequestMappingHandlerMapping : Mapped "{[/shipments/{id}],methods=[DELETE]}" onto public void com.jpa.amazon.ecommerce.shipments.controller.ShipmentController.delete(java.lang.Long)
2018-08-01 14:11:11.388  INFO 33013 --- [    Test worker] s.w.s.m.m.a.RequestMappingHandlerMapping : Mapped "{[/shipments],methods=[POST]}" onto public com.jpa.amazon.ecommerce.shipments.domain.Shipment com.jpa.amazon.ecommerce.shipments.controller.ShipmentController.create(com.jpa.amazon.ecommerce.shipments.domain.Shipment)
2018-08-01 14:11:11.389  INFO 33013 --- [    Test worker] s.w.s.m.m.a.RequestMappingHandlerMapping : Mapped "{[/shipments/],methods=[GET]}" onto public java.lang.Iterable<com.jpa.amazon.ecommerce.shipments.domain.Shipment> com.jpa.amazon.ecommerce.shipments.controller.ShipmentController.getAll()
2018-08-01 14:11:11.389  INFO 33013 --- [    Test worker] s.w.s.m.m.a.RequestMappingHandlerMapping : Mapped "{[/shipments/{id}],methods=[GET]}" onto public com.jpa.amazon.ecommerce.shipments.domain.Shipment com.jpa.amazon.ecommerce.shipments.controller.ShipmentController.getById(java.lang.Long)
2018-08-01 14:11:11.389  INFO 33013 --- [    Test worker] s.w.s.m.m.a.RequestMappingHandlerMapping : Mapped "{[/shipments],methods=[GET]}" onto public java.util.List<com.jpa.amazon.ecommerce.shipments.domain.ShipmentDetails> com.jpa.amazon.ecommerce.shipments.controller.ShipmentController.getAllOrdersForAccount(long) throws java.io.IOException
2018-08-01 14:11:11.398  INFO 33013 --- [    Test worker] s.w.s.m.m.a.RequestMappingHandlerAdapter : Looking for @ControllerAdvice: org.springframework.test.web.servlet.setup.StubWebApplicationContext@62219dd8
2018-08-01 14:11:11.400  INFO 33013 --- [    Test worker] o.s.mock.web.MockServletContext          : Initializing Spring FrameworkServlet ''
2018-08-01 14:11:11.400  INFO 33013 --- [    Test worker] o.s.t.web.servlet.TestDispatcherServlet  : FrameworkServlet '': initialization started
2018-08-01 14:11:11.400  INFO 33013 --- [    Test worker] o.s.t.web.servlet.TestDispatcherServlet  : FrameworkServlet '': initialization completed in 0 ms

MockHttpServletRequest:
      HTTP Method = POST
      Request URI = /shipments
       Parameters = {}
          Headers = {Content-Type=[application/json]}
             Body = <no character encoding set>
    Session Attrs = {}

Handler:
             Type = com.jpa.amazon.ecommerce.shipments.controller.ShipmentController
           Method = public com.jpa.amazon.ecommerce.shipments.domain.Shipment com.jpa.amazon.ecommerce.shipments.controller.ShipmentController.create(com.jpa.amazon.ecommerce.shipments.domain.Shipment)

Async:
    Async started = false
     Async result = null

Resolved Exception:
             Type = null

ModelAndView:
        View name = null
             View = null
            Model = null

FlashMap:
       Attributes = null

MockHttpServletResponse:
           Status = 201
    Error message = null
          Headers = {}
     Content type = null
             Body = 
    Forwarded URL = null
   Redirected URL = null
          Cookies = []
2018-08-01 14:11:11.410  INFO 33013 --- [    Test worker] s.w.s.m.m.a.RequestMappingHandlerMapping : Mapped "{[/shipments/{id}],methods=[PUT]}" onto public com.jpa.amazon.ecommerce.shipments.domain.Shipment com.jpa.amazon.ecommerce.shipments.controller.ShipmentController.update(java.lang.Long,com.jpa.amazon.ecommerce.shipments.domain.Shipment)
2018-08-01 14:11:11.411  INFO 33013 --- [    Test worker] s.w.s.m.m.a.RequestMappingHandlerMapping : Mapped "{[/shipments/{id}],methods=[DELETE]}" onto public void com.jpa.amazon.ecommerce.shipments.controller.ShipmentController.delete(java.lang.Long)
2018-08-01 14:11:11.411  INFO 33013 --- [    Test worker] s.w.s.m.m.a.RequestMappingHandlerMapping : Mapped "{[/shipments],methods=[POST]}" onto public com.jpa.amazon.ecommerce.shipments.domain.Shipment com.jpa.amazon.ecommerce.shipments.controller.ShipmentController.create(com.jpa.amazon.ecommerce.shipments.domain.Shipment)
2018-08-01 14:11:11.412  INFO 33013 --- [    Test worker] s.w.s.m.m.a.RequestMappingHandlerMapping : Mapped "{[/shipments/],methods=[GET]}" onto public java.lang.Iterable<com.jpa.amazon.ecommerce.shipments.domain.Shipment> com.jpa.amazon.ecommerce.shipments.controller.ShipmentController.getAll()
2018-08-01 14:11:11.412  INFO 33013 --- [    Test worker] s.w.s.m.m.a.RequestMappingHandlerMapping : Mapped "{[/shipments/{id}],methods=[GET]}" onto public com.jpa.amazon.ecommerce.shipments.domain.Shipment com.jpa.amazon.ecommerce.shipments.controller.ShipmentController.getById(java.lang.Long)
2018-08-01 14:11:11.413  INFO 33013 --- [    Test worker] s.w.s.m.m.a.RequestMappingHandlerMapping : Mapped "{[/shipments],methods=[GET]}" onto public java.util.List<com.jpa.amazon.ecommerce.shipments.domain.ShipmentDetails> com.jpa.amazon.ecommerce.shipments.controller.ShipmentController.getAllOrdersForAccount(long) throws java.io.IOException
2018-08-01 14:11:11.422  INFO 33013 --- [    Test worker] s.w.s.m.m.a.RequestMappingHandlerAdapter : Looking for @ControllerAdvice: org.springframework.test.web.servlet.setup.StubWebApplicationContext@796753f6
2018-08-01 14:11:11.424  INFO 33013 --- [    Test worker] o.s.mock.web.MockServletContext          : Initializing Spring FrameworkServlet ''
2018-08-01 14:11:11.424  INFO 33013 --- [    Test worker] o.s.t.web.servlet.TestDispatcherServlet  : FrameworkServlet '': initialization started
2018-08-01 14:11:11.424  INFO 33013 --- [    Test worker] o.s.t.web.servlet.TestDispatcherServlet  : FrameworkServlet '': initialization completed in 0 ms
2018-08-01 14:11:11.436  INFO 33013 --- [    Test worker] s.w.s.m.m.a.RequestMappingHandlerMapping : Mapped "{[/shipments/{id}],methods=[PUT]}" onto public com.jpa.amazon.ecommerce.shipments.domain.Shipment com.jpa.amazon.ecommerce.shipments.controller.ShipmentController.update(java.lang.Long,com.jpa.amazon.ecommerce.shipments.domain.Shipment)
2018-08-01 14:11:11.436  INFO 33013 --- [    Test worker] s.w.s.m.m.a.RequestMappingHandlerMapping : Mapped "{[/shipments/{id}],methods=[DELETE]}" onto public void com.jpa.amazon.ecommerce.shipments.controller.ShipmentController.delete(java.lang.Long)
2018-08-01 14:11:11.436  INFO 33013 --- [    Test worker] s.w.s.m.m.a.RequestMappingHandlerMapping : Mapped "{[/shipments],methods=[POST]}" onto public com.jpa.amazon.ecommerce.shipments.domain.Shipment com.jpa.amazon.ecommerce.shipments.controller.ShipmentController.create(com.jpa.amazon.ecommerce.shipments.domain.Shipment)
2018-08-01 14:11:11.436  INFO 33013 --- [    Test worker] s.w.s.m.m.a.RequestMappingHandlerMapping : Mapped "{[/shipments/],methods=[GET]}" onto public java.lang.Iterable<com.jpa.amazon.ecommerce.shipments.domain.Shipment> com.jpa.amazon.ecommerce.shipments.controller.ShipmentController.getAll()
2018-08-01 14:11:11.436  INFO 33013 --- [    Test worker] s.w.s.m.m.a.RequestMappingHandlerMapping : Mapped "{[/shipments/{id}],methods=[GET]}" onto public com.jpa.amazon.ecommerce.shipments.domain.Shipment com.jpa.amazon.ecommerce.shipments.controller.ShipmentController.getById(java.lang.Long)
2018-08-01 14:11:11.437  INFO 33013 --- [    Test worker] s.w.s.m.m.a.RequestMappingHandlerMapping : Mapped "{[/shipments],methods=[GET]}" onto public java.util.List<com.jpa.amazon.ecommerce.shipments.domain.ShipmentDetails> com.jpa.amazon.ecommerce.shipments.controller.ShipmentController.getAllOrdersForAccount(long) throws java.io.IOException
2018-08-01 14:11:11.444  INFO 33013 --- [    Test worker] s.w.s.m.m.a.RequestMappingHandlerAdapter : Looking for @ControllerAdvice: org.springframework.test.web.servlet.setup.StubWebApplicationContext@6906c2e2
2018-08-01 14:11:11.445  INFO 33013 --- [    Test worker] o.s.mock.web.MockServletContext          : Initializing Spring FrameworkServlet ''
2018-08-01 14:11:11.445  INFO 33013 --- [    Test worker] o.s.t.web.servlet.TestDispatcherServlet  : FrameworkServlet '': initialization started
2018-08-01 14:11:11.445  INFO 33013 --- [    Test worker] o.s.t.web.servlet.TestDispatcherServlet  : FrameworkServlet '': initialization completed in 0 ms
2018-08-01 14:11:11.455  INFO 33013 --- [    Test worker] s.w.s.m.m.a.RequestMappingHandlerMapping : Mapped "{[/shipments/{id}],methods=[PUT]}" onto public com.jpa.amazon.ecommerce.shipments.domain.Shipment com.jpa.amazon.ecommerce.shipments.controller.ShipmentController.update(java.lang.Long,com.jpa.amazon.ecommerce.shipments.domain.Shipment)
2018-08-01 14:11:11.456  INFO 33013 --- [    Test worker] s.w.s.m.m.a.RequestMappingHandlerMapping : Mapped "{[/shipments/{id}],methods=[DELETE]}" onto public void com.jpa.amazon.ecommerce.shipments.controller.ShipmentController.delete(java.lang.Long)
2018-08-01 14:11:11.456  INFO 33013 --- [    Test worker] s.w.s.m.m.a.RequestMappingHandlerMapping : Mapped "{[/shipments],methods=[POST]}" onto public com.jpa.amazon.ecommerce.shipments.domain.Shipment com.jpa.amazon.ecommerce.shipments.controller.ShipmentController.create(com.jpa.amazon.ecommerce.shipments.domain.Shipment)
2018-08-01 14:11:11.456  INFO 33013 --- [    Test worker] s.w.s.m.m.a.RequestMappingHandlerMapping : Mapped "{[/shipments/],methods=[GET]}" onto public java.lang.Iterable<com.jpa.amazon.ecommerce.shipments.domain.Shipment> com.jpa.amazon.ecommerce.shipments.controller.ShipmentController.getAll()
2018-08-01 14:11:11.456  INFO 33013 --- [    Test worker] s.w.s.m.m.a.RequestMappingHandlerMapping : Mapped "{[/shipments/{id}],methods=[GET]}" onto public com.jpa.amazon.ecommerce.shipments.domain.Shipment com.jpa.amazon.ecommerce.shipments.controller.ShipmentController.getById(java.lang.Long)
2018-08-01 14:11:11.457  INFO 33013 --- [    Test worker] s.w.s.m.m.a.RequestMappingHandlerMapping : Mapped "{[/shipments],methods=[GET]}" onto public java.util.List<com.jpa.amazon.ecommerce.shipments.domain.ShipmentDetails> com.jpa.amazon.ecommerce.shipments.controller.ShipmentController.getAllOrdersForAccount(long) throws java.io.IOException
2018-08-01 14:11:11.469  INFO 33013 --- [    Test worker] s.w.s.m.m.a.RequestMappingHandlerAdapter : Looking for @ControllerAdvice: org.springframework.test.web.servlet.setup.StubWebApplicationContext@2e1f114f
2018-08-01 14:11:11.472  INFO 33013 --- [    Test worker] o.s.mock.web.MockServletContext          : Initializing Spring FrameworkServlet ''
2018-08-01 14:11:11.472  INFO 33013 --- [    Test worker] o.s.t.web.servlet.TestDispatcherServlet  : FrameworkServlet '': initialization started
2018-08-01 14:11:11.472  INFO 33013 --- [    Test worker] o.s.t.web.servlet.TestDispatcherServlet  : FrameworkServlet '': initialization completed in 0 ms
]]></system-out>
  <system-err><![CDATA[]]></system-err>
</testsuite>
