<?xml version="1.0" encoding="UTF-8"?>
<testsuite name="com.jpa.amazon.ecommerce.shipments.service.ShipmentServiceTest" tests="6" skipped="0" failures="0" errors="0" timestamp="2018-08-08T16:29:55" hostname="Rohan-Grovers-MacBook-Pro.local" time="0.017">
  <properties/>
  <testcase name="testGetShipments" classname="com.jpa.amazon.ecommerce.shipments.service.ShipmentServiceTest" time="0.002"/>
  <testcase name="testUpdateShipment" classname="com.jpa.amazon.ecommerce.shipments.service.ShipmentServiceTest" time="0.006"/>
  <testcase name="testCreateShipment" classname="com.jpa.amazon.ecommerce.shipments.service.ShipmentServiceTest" time="0.003"/>
  <testcase name="testDeleteShipment" classname="com.jpa.amazon.ecommerce.shipments.service.ShipmentServiceTest" time="0.002"/>
  <testcase name="testGetShipmentById" classname="com.jpa.amazon.ecommerce.shipments.service.ShipmentServiceTest" time="0.001"/>
  <testcase name="testAllOrdersForAccount" classname="com.jpa.amazon.ecommerce.shipments.service.ShipmentServiceTest" time="0.002"/>
  <system-out><![CDATA[2018-08-08 11:29:55.737  INFO 48130 --- [    Test worker] o.s.t.c.s.DefaultTestContextBootstrapper : Neither @ContextConfiguration nor @ContextHierarchy found for test class [com.jpa.amazon.ecommerce.shipments.service.ShipmentServiceTest], using DelegatingSmartContextLoader
2018-08-08 11:29:55.738  INFO 48130 --- [    Test worker] o.s.t.c.support.AbstractContextLoader    : Could not detect default resource locations for test class [com.jpa.amazon.ecommerce.shipments.service.ShipmentServiceTest]: no resource found for suffixes {-context.xml}.
2018-08-08 11:29:55.738  INFO 48130 --- [    Test worker] t.c.s.AnnotationConfigContextLoaderUtils : Could not detect default configuration classes for test class [com.jpa.amazon.ecommerce.shipments.service.ShipmentServiceTest]: ShipmentServiceTest does not declare any static, non-private, non-final, nested classes annotated with @Configuration.
2018-08-08 11:29:55.739  INFO 48130 --- [    Test worker] o.s.t.c.s.DefaultTestContextBootstrapper : Loaded default TestExecutionListener class names from location [META-INF/spring.factories]: [org.springframework.boot.test.autoconfigure.restdocs.RestDocsTestExecutionListener, org.springframework.boot.test.autoconfigure.web.client.MockRestServiceServerResetTestExecutionListener, org.springframework.boot.test.autoconfigure.web.servlet.MockMvcPrintOnlyOnFailureTestExecutionListener, org.springframework.boot.test.autoconfigure.web.servlet.WebDriverTestExecutionListener, org.springframework.boot.test.mock.mockito.MockitoTestExecutionListener, org.springframework.boot.test.mock.mockito.ResetMocksTestExecutionListener, org.springframework.test.context.web.ServletTestExecutionListener, org.springframework.test.context.support.DirtiesContextBeforeModesTestExecutionListener, org.springframework.test.context.support.DependencyInjectionTestExecutionListener, org.springframework.test.context.support.DirtiesContextTestExecutionListener, org.springframework.test.context.transaction.TransactionalTestExecutionListener, org.springframework.test.context.jdbc.SqlScriptsTestExecutionListener]
2018-08-08 11:29:55.739  INFO 48130 --- [    Test worker] o.s.t.c.s.DefaultTestContextBootstrapper : Using TestExecutionListeners: [org.springframework.test.context.web.ServletTestExecutionListener@422dbb1b, org.springframework.test.context.support.DirtiesContextBeforeModesTestExecutionListener@5fef7e99, org.springframework.boot.test.mock.mockito.MockitoTestExecutionListener@7474140f, org.springframework.test.context.support.DependencyInjectionTestExecutionListener@13e858d7, org.springframework.test.context.support.DirtiesContextTestExecutionListener@3cb2dcd2, org.springframework.test.context.transaction.TransactionalTestExecutionListener@180d766b, org.springframework.test.context.jdbc.SqlScriptsTestExecutionListener@4c0ddd09, org.springframework.boot.test.autoconfigure.restdocs.RestDocsTestExecutionListener@1df21abf, org.springframework.boot.test.autoconfigure.web.client.MockRestServiceServerResetTestExecutionListener@370c119f, org.springframework.boot.test.autoconfigure.web.servlet.MockMvcPrintOnlyOnFailureTestExecutionListener@4441873b, org.springframework.boot.test.autoconfigure.web.servlet.WebDriverTestExecutionListener@6686ef2f, org.springframework.boot.test.mock.mockito.ResetMocksTestExecutionListener@6bac36a2]
2018-08-08 11:29:55.790  INFO 48130 --- [    Test worker] o.s.c.support.GenericApplicationContext  : Refreshing org.springframework.context.support.GenericApplicationContext@716e0ecf: startup date [Wed Aug 08 11:29:55 CDT 2018]; root of context hierarchy
2018-08-08 11:29:55.794  INFO 48130 --- [    Test worker] f.a.AutowiredAnnotationBeanPostProcessor : JSR-330 'javax.inject.Inject' annotation found and supported for autowiring
]]></system-out>
  <system-err><![CDATA[]]></system-err>
</testsuite>
