<?xml version="1.0" encoding="UTF-8"?>
<testsuite name="com.jpa.amazon.ecommerce.shipments.controller.ShipmentControllerTest" tests="6" skipped="0" failures="0" errors="0" timestamp="2018-08-02T13:47:57" hostname="Rohan-Grovers-MacBook-Pro.local" time="0.288">
  <properties/>
  <testcase name="testGetAllShipmentsOfAccount" classname="com.jpa.amazon.ecommerce.shipments.controller.ShipmentControllerTest" time="0.108"/>
  <testcase name="testUpdateShipment" classname="com.jpa.amazon.ecommerce.shipments.controller.ShipmentControllerTest" time="0.099"/>
  <testcase name="testCreateShipment" classname="com.jpa.amazon.ecommerce.shipments.controller.ShipmentControllerTest" time="0.023"/>
  <testcase name="testGetAllShipments" classname="com.jpa.amazon.ecommerce.shipments.controller.ShipmentControllerTest" time="0.02"/>
  <testcase name="testDeleteShipment" classname="com.jpa.amazon.ecommerce.shipments.controller.ShipmentControllerTest" time="0.018"/>
  <testcase name="testGetShipmentById" classname="com.jpa.amazon.ecommerce.shipments.controller.ShipmentControllerTest" time="0.017"/>
  <system-out><![CDATA[2018-08-02 08:47:56.281  INFO 82031 --- [    Test worker] o.s.t.c.support.AbstractContextLoader    : Could not detect default resource locations for test class [com.jpa.amazon.ecommerce.shipments.controller.ShipmentControllerTest]: no resource found for suffixes {-context.xml, Context.groovy}.
2018-08-02 08:47:56.296  INFO 82031 --- [    Test worker] .b.t.a.w.s.WebMvcTestContextBootstrapper : Loaded default TestExecutionListener class names from location [META-INF/spring.factories]: [org.springframework.boot.test.autoconfigure.restdocs.RestDocsTestExecutionListener, org.springframework.boot.test.autoconfigure.web.client.MockRestServiceServerResetTestExecutionListener, org.springframework.boot.test.autoconfigure.web.servlet.MockMvcPrintOnlyOnFailureTestExecutionListener, org.springframework.boot.test.autoconfigure.web.servlet.WebDriverTestExecutionListener, org.springframework.boot.test.mock.mockito.MockitoTestExecutionListener, org.springframework.boot.test.mock.mockito.ResetMocksTestExecutionListener, org.springframework.test.context.web.ServletTestExecutionListener, org.springframework.test.context.support.DirtiesContextBeforeModesTestExecutionListener, org.springframework.test.context.support.DependencyInjectionTestExecutionListener, org.springframework.test.context.support.DirtiesContextTestExecutionListener, org.springframework.test.context.transaction.TransactionalTestExecutionListener, org.springframework.test.context.jdbc.SqlScriptsTestExecutionListener]
2018-08-02 08:47:56.296  INFO 82031 --- [    Test worker] .b.t.a.w.s.WebMvcTestContextBootstrapper : Using TestExecutionListeners: [org.springframework.test.context.web.ServletTestExecutionListener@93d114a, org.springframework.test.context.support.DirtiesContextBeforeModesTestExecutionListener@4604b94e, org.springframework.boot.test.mock.mockito.MockitoTestExecutionListener@7d3b30b3, org.springframework.boot.test.autoconfigure.SpringBootDependencyInjectionTestExecutionListener@3b40d7c2, org.springframework.test.context.support.DirtiesContextTestExecutionListener@5a9626a1, org.springframework.test.context.transaction.TransactionalTestExecutionListener@393b2a74, org.springframework.test.context.jdbc.SqlScriptsTestExecutionListener@1d213b48, org.springframework.boot.test.autoconfigure.restdocs.RestDocsTestExecutionListener@20e211e9, org.springframework.boot.test.autoconfigure.web.client.MockRestServiceServerResetTestExecutionListener@4baa887a, org.springframework.boot.test.autoconfigure.web.servlet.MockMvcPrintOnlyOnFailureTestExecutionListener@2b2263f1, org.springframework.boot.test.autoconfigure.web.servlet.WebDriverTestExecutionListener@3f4df6a6, org.springframework.boot.test.mock.mockito.ResetMocksTestExecutionListener@f90c5ff]
2018-08-02 08:47:56.703  INFO 82031 --- [    Test worker] s.c.a.AnnotationConfigApplicationContext : Refreshing org.springframework.context.annotation.AnnotationConfigApplicationContext@6a3f0def: startup date [Thu Aug 02 08:47:56 CDT 2018]; root of context hierarchy
2018-08-02 08:47:56.722  INFO 82031 --- [    Test worker] f.a.AutowiredAnnotationBeanPostProcessor : JSR-330 'javax.inject.Inject' annotation found and supported for autowiring
2018-08-02 08:47:56.742  INFO 82031 --- [    Test worker] trationDelegate$BeanPostProcessorChecker : Bean 'configurationPropertiesRebinderAutoConfiguration' of type [org.springframework.cloud.autoconfigure.ConfigurationPropertiesRebinderAutoConfiguration$$EnhancerBySpringCGLIB$$344122c6] is not eligible for getting processed by all BeanPostProcessors (for example: not eligible for auto-proxying)

  .   ____          _            __ _ _
 /\\ / ___'_ __ _ _(_)_ __  __ _ \ \ \ \
( ( )\___ | '_ | '_| | '_ \/ _` | \ \ \ \
 \\/  ___)| |_)| | | | | || (_| |  ) ) ) )
  '  |____| .__|_| |_|_| |_\__, | / / / /
 =========|_|==============|___/=/_/_/_/
 :: Spring Boot ::        (v2.0.3.RELEASE)

2018-08-02 08:47:56.797  INFO 82031 --- [    Test worker] c.j.a.e.s.c.ShipmentControllerTest       : No active profile set, falling back to default profiles: default
2018-08-02 08:47:56.799  INFO 82031 --- [    Test worker] o.s.w.c.s.GenericWebApplicationContext   : Refreshing org.springframework.web.context.support.GenericWebApplicationContext@2a3051f1: startup date [Thu Aug 02 08:47:56 CDT 2018]; parent: org.springframework.context.annotation.AnnotationConfigApplicationContext@6a3f0def
2018-08-02 08:47:56.910  INFO 82031 --- [    Test worker] f.a.AutowiredAnnotationBeanPostProcessor : JSR-330 'javax.inject.Inject' annotation found and supported for autowiring
2018-08-02 08:47:57.072  INFO 82031 --- [    Test worker] o.s.w.s.handler.SimpleUrlHandlerMapping  : Mapped URL path [/**/favicon.ico] onto handler of type [class org.springframework.web.servlet.resource.ResourceHttpRequestHandler]
2018-08-02 08:47:57.166  INFO 82031 --- [    Test worker] s.w.s.m.m.a.RequestMappingHandlerAdapter : Looking for @ControllerAdvice: org.springframework.web.context.support.GenericWebApplicationContext@2a3051f1: startup date [Thu Aug 02 08:47:56 CDT 2018]; parent: org.springframework.context.annotation.AnnotationConfigApplicationContext@6a3f0def
2018-08-02 08:47:57.181  INFO 82031 --- [    Test worker] s.w.s.m.m.a.RequestMappingHandlerMapping : Mapped "{[/error]}" onto public org.springframework.http.ResponseEntity<java.util.Map<java.lang.String, java.lang.Object>> org.springframework.boot.autoconfigure.web.servlet.error.BasicErrorController.error(javax.servlet.http.HttpServletRequest)
2018-08-02 08:47:57.181  INFO 82031 --- [    Test worker] s.w.s.m.m.a.RequestMappingHandlerMapping : Mapped "{[/error],produces=[text/html]}" onto public org.springframework.web.servlet.ModelAndView org.springframework.boot.autoconfigure.web.servlet.error.BasicErrorController.errorHtml(javax.servlet.http.HttpServletRequest,javax.servlet.http.HttpServletResponse)
2018-08-02 08:47:57.197  INFO 82031 --- [    Test worker] o.s.w.s.handler.SimpleUrlHandlerMapping  : Mapped URL path [/webjars/**] onto handler of type [class org.springframework.web.servlet.resource.ResourceHttpRequestHandler]
2018-08-02 08:47:57.197  INFO 82031 --- [    Test worker] o.s.w.s.handler.SimpleUrlHandlerMapping  : Mapped URL path [/**] onto handler of type [class org.springframework.web.servlet.resource.ResourceHttpRequestHandler]
2018-08-02 08:47:57.230  WARN 82031 --- [    Test worker] ion$DefaultTemplateResolverConfiguration : Cannot find template location: classpath:/templates/ (please add some templates or check your Thymeleaf configuration)
2018-08-02 08:47:57.338  INFO 82031 --- [    Test worker] .s.s.UserDetailsServiceAutoConfiguration : 

Using generated security password: a349f732-4d0d-4acf-a9ca-28486778ce52

2018-08-02 08:47:57.394  INFO 82031 --- [    Test worker] o.s.s.web.DefaultSecurityFilterChain     : Creating filter chain: org.springframework.security.web.util.matcher.AnyRequestMatcher@1, [org.springframework.security.web.context.request.async.WebAsyncManagerIntegrationFilter@6318474c, org.springframework.security.web.context.SecurityContextPersistenceFilter@3114927a, org.springframework.security.web.header.HeaderWriterFilter@752a39d6, org.springframework.security.web.authentication.logout.LogoutFilter@5238c915, org.springframework.security.web.savedrequest.RequestCacheAwareFilter@55f7dffc, org.springframework.security.web.servletapi.SecurityContextHolderAwareRequestFilter@7137a81d, org.springframework.security.web.authentication.AnonymousAuthenticationFilter@6fe112a, org.springframework.security.web.session.SessionManagementFilter@3a733bfd, org.springframework.security.web.access.ExceptionTranslationFilter@64600ce8, org.springframework.security.web.access.intercept.FilterSecurityInterceptor@749606e2]
2018-08-02 08:47:57.411  INFO 82031 --- [    Test worker] o.s.b.t.m.w.SpringBootMockServletContext : Initializing Spring FrameworkServlet ''
2018-08-02 08:47:57.411  INFO 82031 --- [    Test worker] o.s.t.web.servlet.TestDispatcherServlet  : FrameworkServlet '': initialization started
2018-08-02 08:47:57.423  INFO 82031 --- [    Test worker] o.s.t.web.servlet.TestDispatcherServlet  : FrameworkServlet '': initialization completed in 12 ms
2018-08-02 08:47:57.445  INFO 82031 --- [    Test worker] c.j.a.e.s.c.ShipmentControllerTest       : Started ShipmentControllerTest in 0.799 seconds (JVM running for 9.716)
2018-08-02 08:47:57.463  INFO 82031 --- [    Test worker] s.w.s.m.m.a.RequestMappingHandlerMapping : Mapped "{[/shipments/{id}],methods=[PUT]}" onto public com.jpa.amazon.ecommerce.shipments.domain.Shipment com.jpa.amazon.ecommerce.shipments.controller.ShipmentController.update(java.lang.Long,com.jpa.amazon.ecommerce.shipments.domain.Shipment)
2018-08-02 08:47:57.464  INFO 82031 --- [    Test worker] s.w.s.m.m.a.RequestMappingHandlerMapping : Mapped "{[/shipments/{id}],methods=[DELETE]}" onto public void com.jpa.amazon.ecommerce.shipments.controller.ShipmentController.delete(java.lang.Long)
2018-08-02 08:47:57.464  INFO 82031 --- [    Test worker] s.w.s.m.m.a.RequestMappingHandlerMapping : Mapped "{[/shipments],methods=[POST]}" onto public com.jpa.amazon.ecommerce.shipments.domain.Shipment com.jpa.amazon.ecommerce.shipments.controller.ShipmentController.create(com.jpa.amazon.ecommerce.shipments.domain.Shipment)
2018-08-02 08:47:57.464  INFO 82031 --- [    Test worker] s.w.s.m.m.a.RequestMappingHandlerMapping : Mapped "{[/shipments/],methods=[GET]}" onto public java.lang.Iterable<com.jpa.amazon.ecommerce.shipments.domain.Shipment> com.jpa.amazon.ecommerce.shipments.controller.ShipmentController.getAll()
2018-08-02 08:47:57.465  INFO 82031 --- [    Test worker] s.w.s.m.m.a.RequestMappingHandlerMapping : Mapped "{[/shipments/{id}],methods=[GET]}" onto public com.jpa.amazon.ecommerce.shipments.domain.Shipment com.jpa.amazon.ecommerce.shipments.controller.ShipmentController.getById(java.lang.Long)
2018-08-02 08:47:57.465  INFO 82031 --- [    Test worker] s.w.s.m.m.a.RequestMappingHandlerMapping : Mapped "{[/shipments],methods=[GET]}" onto public java.util.List<com.jpa.amazon.ecommerce.shipments.domain.ShipmentDetails> com.jpa.amazon.ecommerce.shipments.controller.ShipmentController.getAllOrdersForAccount(long) throws java.io.IOException
2018-08-02 08:47:57.476  INFO 82031 --- [    Test worker] s.w.s.m.m.a.RequestMappingHandlerAdapter : Looking for @ControllerAdvice: org.springframework.test.web.servlet.setup.StubWebApplicationContext@7468e31f
2018-08-02 08:47:57.478  INFO 82031 --- [    Test worker] o.s.mock.web.MockServletContext          : Initializing Spring FrameworkServlet ''
2018-08-02 08:47:57.478  INFO 82031 --- [    Test worker] o.s.t.web.servlet.TestDispatcherServlet  : FrameworkServlet '': initialization started
2018-08-02 08:47:57.478  INFO 82031 --- [    Test worker] o.s.t.web.servlet.TestDispatcherServlet  : FrameworkServlet '': initialization completed in 0 ms

MockHttpServletRequest:
      HTTP Method = GET
      Request URI = /shipments
       Parameters = {accountId=[1]}
          Headers = {Content-Type=[application/json], Accept=[application/json]}
             Body = <no character encoding set>
    Session Attrs = {}

Handler:
             Type = com.jpa.amazon.ecommerce.shipments.controller.ShipmentController
           Method = public java.util.List<com.jpa.amazon.ecommerce.shipments.domain.ShipmentDetails> com.jpa.amazon.ecommerce.shipments.controller.ShipmentController.getAllOrdersForAccount(long) throws java.io.IOException

Async:
    Async started = false
     Async result = null

Resolved Exception:
             Type = null

ModelAndView:
        View name = null
             View = null
            Model = null

FlashMap:
       Attributes = null

MockHttpServletResponse:
           Status = 200
    Error message = null
          Headers = {Content-Type=[application/json;charset=UTF-8]}
     Content type = application/json;charset=UTF-8
             Body = []
    Forwarded URL = null
   Redirected URL = null
          Cookies = []
2018-08-02 08:47:57.562  INFO 82031 --- [    Test worker] s.w.s.m.m.a.RequestMappingHandlerMapping : Mapped "{[/shipments/{id}],methods=[PUT]}" onto public com.jpa.amazon.ecommerce.shipments.domain.Shipment com.jpa.amazon.ecommerce.shipments.controller.ShipmentController.update(java.lang.Long,com.jpa.amazon.ecommerce.shipments.domain.Shipment)
2018-08-02 08:47:57.562  INFO 82031 --- [    Test worker] s.w.s.m.m.a.RequestMappingHandlerMapping : Mapped "{[/shipments/{id}],methods=[DELETE]}" onto public void com.jpa.amazon.ecommerce.shipments.controller.ShipmentController.delete(java.lang.Long)
2018-08-02 08:47:57.562  INFO 82031 --- [    Test worker] s.w.s.m.m.a.RequestMappingHandlerMapping : Mapped "{[/shipments],methods=[POST]}" onto public com.jpa.amazon.ecommerce.shipments.domain.Shipment com.jpa.amazon.ecommerce.shipments.controller.ShipmentController.create(com.jpa.amazon.ecommerce.shipments.domain.Shipment)
2018-08-02 08:47:57.563  INFO 82031 --- [    Test worker] s.w.s.m.m.a.RequestMappingHandlerMapping : Mapped "{[/shipments/],methods=[GET]}" onto public java.lang.Iterable<com.jpa.amazon.ecommerce.shipments.domain.Shipment> com.jpa.amazon.ecommerce.shipments.controller.ShipmentController.getAll()
2018-08-02 08:47:57.563  INFO 82031 --- [    Test worker] s.w.s.m.m.a.RequestMappingHandlerMapping : Mapped "{[/shipments/{id}],methods=[GET]}" onto public com.jpa.amazon.ecommerce.shipments.domain.Shipment com.jpa.amazon.ecommerce.shipments.controller.ShipmentController.getById(java.lang.Long)
2018-08-02 08:47:57.563  INFO 82031 --- [    Test worker] s.w.s.m.m.a.RequestMappingHandlerMapping : Mapped "{[/shipments],methods=[GET]}" onto public java.util.List<com.jpa.amazon.ecommerce.shipments.domain.ShipmentDetails> com.jpa.amazon.ecommerce.shipments.controller.ShipmentController.getAllOrdersForAccount(long) throws java.io.IOException
2018-08-02 08:47:57.571  INFO 82031 --- [    Test worker] s.w.s.m.m.a.RequestMappingHandlerAdapter : Looking for @ControllerAdvice: org.springframework.test.web.servlet.setup.StubWebApplicationContext@2656c74c
2018-08-02 08:47:57.573  INFO 82031 --- [    Test worker] o.s.mock.web.MockServletContext          : Initializing Spring FrameworkServlet ''
2018-08-02 08:47:57.573  INFO 82031 --- [    Test worker] o.s.t.web.servlet.TestDispatcherServlet  : FrameworkServlet '': initialization started
2018-08-02 08:47:57.573  INFO 82031 --- [    Test worker] o.s.t.web.servlet.TestDispatcherServlet  : FrameworkServlet '': initialization completed in 0 ms

MockHttpServletRequest:
      HTTP Method = PUT
      Request URI = /shipments/2
       Parameters = {}
          Headers = {Content-Type=[application/json]}
             Body = <no character encoding set>
    Session Attrs = {}

Handler:
             Type = com.jpa.amazon.ecommerce.shipments.controller.ShipmentController
           Method = public com.jpa.amazon.ecommerce.shipments.domain.Shipment com.jpa.amazon.ecommerce.shipments.controller.ShipmentController.update(java.lang.Long,com.jpa.amazon.ecommerce.shipments.domain.Shipment)

Async:
    Async started = false
     Async result = null

Resolved Exception:
             Type = null

ModelAndView:
        View name = null
             View = null
            Model = null

FlashMap:
       Attributes = null

MockHttpServletResponse:
           Status = 200
    Error message = null
          Headers = {}
     Content type = null
             Body = 
    Forwarded URL = null
   Redirected URL = null
          Cookies = []
2018-08-02 08:47:57.663  INFO 82031 --- [    Test worker] s.w.s.m.m.a.RequestMappingHandlerMapping : Mapped "{[/shipments/{id}],methods=[PUT]}" onto public com.jpa.amazon.ecommerce.shipments.domain.Shipment com.jpa.amazon.ecommerce.shipments.controller.ShipmentController.update(java.lang.Long,com.jpa.amazon.ecommerce.shipments.domain.Shipment)
2018-08-02 08:47:57.664  INFO 82031 --- [    Test worker] s.w.s.m.m.a.RequestMappingHandlerMapping : Mapped "{[/shipments/{id}],methods=[DELETE]}" onto public void com.jpa.amazon.ecommerce.shipments.controller.ShipmentController.delete(java.lang.Long)
2018-08-02 08:47:57.664  INFO 82031 --- [    Test worker] s.w.s.m.m.a.RequestMappingHandlerMapping : Mapped "{[/shipments],methods=[POST]}" onto public com.jpa.amazon.ecommerce.shipments.domain.Shipment com.jpa.amazon.ecommerce.shipments.controller.ShipmentController.create(com.jpa.amazon.ecommerce.shipments.domain.Shipment)
2018-08-02 08:47:57.665  INFO 82031 --- [    Test worker] s.w.s.m.m.a.RequestMappingHandlerMapping : Mapped "{[/shipments/],methods=[GET]}" onto public java.lang.Iterable<com.jpa.amazon.ecommerce.shipments.domain.Shipment> com.jpa.amazon.ecommerce.shipments.controller.ShipmentController.getAll()
2018-08-02 08:47:57.665  INFO 82031 --- [    Test worker] s.w.s.m.m.a.RequestMappingHandlerMapping : Mapped "{[/shipments/{id}],methods=[GET]}" onto public com.jpa.amazon.ecommerce.shipments.domain.Shipment com.jpa.amazon.ecommerce.shipments.controller.ShipmentController.getById(java.lang.Long)
2018-08-02 08:47:57.666  INFO 82031 --- [    Test worker] s.w.s.m.m.a.RequestMappingHandlerMapping : Mapped "{[/shipments],methods=[GET]}" onto public java.util.List<com.jpa.amazon.ecommerce.shipments.domain.ShipmentDetails> com.jpa.amazon.ecommerce.shipments.controller.ShipmentController.getAllOrdersForAccount(long) throws java.io.IOException
2018-08-02 08:47:57.673  INFO 82031 --- [    Test worker] s.w.s.m.m.a.RequestMappingHandlerAdapter : Looking for @ControllerAdvice: org.springframework.test.web.servlet.setup.StubWebApplicationContext@759ea679
2018-08-02 08:47:57.675  INFO 82031 --- [    Test worker] o.s.mock.web.MockServletContext          : Initializing Spring FrameworkServlet ''
2018-08-02 08:47:57.675  INFO 82031 --- [    Test worker] o.s.t.web.servlet.TestDispatcherServlet  : FrameworkServlet '': initialization started
2018-08-02 08:47:57.675  INFO 82031 --- [    Test worker] o.s.t.web.servlet.TestDispatcherServlet  : FrameworkServlet '': initialization completed in 0 ms

MockHttpServletRequest:
      HTTP Method = POST
      Request URI = /shipments
       Parameters = {}
          Headers = {Content-Type=[application/json]}
             Body = <no character encoding set>
    Session Attrs = {}

Handler:
             Type = com.jpa.amazon.ecommerce.shipments.controller.ShipmentController
           Method = public com.jpa.amazon.ecommerce.shipments.domain.Shipment com.jpa.amazon.ecommerce.shipments.controller.ShipmentController.create(com.jpa.amazon.ecommerce.shipments.domain.Shipment)

Async:
    Async started = false
     Async result = null

Resolved Exception:
             Type = null

ModelAndView:
        View name = null
             View = null
            Model = null

FlashMap:
       Attributes = null

MockHttpServletResponse:
           Status = 201
    Error message = null
          Headers = {}
     Content type = null
             Body = 
    Forwarded URL = null
   Redirected URL = null
          Cookies = []
2018-08-02 08:47:57.684  INFO 82031 --- [    Test worker] s.w.s.m.m.a.RequestMappingHandlerMapping : Mapped "{[/shipments/{id}],methods=[PUT]}" onto public com.jpa.amazon.ecommerce.shipments.domain.Shipment com.jpa.amazon.ecommerce.shipments.controller.ShipmentController.update(java.lang.Long,com.jpa.amazon.ecommerce.shipments.domain.Shipment)
2018-08-02 08:47:57.685  INFO 82031 --- [    Test worker] s.w.s.m.m.a.RequestMappingHandlerMapping : Mapped "{[/shipments/{id}],methods=[DELETE]}" onto public void com.jpa.amazon.ecommerce.shipments.controller.ShipmentController.delete(java.lang.Long)
2018-08-02 08:47:57.685  INFO 82031 --- [    Test worker] s.w.s.m.m.a.RequestMappingHandlerMapping : Mapped "{[/shipments],methods=[POST]}" onto public com.jpa.amazon.ecommerce.shipments.domain.Shipment com.jpa.amazon.ecommerce.shipments.controller.ShipmentController.create(com.jpa.amazon.ecommerce.shipments.domain.Shipment)
2018-08-02 08:47:57.685  INFO 82031 --- [    Test worker] s.w.s.m.m.a.RequestMappingHandlerMapping : Mapped "{[/shipments/],methods=[GET]}" onto public java.lang.Iterable<com.jpa.amazon.ecommerce.shipments.domain.Shipment> com.jpa.amazon.ecommerce.shipments.controller.ShipmentController.getAll()
2018-08-02 08:47:57.685  INFO 82031 --- [    Test worker] s.w.s.m.m.a.RequestMappingHandlerMapping : Mapped "{[/shipments/{id}],methods=[GET]}" onto public com.jpa.amazon.ecommerce.shipments.domain.Shipment com.jpa.amazon.ecommerce.shipments.controller.ShipmentController.getById(java.lang.Long)
2018-08-02 08:47:57.685  INFO 82031 --- [    Test worker] s.w.s.m.m.a.RequestMappingHandlerMapping : Mapped "{[/shipments],methods=[GET]}" onto public java.util.List<com.jpa.amazon.ecommerce.shipments.domain.ShipmentDetails> com.jpa.amazon.ecommerce.shipments.controller.ShipmentController.getAllOrdersForAccount(long) throws java.io.IOException
2018-08-02 08:47:57.693  INFO 82031 --- [    Test worker] s.w.s.m.m.a.RequestMappingHandlerAdapter : Looking for @ControllerAdvice: org.springframework.test.web.servlet.setup.StubWebApplicationContext@179c259d
2018-08-02 08:47:57.695  INFO 82031 --- [    Test worker] o.s.mock.web.MockServletContext          : Initializing Spring FrameworkServlet ''
2018-08-02 08:47:57.695  INFO 82031 --- [    Test worker] o.s.t.web.servlet.TestDispatcherServlet  : FrameworkServlet '': initialization started
2018-08-02 08:47:57.696  INFO 82031 --- [    Test worker] o.s.t.web.servlet.TestDispatcherServlet  : FrameworkServlet '': initialization completed in 0 ms

MockHttpServletRequest:
      HTTP Method = GET
      Request URI = /shipments/
       Parameters = {}
          Headers = {}
             Body = <no character encoding set>
    Session Attrs = {}

Handler:
             Type = com.jpa.amazon.ecommerce.shipments.controller.ShipmentController
           Method = public java.lang.Iterable<com.jpa.amazon.ecommerce.shipments.domain.Shipment> com.jpa.amazon.ecommerce.shipments.controller.ShipmentController.getAll()

Async:
    Async started = false
     Async result = null

Resolved Exception:
             Type = null

ModelAndView:
        View name = null
             View = null
            Model = null

FlashMap:
       Attributes = null

MockHttpServletResponse:
           Status = 200
    Error message = null
          Headers = {Content-Type=[application/json;charset=UTF-8]}
     Content type = application/json;charset=UTF-8
             Body = []
    Forwarded URL = null
   Redirected URL = null
          Cookies = []
2018-08-02 08:47:57.706  INFO 82031 --- [    Test worker] s.w.s.m.m.a.RequestMappingHandlerMapping : Mapped "{[/shipments/{id}],methods=[PUT]}" onto public com.jpa.amazon.ecommerce.shipments.domain.Shipment com.jpa.amazon.ecommerce.shipments.controller.ShipmentController.update(java.lang.Long,com.jpa.amazon.ecommerce.shipments.domain.Shipment)
2018-08-02 08:47:57.706  INFO 82031 --- [    Test worker] s.w.s.m.m.a.RequestMappingHandlerMapping : Mapped "{[/shipments/{id}],methods=[DELETE]}" onto public void com.jpa.amazon.ecommerce.shipments.controller.ShipmentController.delete(java.lang.Long)
2018-08-02 08:47:57.707  INFO 82031 --- [    Test worker] s.w.s.m.m.a.RequestMappingHandlerMapping : Mapped "{[/shipments],methods=[POST]}" onto public com.jpa.amazon.ecommerce.shipments.domain.Shipment com.jpa.amazon.ecommerce.shipments.controller.ShipmentController.create(com.jpa.amazon.ecommerce.shipments.domain.Shipment)
2018-08-02 08:47:57.707  INFO 82031 --- [    Test worker] s.w.s.m.m.a.RequestMappingHandlerMapping : Mapped "{[/shipments/],methods=[GET]}" onto public java.lang.Iterable<com.jpa.amazon.ecommerce.shipments.domain.Shipment> com.jpa.amazon.ecommerce.shipments.controller.ShipmentController.getAll()
2018-08-02 08:47:57.707  INFO 82031 --- [    Test worker] s.w.s.m.m.a.RequestMappingHandlerMapping : Mapped "{[/shipments/{id}],methods=[GET]}" onto public com.jpa.amazon.ecommerce.shipments.domain.Shipment com.jpa.amazon.ecommerce.shipments.controller.ShipmentController.getById(java.lang.Long)
2018-08-02 08:47:57.708  INFO 82031 --- [    Test worker] s.w.s.m.m.a.RequestMappingHandlerMapping : Mapped "{[/shipments],methods=[GET]}" onto public java.util.List<com.jpa.amazon.ecommerce.shipments.domain.ShipmentDetails> com.jpa.amazon.ecommerce.shipments.controller.ShipmentController.getAllOrdersForAccount(long) throws java.io.IOException
2018-08-02 08:47:57.715  INFO 82031 --- [    Test worker] s.w.s.m.m.a.RequestMappingHandlerAdapter : Looking for @ControllerAdvice: org.springframework.test.web.servlet.setup.StubWebApplicationContext@715bc548
2018-08-02 08:47:57.717  INFO 82031 --- [    Test worker] o.s.mock.web.MockServletContext          : Initializing Spring FrameworkServlet ''
2018-08-02 08:47:57.717  INFO 82031 --- [    Test worker] o.s.t.web.servlet.TestDispatcherServlet  : FrameworkServlet '': initialization started
2018-08-02 08:47:57.717  INFO 82031 --- [    Test worker] o.s.t.web.servlet.TestDispatcherServlet  : FrameworkServlet '': initialization completed in 0 ms
2018-08-02 08:47:57.723  INFO 82031 --- [    Test worker] s.w.s.m.m.a.RequestMappingHandlerMapping : Mapped "{[/shipments/{id}],methods=[PUT]}" onto public com.jpa.amazon.ecommerce.shipments.domain.Shipment com.jpa.amazon.ecommerce.shipments.controller.ShipmentController.update(java.lang.Long,com.jpa.amazon.ecommerce.shipments.domain.Shipment)
2018-08-02 08:47:57.724  INFO 82031 --- [    Test worker] s.w.s.m.m.a.RequestMappingHandlerMapping : Mapped "{[/shipments/{id}],methods=[DELETE]}" onto public void com.jpa.amazon.ecommerce.shipments.controller.ShipmentController.delete(java.lang.Long)
2018-08-02 08:47:57.724  INFO 82031 --- [    Test worker] s.w.s.m.m.a.RequestMappingHandlerMapping : Mapped "{[/shipments],methods=[POST]}" onto public com.jpa.amazon.ecommerce.shipments.domain.Shipment com.jpa.amazon.ecommerce.shipments.controller.ShipmentController.create(com.jpa.amazon.ecommerce.shipments.domain.Shipment)
2018-08-02 08:47:57.724  INFO 82031 --- [    Test worker] s.w.s.m.m.a.RequestMappingHandlerMapping : Mapped "{[/shipments/],methods=[GET]}" onto public java.lang.Iterable<com.jpa.amazon.ecommerce.shipments.domain.Shipment> com.jpa.amazon.ecommerce.shipments.controller.ShipmentController.getAll()
2018-08-02 08:47:57.724  INFO 82031 --- [    Test worker] s.w.s.m.m.a.RequestMappingHandlerMapping : Mapped "{[/shipments/{id}],methods=[GET]}" onto public com.jpa.amazon.ecommerce.shipments.domain.Shipment com.jpa.amazon.ecommerce.shipments.controller.ShipmentController.getById(java.lang.Long)
2018-08-02 08:47:57.725  INFO 82031 --- [    Test worker] s.w.s.m.m.a.RequestMappingHandlerMapping : Mapped "{[/shipments],methods=[GET]}" onto public java.util.List<com.jpa.amazon.ecommerce.shipments.domain.ShipmentDetails> com.jpa.amazon.ecommerce.shipments.controller.ShipmentController.getAllOrdersForAccount(long) throws java.io.IOException
2018-08-02 08:47:57.732  INFO 82031 --- [    Test worker] s.w.s.m.m.a.RequestMappingHandlerAdapter : Looking for @ControllerAdvice: org.springframework.test.web.servlet.setup.StubWebApplicationContext@3feeeda7
2018-08-02 08:47:57.734  INFO 82031 --- [    Test worker] o.s.mock.web.MockServletContext          : Initializing Spring FrameworkServlet ''
2018-08-02 08:47:57.734  INFO 82031 --- [    Test worker] o.s.t.web.servlet.TestDispatcherServlet  : FrameworkServlet '': initialization started
2018-08-02 08:47:57.734  INFO 82031 --- [    Test worker] o.s.t.web.servlet.TestDispatcherServlet  : FrameworkServlet '': initialization completed in 0 ms
]]></system-out>
  <system-err><![CDATA[]]></system-err>
</testsuite>
