<?xml version="1.0" encoding="UTF-8"?>
<testsuite name="com.jpa.amazon.ecommerce.shipments.service.ShipmentServiceTest" tests="6" skipped="0" failures="0" errors="0" timestamp="2018-08-08T15:19:14" hostname="Rohan-Grovers-MacBook-Pro.local" time="0.019">
  <properties/>
  <testcase name="testGetShipments" classname="com.jpa.amazon.ecommerce.shipments.service.ShipmentServiceTest" time="0.003"/>
  <testcase name="testUpdateShipment" classname="com.jpa.amazon.ecommerce.shipments.service.ShipmentServiceTest" time="0.006"/>
  <testcase name="testCreateShipment" classname="com.jpa.amazon.ecommerce.shipments.service.ShipmentServiceTest" time="0.002"/>
  <testcase name="testDeleteShipment" classname="com.jpa.amazon.ecommerce.shipments.service.ShipmentServiceTest" time="0.002"/>
  <testcase name="testGetShipmentById" classname="com.jpa.amazon.ecommerce.shipments.service.ShipmentServiceTest" time="0.002"/>
  <testcase name="testAllOrdersForAccount" classname="com.jpa.amazon.ecommerce.shipments.service.ShipmentServiceTest" time="0.001"/>
  <system-out><![CDATA[2018-08-08 10:19:14.279  INFO 31882 --- [    Test worker] o.s.t.c.s.DefaultTestContextBootstrapper : Neither @ContextConfiguration nor @ContextHierarchy found for test class [com.jpa.amazon.ecommerce.shipments.service.ShipmentServiceTest], using DelegatingSmartContextLoader
2018-08-08 10:19:14.280  INFO 31882 --- [    Test worker] o.s.t.c.support.AbstractContextLoader    : Could not detect default resource locations for test class [com.jpa.amazon.ecommerce.shipments.service.ShipmentServiceTest]: no resource found for suffixes {-context.xml}.
2018-08-08 10:19:14.280  INFO 31882 --- [    Test worker] t.c.s.AnnotationConfigContextLoaderUtils : Could not detect default configuration classes for test class [com.jpa.amazon.ecommerce.shipments.service.ShipmentServiceTest]: ShipmentServiceTest does not declare any static, non-private, non-final, nested classes annotated with @Configuration.
2018-08-08 10:19:14.281  INFO 31882 --- [    Test worker] o.s.t.c.s.DefaultTestContextBootstrapper : Loaded default TestExecutionListener class names from location [META-INF/spring.factories]: [org.springframework.boot.test.autoconfigure.restdocs.RestDocsTestExecutionListener, org.springframework.boot.test.autoconfigure.web.client.MockRestServiceServerResetTestExecutionListener, org.springframework.boot.test.autoconfigure.web.servlet.MockMvcPrintOnlyOnFailureTestExecutionListener, org.springframework.boot.test.autoconfigure.web.servlet.WebDriverTestExecutionListener, org.springframework.boot.test.mock.mockito.MockitoTestExecutionListener, org.springframework.boot.test.mock.mockito.ResetMocksTestExecutionListener, org.springframework.test.context.web.ServletTestExecutionListener, org.springframework.test.context.support.DirtiesContextBeforeModesTestExecutionListener, org.springframework.test.context.support.DependencyInjectionTestExecutionListener, org.springframework.test.context.support.DirtiesContextTestExecutionListener, org.springframework.test.context.transaction.TransactionalTestExecutionListener, org.springframework.test.context.jdbc.SqlScriptsTestExecutionListener]
2018-08-08 10:19:14.282  INFO 31882 --- [    Test worker] o.s.t.c.s.DefaultTestContextBootstrapper : Using TestExecutionListeners: [org.springframework.test.context.web.ServletTestExecutionListener@3f1475ee, org.springframework.test.context.support.DirtiesContextBeforeModesTestExecutionListener@66a5bee5, org.springframework.boot.test.mock.mockito.MockitoTestExecutionListener@58eb25c4, org.springframework.test.context.support.DependencyInjectionTestExecutionListener@e252a10, org.springframework.test.context.support.DirtiesContextTestExecutionListener@1282853f, org.springframework.test.context.transaction.TransactionalTestExecutionListener@591b531c, org.springframework.test.context.jdbc.SqlScriptsTestExecutionListener@58df98fe, org.springframework.boot.test.autoconfigure.restdocs.RestDocsTestExecutionListener@7f0d4c5f, org.springframework.boot.test.autoconfigure.web.client.MockRestServiceServerResetTestExecutionListener@792085fc, org.springframework.boot.test.autoconfigure.web.servlet.MockMvcPrintOnlyOnFailureTestExecutionListener@7a20ba77, org.springframework.boot.test.autoconfigure.web.servlet.WebDriverTestExecutionListener@5e9cd5a5, org.springframework.boot.test.mock.mockito.ResetMocksTestExecutionListener@4b66059d]
2018-08-08 10:19:14.336  INFO 31882 --- [    Test worker] o.s.c.support.GenericApplicationContext  : Refreshing org.springframework.context.support.GenericApplicationContext@5d55cbb6: startup date [Wed Aug 08 10:19:14 CDT 2018]; root of context hierarchy
2018-08-08 10:19:14.340  INFO 31882 --- [    Test worker] f.a.AutowiredAnnotationBeanPostProcessor : JSR-330 'javax.inject.Inject' annotation found and supported for autowiring
]]></system-out>
  <system-err><![CDATA[]]></system-err>
</testsuite>
