<?xml version="1.0" encoding="UTF-8"?>
<testsuite name="com.jpa.amazon.ecommerce.shipments.controller.ShipmentControllerTest" tests="6" skipped="0" failures="0" errors="0" timestamp="2018-08-08T16:29:55" hostname="Rohan-Grovers-MacBook-Pro.local" time="0.278">
  <properties/>
  <testcase name="testGetAllShipmentsOfAccount" classname="com.jpa.amazon.ecommerce.shipments.controller.ShipmentControllerTest" time="0.102"/>
  <testcase name="testUpdateShipment" classname="com.jpa.amazon.ecommerce.shipments.controller.ShipmentControllerTest" time="0.092"/>
  <testcase name="testCreateShipment" classname="com.jpa.amazon.ecommerce.shipments.controller.ShipmentControllerTest" time="0.023"/>
  <testcase name="testGetAllShipments" classname="com.jpa.amazon.ecommerce.shipments.controller.ShipmentControllerTest" time="0.02"/>
  <testcase name="testDeleteShipment" classname="com.jpa.amazon.ecommerce.shipments.controller.ShipmentControllerTest" time="0.017"/>
  <testcase name="testGetShipmentById" classname="com.jpa.amazon.ecommerce.shipments.controller.ShipmentControllerTest" time="0.019"/>
  <system-out><![CDATA[2018-08-08 11:29:54.394  INFO 48130 --- [    Test worker] o.s.t.c.support.AbstractContextLoader    : Could not detect default resource locations for test class [com.jpa.amazon.ecommerce.shipments.controller.ShipmentControllerTest]: no resource found for suffixes {-context.xml, Context.groovy}.
2018-08-08 11:29:54.406  INFO 48130 --- [    Test worker] .b.t.a.w.s.WebMvcTestContextBootstrapper : Loaded default TestExecutionListener class names from location [META-INF/spring.factories]: [org.springframework.boot.test.autoconfigure.restdocs.RestDocsTestExecutionListener, org.springframework.boot.test.autoconfigure.web.client.MockRestServiceServerResetTestExecutionListener, org.springframework.boot.test.autoconfigure.web.servlet.MockMvcPrintOnlyOnFailureTestExecutionListener, org.springframework.boot.test.autoconfigure.web.servlet.WebDriverTestExecutionListener, org.springframework.boot.test.mock.mockito.MockitoTestExecutionListener, org.springframework.boot.test.mock.mockito.ResetMocksTestExecutionListener, org.springframework.test.context.web.ServletTestExecutionListener, org.springframework.test.context.support.DirtiesContextBeforeModesTestExecutionListener, org.springframework.test.context.support.DependencyInjectionTestExecutionListener, org.springframework.test.context.support.DirtiesContextTestExecutionListener, org.springframework.test.context.transaction.TransactionalTestExecutionListener, org.springframework.test.context.jdbc.SqlScriptsTestExecutionListener]
2018-08-08 11:29:54.407  INFO 48130 --- [    Test worker] .b.t.a.w.s.WebMvcTestContextBootstrapper : Using TestExecutionListeners: [org.springframework.test.context.web.ServletTestExecutionListener@257968b4, org.springframework.test.context.support.DirtiesContextBeforeModesTestExecutionListener@6b8422e1, org.springframework.boot.test.mock.mockito.MockitoTestExecutionListener@4a6619c0, org.springframework.boot.test.autoconfigure.SpringBootDependencyInjectionTestExecutionListener@3eef82a3, org.springframework.test.context.support.DirtiesContextTestExecutionListener@50bd7102, org.springframework.test.context.transaction.TransactionalTestExecutionListener@1ae4c2de, org.springframework.test.context.jdbc.SqlScriptsTestExecutionListener@60b6605b, org.springframework.boot.test.autoconfigure.restdocs.RestDocsTestExecutionListener@220e0c74, org.springframework.boot.test.autoconfigure.web.client.MockRestServiceServerResetTestExecutionListener@19805c56, org.springframework.boot.test.autoconfigure.web.servlet.MockMvcPrintOnlyOnFailureTestExecutionListener@25ce8f8a, org.springframework.boot.test.autoconfigure.web.servlet.WebDriverTestExecutionListener@76a987d0, org.springframework.boot.test.mock.mockito.ResetMocksTestExecutionListener@249658dd]
2018-08-08 11:29:54.776  INFO 48130 --- [    Test worker] s.c.a.AnnotationConfigApplicationContext : Refreshing org.springframework.context.annotation.AnnotationConfigApplicationContext@7c2cd975: startup date [Wed Aug 08 11:29:54 CDT 2018]; root of context hierarchy
2018-08-08 11:29:54.795  INFO 48130 --- [    Test worker] f.a.AutowiredAnnotationBeanPostProcessor : JSR-330 'javax.inject.Inject' annotation found and supported for autowiring
2018-08-08 11:29:54.811  INFO 48130 --- [    Test worker] trationDelegate$BeanPostProcessorChecker : Bean 'configurationPropertiesRebinderAutoConfiguration' of type [org.springframework.cloud.autoconfigure.ConfigurationPropertiesRebinderAutoConfiguration$$EnhancerBySpringCGLIB$$5215595f] is not eligible for getting processed by all BeanPostProcessors (for example: not eligible for auto-proxying)

  .   ____          _            __ _ _
 /\\ / ___'_ __ _ _(_)_ __  __ _ \ \ \ \
( ( )\___ | '_ | '_| | '_ \/ _` | \ \ \ \
 \\/  ___)| |_)| | | | | || (_| |  ) ) ) )
  '  |____| .__|_| |_|_| |_\__, | / / / /
 =========|_|==============|___/=/_/_/_/
 :: Spring Boot ::        (v2.0.3.RELEASE)

2018-08-08 11:29:54.870  INFO 48130 --- [    Test worker] c.j.a.e.s.c.ShipmentControllerTest       : No active profile set, falling back to default profiles: default
2018-08-08 11:29:54.872  INFO 48130 --- [    Test worker] o.s.w.c.s.GenericWebApplicationContext   : Refreshing org.springframework.web.context.support.GenericWebApplicationContext@796202d5: startup date [Wed Aug 08 11:29:54 CDT 2018]; parent: org.springframework.context.annotation.AnnotationConfigApplicationContext@7c2cd975
2018-08-08 11:29:55.002  INFO 48130 --- [    Test worker] f.a.AutowiredAnnotationBeanPostProcessor : JSR-330 'javax.inject.Inject' annotation found and supported for autowiring
2018-08-08 11:29:55.148  INFO 48130 --- [    Test worker] o.s.w.s.handler.SimpleUrlHandlerMapping  : Mapped URL path [/**/favicon.ico] onto handler of type [class org.springframework.web.servlet.resource.ResourceHttpRequestHandler]
2018-08-08 11:29:55.207  INFO 48130 --- [    Test worker] s.w.s.m.m.a.RequestMappingHandlerAdapter : Looking for @ControllerAdvice: org.springframework.web.context.support.GenericWebApplicationContext@796202d5: startup date [Wed Aug 08 11:29:54 CDT 2018]; parent: org.springframework.context.annotation.AnnotationConfigApplicationContext@7c2cd975
2018-08-08 11:29:55.218  INFO 48130 --- [    Test worker] s.w.s.m.m.a.RequestMappingHandlerMapping : Mapped "{[/error]}" onto public org.springframework.http.ResponseEntity<java.util.Map<java.lang.String, java.lang.Object>> org.springframework.boot.autoconfigure.web.servlet.error.BasicErrorController.error(javax.servlet.http.HttpServletRequest)
2018-08-08 11:29:55.219  INFO 48130 --- [    Test worker] s.w.s.m.m.a.RequestMappingHandlerMapping : Mapped "{[/error],produces=[text/html]}" onto public org.springframework.web.servlet.ModelAndView org.springframework.boot.autoconfigure.web.servlet.error.BasicErrorController.errorHtml(javax.servlet.http.HttpServletRequest,javax.servlet.http.HttpServletResponse)
2018-08-08 11:29:55.236  INFO 48130 --- [    Test worker] o.s.w.s.handler.SimpleUrlHandlerMapping  : Mapped URL path [/webjars/**] onto handler of type [class org.springframework.web.servlet.resource.ResourceHttpRequestHandler]
2018-08-08 11:29:55.236  INFO 48130 --- [    Test worker] o.s.w.s.handler.SimpleUrlHandlerMapping  : Mapped URL path [/**] onto handler of type [class org.springframework.web.servlet.resource.ResourceHttpRequestHandler]
2018-08-08 11:29:55.262  WARN 48130 --- [    Test worker] ion$DefaultTemplateResolverConfiguration : Cannot find template location: classpath:/templates/ (please add some templates or check your Thymeleaf configuration)
2018-08-08 11:29:55.358  INFO 48130 --- [    Test worker] .s.s.UserDetailsServiceAutoConfiguration : 

Using generated security password: 726a9d37-ddc9-4ec3-8023-1b6ef6c7ef84

2018-08-08 11:29:55.405  INFO 48130 --- [    Test worker] o.s.s.web.DefaultSecurityFilterChain     : Creating filter chain: org.springframework.security.web.util.matcher.AnyRequestMatcher@1, [org.springframework.security.web.context.request.async.WebAsyncManagerIntegrationFilter@7b376ec5, org.springframework.security.web.context.SecurityContextPersistenceFilter@2cd6ab71, org.springframework.security.web.header.HeaderWriterFilter@5de8d14b, org.springframework.security.web.authentication.logout.LogoutFilter@a204d00, org.springframework.security.web.savedrequest.RequestCacheAwareFilter@201ae917, org.springframework.security.web.servletapi.SecurityContextHolderAwareRequestFilter@3be306d6, org.springframework.security.web.authentication.AnonymousAuthenticationFilter@1054aa56, org.springframework.security.web.session.SessionManagementFilter@1060e84, org.springframework.security.web.access.ExceptionTranslationFilter@763f4feb, org.springframework.security.web.access.intercept.FilterSecurityInterceptor@4f279165]
2018-08-08 11:29:55.419  INFO 48130 --- [    Test worker] o.s.b.t.m.w.SpringBootMockServletContext : Initializing Spring FrameworkServlet ''
2018-08-08 11:29:55.420  INFO 48130 --- [    Test worker] o.s.t.web.servlet.TestDispatcherServlet  : FrameworkServlet '': initialization started
2018-08-08 11:29:55.430  INFO 48130 --- [    Test worker] o.s.t.web.servlet.TestDispatcherServlet  : FrameworkServlet '': initialization completed in 10 ms
2018-08-08 11:29:55.451  INFO 48130 --- [    Test worker] c.j.a.e.s.c.ShipmentControllerTest       : Started ShipmentControllerTest in 0.728 seconds (JVM running for 9.182)
2018-08-08 11:29:55.466  INFO 48130 --- [    Test worker] s.w.s.m.m.a.RequestMappingHandlerMapping : Mapped "{[/shipments/{id}],methods=[PUT]}" onto public com.jpa.amazon.ecommerce.shipments.domain.Shipment com.jpa.amazon.ecommerce.shipments.controller.ShipmentController.update(java.lang.Long,com.jpa.amazon.ecommerce.shipments.domain.Shipment)
2018-08-08 11:29:55.466  INFO 48130 --- [    Test worker] s.w.s.m.m.a.RequestMappingHandlerMapping : Mapped "{[/shipments/{id}],methods=[DELETE]}" onto public void com.jpa.amazon.ecommerce.shipments.controller.ShipmentController.delete(java.lang.Long)
2018-08-08 11:29:55.467  INFO 48130 --- [    Test worker] s.w.s.m.m.a.RequestMappingHandlerMapping : Mapped "{[/shipments],methods=[POST]}" onto public com.jpa.amazon.ecommerce.shipments.domain.Shipment com.jpa.amazon.ecommerce.shipments.controller.ShipmentController.create(com.jpa.amazon.ecommerce.shipments.domain.Shipment)
2018-08-08 11:29:55.467  INFO 48130 --- [    Test worker] s.w.s.m.m.a.RequestMappingHandlerMapping : Mapped "{[/shipments/],methods=[GET]}" onto public java.lang.Iterable<com.jpa.amazon.ecommerce.shipments.domain.Shipment> com.jpa.amazon.ecommerce.shipments.controller.ShipmentController.getAll()
2018-08-08 11:29:55.468  INFO 48130 --- [    Test worker] s.w.s.m.m.a.RequestMappingHandlerMapping : Mapped "{[/shipments/{id}],methods=[GET]}" onto public com.jpa.amazon.ecommerce.shipments.domain.Shipment com.jpa.amazon.ecommerce.shipments.controller.ShipmentController.getById(java.lang.Long)
2018-08-08 11:29:55.468  INFO 48130 --- [    Test worker] s.w.s.m.m.a.RequestMappingHandlerMapping : Mapped "{[/shipments],methods=[GET]}" onto public java.util.List<com.jpa.amazon.ecommerce.shipments.domain.ShipmentDetails> com.jpa.amazon.ecommerce.shipments.controller.ShipmentController.getAllOrdersForAccount(long) throws java.io.IOException
2018-08-08 11:29:55.478  INFO 48130 --- [    Test worker] s.w.s.m.m.a.RequestMappingHandlerAdapter : Looking for @ControllerAdvice: org.springframework.test.web.servlet.setup.StubWebApplicationContext@7d29257f
2018-08-08 11:29:55.480  INFO 48130 --- [    Test worker] o.s.mock.web.MockServletContext          : Initializing Spring FrameworkServlet ''
2018-08-08 11:29:55.480  INFO 48130 --- [    Test worker] o.s.t.web.servlet.TestDispatcherServlet  : FrameworkServlet '': initialization started
2018-08-08 11:29:55.481  INFO 48130 --- [    Test worker] o.s.t.web.servlet.TestDispatcherServlet  : FrameworkServlet '': initialization completed in 0 ms

MockHttpServletRequest:
      HTTP Method = GET
      Request URI = /shipments
       Parameters = {accountId=[1]}
          Headers = {Content-Type=[application/json], Accept=[application/json]}
             Body = <no character encoding set>
    Session Attrs = {}

Handler:
             Type = com.jpa.amazon.ecommerce.shipments.controller.ShipmentController
           Method = public java.util.List<com.jpa.amazon.ecommerce.shipments.domain.ShipmentDetails> com.jpa.amazon.ecommerce.shipments.controller.ShipmentController.getAllOrdersForAccount(long) throws java.io.IOException

Async:
    Async started = false
     Async result = null

Resolved Exception:
             Type = null

ModelAndView:
        View name = null
             View = null
            Model = null

FlashMap:
       Attributes = null

MockHttpServletResponse:
           Status = 200
    Error message = null
          Headers = {Content-Type=[application/json;charset=UTF-8]}
     Content type = application/json;charset=UTF-8
             Body = []
    Forwarded URL = null
   Redirected URL = null
          Cookies = []
2018-08-08 11:29:55.560  INFO 48130 --- [    Test worker] s.w.s.m.m.a.RequestMappingHandlerMapping : Mapped "{[/shipments/{id}],methods=[PUT]}" onto public com.jpa.amazon.ecommerce.shipments.domain.Shipment com.jpa.amazon.ecommerce.shipments.controller.ShipmentController.update(java.lang.Long,com.jpa.amazon.ecommerce.shipments.domain.Shipment)
2018-08-08 11:29:55.560  INFO 48130 --- [    Test worker] s.w.s.m.m.a.RequestMappingHandlerMapping : Mapped "{[/shipments/{id}],methods=[DELETE]}" onto public void com.jpa.amazon.ecommerce.shipments.controller.ShipmentController.delete(java.lang.Long)
2018-08-08 11:29:55.561  INFO 48130 --- [    Test worker] s.w.s.m.m.a.RequestMappingHandlerMapping : Mapped "{[/shipments],methods=[POST]}" onto public com.jpa.amazon.ecommerce.shipments.domain.Shipment com.jpa.amazon.ecommerce.shipments.controller.ShipmentController.create(com.jpa.amazon.ecommerce.shipments.domain.Shipment)
2018-08-08 11:29:55.561  INFO 48130 --- [    Test worker] s.w.s.m.m.a.RequestMappingHandlerMapping : Mapped "{[/shipments/],methods=[GET]}" onto public java.lang.Iterable<com.jpa.amazon.ecommerce.shipments.domain.Shipment> com.jpa.amazon.ecommerce.shipments.controller.ShipmentController.getAll()
2018-08-08 11:29:55.561  INFO 48130 --- [    Test worker] s.w.s.m.m.a.RequestMappingHandlerMapping : Mapped "{[/shipments/{id}],methods=[GET]}" onto public com.jpa.amazon.ecommerce.shipments.domain.Shipment com.jpa.amazon.ecommerce.shipments.controller.ShipmentController.getById(java.lang.Long)
2018-08-08 11:29:55.562  INFO 48130 --- [    Test worker] s.w.s.m.m.a.RequestMappingHandlerMapping : Mapped "{[/shipments],methods=[GET]}" onto public java.util.List<com.jpa.amazon.ecommerce.shipments.domain.ShipmentDetails> com.jpa.amazon.ecommerce.shipments.controller.ShipmentController.getAllOrdersForAccount(long) throws java.io.IOException
2018-08-08 11:29:55.569  INFO 48130 --- [    Test worker] s.w.s.m.m.a.RequestMappingHandlerAdapter : Looking for @ControllerAdvice: org.springframework.test.web.servlet.setup.StubWebApplicationContext@2166bd08
2018-08-08 11:29:55.571  INFO 48130 --- [    Test worker] o.s.mock.web.MockServletContext          : Initializing Spring FrameworkServlet ''
2018-08-08 11:29:55.571  INFO 48130 --- [    Test worker] o.s.t.web.servlet.TestDispatcherServlet  : FrameworkServlet '': initialization started
2018-08-08 11:29:55.571  INFO 48130 --- [    Test worker] o.s.t.web.servlet.TestDispatcherServlet  : FrameworkServlet '': initialization completed in 0 ms

MockHttpServletRequest:
      HTTP Method = PUT
      Request URI = /shipments/2
       Parameters = {}
          Headers = {Content-Type=[application/json]}
             Body = <no character encoding set>
    Session Attrs = {}

Handler:
             Type = com.jpa.amazon.ecommerce.shipments.controller.ShipmentController
           Method = public com.jpa.amazon.ecommerce.shipments.domain.Shipment com.jpa.amazon.ecommerce.shipments.controller.ShipmentController.update(java.lang.Long,com.jpa.amazon.ecommerce.shipments.domain.Shipment)

Async:
    Async started = false
     Async result = null

Resolved Exception:
             Type = null

ModelAndView:
        View name = null
             View = null
            Model = null

FlashMap:
       Attributes = null

MockHttpServletResponse:
           Status = 200
    Error message = null
          Headers = {}
     Content type = null
             Body = 
    Forwarded URL = null
   Redirected URL = null
          Cookies = []
2018-08-08 11:29:55.655  INFO 48130 --- [    Test worker] s.w.s.m.m.a.RequestMappingHandlerMapping : Mapped "{[/shipments/{id}],methods=[PUT]}" onto public com.jpa.amazon.ecommerce.shipments.domain.Shipment com.jpa.amazon.ecommerce.shipments.controller.ShipmentController.update(java.lang.Long,com.jpa.amazon.ecommerce.shipments.domain.Shipment)
2018-08-08 11:29:55.655  INFO 48130 --- [    Test worker] s.w.s.m.m.a.RequestMappingHandlerMapping : Mapped "{[/shipments/{id}],methods=[DELETE]}" onto public void com.jpa.amazon.ecommerce.shipments.controller.ShipmentController.delete(java.lang.Long)
2018-08-08 11:29:55.655  INFO 48130 --- [    Test worker] s.w.s.m.m.a.RequestMappingHandlerMapping : Mapped "{[/shipments],methods=[POST]}" onto public com.jpa.amazon.ecommerce.shipments.domain.Shipment com.jpa.amazon.ecommerce.shipments.controller.ShipmentController.create(com.jpa.amazon.ecommerce.shipments.domain.Shipment)
2018-08-08 11:29:55.656  INFO 48130 --- [    Test worker] s.w.s.m.m.a.RequestMappingHandlerMapping : Mapped "{[/shipments/],methods=[GET]}" onto public java.lang.Iterable<com.jpa.amazon.ecommerce.shipments.domain.Shipment> com.jpa.amazon.ecommerce.shipments.controller.ShipmentController.getAll()
2018-08-08 11:29:55.657  INFO 48130 --- [    Test worker] s.w.s.m.m.a.RequestMappingHandlerMapping : Mapped "{[/shipments/{id}],methods=[GET]}" onto public com.jpa.amazon.ecommerce.shipments.domain.Shipment com.jpa.amazon.ecommerce.shipments.controller.ShipmentController.getById(java.lang.Long)
2018-08-08 11:29:55.657  INFO 48130 --- [    Test worker] s.w.s.m.m.a.RequestMappingHandlerMapping : Mapped "{[/shipments],methods=[GET]}" onto public java.util.List<com.jpa.amazon.ecommerce.shipments.domain.ShipmentDetails> com.jpa.amazon.ecommerce.shipments.controller.ShipmentController.getAllOrdersForAccount(long) throws java.io.IOException
2018-08-08 11:29:55.665  INFO 48130 --- [    Test worker] s.w.s.m.m.a.RequestMappingHandlerAdapter : Looking for @ControllerAdvice: org.springframework.test.web.servlet.setup.StubWebApplicationContext@7364b70b
2018-08-08 11:29:55.667  INFO 48130 --- [    Test worker] o.s.mock.web.MockServletContext          : Initializing Spring FrameworkServlet ''
2018-08-08 11:29:55.667  INFO 48130 --- [    Test worker] o.s.t.web.servlet.TestDispatcherServlet  : FrameworkServlet '': initialization started
2018-08-08 11:29:55.667  INFO 48130 --- [    Test worker] o.s.t.web.servlet.TestDispatcherServlet  : FrameworkServlet '': initialization completed in 0 ms

MockHttpServletRequest:
      HTTP Method = POST
      Request URI = /shipments
       Parameters = {}
          Headers = {Content-Type=[application/json]}
             Body = <no character encoding set>
    Session Attrs = {}

Handler:
             Type = com.jpa.amazon.ecommerce.shipments.controller.ShipmentController
           Method = public com.jpa.amazon.ecommerce.shipments.domain.Shipment com.jpa.amazon.ecommerce.shipments.controller.ShipmentController.create(com.jpa.amazon.ecommerce.shipments.domain.Shipment)

Async:
    Async started = false
     Async result = null

Resolved Exception:
             Type = null

ModelAndView:
        View name = null
             View = null
            Model = null

FlashMap:
       Attributes = null

MockHttpServletResponse:
           Status = 201
    Error message = null
          Headers = {}
     Content type = null
             Body = 
    Forwarded URL = null
   Redirected URL = null
          Cookies = []
2018-08-08 11:29:55.678  INFO 48130 --- [    Test worker] s.w.s.m.m.a.RequestMappingHandlerMapping : Mapped "{[/shipments/{id}],methods=[PUT]}" onto public com.jpa.amazon.ecommerce.shipments.domain.Shipment com.jpa.amazon.ecommerce.shipments.controller.ShipmentController.update(java.lang.Long,com.jpa.amazon.ecommerce.shipments.domain.Shipment)
2018-08-08 11:29:55.678  INFO 48130 --- [    Test worker] s.w.s.m.m.a.RequestMappingHandlerMapping : Mapped "{[/shipments/{id}],methods=[DELETE]}" onto public void com.jpa.amazon.ecommerce.shipments.controller.ShipmentController.delete(java.lang.Long)
2018-08-08 11:29:55.678  INFO 48130 --- [    Test worker] s.w.s.m.m.a.RequestMappingHandlerMapping : Mapped "{[/shipments],methods=[POST]}" onto public com.jpa.amazon.ecommerce.shipments.domain.Shipment com.jpa.amazon.ecommerce.shipments.controller.ShipmentController.create(com.jpa.amazon.ecommerce.shipments.domain.Shipment)
2018-08-08 11:29:55.679  INFO 48130 --- [    Test worker] s.w.s.m.m.a.RequestMappingHandlerMapping : Mapped "{[/shipments/],methods=[GET]}" onto public java.lang.Iterable<com.jpa.amazon.ecommerce.shipments.domain.Shipment> com.jpa.amazon.ecommerce.shipments.controller.ShipmentController.getAll()
2018-08-08 11:29:55.679  INFO 48130 --- [    Test worker] s.w.s.m.m.a.RequestMappingHandlerMapping : Mapped "{[/shipments/{id}],methods=[GET]}" onto public com.jpa.amazon.ecommerce.shipments.domain.Shipment com.jpa.amazon.ecommerce.shipments.controller.ShipmentController.getById(java.lang.Long)
2018-08-08 11:29:55.679  INFO 48130 --- [    Test worker] s.w.s.m.m.a.RequestMappingHandlerMapping : Mapped "{[/shipments],methods=[GET]}" onto public java.util.List<com.jpa.amazon.ecommerce.shipments.domain.ShipmentDetails> com.jpa.amazon.ecommerce.shipments.controller.ShipmentController.getAllOrdersForAccount(long) throws java.io.IOException
2018-08-08 11:29:55.688  INFO 48130 --- [    Test worker] s.w.s.m.m.a.RequestMappingHandlerAdapter : Looking for @ControllerAdvice: org.springframework.test.web.servlet.setup.StubWebApplicationContext@1cd18c30
2018-08-08 11:29:55.689  INFO 48130 --- [    Test worker] o.s.mock.web.MockServletContext          : Initializing Spring FrameworkServlet ''
2018-08-08 11:29:55.689  INFO 48130 --- [    Test worker] o.s.t.web.servlet.TestDispatcherServlet  : FrameworkServlet '': initialization started
2018-08-08 11:29:55.690  INFO 48130 --- [    Test worker] o.s.t.web.servlet.TestDispatcherServlet  : FrameworkServlet '': initialization completed in 0 ms

MockHttpServletRequest:
      HTTP Method = GET
      Request URI = /shipments/
       Parameters = {}
          Headers = {}
             Body = <no character encoding set>
    Session Attrs = {}

Handler:
             Type = com.jpa.amazon.ecommerce.shipments.controller.ShipmentController
           Method = public java.lang.Iterable<com.jpa.amazon.ecommerce.shipments.domain.Shipment> com.jpa.amazon.ecommerce.shipments.controller.ShipmentController.getAll()

Async:
    Async started = false
     Async result = null

Resolved Exception:
             Type = null

ModelAndView:
        View name = null
             View = null
            Model = null

FlashMap:
       Attributes = null

MockHttpServletResponse:
           Status = 200
    Error message = null
          Headers = {Content-Type=[application/json;charset=UTF-8]}
     Content type = application/json;charset=UTF-8
             Body = []
    Forwarded URL = null
   Redirected URL = null
          Cookies = []
2018-08-08 11:29:55.700  INFO 48130 --- [    Test worker] s.w.s.m.m.a.RequestMappingHandlerMapping : Mapped "{[/shipments/{id}],methods=[PUT]}" onto public com.jpa.amazon.ecommerce.shipments.domain.Shipment com.jpa.amazon.ecommerce.shipments.controller.ShipmentController.update(java.lang.Long,com.jpa.amazon.ecommerce.shipments.domain.Shipment)
2018-08-08 11:29:55.701  INFO 48130 --- [    Test worker] s.w.s.m.m.a.RequestMappingHandlerMapping : Mapped "{[/shipments/{id}],methods=[DELETE]}" onto public void com.jpa.amazon.ecommerce.shipments.controller.ShipmentController.delete(java.lang.Long)
2018-08-08 11:29:55.701  INFO 48130 --- [    Test worker] s.w.s.m.m.a.RequestMappingHandlerMapping : Mapped "{[/shipments],methods=[POST]}" onto public com.jpa.amazon.ecommerce.shipments.domain.Shipment com.jpa.amazon.ecommerce.shipments.controller.ShipmentController.create(com.jpa.amazon.ecommerce.shipments.domain.Shipment)
2018-08-08 11:29:55.701  INFO 48130 --- [    Test worker] s.w.s.m.m.a.RequestMappingHandlerMapping : Mapped "{[/shipments/],methods=[GET]}" onto public java.lang.Iterable<com.jpa.amazon.ecommerce.shipments.domain.Shipment> com.jpa.amazon.ecommerce.shipments.controller.ShipmentController.getAll()
2018-08-08 11:29:55.701  INFO 48130 --- [    Test worker] s.w.s.m.m.a.RequestMappingHandlerMapping : Mapped "{[/shipments/{id}],methods=[GET]}" onto public com.jpa.amazon.ecommerce.shipments.domain.Shipment com.jpa.amazon.ecommerce.shipments.controller.ShipmentController.getById(java.lang.Long)
2018-08-08 11:29:55.702  INFO 48130 --- [    Test worker] s.w.s.m.m.a.RequestMappingHandlerMapping : Mapped "{[/shipments],methods=[GET]}" onto public java.util.List<com.jpa.amazon.ecommerce.shipments.domain.ShipmentDetails> com.jpa.amazon.ecommerce.shipments.controller.ShipmentController.getAllOrdersForAccount(long) throws java.io.IOException
2018-08-08 11:29:55.709  INFO 48130 --- [    Test worker] s.w.s.m.m.a.RequestMappingHandlerAdapter : Looking for @ControllerAdvice: org.springframework.test.web.servlet.setup.StubWebApplicationContext@50c6f82e
2018-08-08 11:29:55.710  INFO 48130 --- [    Test worker] o.s.mock.web.MockServletContext          : Initializing Spring FrameworkServlet ''
2018-08-08 11:29:55.710  INFO 48130 --- [    Test worker] o.s.t.web.servlet.TestDispatcherServlet  : FrameworkServlet '': initialization started
2018-08-08 11:29:55.710  INFO 48130 --- [    Test worker] o.s.t.web.servlet.TestDispatcherServlet  : FrameworkServlet '': initialization completed in 0 ms
2018-08-08 11:29:55.717  INFO 48130 --- [    Test worker] s.w.s.m.m.a.RequestMappingHandlerMapping : Mapped "{[/shipments/{id}],methods=[PUT]}" onto public com.jpa.amazon.ecommerce.shipments.domain.Shipment com.jpa.amazon.ecommerce.shipments.controller.ShipmentController.update(java.lang.Long,com.jpa.amazon.ecommerce.shipments.domain.Shipment)
2018-08-08 11:29:55.717  INFO 48130 --- [    Test worker] s.w.s.m.m.a.RequestMappingHandlerMapping : Mapped "{[/shipments/{id}],methods=[DELETE]}" onto public void com.jpa.amazon.ecommerce.shipments.controller.ShipmentController.delete(java.lang.Long)
2018-08-08 11:29:55.717  INFO 48130 --- [    Test worker] s.w.s.m.m.a.RequestMappingHandlerMapping : Mapped "{[/shipments],methods=[POST]}" onto public com.jpa.amazon.ecommerce.shipments.domain.Shipment com.jpa.amazon.ecommerce.shipments.controller.ShipmentController.create(com.jpa.amazon.ecommerce.shipments.domain.Shipment)
2018-08-08 11:29:55.717  INFO 48130 --- [    Test worker] s.w.s.m.m.a.RequestMappingHandlerMapping : Mapped "{[/shipments/],methods=[GET]}" onto public java.lang.Iterable<com.jpa.amazon.ecommerce.shipments.domain.Shipment> com.jpa.amazon.ecommerce.shipments.controller.ShipmentController.getAll()
2018-08-08 11:29:55.718  INFO 48130 --- [    Test worker] s.w.s.m.m.a.RequestMappingHandlerMapping : Mapped "{[/shipments/{id}],methods=[GET]}" onto public com.jpa.amazon.ecommerce.shipments.domain.Shipment com.jpa.amazon.ecommerce.shipments.controller.ShipmentController.getById(java.lang.Long)
2018-08-08 11:29:55.718  INFO 48130 --- [    Test worker] s.w.s.m.m.a.RequestMappingHandlerMapping : Mapped "{[/shipments],methods=[GET]}" onto public java.util.List<com.jpa.amazon.ecommerce.shipments.domain.ShipmentDetails> com.jpa.amazon.ecommerce.shipments.controller.ShipmentController.getAllOrdersForAccount(long) throws java.io.IOException
2018-08-08 11:29:55.727  INFO 48130 --- [    Test worker] s.w.s.m.m.a.RequestMappingHandlerAdapter : Looking for @ControllerAdvice: org.springframework.test.web.servlet.setup.StubWebApplicationContext@46ea239
2018-08-08 11:29:55.729  INFO 48130 --- [    Test worker] o.s.mock.web.MockServletContext          : Initializing Spring FrameworkServlet ''
2018-08-08 11:29:55.729  INFO 48130 --- [    Test worker] o.s.t.web.servlet.TestDispatcherServlet  : FrameworkServlet '': initialization started
2018-08-08 11:29:55.729  INFO 48130 --- [    Test worker] o.s.t.web.servlet.TestDispatcherServlet  : FrameworkServlet '': initialization completed in 0 ms
]]></system-out>
  <system-err><![CDATA[]]></system-err>
</testsuite>
