<?xml version="1.0" encoding="UTF-8"?>
<testsuite name="com.jpa.amazon.ecommerce.shipments.controller.ShipmentControllerTest" tests="6" skipped="0" failures="0" errors="0" timestamp="2018-08-08T15:19:13" hostname="Rohan-Grovers-MacBook-Pro.local" time="0.324">
  <properties/>
  <testcase name="testGetAllShipmentsOfAccount" classname="com.jpa.amazon.ecommerce.shipments.controller.ShipmentControllerTest" time="0.137"/>
  <testcase name="testUpdateShipment" classname="com.jpa.amazon.ecommerce.shipments.controller.ShipmentControllerTest" time="0.103"/>
  <testcase name="testCreateShipment" classname="com.jpa.amazon.ecommerce.shipments.controller.ShipmentControllerTest" time="0.024"/>
  <testcase name="testGetAllShipments" classname="com.jpa.amazon.ecommerce.shipments.controller.ShipmentControllerTest" time="0.018"/>
  <testcase name="testDeleteShipment" classname="com.jpa.amazon.ecommerce.shipments.controller.ShipmentControllerTest" time="0.02"/>
  <testcase name="testGetShipmentById" classname="com.jpa.amazon.ecommerce.shipments.controller.ShipmentControllerTest" time="0.018"/>
  <system-out><![CDATA[2018-08-08 10:19:12.827  INFO 31882 --- [    Test worker] o.s.t.c.support.AbstractContextLoader    : Could not detect default resource locations for test class [com.jpa.amazon.ecommerce.shipments.controller.ShipmentControllerTest]: no resource found for suffixes {-context.xml, Context.groovy}.
2018-08-08 10:19:12.841  INFO 31882 --- [    Test worker] .b.t.a.w.s.WebMvcTestContextBootstrapper : Loaded default TestExecutionListener class names from location [META-INF/spring.factories]: [org.springframework.boot.test.autoconfigure.restdocs.RestDocsTestExecutionListener, org.springframework.boot.test.autoconfigure.web.client.MockRestServiceServerResetTestExecutionListener, org.springframework.boot.test.autoconfigure.web.servlet.MockMvcPrintOnlyOnFailureTestExecutionListener, org.springframework.boot.test.autoconfigure.web.servlet.WebDriverTestExecutionListener, org.springframework.boot.test.mock.mockito.MockitoTestExecutionListener, org.springframework.boot.test.mock.mockito.ResetMocksTestExecutionListener, org.springframework.test.context.web.ServletTestExecutionListener, org.springframework.test.context.support.DirtiesContextBeforeModesTestExecutionListener, org.springframework.test.context.support.DependencyInjectionTestExecutionListener, org.springframework.test.context.support.DirtiesContextTestExecutionListener, org.springframework.test.context.transaction.TransactionalTestExecutionListener, org.springframework.test.context.jdbc.SqlScriptsTestExecutionListener]
2018-08-08 10:19:12.841  INFO 31882 --- [    Test worker] .b.t.a.w.s.WebMvcTestContextBootstrapper : Using TestExecutionListeners: [org.springframework.test.context.web.ServletTestExecutionListener@221f9936, org.springframework.test.context.support.DirtiesContextBeforeModesTestExecutionListener@361a6baa, org.springframework.boot.test.mock.mockito.MockitoTestExecutionListener@3492448d, org.springframework.boot.test.autoconfigure.SpringBootDependencyInjectionTestExecutionListener@103b123e, org.springframework.test.context.support.DirtiesContextTestExecutionListener@4e33ef26, org.springframework.test.context.transaction.TransactionalTestExecutionListener@2b918a71, org.springframework.test.context.jdbc.SqlScriptsTestExecutionListener@d8115a2, org.springframework.boot.test.autoconfigure.restdocs.RestDocsTestExecutionListener@45e34cce, org.springframework.boot.test.autoconfigure.web.client.MockRestServiceServerResetTestExecutionListener@14f8d18b, org.springframework.boot.test.autoconfigure.web.servlet.MockMvcPrintOnlyOnFailureTestExecutionListener@339d1367, org.springframework.boot.test.autoconfigure.web.servlet.WebDriverTestExecutionListener@36342cb3, org.springframework.boot.test.mock.mockito.ResetMocksTestExecutionListener@69ee9387]
2018-08-08 10:19:13.287  INFO 31882 --- [    Test worker] s.c.a.AnnotationConfigApplicationContext : Refreshing org.springframework.context.annotation.AnnotationConfigApplicationContext@14800fec: startup date [Wed Aug 08 10:19:13 CDT 2018]; root of context hierarchy
2018-08-08 10:19:13.308  INFO 31882 --- [    Test worker] f.a.AutowiredAnnotationBeanPostProcessor : JSR-330 'javax.inject.Inject' annotation found and supported for autowiring
2018-08-08 10:19:13.327  INFO 31882 --- [    Test worker] trationDelegate$BeanPostProcessorChecker : Bean 'configurationPropertiesRebinderAutoConfiguration' of type [org.springframework.cloud.autoconfigure.ConfigurationPropertiesRebinderAutoConfiguration$$EnhancerBySpringCGLIB$$bbf0b41e] is not eligible for getting processed by all BeanPostProcessors (for example: not eligible for auto-proxying)

  .   ____          _            __ _ _
 /\\ / ___'_ __ _ _(_)_ __  __ _ \ \ \ \
( ( )\___ | '_ | '_| | '_ \/ _` | \ \ \ \
 \\/  ___)| |_)| | | | | || (_| |  ) ) ) )
  '  |____| .__|_| |_|_| |_\__, | / / / /
 =========|_|==============|___/=/_/_/_/
 :: Spring Boot ::        (v2.0.3.RELEASE)

2018-08-08 10:19:13.383  INFO 31882 --- [    Test worker] c.j.a.e.s.c.ShipmentControllerTest       : No active profile set, falling back to default profiles: default
2018-08-08 10:19:13.384  INFO 31882 --- [    Test worker] o.s.w.c.s.GenericWebApplicationContext   : Refreshing org.springframework.web.context.support.GenericWebApplicationContext@4b3c6354: startup date [Wed Aug 08 10:19:13 CDT 2018]; parent: org.springframework.context.annotation.AnnotationConfigApplicationContext@14800fec
2018-08-08 10:19:13.490  INFO 31882 --- [    Test worker] f.a.AutowiredAnnotationBeanPostProcessor : JSR-330 'javax.inject.Inject' annotation found and supported for autowiring
2018-08-08 10:19:13.610  INFO 31882 --- [    Test worker] o.s.w.s.handler.SimpleUrlHandlerMapping  : Mapped URL path [/**/favicon.ico] onto handler of type [class org.springframework.web.servlet.resource.ResourceHttpRequestHandler]
2018-08-08 10:19:13.670  INFO 31882 --- [    Test worker] s.w.s.m.m.a.RequestMappingHandlerAdapter : Looking for @ControllerAdvice: org.springframework.web.context.support.GenericWebApplicationContext@4b3c6354: startup date [Wed Aug 08 10:19:13 CDT 2018]; parent: org.springframework.context.annotation.AnnotationConfigApplicationContext@14800fec
2018-08-08 10:19:13.684  INFO 31882 --- [    Test worker] s.w.s.m.m.a.RequestMappingHandlerMapping : Mapped "{[/error]}" onto public org.springframework.http.ResponseEntity<java.util.Map<java.lang.String, java.lang.Object>> org.springframework.boot.autoconfigure.web.servlet.error.BasicErrorController.error(javax.servlet.http.HttpServletRequest)
2018-08-08 10:19:13.684  INFO 31882 --- [    Test worker] s.w.s.m.m.a.RequestMappingHandlerMapping : Mapped "{[/error],produces=[text/html]}" onto public org.springframework.web.servlet.ModelAndView org.springframework.boot.autoconfigure.web.servlet.error.BasicErrorController.errorHtml(javax.servlet.http.HttpServletRequest,javax.servlet.http.HttpServletResponse)
2018-08-08 10:19:13.700  INFO 31882 --- [    Test worker] o.s.w.s.handler.SimpleUrlHandlerMapping  : Mapped URL path [/webjars/**] onto handler of type [class org.springframework.web.servlet.resource.ResourceHttpRequestHandler]
2018-08-08 10:19:13.700  INFO 31882 --- [    Test worker] o.s.w.s.handler.SimpleUrlHandlerMapping  : Mapped URL path [/**] onto handler of type [class org.springframework.web.servlet.resource.ResourceHttpRequestHandler]
2018-08-08 10:19:13.729  WARN 31882 --- [    Test worker] ion$DefaultTemplateResolverConfiguration : Cannot find template location: classpath:/templates/ (please add some templates or check your Thymeleaf configuration)
2018-08-08 10:19:13.844  INFO 31882 --- [    Test worker] .s.s.UserDetailsServiceAutoConfiguration : 

Using generated security password: de939c5c-efb1-4d45-b88e-2cabdc817916

2018-08-08 10:19:13.896  INFO 31882 --- [    Test worker] o.s.s.web.DefaultSecurityFilterChain     : Creating filter chain: org.springframework.security.web.util.matcher.AnyRequestMatcher@1, [org.springframework.security.web.context.request.async.WebAsyncManagerIntegrationFilter@3f0bec4f, org.springframework.security.web.context.SecurityContextPersistenceFilter@b64868f, org.springframework.security.web.header.HeaderWriterFilter@608475b7, org.springframework.security.web.authentication.logout.LogoutFilter@56e7f9bd, org.springframework.security.web.savedrequest.RequestCacheAwareFilter@4699d979, org.springframework.security.web.servletapi.SecurityContextHolderAwareRequestFilter@57325d0, org.springframework.security.web.authentication.AnonymousAuthenticationFilter@5ea2faac, org.springframework.security.web.session.SessionManagementFilter@399d5b58, org.springframework.security.web.access.ExceptionTranslationFilter@7347cef4, org.springframework.security.web.access.intercept.FilterSecurityInterceptor@4c0c10a]
2018-08-08 10:19:13.916  INFO 31882 --- [    Test worker] o.s.b.t.m.w.SpringBootMockServletContext : Initializing Spring FrameworkServlet ''
2018-08-08 10:19:13.916  INFO 31882 --- [    Test worker] o.s.t.web.servlet.TestDispatcherServlet  : FrameworkServlet '': initialization started
2018-08-08 10:19:13.927  INFO 31882 --- [    Test worker] o.s.t.web.servlet.TestDispatcherServlet  : FrameworkServlet '': initialization completed in 11 ms
2018-08-08 10:19:13.946  INFO 31882 --- [    Test worker] c.j.a.e.s.c.ShipmentControllerTest       : Started ShipmentControllerTest in 0.718 seconds (JVM running for 10.126)
2018-08-08 10:19:13.965  INFO 31882 --- [    Test worker] s.w.s.m.m.a.RequestMappingHandlerMapping : Mapped "{[/shipments/{id}],methods=[PUT]}" onto public com.jpa.amazon.ecommerce.shipments.domain.Shipment com.jpa.amazon.ecommerce.shipments.controller.ShipmentController.update(java.lang.Long,com.jpa.amazon.ecommerce.shipments.domain.Shipment)
2018-08-08 10:19:13.966  INFO 31882 --- [    Test worker] s.w.s.m.m.a.RequestMappingHandlerMapping : Mapped "{[/shipments/{id}],methods=[DELETE]}" onto public void com.jpa.amazon.ecommerce.shipments.controller.ShipmentController.delete(java.lang.Long)
2018-08-08 10:19:13.966  INFO 31882 --- [    Test worker] s.w.s.m.m.a.RequestMappingHandlerMapping : Mapped "{[/shipments],methods=[POST]}" onto public com.jpa.amazon.ecommerce.shipments.domain.Shipment com.jpa.amazon.ecommerce.shipments.controller.ShipmentController.create(com.jpa.amazon.ecommerce.shipments.domain.Shipment)
2018-08-08 10:19:13.966  INFO 31882 --- [    Test worker] s.w.s.m.m.a.RequestMappingHandlerMapping : Mapped "{[/shipments/],methods=[GET]}" onto public java.lang.Iterable<com.jpa.amazon.ecommerce.shipments.domain.Shipment> com.jpa.amazon.ecommerce.shipments.controller.ShipmentController.getAll()
2018-08-08 10:19:13.967  INFO 31882 --- [    Test worker] s.w.s.m.m.a.RequestMappingHandlerMapping : Mapped "{[/shipments/{id}],methods=[GET]}" onto public com.jpa.amazon.ecommerce.shipments.domain.Shipment com.jpa.amazon.ecommerce.shipments.controller.ShipmentController.getById(java.lang.Long)
2018-08-08 10:19:13.967  INFO 31882 --- [    Test worker] s.w.s.m.m.a.RequestMappingHandlerMapping : Mapped "{[/shipments],methods=[GET]}" onto public java.util.List<com.jpa.amazon.ecommerce.shipments.domain.ShipmentDetails> com.jpa.amazon.ecommerce.shipments.controller.ShipmentController.getAllOrdersForAccount(long) throws java.io.IOException
2018-08-08 10:19:13.977  INFO 31882 --- [    Test worker] s.w.s.m.m.a.RequestMappingHandlerAdapter : Looking for @ControllerAdvice: org.springframework.test.web.servlet.setup.StubWebApplicationContext@33c09e53
2018-08-08 10:19:13.979  INFO 31882 --- [    Test worker] o.s.mock.web.MockServletContext          : Initializing Spring FrameworkServlet ''
2018-08-08 10:19:13.979  INFO 31882 --- [    Test worker] o.s.t.web.servlet.TestDispatcherServlet  : FrameworkServlet '': initialization started
2018-08-08 10:19:13.980  INFO 31882 --- [    Test worker] o.s.t.web.servlet.TestDispatcherServlet  : FrameworkServlet '': initialization completed in 1 ms

MockHttpServletRequest:
      HTTP Method = GET
      Request URI = /shipments
       Parameters = {accountId=[1]}
          Headers = {Content-Type=[application/json], Accept=[application/json]}
             Body = <no character encoding set>
    Session Attrs = {}

Handler:
             Type = com.jpa.amazon.ecommerce.shipments.controller.ShipmentController
           Method = public java.util.List<com.jpa.amazon.ecommerce.shipments.domain.ShipmentDetails> com.jpa.amazon.ecommerce.shipments.controller.ShipmentController.getAllOrdersForAccount(long) throws java.io.IOException

Async:
    Async started = false
     Async result = null

Resolved Exception:
             Type = null

ModelAndView:
        View name = null
             View = null
            Model = null

FlashMap:
       Attributes = null

MockHttpServletResponse:
           Status = 200
    Error message = null
          Headers = {Content-Type=[application/json;charset=UTF-8]}
     Content type = application/json;charset=UTF-8
             Body = []
    Forwarded URL = null
   Redirected URL = null
          Cookies = []
2018-08-08 10:19:14.093  INFO 31882 --- [    Test worker] s.w.s.m.m.a.RequestMappingHandlerMapping : Mapped "{[/shipments/{id}],methods=[PUT]}" onto public com.jpa.amazon.ecommerce.shipments.domain.Shipment com.jpa.amazon.ecommerce.shipments.controller.ShipmentController.update(java.lang.Long,com.jpa.amazon.ecommerce.shipments.domain.Shipment)
2018-08-08 10:19:14.093  INFO 31882 --- [    Test worker] s.w.s.m.m.a.RequestMappingHandlerMapping : Mapped "{[/shipments/{id}],methods=[DELETE]}" onto public void com.jpa.amazon.ecommerce.shipments.controller.ShipmentController.delete(java.lang.Long)
2018-08-08 10:19:14.094  INFO 31882 --- [    Test worker] s.w.s.m.m.a.RequestMappingHandlerMapping : Mapped "{[/shipments],methods=[POST]}" onto public com.jpa.amazon.ecommerce.shipments.domain.Shipment com.jpa.amazon.ecommerce.shipments.controller.ShipmentController.create(com.jpa.amazon.ecommerce.shipments.domain.Shipment)
2018-08-08 10:19:14.094  INFO 31882 --- [    Test worker] s.w.s.m.m.a.RequestMappingHandlerMapping : Mapped "{[/shipments/],methods=[GET]}" onto public java.lang.Iterable<com.jpa.amazon.ecommerce.shipments.domain.Shipment> com.jpa.amazon.ecommerce.shipments.controller.ShipmentController.getAll()
2018-08-08 10:19:14.094  INFO 31882 --- [    Test worker] s.w.s.m.m.a.RequestMappingHandlerMapping : Mapped "{[/shipments/{id}],methods=[GET]}" onto public com.jpa.amazon.ecommerce.shipments.domain.Shipment com.jpa.amazon.ecommerce.shipments.controller.ShipmentController.getById(java.lang.Long)
2018-08-08 10:19:14.094  INFO 31882 --- [    Test worker] s.w.s.m.m.a.RequestMappingHandlerMapping : Mapped "{[/shipments],methods=[GET]}" onto public java.util.List<com.jpa.amazon.ecommerce.shipments.domain.ShipmentDetails> com.jpa.amazon.ecommerce.shipments.controller.ShipmentController.getAllOrdersForAccount(long) throws java.io.IOException
2018-08-08 10:19:14.102  INFO 31882 --- [    Test worker] s.w.s.m.m.a.RequestMappingHandlerAdapter : Looking for @ControllerAdvice: org.springframework.test.web.servlet.setup.StubWebApplicationContext@2f8c7eb4
2018-08-08 10:19:14.105  INFO 31882 --- [    Test worker] o.s.mock.web.MockServletContext          : Initializing Spring FrameworkServlet ''
2018-08-08 10:19:14.105  INFO 31882 --- [    Test worker] o.s.t.web.servlet.TestDispatcherServlet  : FrameworkServlet '': initialization started
2018-08-08 10:19:14.105  INFO 31882 --- [    Test worker] o.s.t.web.servlet.TestDispatcherServlet  : FrameworkServlet '': initialization completed in 0 ms

MockHttpServletRequest:
      HTTP Method = PUT
      Request URI = /shipments/2
       Parameters = {}
          Headers = {Content-Type=[application/json]}
             Body = <no character encoding set>
    Session Attrs = {}

Handler:
             Type = com.jpa.amazon.ecommerce.shipments.controller.ShipmentController
           Method = public com.jpa.amazon.ecommerce.shipments.domain.Shipment com.jpa.amazon.ecommerce.shipments.controller.ShipmentController.update(java.lang.Long,com.jpa.amazon.ecommerce.shipments.domain.Shipment)

Async:
    Async started = false
     Async result = null

Resolved Exception:
             Type = null

ModelAndView:
        View name = null
             View = null
            Model = null

FlashMap:
       Attributes = null

MockHttpServletResponse:
           Status = 200
    Error message = null
          Headers = {}
     Content type = null
             Body = 
    Forwarded URL = null
   Redirected URL = null
          Cookies = []
2018-08-08 10:19:14.196  INFO 31882 --- [    Test worker] s.w.s.m.m.a.RequestMappingHandlerMapping : Mapped "{[/shipments/{id}],methods=[PUT]}" onto public com.jpa.amazon.ecommerce.shipments.domain.Shipment com.jpa.amazon.ecommerce.shipments.controller.ShipmentController.update(java.lang.Long,com.jpa.amazon.ecommerce.shipments.domain.Shipment)
2018-08-08 10:19:14.197  INFO 31882 --- [    Test worker] s.w.s.m.m.a.RequestMappingHandlerMapping : Mapped "{[/shipments/{id}],methods=[DELETE]}" onto public void com.jpa.amazon.ecommerce.shipments.controller.ShipmentController.delete(java.lang.Long)
2018-08-08 10:19:14.197  INFO 31882 --- [    Test worker] s.w.s.m.m.a.RequestMappingHandlerMapping : Mapped "{[/shipments],methods=[POST]}" onto public com.jpa.amazon.ecommerce.shipments.domain.Shipment com.jpa.amazon.ecommerce.shipments.controller.ShipmentController.create(com.jpa.amazon.ecommerce.shipments.domain.Shipment)
2018-08-08 10:19:14.198  INFO 31882 --- [    Test worker] s.w.s.m.m.a.RequestMappingHandlerMapping : Mapped "{[/shipments/],methods=[GET]}" onto public java.lang.Iterable<com.jpa.amazon.ecommerce.shipments.domain.Shipment> com.jpa.amazon.ecommerce.shipments.controller.ShipmentController.getAll()
2018-08-08 10:19:14.199  INFO 31882 --- [    Test worker] s.w.s.m.m.a.RequestMappingHandlerMapping : Mapped "{[/shipments/{id}],methods=[GET]}" onto public com.jpa.amazon.ecommerce.shipments.domain.Shipment com.jpa.amazon.ecommerce.shipments.controller.ShipmentController.getById(java.lang.Long)
2018-08-08 10:19:14.199  INFO 31882 --- [    Test worker] s.w.s.m.m.a.RequestMappingHandlerMapping : Mapped "{[/shipments],methods=[GET]}" onto public java.util.List<com.jpa.amazon.ecommerce.shipments.domain.ShipmentDetails> com.jpa.amazon.ecommerce.shipments.controller.ShipmentController.getAllOrdersForAccount(long) throws java.io.IOException
2018-08-08 10:19:14.209  INFO 31882 --- [    Test worker] s.w.s.m.m.a.RequestMappingHandlerAdapter : Looking for @ControllerAdvice: org.springframework.test.web.servlet.setup.StubWebApplicationContext@68a2c5f4
2018-08-08 10:19:14.211  INFO 31882 --- [    Test worker] o.s.mock.web.MockServletContext          : Initializing Spring FrameworkServlet ''
2018-08-08 10:19:14.211  INFO 31882 --- [    Test worker] o.s.t.web.servlet.TestDispatcherServlet  : FrameworkServlet '': initialization started
2018-08-08 10:19:14.211  INFO 31882 --- [    Test worker] o.s.t.web.servlet.TestDispatcherServlet  : FrameworkServlet '': initialization completed in 0 ms

MockHttpServletRequest:
      HTTP Method = POST
      Request URI = /shipments
       Parameters = {}
          Headers = {Content-Type=[application/json]}
             Body = <no character encoding set>
    Session Attrs = {}

Handler:
             Type = com.jpa.amazon.ecommerce.shipments.controller.ShipmentController
           Method = public com.jpa.amazon.ecommerce.shipments.domain.Shipment com.jpa.amazon.ecommerce.shipments.controller.ShipmentController.create(com.jpa.amazon.ecommerce.shipments.domain.Shipment)

Async:
    Async started = false
     Async result = null

Resolved Exception:
             Type = null

ModelAndView:
        View name = null
             View = null
            Model = null

FlashMap:
       Attributes = null

MockHttpServletResponse:
           Status = 201
    Error message = null
          Headers = {}
     Content type = null
             Body = 
    Forwarded URL = null
   Redirected URL = null
          Cookies = []
2018-08-08 10:19:14.220  INFO 31882 --- [    Test worker] s.w.s.m.m.a.RequestMappingHandlerMapping : Mapped "{[/shipments/{id}],methods=[PUT]}" onto public com.jpa.amazon.ecommerce.shipments.domain.Shipment com.jpa.amazon.ecommerce.shipments.controller.ShipmentController.update(java.lang.Long,com.jpa.amazon.ecommerce.shipments.domain.Shipment)
2018-08-08 10:19:14.221  INFO 31882 --- [    Test worker] s.w.s.m.m.a.RequestMappingHandlerMapping : Mapped "{[/shipments/{id}],methods=[DELETE]}" onto public void com.jpa.amazon.ecommerce.shipments.controller.ShipmentController.delete(java.lang.Long)
2018-08-08 10:19:14.221  INFO 31882 --- [    Test worker] s.w.s.m.m.a.RequestMappingHandlerMapping : Mapped "{[/shipments],methods=[POST]}" onto public com.jpa.amazon.ecommerce.shipments.domain.Shipment com.jpa.amazon.ecommerce.shipments.controller.ShipmentController.create(com.jpa.amazon.ecommerce.shipments.domain.Shipment)
2018-08-08 10:19:14.221  INFO 31882 --- [    Test worker] s.w.s.m.m.a.RequestMappingHandlerMapping : Mapped "{[/shipments/],methods=[GET]}" onto public java.lang.Iterable<com.jpa.amazon.ecommerce.shipments.domain.Shipment> com.jpa.amazon.ecommerce.shipments.controller.ShipmentController.getAll()
2018-08-08 10:19:14.221  INFO 31882 --- [    Test worker] s.w.s.m.m.a.RequestMappingHandlerMapping : Mapped "{[/shipments/{id}],methods=[GET]}" onto public com.jpa.amazon.ecommerce.shipments.domain.Shipment com.jpa.amazon.ecommerce.shipments.controller.ShipmentController.getById(java.lang.Long)
2018-08-08 10:19:14.222  INFO 31882 --- [    Test worker] s.w.s.m.m.a.RequestMappingHandlerMapping : Mapped "{[/shipments],methods=[GET]}" onto public java.util.List<com.jpa.amazon.ecommerce.shipments.domain.ShipmentDetails> com.jpa.amazon.ecommerce.shipments.controller.ShipmentController.getAllOrdersForAccount(long) throws java.io.IOException
2018-08-08 10:19:14.229  INFO 31882 --- [    Test worker] s.w.s.m.m.a.RequestMappingHandlerAdapter : Looking for @ControllerAdvice: org.springframework.test.web.servlet.setup.StubWebApplicationContext@3651459b
2018-08-08 10:19:14.230  INFO 31882 --- [    Test worker] o.s.mock.web.MockServletContext          : Initializing Spring FrameworkServlet ''
2018-08-08 10:19:14.231  INFO 31882 --- [    Test worker] o.s.t.web.servlet.TestDispatcherServlet  : FrameworkServlet '': initialization started
2018-08-08 10:19:14.231  INFO 31882 --- [    Test worker] o.s.t.web.servlet.TestDispatcherServlet  : FrameworkServlet '': initialization completed in 0 ms

MockHttpServletRequest:
      HTTP Method = GET
      Request URI = /shipments/
       Parameters = {}
          Headers = {}
             Body = <no character encoding set>
    Session Attrs = {}

Handler:
             Type = com.jpa.amazon.ecommerce.shipments.controller.ShipmentController
           Method = public java.lang.Iterable<com.jpa.amazon.ecommerce.shipments.domain.Shipment> com.jpa.amazon.ecommerce.shipments.controller.ShipmentController.getAll()

Async:
    Async started = false
     Async result = null

Resolved Exception:
             Type = null

ModelAndView:
        View name = null
             View = null
            Model = null

FlashMap:
       Attributes = null

MockHttpServletResponse:
           Status = 200
    Error message = null
          Headers = {Content-Type=[application/json;charset=UTF-8]}
     Content type = application/json;charset=UTF-8
             Body = []
    Forwarded URL = null
   Redirected URL = null
          Cookies = []
2018-08-08 10:19:14.243  INFO 31882 --- [    Test worker] s.w.s.m.m.a.RequestMappingHandlerMapping : Mapped "{[/shipments/{id}],methods=[PUT]}" onto public com.jpa.amazon.ecommerce.shipments.domain.Shipment com.jpa.amazon.ecommerce.shipments.controller.ShipmentController.update(java.lang.Long,com.jpa.amazon.ecommerce.shipments.domain.Shipment)
2018-08-08 10:19:14.243  INFO 31882 --- [    Test worker] s.w.s.m.m.a.RequestMappingHandlerMapping : Mapped "{[/shipments/{id}],methods=[DELETE]}" onto public void com.jpa.amazon.ecommerce.shipments.controller.ShipmentController.delete(java.lang.Long)
2018-08-08 10:19:14.243  INFO 31882 --- [    Test worker] s.w.s.m.m.a.RequestMappingHandlerMapping : Mapped "{[/shipments],methods=[POST]}" onto public com.jpa.amazon.ecommerce.shipments.domain.Shipment com.jpa.amazon.ecommerce.shipments.controller.ShipmentController.create(com.jpa.amazon.ecommerce.shipments.domain.Shipment)
2018-08-08 10:19:14.243  INFO 31882 --- [    Test worker] s.w.s.m.m.a.RequestMappingHandlerMapping : Mapped "{[/shipments/],methods=[GET]}" onto public java.lang.Iterable<com.jpa.amazon.ecommerce.shipments.domain.Shipment> com.jpa.amazon.ecommerce.shipments.controller.ShipmentController.getAll()
2018-08-08 10:19:14.244  INFO 31882 --- [    Test worker] s.w.s.m.m.a.RequestMappingHandlerMapping : Mapped "{[/shipments/{id}],methods=[GET]}" onto public com.jpa.amazon.ecommerce.shipments.domain.Shipment com.jpa.amazon.ecommerce.shipments.controller.ShipmentController.getById(java.lang.Long)
2018-08-08 10:19:14.244  INFO 31882 --- [    Test worker] s.w.s.m.m.a.RequestMappingHandlerMapping : Mapped "{[/shipments],methods=[GET]}" onto public java.util.List<com.jpa.amazon.ecommerce.shipments.domain.ShipmentDetails> com.jpa.amazon.ecommerce.shipments.controller.ShipmentController.getAllOrdersForAccount(long) throws java.io.IOException
2018-08-08 10:19:14.251  INFO 31882 --- [    Test worker] s.w.s.m.m.a.RequestMappingHandlerAdapter : Looking for @ControllerAdvice: org.springframework.test.web.servlet.setup.StubWebApplicationContext@c7ef854
2018-08-08 10:19:14.253  INFO 31882 --- [    Test worker] o.s.mock.web.MockServletContext          : Initializing Spring FrameworkServlet ''
2018-08-08 10:19:14.253  INFO 31882 --- [    Test worker] o.s.t.web.servlet.TestDispatcherServlet  : FrameworkServlet '': initialization started
2018-08-08 10:19:14.253  INFO 31882 --- [    Test worker] o.s.t.web.servlet.TestDispatcherServlet  : FrameworkServlet '': initialization completed in 0 ms
2018-08-08 10:19:14.260  INFO 31882 --- [    Test worker] s.w.s.m.m.a.RequestMappingHandlerMapping : Mapped "{[/shipments/{id}],methods=[PUT]}" onto public com.jpa.amazon.ecommerce.shipments.domain.Shipment com.jpa.amazon.ecommerce.shipments.controller.ShipmentController.update(java.lang.Long,com.jpa.amazon.ecommerce.shipments.domain.Shipment)
2018-08-08 10:19:14.260  INFO 31882 --- [    Test worker] s.w.s.m.m.a.RequestMappingHandlerMapping : Mapped "{[/shipments/{id}],methods=[DELETE]}" onto public void com.jpa.amazon.ecommerce.shipments.controller.ShipmentController.delete(java.lang.Long)
2018-08-08 10:19:14.260  INFO 31882 --- [    Test worker] s.w.s.m.m.a.RequestMappingHandlerMapping : Mapped "{[/shipments],methods=[POST]}" onto public com.jpa.amazon.ecommerce.shipments.domain.Shipment com.jpa.amazon.ecommerce.shipments.controller.ShipmentController.create(com.jpa.amazon.ecommerce.shipments.domain.Shipment)
2018-08-08 10:19:14.260  INFO 31882 --- [    Test worker] s.w.s.m.m.a.RequestMappingHandlerMapping : Mapped "{[/shipments/],methods=[GET]}" onto public java.lang.Iterable<com.jpa.amazon.ecommerce.shipments.domain.Shipment> com.jpa.amazon.ecommerce.shipments.controller.ShipmentController.getAll()
2018-08-08 10:19:14.261  INFO 31882 --- [    Test worker] s.w.s.m.m.a.RequestMappingHandlerMapping : Mapped "{[/shipments/{id}],methods=[GET]}" onto public com.jpa.amazon.ecommerce.shipments.domain.Shipment com.jpa.amazon.ecommerce.shipments.controller.ShipmentController.getById(java.lang.Long)
2018-08-08 10:19:14.261  INFO 31882 --- [    Test worker] s.w.s.m.m.a.RequestMappingHandlerMapping : Mapped "{[/shipments],methods=[GET]}" onto public java.util.List<com.jpa.amazon.ecommerce.shipments.domain.ShipmentDetails> com.jpa.amazon.ecommerce.shipments.controller.ShipmentController.getAllOrdersForAccount(long) throws java.io.IOException
2018-08-08 10:19:14.269  INFO 31882 --- [    Test worker] s.w.s.m.m.a.RequestMappingHandlerAdapter : Looking for @ControllerAdvice: org.springframework.test.web.servlet.setup.StubWebApplicationContext@5286f3cd
2018-08-08 10:19:14.270  INFO 31882 --- [    Test worker] o.s.mock.web.MockServletContext          : Initializing Spring FrameworkServlet ''
2018-08-08 10:19:14.270  INFO 31882 --- [    Test worker] o.s.t.web.servlet.TestDispatcherServlet  : FrameworkServlet '': initialization started
2018-08-08 10:19:14.271  INFO 31882 --- [    Test worker] o.s.t.web.servlet.TestDispatcherServlet  : FrameworkServlet '': initialization completed in 0 ms
]]></system-out>
  <system-err><![CDATA[]]></system-err>
</testsuite>
