<?xml version="1.0" encoding="UTF-8"?>
<testsuite name="com.jpa.amazon.ecommerce.shipments.service.ShipmentServiceTest" tests="6" skipped="0" failures="0" errors="0" timestamp="2018-08-02T13:47:57" hostname="Rohan-Grovers-MacBook-Pro.local" time="0.017">
  <properties/>
  <testcase name="testGetShipments" classname="com.jpa.amazon.ecommerce.shipments.service.ShipmentServiceTest" time="0.002"/>
  <testcase name="testUpdateShipment" classname="com.jpa.amazon.ecommerce.shipments.service.ShipmentServiceTest" time="0.007"/>
  <testcase name="testCreateShipment" classname="com.jpa.amazon.ecommerce.shipments.service.ShipmentServiceTest" time="0.002"/>
  <testcase name="testDeleteShipment" classname="com.jpa.amazon.ecommerce.shipments.service.ShipmentServiceTest" time="0.002"/>
  <testcase name="testGetShipmentById" classname="com.jpa.amazon.ecommerce.shipments.service.ShipmentServiceTest" time="0.001"/>
  <testcase name="testAllOrdersForAccount" classname="com.jpa.amazon.ecommerce.shipments.service.ShipmentServiceTest" time="0.001"/>
  <system-out><![CDATA[2018-08-02 08:47:57.741  INFO 82031 --- [    Test worker] o.s.t.c.s.DefaultTestContextBootstrapper : Neither @ContextConfiguration nor @ContextHierarchy found for test class [com.jpa.amazon.ecommerce.shipments.service.ShipmentServiceTest], using DelegatingSmartContextLoader
2018-08-02 08:47:57.742  INFO 82031 --- [    Test worker] o.s.t.c.support.AbstractContextLoader    : Could not detect default resource locations for test class [com.jpa.amazon.ecommerce.shipments.service.ShipmentServiceTest]: no resource found for suffixes {-context.xml}.
2018-08-02 08:47:57.743  INFO 82031 --- [    Test worker] t.c.s.AnnotationConfigContextLoaderUtils : Could not detect default configuration classes for test class [com.jpa.amazon.ecommerce.shipments.service.ShipmentServiceTest]: ShipmentServiceTest does not declare any static, non-private, non-final, nested classes annotated with @Configuration.
2018-08-02 08:47:57.744  INFO 82031 --- [    Test worker] o.s.t.c.s.DefaultTestContextBootstrapper : Loaded default TestExecutionListener class names from location [META-INF/spring.factories]: [org.springframework.boot.test.autoconfigure.restdocs.RestDocsTestExecutionListener, org.springframework.boot.test.autoconfigure.web.client.MockRestServiceServerResetTestExecutionListener, org.springframework.boot.test.autoconfigure.web.servlet.MockMvcPrintOnlyOnFailureTestExecutionListener, org.springframework.boot.test.autoconfigure.web.servlet.WebDriverTestExecutionListener, org.springframework.boot.test.mock.mockito.MockitoTestExecutionListener, org.springframework.boot.test.mock.mockito.ResetMocksTestExecutionListener, org.springframework.test.context.web.ServletTestExecutionListener, org.springframework.test.context.support.DirtiesContextBeforeModesTestExecutionListener, org.springframework.test.context.support.DependencyInjectionTestExecutionListener, org.springframework.test.context.support.DirtiesContextTestExecutionListener, org.springframework.test.context.transaction.TransactionalTestExecutionListener, org.springframework.test.context.jdbc.SqlScriptsTestExecutionListener]
2018-08-02 08:47:57.745  INFO 82031 --- [    Test worker] o.s.t.c.s.DefaultTestContextBootstrapper : Using TestExecutionListeners: [org.springframework.test.context.web.ServletTestExecutionListener@41b6877a, org.springframework.test.context.support.DirtiesContextBeforeModesTestExecutionListener@2031281f, org.springframework.boot.test.mock.mockito.MockitoTestExecutionListener@3b9064bc, org.springframework.test.context.support.DependencyInjectionTestExecutionListener@359ead51, org.springframework.test.context.support.DirtiesContextTestExecutionListener@406661cf, org.springframework.test.context.transaction.TransactionalTestExecutionListener@693ed80c, org.springframework.test.context.jdbc.SqlScriptsTestExecutionListener@51b3f413, org.springframework.boot.test.autoconfigure.restdocs.RestDocsTestExecutionListener@11073f51, org.springframework.boot.test.autoconfigure.web.client.MockRestServiceServerResetTestExecutionListener@629c5ca7, org.springframework.boot.test.autoconfigure.web.servlet.MockMvcPrintOnlyOnFailureTestExecutionListener@7d7d1640, org.springframework.boot.test.autoconfigure.web.servlet.WebDriverTestExecutionListener@33206690, org.springframework.boot.test.mock.mockito.ResetMocksTestExecutionListener@1b752a12]
2018-08-02 08:47:57.795  INFO 82031 --- [    Test worker] o.s.c.support.GenericApplicationContext  : Refreshing org.springframework.context.support.GenericApplicationContext@9e49a7: startup date [Thu Aug 02 08:47:57 CDT 2018]; root of context hierarchy
2018-08-02 08:47:57.800  INFO 82031 --- [    Test worker] f.a.AutowiredAnnotationBeanPostProcessor : JSR-330 'javax.inject.Inject' annotation found and supported for autowiring
]]></system-out>
  <system-err><![CDATA[]]></system-err>
</testsuite>
