<?xml version="1.0" encoding="UTF-8"?>
<testsuite name="com.jpa.amazon.ecommerce.shipments.service.ShipmentServiceTest" tests="6" skipped="0" failures="0" errors="0" timestamp="2018-08-02T15:35:32" hostname="Rohan-Grovers-MacBook-Pro.local" time="0.023">
  <properties/>
  <testcase name="testGetShipments" classname="com.jpa.amazon.ecommerce.shipments.service.ShipmentServiceTest" time="0.004"/>
  <testcase name="testUpdateShipment" classname="com.jpa.amazon.ecommerce.shipments.service.ShipmentServiceTest" time="0.009"/>
  <testcase name="testCreateShipment" classname="com.jpa.amazon.ecommerce.shipments.service.ShipmentServiceTest" time="0.003"/>
  <testcase name="testDeleteShipment" classname="com.jpa.amazon.ecommerce.shipments.service.ShipmentServiceTest" time="0.002"/>
  <testcase name="testGetShipmentById" classname="com.jpa.amazon.ecommerce.shipments.service.ShipmentServiceTest" time="0.002"/>
  <testcase name="testAllOrdersForAccount" classname="com.jpa.amazon.ecommerce.shipments.service.ShipmentServiceTest" time="0.002"/>
  <system-out><![CDATA[2018-08-02 10:35:32.266  INFO 2013 --- [    Test worker] o.s.t.c.s.DefaultTestContextBootstrapper : Neither @ContextConfiguration nor @ContextHierarchy found for test class [com.jpa.amazon.ecommerce.shipments.service.ShipmentServiceTest], using DelegatingSmartContextLoader
2018-08-02 10:35:32.267  INFO 2013 --- [    Test worker] o.s.t.c.support.AbstractContextLoader    : Could not detect default resource locations for test class [com.jpa.amazon.ecommerce.shipments.service.ShipmentServiceTest]: no resource found for suffixes {-context.xml}.
2018-08-02 10:35:32.267  INFO 2013 --- [    Test worker] t.c.s.AnnotationConfigContextLoaderUtils : Could not detect default configuration classes for test class [com.jpa.amazon.ecommerce.shipments.service.ShipmentServiceTest]: ShipmentServiceTest does not declare any static, non-private, non-final, nested classes annotated with @Configuration.
2018-08-02 10:35:32.268  INFO 2013 --- [    Test worker] o.s.t.c.s.DefaultTestContextBootstrapper : Loaded default TestExecutionListener class names from location [META-INF/spring.factories]: [org.springframework.boot.test.autoconfigure.restdocs.RestDocsTestExecutionListener, org.springframework.boot.test.autoconfigure.web.client.MockRestServiceServerResetTestExecutionListener, org.springframework.boot.test.autoconfigure.web.servlet.MockMvcPrintOnlyOnFailureTestExecutionListener, org.springframework.boot.test.autoconfigure.web.servlet.WebDriverTestExecutionListener, org.springframework.boot.test.mock.mockito.MockitoTestExecutionListener, org.springframework.boot.test.mock.mockito.ResetMocksTestExecutionListener, org.springframework.test.context.web.ServletTestExecutionListener, org.springframework.test.context.support.DirtiesContextBeforeModesTestExecutionListener, org.springframework.test.context.support.DependencyInjectionTestExecutionListener, org.springframework.test.context.support.DirtiesContextTestExecutionListener, org.springframework.test.context.transaction.TransactionalTestExecutionListener, org.springframework.test.context.jdbc.SqlScriptsTestExecutionListener]
2018-08-02 10:35:32.269  INFO 2013 --- [    Test worker] o.s.t.c.s.DefaultTestContextBootstrapper : Using TestExecutionListeners: [org.springframework.test.context.web.ServletTestExecutionListener@1cb57648, org.springframework.test.context.support.DirtiesContextBeforeModesTestExecutionListener@12129ba1, org.springframework.boot.test.mock.mockito.MockitoTestExecutionListener@421cbcd6, org.springframework.test.context.support.DependencyInjectionTestExecutionListener@54892ac5, org.springframework.test.context.support.DirtiesContextTestExecutionListener@63b9112a, org.springframework.test.context.transaction.TransactionalTestExecutionListener@6570416f, org.springframework.test.context.jdbc.SqlScriptsTestExecutionListener@422dbb1b, org.springframework.boot.test.autoconfigure.restdocs.RestDocsTestExecutionListener@5fef7e99, org.springframework.boot.test.autoconfigure.web.client.MockRestServiceServerResetTestExecutionListener@7474140f, org.springframework.boot.test.autoconfigure.web.servlet.MockMvcPrintOnlyOnFailureTestExecutionListener@13e858d7, org.springframework.boot.test.autoconfigure.web.servlet.WebDriverTestExecutionListener@3cb2dcd2, org.springframework.boot.test.mock.mockito.ResetMocksTestExecutionListener@180d766b]
2018-08-02 10:35:32.397  INFO 2013 --- [    Test worker] o.s.c.support.GenericApplicationContext  : Refreshing org.springframework.context.support.GenericApplicationContext@21cffc72: startup date [Thu Aug 02 10:35:32 CDT 2018]; root of context hierarchy
2018-08-02 10:35:32.406  INFO 2013 --- [    Test worker] f.a.AutowiredAnnotationBeanPostProcessor : JSR-330 'javax.inject.Inject' annotation found and supported for autowiring
]]></system-out>
  <system-err><![CDATA[]]></system-err>
</testsuite>
