<?xml version="1.0" encoding="UTF-8"?>
<testsuite name="com.jpa.amazon.ecommerce.products.ProductsApplicationTests" tests="1" skipped="0" failures="0" errors="0" timestamp="2018-07-31T15:44:56" hostname="Rohan-Grovers-MacBook-Pro.local" time="0.003">
  <properties/>
  <testcase name="contextLoads" classname="com.jpa.amazon.ecommerce.products.ProductsApplicationTests" time="0.003"/>
  <system-out><![CDATA[2018-07-31 10:44:51.026  INFO 9938 --- [    Test worker] .b.t.c.SpringBootTestContextBootstrapper : Neither @ContextConfiguration nor @ContextHierarchy found for test class [com.jpa.amazon.ecommerce.products.ProductsApplicationTests], using SpringBootContextLoader
2018-07-31 10:44:51.026  INFO 9938 --- [    Test worker] o.s.t.c.support.AbstractContextLoader    : Could not detect default resource locations for test class [com.jpa.amazon.ecommerce.products.ProductsApplicationTests]: no resource found for suffixes {-context.xml, Context.groovy}.
2018-07-31 10:44:51.027  INFO 9938 --- [    Test worker] t.c.s.AnnotationConfigContextLoaderUtils : Could not detect default configuration classes for test class [com.jpa.amazon.ecommerce.products.ProductsApplicationTests]: ProductsApplicationTests does not declare any static, non-private, non-final, nested classes annotated with @Configuration.
2018-07-31 10:44:51.053  INFO 9938 --- [    Test worker] .b.t.c.SpringBootTestContextBootstrapper : Found @SpringBootConfiguration com.jpa.amazon.ecommerce.products.ProductsApplication for test class com.jpa.amazon.ecommerce.products.ProductsApplicationTests
2018-07-31 10:44:51.055  INFO 9938 --- [    Test worker] .b.t.c.SpringBootTestContextBootstrapper : Loaded default TestExecutionListener class names from location [META-INF/spring.factories]: [org.springframework.boot.test.autoconfigure.restdocs.RestDocsTestExecutionListener, org.springframework.boot.test.autoconfigure.web.client.MockRestServiceServerResetTestExecutionListener, org.springframework.boot.test.autoconfigure.web.servlet.MockMvcPrintOnlyOnFailureTestExecutionListener, org.springframework.boot.test.autoconfigure.web.servlet.WebDriverTestExecutionListener, org.springframework.boot.test.mock.mockito.MockitoTestExecutionListener, org.springframework.boot.test.mock.mockito.ResetMocksTestExecutionListener, org.springframework.test.context.web.ServletTestExecutionListener, org.springframework.test.context.support.DirtiesContextBeforeModesTestExecutionListener, org.springframework.test.context.support.DependencyInjectionTestExecutionListener, org.springframework.test.context.support.DirtiesContextTestExecutionListener, org.springframework.test.context.transaction.TransactionalTestExecutionListener, org.springframework.test.context.jdbc.SqlScriptsTestExecutionListener]
2018-07-31 10:44:51.056  INFO 9938 --- [    Test worker] .b.t.c.SpringBootTestContextBootstrapper : Using TestExecutionListeners: [org.springframework.test.context.web.ServletTestExecutionListener@26c95233, org.springframework.test.context.support.DirtiesContextBeforeModesTestExecutionListener@1f6d8d5b, org.springframework.boot.test.mock.mockito.MockitoTestExecutionListener@5c486aa7, org.springframework.boot.test.autoconfigure.SpringBootDependencyInjectionTestExecutionListener@51f973ff, org.springframework.test.context.support.DirtiesContextTestExecutionListener@3dcdfb39, org.springframework.test.context.transaction.TransactionalTestExecutionListener@4eb9be8e, org.springframework.test.context.jdbc.SqlScriptsTestExecutionListener@51bbe8ac, org.springframework.boot.test.autoconfigure.restdocs.RestDocsTestExecutionListener@4bc71fef, org.springframework.boot.test.autoconfigure.web.client.MockRestServiceServerResetTestExecutionListener@1901219d, org.springframework.boot.test.autoconfigure.web.servlet.MockMvcPrintOnlyOnFailureTestExecutionListener@1a4fa1fd, org.springframework.boot.test.autoconfigure.web.servlet.WebDriverTestExecutionListener@14bfd490, org.springframework.boot.test.mock.mockito.ResetMocksTestExecutionListener@6774898f]
2018-07-31 10:44:51.117  INFO 9938 --- [    Test worker] s.c.a.AnnotationConfigApplicationContext : Refreshing org.springframework.context.annotation.AnnotationConfigApplicationContext@77304d8f: startup date [Tue Jul 31 10:44:51 CDT 2018]; root of context hierarchy
2018-07-31 10:44:51.140  INFO 9938 --- [    Test worker] f.a.AutowiredAnnotationBeanPostProcessor : JSR-330 'javax.inject.Inject' annotation found and supported for autowiring
2018-07-31 10:44:51.159  INFO 9938 --- [    Test worker] trationDelegate$BeanPostProcessorChecker : Bean 'configurationPropertiesRebinderAutoConfiguration' of type [org.springframework.cloud.autoconfigure.ConfigurationPropertiesRebinderAutoConfiguration$$EnhancerBySpringCGLIB$$65344d74] is not eligible for getting processed by all BeanPostProcessors (for example: not eligible for auto-proxying)

  .   ____          _            __ _ _
 /\\ / ___'_ __ _ _(_)_ __  __ _ \ \ \ \
( ( )\___ | '_ | '_| | '_ \/ _` | \ \ \ \
 \\/  ___)| |_)| | | | | || (_| |  ) ) ) )
  '  |____| .__|_| |_|_| |_\__, | / / / /
 =========|_|==============|___/=/_/_/_/
 :: Spring Boot ::        (v2.0.3.RELEASE)

2018-07-31 10:44:51.230  INFO 9938 --- [    Test worker] c.j.a.e.p.ProductsApplicationTests       : No active profile set, falling back to default profiles: default
2018-07-31 10:44:51.234  INFO 9938 --- [    Test worker] o.s.w.c.s.GenericWebApplicationContext   : Refreshing org.springframework.web.context.support.GenericWebApplicationContext@6d0ef689: startup date [Tue Jul 31 10:44:51 CDT 2018]; parent: org.springframework.context.annotation.AnnotationConfigApplicationContext@77304d8f
2018-07-31 10:44:51.916  INFO 9938 --- [    Test worker] o.s.b.f.s.DefaultListableBeanFactory     : Overriding bean definition for bean 'dataSource' with a different definition: replacing [Root bean: class [null]; scope=refresh; abstract=false; lazyInit=false; autowireMode=3; dependencyCheck=0; autowireCandidate=false; primary=false; factoryBeanName=org.springframework.boot.autoconfigure.jdbc.DataSourceConfiguration$Hikari; factoryMethodName=dataSource; initMethodName=null; destroyMethodName=(inferred); defined in class path resource [org/springframework/boot/autoconfigure/jdbc/DataSourceConfiguration$Hikari.class]] with [Root bean: class [org.springframework.aop.scope.ScopedProxyFactoryBean]; scope=; abstract=false; lazyInit=false; autowireMode=0; dependencyCheck=0; autowireCandidate=true; primary=false; factoryBeanName=null; factoryMethodName=null; initMethodName=null; destroyMethodName=null; defined in BeanDefinition defined in class path resource [org/springframework/boot/autoconfigure/jdbc/DataSourceConfiguration$Hikari.class]]
2018-07-31 10:44:52.097  INFO 9938 --- [    Test worker] o.s.cloud.context.scope.GenericScope     : BeanFactory id=79a76334-807f-3e9e-8c9e-d1453f75e84c
2018-07-31 10:44:52.170  INFO 9938 --- [    Test worker] f.a.AutowiredAnnotationBeanPostProcessor : JSR-330 'javax.inject.Inject' annotation found and supported for autowiring
2018-07-31 10:44:52.278  INFO 9938 --- [    Test worker] trationDelegate$BeanPostProcessorChecker : Bean 'org.springframework.transaction.annotation.ProxyTransactionManagementConfiguration' of type [org.springframework.transaction.annotation.ProxyTransactionManagementConfiguration$$EnhancerBySpringCGLIB$$491a4a77] is not eligible for getting processed by all BeanPostProcessors (for example: not eligible for auto-proxying)
2018-07-31 10:44:52.325  INFO 9938 --- [    Test worker] trationDelegate$BeanPostProcessorChecker : Bean 'org.springframework.cloud.autoconfigure.ConfigurationPropertiesRebinderAutoConfiguration' of type [org.springframework.cloud.autoconfigure.ConfigurationPropertiesRebinderAutoConfiguration$$EnhancerBySpringCGLIB$$65344d74] is not eligible for getting processed by all BeanPostProcessors (for example: not eligible for auto-proxying)
2018-07-31 10:44:52.605  WARN 9938 --- [    Test worker] c.n.c.sources.URLConfigurationSource     : No URLs will be polled as dynamic configuration sources.
2018-07-31 10:44:52.605  INFO 9938 --- [    Test worker] c.n.c.sources.URLConfigurationSource     : To enable URLs as dynamic configuration sources, define System property archaius.configurationSource.additionalUrls or make config.properties available on classpath.
2018-07-31 10:44:52.621  INFO 9938 --- [    Test worker] c.netflix.config.DynamicPropertyFactory  : DynamicPropertyFactory is initialized with configuration sources: com.netflix.config.ConcurrentCompositeConfiguration@1612969d
2018-07-31 10:44:52.779  INFO 9938 --- [    Test worker] com.zaxxer.hikari.HikariDataSource       : HikariPool-1 - Starting...
2018-07-31 10:44:53.047  INFO 9938 --- [    Test worker] com.zaxxer.hikari.HikariDataSource       : HikariPool-1 - Start completed.
2018-07-31 10:44:53.090  INFO 9938 --- [    Test worker] j.LocalContainerEntityManagerFactoryBean : Building JPA container EntityManagerFactory for persistence unit 'default'
2018-07-31 10:44:53.112  INFO 9938 --- [    Test worker] o.hibernate.jpa.internal.util.LogHelper  : HHH000204: Processing PersistenceUnitInfo [
	name: default
	...]
2018-07-31 10:44:53.189  INFO 9938 --- [    Test worker] org.hibernate.Version                    : HHH000412: Hibernate Core {5.2.17.Final}
2018-07-31 10:44:53.193  INFO 9938 --- [    Test worker] org.hibernate.cfg.Environment            : HHH000206: hibernate.properties not found
2018-07-31 10:44:53.235  INFO 9938 --- [    Test worker] o.hibernate.annotations.common.Version   : HCANN000001: Hibernate Commons Annotations {5.0.1.Final}
2018-07-31 10:44:53.523  INFO 9938 --- [    Test worker] org.hibernate.dialect.Dialect            : HHH000400: Using dialect: org.hibernate.dialect.MySQL5Dialect
2018-07-31 10:44:54.017  INFO 9938 --- [    Test worker] j.LocalContainerEntityManagerFactoryBean : Initialized JPA EntityManagerFactory for persistence unit 'default'
2018-07-31 10:44:54.540  WARN 9938 --- [    Test worker] c.n.c.sources.URLConfigurationSource     : No URLs will be polled as dynamic configuration sources.
2018-07-31 10:44:54.540  INFO 9938 --- [    Test worker] c.n.c.sources.URLConfigurationSource     : To enable URLs as dynamic configuration sources, define System property archaius.configurationSource.additionalUrls or make config.properties available on classpath.
2018-07-31 10:44:54.597  INFO 9938 --- [    Test worker] o.s.w.s.handler.SimpleUrlHandlerMapping  : Mapped URL path [/**/favicon.ico] onto handler of type [class org.springframework.web.servlet.resource.ResourceHttpRequestHandler]
2018-07-31 10:44:54.755  INFO 9938 --- [    Test worker] s.w.s.m.m.a.RequestMappingHandlerAdapter : Looking for @ControllerAdvice: org.springframework.web.context.support.GenericWebApplicationContext@6d0ef689: startup date [Tue Jul 31 10:44:51 CDT 2018]; parent: org.springframework.context.annotation.AnnotationConfigApplicationContext@77304d8f
2018-07-31 10:44:54.766  WARN 9938 --- [    Test worker] aWebConfiguration$JpaWebMvcConfiguration : spring.jpa.open-in-view is enabled by default. Therefore, database queries may be performed during view rendering. Explicitly configure spring.jpa.open-in-view to disable this warning
2018-07-31 10:44:54.783  INFO 9938 --- [    Test worker] s.w.s.m.m.a.RequestMappingHandlerMapping : Mapped "{[/products/{id}],methods=[PUT]}" onto public com.jpa.amazon.ecommerce.products.domain.Product com.jpa.amazon.ecommerce.products.controller.ProductController.update(java.lang.Long,com.jpa.amazon.ecommerce.products.domain.Product)
2018-07-31 10:44:54.783  INFO 9938 --- [    Test worker] s.w.s.m.m.a.RequestMappingHandlerMapping : Mapped "{[/products/{id}],methods=[DELETE]}" onto public void com.jpa.amazon.ecommerce.products.controller.ProductController.delete(java.lang.Long)
2018-07-31 10:44:54.783  INFO 9938 --- [    Test worker] s.w.s.m.m.a.RequestMappingHandlerMapping : Mapped "{[/products],methods=[POST]}" onto public com.jpa.amazon.ecommerce.products.domain.Product com.jpa.amazon.ecommerce.products.controller.ProductController.create(com.jpa.amazon.ecommerce.products.domain.Product)
2018-07-31 10:44:54.783  INFO 9938 --- [    Test worker] s.w.s.m.m.a.RequestMappingHandlerMapping : Mapped "{[/products/{id}],methods=[GET]}" onto public com.jpa.amazon.ecommerce.products.domain.Product com.jpa.amazon.ecommerce.products.controller.ProductController.getById(java.lang.Long)
2018-07-31 10:44:54.784  INFO 9938 --- [    Test worker] s.w.s.m.m.a.RequestMappingHandlerMapping : Mapped "{[/products],methods=[GET]}" onto public java.lang.Iterable<com.jpa.amazon.ecommerce.products.domain.Product> com.jpa.amazon.ecommerce.products.controller.ProductController.getAll()
2018-07-31 10:44:54.785  INFO 9938 --- [    Test worker] s.w.s.m.m.a.RequestMappingHandlerMapping : Mapped "{[/error]}" onto public org.springframework.http.ResponseEntity<java.util.Map<java.lang.String, java.lang.Object>> org.springframework.boot.autoconfigure.web.servlet.error.BasicErrorController.error(javax.servlet.http.HttpServletRequest)
2018-07-31 10:44:54.786  INFO 9938 --- [    Test worker] s.w.s.m.m.a.RequestMappingHandlerMapping : Mapped "{[/error],produces=[text/html]}" onto public org.springframework.web.servlet.ModelAndView org.springframework.boot.autoconfigure.web.servlet.error.BasicErrorController.errorHtml(javax.servlet.http.HttpServletRequest,javax.servlet.http.HttpServletResponse)
2018-07-31 10:44:54.810  INFO 9938 --- [    Test worker] o.s.w.s.handler.SimpleUrlHandlerMapping  : Mapped URL path [/webjars/**] onto handler of type [class org.springframework.web.servlet.resource.ResourceHttpRequestHandler]
2018-07-31 10:44:54.810  INFO 9938 --- [    Test worker] o.s.w.s.handler.SimpleUrlHandlerMapping  : Mapped URL path [/**] onto handler of type [class org.springframework.web.servlet.resource.ResourceHttpRequestHandler]
2018-07-31 10:44:54.855  WARN 9938 --- [    Test worker] ion$DefaultTemplateResolverConfiguration : Cannot find template location: classpath:/templates/ (please add some templates or check your Thymeleaf configuration)
2018-07-31 10:44:55.774  INFO 9938 --- [    Test worker] .s.s.UserDetailsServiceAutoConfiguration : 

Using generated security password: 30cfeab2-54e1-4a49-bc5d-12a44bb79068

2018-07-31 10:44:55.830  INFO 9938 --- [    Test worker] o.s.s.web.DefaultSecurityFilterChain     : Creating filter chain: org.springframework.security.web.util.matcher.AnyRequestMatcher@1, [org.springframework.security.web.context.request.async.WebAsyncManagerIntegrationFilter@1673cad0, org.springframework.security.web.context.SecurityContextPersistenceFilter@4a55e1b, org.springframework.security.web.header.HeaderWriterFilter@329e8d72, org.springframework.security.web.authentication.logout.LogoutFilter@11e152f8, org.springframework.security.web.savedrequest.RequestCacheAwareFilter@464b2002, org.springframework.security.web.servletapi.SecurityContextHolderAwareRequestFilter@78d0a4, org.springframework.security.web.authentication.AnonymousAuthenticationFilter@411655b9, org.springframework.security.web.session.SessionManagementFilter@479ac259, org.springframework.security.web.access.ExceptionTranslationFilter@177aaadf, org.springframework.security.web.access.intercept.FilterSecurityInterceptor@7d180e61]
2018-07-31 10:44:56.030  INFO 9938 --- [    Test worker] o.s.b.a.e.web.EndpointLinksResolver      : Exposing 2 endpoint(s) beneath base path '/actuator'
2018-07-31 10:44:56.042  INFO 9938 --- [    Test worker] s.b.a.e.w.s.WebMvcEndpointHandlerMapping : Mapped "{[/actuator/health],methods=[GET],produces=[application/vnd.spring-boot.actuator.v2+json || application/json]}" onto public java.lang.Object org.springframework.boot.actuate.endpoint.web.servlet.AbstractWebMvcEndpointHandlerMapping$OperationHandler.handle(javax.servlet.http.HttpServletRequest,java.util.Map<java.lang.String, java.lang.String>)
2018-07-31 10:44:56.043  INFO 9938 --- [    Test worker] s.b.a.e.w.s.WebMvcEndpointHandlerMapping : Mapped "{[/actuator/info],methods=[GET],produces=[application/vnd.spring-boot.actuator.v2+json || application/json]}" onto public java.lang.Object org.springframework.boot.actuate.endpoint.web.servlet.AbstractWebMvcEndpointHandlerMapping$OperationHandler.handle(javax.servlet.http.HttpServletRequest,java.util.Map<java.lang.String, java.lang.String>)
2018-07-31 10:44:56.045  INFO 9938 --- [    Test worker] s.b.a.e.w.s.WebMvcEndpointHandlerMapping : Mapped "{[/actuator],methods=[GET],produces=[application/vnd.spring-boot.actuator.v2+json || application/json]}" onto protected java.util.Map<java.lang.String, java.util.Map<java.lang.String, org.springframework.boot.actuate.endpoint.web.Link>> org.springframework.boot.actuate.endpoint.web.servlet.WebMvcEndpointHandlerMapping.links(javax.servlet.http.HttpServletRequest,javax.servlet.http.HttpServletResponse)
2018-07-31 10:44:56.092  INFO 9938 --- [    Test worker] o.s.c.support.DefaultLifecycleProcessor  : Starting beans in phase 0
2018-07-31 10:44:56.107  INFO 9938 --- [    Test worker] c.j.a.e.p.ProductsApplicationTests       : Started ProductsApplicationTests in 5.049 seconds (JVM running for 9.508)
]]></system-out>
  <system-err><![CDATA[]]></system-err>
</testsuite>
