<?xml version="1.0" encoding="UTF-8"?>
<testsuite name="com.jpa.amazon.ecommerce.products.service.ProductServiceTest" tests="5" skipped="0" failures="0" errors="0" timestamp="2018-08-02T15:35:15" hostname="Rohan-Grovers-MacBook-Pro.local" time="0.018">
  <properties/>
  <testcase name="testCreateProduct" classname="com.jpa.amazon.ecommerce.products.service.ProductServiceTest" time="0.009"/>
  <testcase name="testDeleteProducts" classname="com.jpa.amazon.ecommerce.products.service.ProductServiceTest" time="0.003"/>
  <testcase name="testUpdateProduct" classname="com.jpa.amazon.ecommerce.products.service.ProductServiceTest" time="0.002"/>
  <testcase name="testGetProducts" classname="com.jpa.amazon.ecommerce.products.service.ProductServiceTest" time="0.001"/>
  <testcase name="testGetProductById" classname="com.jpa.amazon.ecommerce.products.service.ProductServiceTest" time="0.001"/>
  <system-out><![CDATA[2018-08-02 10:35:15.037  INFO 1951 --- [    Test worker] o.s.t.c.s.DefaultTestContextBootstrapper : Neither @ContextConfiguration nor @ContextHierarchy found for test class [com.jpa.amazon.ecommerce.products.service.ProductServiceTest], using DelegatingSmartContextLoader
2018-08-02 10:35:15.037  INFO 1951 --- [    Test worker] o.s.t.c.support.AbstractContextLoader    : Could not detect default resource locations for test class [com.jpa.amazon.ecommerce.products.service.ProductServiceTest]: no resource found for suffixes {-context.xml}.
2018-08-02 10:35:15.038  INFO 1951 --- [    Test worker] t.c.s.AnnotationConfigContextLoaderUtils : Could not detect default configuration classes for test class [com.jpa.amazon.ecommerce.products.service.ProductServiceTest]: ProductServiceTest does not declare any static, non-private, non-final, nested classes annotated with @Configuration.
2018-08-02 10:35:15.040  INFO 1951 --- [    Test worker] o.s.t.c.s.DefaultTestContextBootstrapper : Loaded default TestExecutionListener class names from location [META-INF/spring.factories]: [org.springframework.boot.test.autoconfigure.restdocs.RestDocsTestExecutionListener, org.springframework.boot.test.autoconfigure.web.client.MockRestServiceServerResetTestExecutionListener, org.springframework.boot.test.autoconfigure.web.servlet.MockMvcPrintOnlyOnFailureTestExecutionListener, org.springframework.boot.test.autoconfigure.web.servlet.WebDriverTestExecutionListener, org.springframework.boot.test.mock.mockito.MockitoTestExecutionListener, org.springframework.boot.test.mock.mockito.ResetMocksTestExecutionListener, org.springframework.test.context.web.ServletTestExecutionListener, org.springframework.test.context.support.DirtiesContextBeforeModesTestExecutionListener, org.springframework.test.context.support.DependencyInjectionTestExecutionListener, org.springframework.test.context.support.DirtiesContextTestExecutionListener, org.springframework.test.context.transaction.TransactionalTestExecutionListener, org.springframework.test.context.jdbc.SqlScriptsTestExecutionListener]
2018-08-02 10:35:15.040  INFO 1951 --- [    Test worker] o.s.t.c.s.DefaultTestContextBootstrapper : Using TestExecutionListeners: [org.springframework.test.context.web.ServletTestExecutionListener@5f8ad74b, org.springframework.test.context.support.DirtiesContextBeforeModesTestExecutionListener@72c7e1ce, org.springframework.boot.test.mock.mockito.MockitoTestExecutionListener@449dc3e0, org.springframework.test.context.support.DependencyInjectionTestExecutionListener@b4e5298, org.springframework.test.context.support.DirtiesContextTestExecutionListener@277fc35, org.springframework.test.context.transaction.TransactionalTestExecutionListener@4f73b424, org.springframework.test.context.jdbc.SqlScriptsTestExecutionListener@65dbfce9, org.springframework.boot.test.autoconfigure.restdocs.RestDocsTestExecutionListener@1cf8b858, org.springframework.boot.test.autoconfigure.web.client.MockRestServiceServerResetTestExecutionListener@215369a6, org.springframework.boot.test.autoconfigure.web.servlet.MockMvcPrintOnlyOnFailureTestExecutionListener@73533b3c, org.springframework.boot.test.autoconfigure.web.servlet.WebDriverTestExecutionListener@49d5bd0b, org.springframework.boot.test.mock.mockito.ResetMocksTestExecutionListener@10b6e611]
2018-08-02 10:35:15.109  INFO 1951 --- [    Test worker] o.s.c.support.GenericApplicationContext  : Refreshing org.springframework.context.support.GenericApplicationContext@33564fc9: startup date [Thu Aug 02 10:35:15 CDT 2018]; root of context hierarchy
2018-08-02 10:35:15.115  INFO 1951 --- [    Test worker] f.a.AutowiredAnnotationBeanPostProcessor : JSR-330 'javax.inject.Inject' annotation found and supported for autowiring
]]></system-out>
  <system-err><![CDATA[]]></system-err>
</testsuite>
