<?xml version="1.0" encoding="UTF-8"?>
<testsuite name="com.jpa.amazon.ecommerce.products.service.ProductServiceTest" tests="5" skipped="0" failures="0" errors="0" timestamp="2018-07-31T15:44:56" hostname="Rohan-Grovers-MacBook-Pro.local" time="0.014">
  <properties/>
  <testcase name="testCreateProduct" classname="com.jpa.amazon.ecommerce.products.service.ProductServiceTest" time="0.005"/>
  <testcase name="testDeleteProducts" classname="com.jpa.amazon.ecommerce.products.service.ProductServiceTest" time="0.002"/>
  <testcase name="testUpdateProduct" classname="com.jpa.amazon.ecommerce.products.service.ProductServiceTest" time="0.002"/>
  <testcase name="testGetProducts" classname="com.jpa.amazon.ecommerce.products.service.ProductServiceTest" time="0.002"/>
  <testcase name="testGetProductById" classname="com.jpa.amazon.ecommerce.products.service.ProductServiceTest" time="0.002"/>
  <system-out><![CDATA[2018-07-31 10:44:56.121  INFO 9938 --- [    Test worker] o.s.t.c.s.DefaultTestContextBootstrapper : Neither @ContextConfiguration nor @ContextHierarchy found for test class [com.jpa.amazon.ecommerce.products.service.ProductServiceTest], using DelegatingSmartContextLoader
2018-07-31 10:44:56.122  INFO 9938 --- [    Test worker] o.s.t.c.support.AbstractContextLoader    : Could not detect default resource locations for test class [com.jpa.amazon.ecommerce.products.service.ProductServiceTest]: no resource found for suffixes {-context.xml}.
2018-07-31 10:44:56.122  INFO 9938 --- [    Test worker] t.c.s.AnnotationConfigContextLoaderUtils : Could not detect default configuration classes for test class [com.jpa.amazon.ecommerce.products.service.ProductServiceTest]: ProductServiceTest does not declare any static, non-private, non-final, nested classes annotated with @Configuration.
2018-07-31 10:44:56.123  INFO 9938 --- [    Test worker] o.s.t.c.s.DefaultTestContextBootstrapper : Loaded default TestExecutionListener class names from location [META-INF/spring.factories]: [org.springframework.boot.test.autoconfigure.restdocs.RestDocsTestExecutionListener, org.springframework.boot.test.autoconfigure.web.client.MockRestServiceServerResetTestExecutionListener, org.springframework.boot.test.autoconfigure.web.servlet.MockMvcPrintOnlyOnFailureTestExecutionListener, org.springframework.boot.test.autoconfigure.web.servlet.WebDriverTestExecutionListener, org.springframework.boot.test.mock.mockito.MockitoTestExecutionListener, org.springframework.boot.test.mock.mockito.ResetMocksTestExecutionListener, org.springframework.test.context.web.ServletTestExecutionListener, org.springframework.test.context.support.DirtiesContextBeforeModesTestExecutionListener, org.springframework.test.context.support.DependencyInjectionTestExecutionListener, org.springframework.test.context.support.DirtiesContextTestExecutionListener, org.springframework.test.context.transaction.TransactionalTestExecutionListener, org.springframework.test.context.jdbc.SqlScriptsTestExecutionListener]
2018-07-31 10:44:56.123  INFO 9938 --- [    Test worker] o.s.t.c.s.DefaultTestContextBootstrapper : Using TestExecutionListeners: [org.springframework.test.context.web.ServletTestExecutionListener@31b8bcb3, org.springframework.test.context.support.DirtiesContextBeforeModesTestExecutionListener@29f40d92, org.springframework.boot.test.mock.mockito.MockitoTestExecutionListener@5720aa19, org.springframework.test.context.support.DependencyInjectionTestExecutionListener@3868a573, org.springframework.test.context.support.DirtiesContextTestExecutionListener@4c41cbe9, org.springframework.test.context.transaction.TransactionalTestExecutionListener@45d0d76e, org.springframework.test.context.jdbc.SqlScriptsTestExecutionListener@1772ddaf, org.springframework.boot.test.autoconfigure.restdocs.RestDocsTestExecutionListener@6acca10f, org.springframework.boot.test.autoconfigure.web.client.MockRestServiceServerResetTestExecutionListener@2810213c, org.springframework.boot.test.autoconfigure.web.servlet.MockMvcPrintOnlyOnFailureTestExecutionListener@6b38e8f7, org.springframework.boot.test.autoconfigure.web.servlet.WebDriverTestExecutionListener@6a26df9a, org.springframework.boot.test.mock.mockito.ResetMocksTestExecutionListener@656ddf08]
2018-07-31 10:44:56.181  INFO 9938 --- [    Test worker] o.s.c.support.GenericApplicationContext  : Refreshing org.springframework.context.support.GenericApplicationContext@444822a2: startup date [Tue Jul 31 10:44:56 CDT 2018]; root of context hierarchy
2018-07-31 10:44:56.186  INFO 9938 --- [    Test worker] f.a.AutowiredAnnotationBeanPostProcessor : JSR-330 'javax.inject.Inject' annotation found and supported for autowiring
]]></system-out>
  <system-err><![CDATA[]]></system-err>
</testsuite>
