<?xml version="1.0" encoding="UTF-8"?>
<testsuite name="com.jpa.amazon.ecommerce.products.service.ProductServiceTest" tests="5" skipped="0" failures="0" errors="0" timestamp="2018-08-02T03:14:41" hostname="Rohan-Grovers-MacBook-Pro.local" time="0.014">
  <properties/>
  <testcase name="testCreateProduct" classname="com.jpa.amazon.ecommerce.products.service.ProductServiceTest" time="0.006"/>
  <testcase name="testDeleteProducts" classname="com.jpa.amazon.ecommerce.products.service.ProductServiceTest" time="0.003"/>
  <testcase name="testUpdateProduct" classname="com.jpa.amazon.ecommerce.products.service.ProductServiceTest" time="0.002"/>
  <testcase name="testGetProducts" classname="com.jpa.amazon.ecommerce.products.service.ProductServiceTest" time="0.001"/>
  <testcase name="testGetProductById" classname="com.jpa.amazon.ecommerce.products.service.ProductServiceTest" time="0.001"/>
  <system-out><![CDATA[2018-08-01 22:14:41.686  INFO 70363 --- [    Test worker] o.s.t.c.s.DefaultTestContextBootstrapper : Neither @ContextConfiguration nor @ContextHierarchy found for test class [com.jpa.amazon.ecommerce.products.service.ProductServiceTest], using DelegatingSmartContextLoader
2018-08-01 22:14:41.687  INFO 70363 --- [    Test worker] o.s.t.c.support.AbstractContextLoader    : Could not detect default resource locations for test class [com.jpa.amazon.ecommerce.products.service.ProductServiceTest]: no resource found for suffixes {-context.xml}.
2018-08-01 22:14:41.687  INFO 70363 --- [    Test worker] t.c.s.AnnotationConfigContextLoaderUtils : Could not detect default configuration classes for test class [com.jpa.amazon.ecommerce.products.service.ProductServiceTest]: ProductServiceTest does not declare any static, non-private, non-final, nested classes annotated with @Configuration.
2018-08-01 22:14:41.689  INFO 70363 --- [    Test worker] o.s.t.c.s.DefaultTestContextBootstrapper : Loaded default TestExecutionListener class names from location [META-INF/spring.factories]: [org.springframework.boot.test.autoconfigure.restdocs.RestDocsTestExecutionListener, org.springframework.boot.test.autoconfigure.web.client.MockRestServiceServerResetTestExecutionListener, org.springframework.boot.test.autoconfigure.web.servlet.MockMvcPrintOnlyOnFailureTestExecutionListener, org.springframework.boot.test.autoconfigure.web.servlet.WebDriverTestExecutionListener, org.springframework.boot.test.mock.mockito.MockitoTestExecutionListener, org.springframework.boot.test.mock.mockito.ResetMocksTestExecutionListener, org.springframework.test.context.web.ServletTestExecutionListener, org.springframework.test.context.support.DirtiesContextBeforeModesTestExecutionListener, org.springframework.test.context.support.DependencyInjectionTestExecutionListener, org.springframework.test.context.support.DirtiesContextTestExecutionListener, org.springframework.test.context.transaction.TransactionalTestExecutionListener, org.springframework.test.context.jdbc.SqlScriptsTestExecutionListener]
2018-08-01 22:14:41.689  INFO 70363 --- [    Test worker] o.s.t.c.s.DefaultTestContextBootstrapper : Using TestExecutionListeners: [org.springframework.test.context.web.ServletTestExecutionListener@35614377, org.springframework.test.context.support.DirtiesContextBeforeModesTestExecutionListener@3a5cc855, org.springframework.boot.test.mock.mockito.MockitoTestExecutionListener@3b309bb8, org.springframework.test.context.support.DependencyInjectionTestExecutionListener@421b2718, org.springframework.test.context.support.DirtiesContextTestExecutionListener@7d5ebed7, org.springframework.test.context.transaction.TransactionalTestExecutionListener@219cdf49, org.springframework.test.context.jdbc.SqlScriptsTestExecutionListener@1e4e6d99, org.springframework.boot.test.autoconfigure.restdocs.RestDocsTestExecutionListener@576aaaf, org.springframework.boot.test.autoconfigure.web.client.MockRestServiceServerResetTestExecutionListener@dd604d0, org.springframework.boot.test.autoconfigure.web.servlet.MockMvcPrintOnlyOnFailureTestExecutionListener@4a77f4b4, org.springframework.boot.test.autoconfigure.web.servlet.WebDriverTestExecutionListener@27386ac6, org.springframework.boot.test.mock.mockito.ResetMocksTestExecutionListener@17ab8f5c]
2018-08-01 22:14:41.742  INFO 70363 --- [    Test worker] o.s.c.support.GenericApplicationContext  : Refreshing org.springframework.context.support.GenericApplicationContext@d689bba: startup date [Wed Aug 01 22:14:41 CDT 2018]; root of context hierarchy
2018-08-01 22:14:41.746  INFO 70363 --- [    Test worker] f.a.AutowiredAnnotationBeanPostProcessor : JSR-330 'javax.inject.Inject' annotation found and supported for autowiring
]]></system-out>
  <system-err><![CDATA[]]></system-err>
</testsuite>
