<?xml version="1.0" encoding="UTF-8"?>
<testsuite name="com.jpa.amazon.ecommerce.products.service.ProductServiceTest" tests="5" skipped="0" failures="0" errors="0" timestamp="2018-08-08T16:29:39" hostname="Rohan-Grovers-MacBook-Pro.local" time="0.016">
  <properties/>
  <testcase name="testCreateProduct" classname="com.jpa.amazon.ecommerce.products.service.ProductServiceTest" time="0.006"/>
  <testcase name="testDeleteProducts" classname="com.jpa.amazon.ecommerce.products.service.ProductServiceTest" time="0.003"/>
  <testcase name="testUpdateProduct" classname="com.jpa.amazon.ecommerce.products.service.ProductServiceTest" time="0.003"/>
  <testcase name="testGetProducts" classname="com.jpa.amazon.ecommerce.products.service.ProductServiceTest" time="0.002"/>
  <testcase name="testGetProductById" classname="com.jpa.amazon.ecommerce.products.service.ProductServiceTest" time="0.002"/>
  <system-out><![CDATA[2018-08-08 11:29:39.746  INFO 48083 --- [    Test worker] o.s.t.c.s.DefaultTestContextBootstrapper : Neither @ContextConfiguration nor @ContextHierarchy found for test class [com.jpa.amazon.ecommerce.products.service.ProductServiceTest], using DelegatingSmartContextLoader
2018-08-08 11:29:39.747  INFO 48083 --- [    Test worker] o.s.t.c.support.AbstractContextLoader    : Could not detect default resource locations for test class [com.jpa.amazon.ecommerce.products.service.ProductServiceTest]: no resource found for suffixes {-context.xml}.
2018-08-08 11:29:39.747  INFO 48083 --- [    Test worker] t.c.s.AnnotationConfigContextLoaderUtils : Could not detect default configuration classes for test class [com.jpa.amazon.ecommerce.products.service.ProductServiceTest]: ProductServiceTest does not declare any static, non-private, non-final, nested classes annotated with @Configuration.
2018-08-08 11:29:39.748  INFO 48083 --- [    Test worker] o.s.t.c.s.DefaultTestContextBootstrapper : Loaded default TestExecutionListener class names from location [META-INF/spring.factories]: [org.springframework.boot.test.autoconfigure.restdocs.RestDocsTestExecutionListener, org.springframework.boot.test.autoconfigure.web.client.MockRestServiceServerResetTestExecutionListener, org.springframework.boot.test.autoconfigure.web.servlet.MockMvcPrintOnlyOnFailureTestExecutionListener, org.springframework.boot.test.autoconfigure.web.servlet.WebDriverTestExecutionListener, org.springframework.boot.test.mock.mockito.MockitoTestExecutionListener, org.springframework.boot.test.mock.mockito.ResetMocksTestExecutionListener, org.springframework.test.context.web.ServletTestExecutionListener, org.springframework.test.context.support.DirtiesContextBeforeModesTestExecutionListener, org.springframework.test.context.support.DependencyInjectionTestExecutionListener, org.springframework.test.context.support.DirtiesContextTestExecutionListener, org.springframework.test.context.transaction.TransactionalTestExecutionListener, org.springframework.test.context.jdbc.SqlScriptsTestExecutionListener]
2018-08-08 11:29:39.749  INFO 48083 --- [    Test worker] o.s.t.c.s.DefaultTestContextBootstrapper : Using TestExecutionListeners: [org.springframework.test.context.web.ServletTestExecutionListener@6779f661, org.springframework.test.context.support.DirtiesContextBeforeModesTestExecutionListener@11c4eb05, org.springframework.boot.test.mock.mockito.MockitoTestExecutionListener@53b4e971, org.springframework.test.context.support.DependencyInjectionTestExecutionListener@43fd2c12, org.springframework.test.context.support.DirtiesContextTestExecutionListener@6b1f00f2, org.springframework.test.context.transaction.TransactionalTestExecutionListener@5d354257, org.springframework.test.context.jdbc.SqlScriptsTestExecutionListener@29bed7e1, org.springframework.boot.test.autoconfigure.restdocs.RestDocsTestExecutionListener@309f378, org.springframework.boot.test.autoconfigure.web.client.MockRestServiceServerResetTestExecutionListener@10027b7b, org.springframework.boot.test.autoconfigure.web.servlet.MockMvcPrintOnlyOnFailureTestExecutionListener@67d2a4d6, org.springframework.boot.test.autoconfigure.web.servlet.WebDriverTestExecutionListener@380c6612, org.springframework.boot.test.mock.mockito.ResetMocksTestExecutionListener@74d2c058]
2018-08-08 11:29:39.808  INFO 48083 --- [    Test worker] o.s.c.support.GenericApplicationContext  : Refreshing org.springframework.context.support.GenericApplicationContext@4b3a28f8: startup date [Wed Aug 08 11:29:39 CDT 2018]; root of context hierarchy
2018-08-08 11:29:39.814  INFO 48083 --- [    Test worker] f.a.AutowiredAnnotationBeanPostProcessor : JSR-330 'javax.inject.Inject' annotation found and supported for autowiring
]]></system-out>
  <system-err><![CDATA[]]></system-err>
</testsuite>
