<?xml version="1.0" encoding="UTF-8"?>
<testsuite name="com.jpa.amazon.ecommerce.products.service.ProductServiceTest" tests="5" skipped="0" failures="0" errors="0" timestamp="2018-08-02T13:47:42" hostname="Rohan-Grovers-MacBook-Pro.local" time="0.013">
  <properties/>
  <testcase name="testCreateProduct" classname="com.jpa.amazon.ecommerce.products.service.ProductServiceTest" time="0.005"/>
  <testcase name="testDeleteProducts" classname="com.jpa.amazon.ecommerce.products.service.ProductServiceTest" time="0.002"/>
  <testcase name="testUpdateProduct" classname="com.jpa.amazon.ecommerce.products.service.ProductServiceTest" time="0.002"/>
  <testcase name="testGetProducts" classname="com.jpa.amazon.ecommerce.products.service.ProductServiceTest" time="0.001"/>
  <testcase name="testGetProductById" classname="com.jpa.amazon.ecommerce.products.service.ProductServiceTest" time="0.001"/>
  <system-out><![CDATA[2018-08-02 08:47:42.232  INFO 81979 --- [    Test worker] o.s.t.c.s.DefaultTestContextBootstrapper : Neither @ContextConfiguration nor @ContextHierarchy found for test class [com.jpa.amazon.ecommerce.products.service.ProductServiceTest], using DelegatingSmartContextLoader
2018-08-02 08:47:42.233  INFO 81979 --- [    Test worker] o.s.t.c.support.AbstractContextLoader    : Could not detect default resource locations for test class [com.jpa.amazon.ecommerce.products.service.ProductServiceTest]: no resource found for suffixes {-context.xml}.
2018-08-02 08:47:42.234  INFO 81979 --- [    Test worker] t.c.s.AnnotationConfigContextLoaderUtils : Could not detect default configuration classes for test class [com.jpa.amazon.ecommerce.products.service.ProductServiceTest]: ProductServiceTest does not declare any static, non-private, non-final, nested classes annotated with @Configuration.
2018-08-02 08:47:42.235  INFO 81979 --- [    Test worker] o.s.t.c.s.DefaultTestContextBootstrapper : Loaded default TestExecutionListener class names from location [META-INF/spring.factories]: [org.springframework.boot.test.autoconfigure.restdocs.RestDocsTestExecutionListener, org.springframework.boot.test.autoconfigure.web.client.MockRestServiceServerResetTestExecutionListener, org.springframework.boot.test.autoconfigure.web.servlet.MockMvcPrintOnlyOnFailureTestExecutionListener, org.springframework.boot.test.autoconfigure.web.servlet.WebDriverTestExecutionListener, org.springframework.boot.test.mock.mockito.MockitoTestExecutionListener, org.springframework.boot.test.mock.mockito.ResetMocksTestExecutionListener, org.springframework.test.context.web.ServletTestExecutionListener, org.springframework.test.context.support.DirtiesContextBeforeModesTestExecutionListener, org.springframework.test.context.support.DependencyInjectionTestExecutionListener, org.springframework.test.context.support.DirtiesContextTestExecutionListener, org.springframework.test.context.transaction.TransactionalTestExecutionListener, org.springframework.test.context.jdbc.SqlScriptsTestExecutionListener]
2018-08-02 08:47:42.235  INFO 81979 --- [    Test worker] o.s.t.c.s.DefaultTestContextBootstrapper : Using TestExecutionListeners: [org.springframework.test.context.web.ServletTestExecutionListener@71dd2552, org.springframework.test.context.support.DirtiesContextBeforeModesTestExecutionListener@3b7f639e, org.springframework.boot.test.mock.mockito.MockitoTestExecutionListener@557133de, org.springframework.test.context.support.DependencyInjectionTestExecutionListener@67c05726, org.springframework.test.context.support.DirtiesContextTestExecutionListener@7faf1939, org.springframework.test.context.transaction.TransactionalTestExecutionListener@3f0cf6c1, org.springframework.test.context.jdbc.SqlScriptsTestExecutionListener@633fdd3d, org.springframework.boot.test.autoconfigure.restdocs.RestDocsTestExecutionListener@623df1b, org.springframework.boot.test.autoconfigure.web.client.MockRestServiceServerResetTestExecutionListener@1c27837, org.springframework.boot.test.autoconfigure.web.servlet.MockMvcPrintOnlyOnFailureTestExecutionListener@59203c30, org.springframework.boot.test.autoconfigure.web.servlet.WebDriverTestExecutionListener@44ebd41c, org.springframework.boot.test.mock.mockito.ResetMocksTestExecutionListener@5ca8009d]
2018-08-02 08:47:42.290  INFO 81979 --- [    Test worker] o.s.c.support.GenericApplicationContext  : Refreshing org.springframework.context.support.GenericApplicationContext@22e9a51b: startup date [Thu Aug 02 08:47:42 CDT 2018]; root of context hierarchy
2018-08-02 08:47:42.295  INFO 81979 --- [    Test worker] f.a.AutowiredAnnotationBeanPostProcessor : JSR-330 'javax.inject.Inject' annotation found and supported for autowiring
]]></system-out>
  <system-err><![CDATA[]]></system-err>
</testsuite>
